 
****************************************
Report : area
Design : mac_ref
Version: T-2022.03-SP2
Date   : Mon May 12 02:41:05 2025
****************************************

Library(s) Used:

    NangateOpenCellLibrary (File: /temp2tb/luyao/lib/NangateOpenCellLibrary_PDKv1_3_v2010_12/db/typical.db)

Number of ports:                           34
Number of nets:                           533
Number of cells:                          477
Number of combinational cells:            441
Number of sequential cells:                32
Number of macros/black boxes:               0
Number of buf/inv:                         76
Number of references:                      23

Combinational area:                555.673998
Buf/Inv area:                       46.816000
Noncombinational area:             145.767995
Macro/Black Box area:                0.000000
Net Interconnect area:      undefined  (Wire load has zero net area)

Total cell area:                   701.441993
Total area:                 undefined

Hierarchical area distribution
------------------------------

                                  Global cell area          Local cell area
                                  ------------------  --------------------------- 
Hierarchical cell                 Absolute   Percent  Combi-    Noncombi-  Black-
                                  Total      Total    national  national   boxes   Design
--------------------------------  ---------  -------  --------  ---------  ------  ---------
mac_ref                            701.4420    100.0  555.6740   145.7680  0.0000  mac_ref
--------------------------------  ---------  -------  --------  ---------  ------  ---------
Total                                                 555.6740   145.7680  0.0000

1
