Information: Updating design information... (UID-85)
 
****************************************
Report : qor
Design : comparator_16bit
Version: T-2022.03-SP2
Date   : Mon May 12 03:47:39 2025
****************************************


  Timing Path Group 'default'
  -----------------------------------
  Levels of Logic:               9.00
  Critical Path Length:          0.28
  Critical Path Slack:          -0.18
  Critical Path Clk Period:       n/a
  Total Negative Slack:         -0.52
  No. of Violating Paths:        3.00
  Worst Hold Violation:          0.00
  Total Hold Violation:          0.00
  No. of Hold Violations:        0.00
  -----------------------------------


  Cell Count
  -----------------------------------
  Hierarchical Cell Count:          0
  Hierarchical Port Count:          0
  Leaf Cell Count:                294
  Buf/Inv Cell Count:              72
  Buf Cell Count:                   7
  Inv Cell Count:                  65
  CT Buf/Inv Cell Count:            0
  Combinational Cell Count:       294
  Sequential Cell Count:            0
  Macro Count:                      0
  -----------------------------------


  Area
  -----------------------------------
  Combinational Area:      244.453998
  Noncombinational Area:     0.000000
  Buf/Inv Area:             40.432000
  Total Buffer Area:             5.85
  Total Inverter Area:          34.58
  Macro/Black Box Area:      0.000000
  Net Area:                  0.000000
  -----------------------------------
  Cell Area:               244.453998
  Design Area:             244.453998


  Design Rules
  -----------------------------------
  Total Number of Nets:           327
  Nets With Violations:             0
  Max Trans Violations:             0
  Max Cap Violations:               0
  -----------------------------------


  Hostname: acf3030

  Compile CPU Statistics
  -----------------------------------------
  Resource Sharing:                    0.07
  Logic Optimization:                  0.40
  Mapping Optimization:                0.81
  -----------------------------------------
  Overall Compile Time:                1.66
  Overall Compile Wall Clock Time:     1.86

  --------------------------------------------------------------------

  Design  WNS: 0.18  TNS: 0.52  Number of Violating Paths: 3


  Design (Hold)  WNS: 0.00  TNS: 0.00  Number of Violating Paths: 0

  --------------------------------------------------------------------


1
