 
****************************************
Report : timing
        -path full
        -delay max
        -nets
        -max_paths 10
        -transition_time
Design : comparator_16bit
Version: T-2022.03-SP2
Date   : Mon May 12 03:47:39 2025
****************************************

Operating Conditions: typical   Library: NangateOpenCellLibrary
Wire Load Model Mode: top

  Startpoint: B[10] (input port)
  Endpoint: gt (output port)
  Path Group: default
  Path Type: max

  Des/Clust/Port     Wire Load Model       Library
  ------------------------------------------------
  comparator_16bit   5K_hvratio_1_1        NangateOpenCellLibrary

Attributes:
    d - dont_touch
    u - dont_use
   mo - map_only
   so - size_only
    i - ideal_net or ideal_network
  inf - infeasible path

  Point                        Fanout     Trans      Incr       Path      Attributes
  ------------------------------------------------------------------------------------------
  input external delay                               0.00       0.00 r
  B[10] (in)                               0.00      0.00       0.00 r
  B[10] (net)                    7                   0.00       0.00 r
  r55_U175/ZN (INV_X1)                     0.00      0.02       0.02 f
  r55_n85 (net)                  1                   0.00       0.02 f
  r55_U54/ZN (AND2_X1)                     0.01      0.03       0.06 f
  r55_n45 (net)                  1                   0.00       0.06 f
  r55_U263/ZN (NOR2_X1)                    0.02      0.04       0.10 r
  r55_n185 (net)                 1                   0.00       0.10 r
  r55_U242/ZN (NAND2_X1)                   0.01      0.03       0.12 f
  r55_n184 (net)                 1                   0.00       0.12 f
  r55_U216/ZN (NOR2_X1)                    0.02      0.03       0.16 r
  r55_n183 (net)                 1                   0.00       0.16 r
  r55_U262/ZN (NAND3_X1)                   0.01      0.03       0.19 f
  r55_n173 (net)                 1                   0.00       0.19 f
  r55_U261/ZN (NAND3_X1)                   0.01      0.03       0.22 r
  r55_n171 (net)                 1                   0.00       0.22 r
  r55_U227/ZN (NOR2_X1)                    0.01      0.02       0.24 f
  r55_n169 (net)                 1                   0.00       0.24 f
  r55_U212/ZN (AND3_X1)                    0.01      0.03       0.28 f
  gt (net)                       1                   0.00       0.28 f
  gt (out)                                 0.01      0.00       0.28 f
  data arrival time                                             0.28

  max_delay                                          0.10       0.10
  output external delay                              0.00       0.10
  data required time                                            0.10
  ------------------------------------------------------------------------------------------
  data required time                                            0.10
  data arrival time                                            -0.28
  ------------------------------------------------------------------------------------------
  slack (VIOLATED)                                             -0.18


  Startpoint: A[15] (input port)
  Endpoint: lt (output port)
  Path Group: default
  Path Type: max

  Des/Clust/Port     Wire Load Model       Library
  ------------------------------------------------
  comparator_16bit   5K_hvratio_1_1        NangateOpenCellLibrary

Attributes:
    d - dont_touch
    u - dont_use
   mo - map_only
   so - size_only
    i - ideal_net or ideal_network
  inf - infeasible path

  Point                        Fanout     Trans      Incr       Path      Attributes
  ------------------------------------------------------------------------------------------
  input external delay                               0.00       0.00 f
  A[15] (in)                               0.00      0.00       0.00 f
  A[15] (net)                    3                   0.00       0.00 f
  r55_U213/ZN (INV_X1)                     0.01      0.03       0.03 r
  r55_n294 (net)                 1                   0.00       0.03 r
  r55_U88/ZN (NAND2_X2)                    0.02      0.05       0.08 f
  r55_n104 (net)                11                   0.00       0.08 f
  r55_U252/ZN (INV_X1)                     0.01      0.03       0.11 r
  r55_n128 (net)                 1                   0.00       0.11 r
  r55_U220/ZN (OR2_X1)                     0.01      0.03       0.14 r
  r55_n92 (net)                  1                   0.00       0.14 r
  r55_U219/ZN (AND2_X1)                    0.01      0.04       0.18 r
  r55_n120 (net)                 1                   0.00       0.18 r
  r55_U250/ZN (NAND2_X1)                   0.01      0.02       0.20 f
  r55_n99 (net)                  1                   0.00       0.20 f
  r55_U228/ZN (NOR2_X1)                    0.01      0.03       0.23 r
  r55_n98 (net)                  1                   0.00       0.23 r
  r55_U184/ZN (AND3_X1)                    0.01      0.04       0.28 r
  lt (net)                       1                   0.00       0.28 r
  lt (out)                                 0.01      0.00       0.28 r
  data arrival time                                             0.28

  max_delay                                          0.10       0.10
  output external delay                              0.00       0.10
  data required time                                            0.10
  ------------------------------------------------------------------------------------------
  data required time                                            0.10
  data arrival time                                            -0.28
  ------------------------------------------------------------------------------------------
  slack (VIOLATED)                                             -0.18


  Startpoint: A[15] (input port)
  Endpoint: eq (output port)
  Path Group: default
  Path Type: max

  Des/Clust/Port     Wire Load Model       Library
  ------------------------------------------------
  comparator_16bit   5K_hvratio_1_1        NangateOpenCellLibrary

Attributes:
    d - dont_touch
    u - dont_use
   mo - map_only
   so - size_only
    i - ideal_net or ideal_network
  inf - infeasible path

  Point                        Fanout     Trans      Incr       Path      Attributes
  ------------------------------------------------------------------------------------------
  input external delay                               0.00       0.00 r
  A[15] (in)                               0.00      0.00       0.00 r
  A[15] (net)                    3                   0.00       0.00 r
  r55_U213/ZN (INV_X1)                     0.00      0.02       0.02 f
  r55_n294 (net)                 1                   0.00       0.02 f
  r55_U88/ZN (NAND2_X2)                    0.03      0.05       0.08 r
  r55_n104 (net)                11                   0.00       0.08 r
  r55_U55/Z (CLKBUF_X1)                    0.01      0.05       0.13 r
  r55_n46 (net)                  2                   0.00       0.13 r
  r55_U230/ZN (NAND2_X1)                   0.01      0.03       0.16 f
  r55_n165 (net)                 2                   0.00       0.16 f
  r55_U100/ZN (NOR2_X1)                    0.02      0.04       0.20 r
  r55_n262 (net)                 1                   0.00       0.20 r
  r55_U291/ZN (NAND3_X1)                   0.01      0.03       0.23 f
  r55_n231 (net)                 1                   0.00       0.23 f
  r55_U107/ZN (NOR2_X1)                    0.01      0.03       0.26 r
  eq (net)                       1                   0.00       0.26 r
  eq (out)                                 0.01      0.00       0.26 r
  data arrival time                                             0.26

  max_delay                                          0.10       0.10
  output external delay                              0.00       0.10
  data required time                                            0.10
  ------------------------------------------------------------------------------------------
  data required time                                            0.10
  data arrival time                                            -0.26
  ------------------------------------------------------------------------------------------
  slack (VIOLATED)                                             -0.16


1
