Loading db file '/temp2tb/luyao/lib/NangateOpenCellLibrary_PDKv1_3_v2010_12/db/typical.db'
Information: Propagating switching activity (low effort zero delay simulation). (PWR-6)
Warning: Design has unannotated primary inputs. (PWR-414)
Warning: Design has unannotated sequential cell outputs. (PWR-415)
 
****************************************
Report : power
        -analysis_effort low
Design : ticket_machine
Version: T-2022.03-SP2
Date   : Wed May 14 19:04:00 2025
****************************************


Library(s) Used:

    NangateOpenCellLibrary (File: /temp2tb/luyao/lib/NangateOpenCellLibrary_PDKv1_3_v2010_12/db/typical.db)


Operating Conditions: typical   Library: NangateOpenCellLibrary
Wire Load Model Mode: top

Design        Wire Load Model            Library
------------------------------------------------
ticket_machine         5K_hvratio_1_1    NangateOpenCellLibrary


Global Operating Voltage = 1.1  
Power-specific unit information :
    Voltage Units = 1V
    Capacitance Units = 1.000000ff
    Time Units = 1ns
    Dynamic Power Units = 1uW    (derived from V,C,T units)
    Leakage Power Units = 1nW


Attributes
----------
i - Including register clock pin internal power


  Cell Internal Power  = 575.1486 uW   (75%)
  Net Switching Power  = 194.9550 uW   (25%)
                         ---------
Total Dynamic Power    = 770.1035 uW  (100%)

Cell Leakage Power     =   1.5790 uW


                 Internal         Switching           Leakage            Total
Power Group      Power            Power               Power              Power   (   %    )  Attrs
--------------------------------------------------------------------------------------------------
io_pad             0.0000            0.0000            0.0000            0.0000  (   0.00%)
memory             0.0000            0.0000            0.0000            0.0000  (   0.00%)
black_box          0.0000            0.0000            0.0000            0.0000  (   0.00%)
clock_network    344.1691            0.0000            0.0000            0.0000  (   0.00%)  i
register          85.8934           53.5190          464.5628          484.0461  (  62.73%)
sequential         0.0000            0.0000            0.0000            0.0000  (   0.00%)
combinational    145.0860          141.4360        1.1144e+03          287.6364  (  37.27%)
--------------------------------------------------------------------------------------------------
Total            575.1486 uW       194.9550 uW     1.5790e+03 nW       771.6826 uW
1
