 
****************************************
Report : timing
        -path full
        -delay max
        -nets
        -max_paths 10
        -transition_time
Design : ticket_machine
Version: T-2022.03-SP2
Date   : Wed May 14 19:03:59 2025
****************************************

Operating Conditions: typical   Library: NangateOpenCellLibrary
Wire Load Model Mode: top

  Startpoint: State_reg_4_
              (rising edge-triggered flip-flop clocked by clk)
  Endpoint: State_reg_0_
            (rising edge-triggered flip-flop clocked by clk)
  Path Group: clk
  Path Type: max

  Des/Clust/Port     Wire Load Model       Library
  ------------------------------------------------
  ticket_machine     5K_hvratio_1_1        NangateOpenCellLibrary

Attributes:
    d - dont_touch
    u - dont_use
   mo - map_only
   so - size_only
    i - ideal_net or ideal_network
  inf - infeasible path

  Point                        Fanout     Trans      Incr       Path      Attributes
  ------------------------------------------------------------------------------------------
  clock clk (rise edge)                              0.00       0.00
  clock network delay (ideal)                        0.00       0.00
  State_reg_4_/CK (DFF_X1)                 0.00      0.00       0.00 r
  State_reg_4_/QN (DFF_X1)                 0.01      0.07       0.07 r
  n49 (net)                      2                   0.00       0.07 r
  U44/ZN (NAND2_X1)                        0.01      0.03       0.10 f
  n32 (net)                      1                   0.00       0.10 f
  U43/ZN (XNOR2_X1)                        0.01      0.05       0.15 f
  n57 (net)                      1                   0.00       0.15 f
  U78/ZN (AOI211_X1)                       0.04      0.08       0.23 r
  n62 (net)                      1                   0.00       0.23 r
  U80/ZN (OAI211_X1)                       0.02      0.04       0.26 f
  N16 (net)                      1                   0.00       0.26 f
  State_reg_0_/D (DFF_X1)                  0.02      0.01       0.27 f
  data arrival time                                             0.27

  clock clk (rise edge)                              0.10       0.10
  clock network delay (ideal)                        0.00       0.10
  State_reg_0_/CK (DFF_X1)                           0.00       0.10 r
  library setup time                                -0.04       0.06
  data required time                                            0.06
  ------------------------------------------------------------------------------------------
  data required time                                            0.06
  data arrival time                                            -0.27
  ------------------------------------------------------------------------------------------
  slack (VIOLATED)                                             -0.22


  Startpoint: State_reg_0_
              (rising edge-triggered flip-flop clocked by clk)
  Endpoint: State_reg_5_
            (rising edge-triggered flip-flop clocked by clk)
  Path Group: clk
  Path Type: max

  Des/Clust/Port     Wire Load Model       Library
  ------------------------------------------------
  ticket_machine     5K_hvratio_1_1        NangateOpenCellLibrary

Attributes:
    d - dont_touch
    u - dont_use
   mo - map_only
   so - size_only
    i - ideal_net or ideal_network
  inf - infeasible path

  Point                        Fanout     Trans      Incr       Path      Attributes
  ------------------------------------------------------------------------------------------
  clock clk (rise edge)                              0.00       0.00
  clock network delay (ideal)                        0.00       0.00
  State_reg_0_/CK (DFF_X1)                 0.00      0.00       0.00 r
  State_reg_0_/QN (DFF_X1)                 0.02      0.07       0.07 r
  n50 (net)                      3                   0.00       0.07 r
  U72/ZN (NAND3_X1)                        0.02      0.04       0.11 f
  n56 (net)                      2                   0.00       0.11 f
  U73/ZN (INV_X1)                          0.01      0.03       0.15 r
  n66 (net)                      2                   0.00       0.15 r
  U74/ZN (NAND4_X1)                        0.03      0.05       0.19 f
  n53 (net)                      3                   0.00       0.19 f
  U77/ZN (OAI222_X1)                       0.04      0.07       0.27 r
  N21 (net)                      1                   0.00       0.27 r
  State_reg_5_/D (DFF_X1)                  0.04      0.01       0.27 r
  data arrival time                                             0.27

  clock clk (rise edge)                              0.10       0.10
  clock network delay (ideal)                        0.00       0.10
  State_reg_5_/CK (DFF_X1)                           0.00       0.10 r
  library setup time                                -0.04       0.06
  data required time                                            0.06
  ------------------------------------------------------------------------------------------
  data required time                                            0.06
  data arrival time                                            -0.27
  ------------------------------------------------------------------------------------------
  slack (VIOLATED)                                             -0.22


  Startpoint: State_reg_4_
              (rising edge-triggered flip-flop clocked by clk)
  Endpoint: State_reg_4_
            (rising edge-triggered flip-flop clocked by clk)
  Path Group: clk
  Path Type: max

  Des/Clust/Port     Wire Load Model       Library
  ------------------------------------------------
  ticket_machine     5K_hvratio_1_1        NangateOpenCellLibrary

Attributes:
    d - dont_touch
    u - dont_use
   mo - map_only
   so - size_only
    i - ideal_net or ideal_network
  inf - infeasible path

  Point                        Fanout     Trans      Incr       Path      Attributes
  ------------------------------------------------------------------------------------------
  clock clk (rise edge)                              0.00       0.00
  clock network delay (ideal)                        0.00       0.00
  State_reg_4_/CK (DFF_X1)                 0.00      0.00       0.00 r
  State_reg_4_/Q (DFF_X1)                  0.02      0.09       0.09 r
  State[4] (net)                 3                   0.00       0.09 r
  U48/Z (BUF_X1)                           0.01      0.04       0.13 r
  n36 (net)                      2                   0.00       0.13 r
  U70/ZN (NAND4_X1)                        0.03      0.06       0.19 f
  n54 (net)                      3                   0.00       0.19 f
  U71/ZN (OAI222_X1)                       0.04      0.07       0.26 r
  N20 (net)                      1                   0.00       0.26 r
  State_reg_4_/D (DFF_X1)                  0.04      0.01       0.27 r
  data arrival time                                             0.27

  clock clk (rise edge)                              0.10       0.10
  clock network delay (ideal)                        0.00       0.10
  State_reg_4_/CK (DFF_X1)                           0.00       0.10 r
  library setup time                                -0.04       0.06
  data required time                                            0.06
  ------------------------------------------------------------------------------------------
  data required time                                            0.06
  data arrival time                                            -0.27
  ------------------------------------------------------------------------------------------
  slack (VIOLATED)                                             -0.22


  Startpoint: State_reg_0_
              (rising edge-triggered flip-flop clocked by clk)
  Endpoint: State_reg_2_
            (rising edge-triggered flip-flop clocked by clk)
  Path Group: clk
  Path Type: max

  Des/Clust/Port     Wire Load Model       Library
  ------------------------------------------------
  ticket_machine     5K_hvratio_1_1        NangateOpenCellLibrary

Attributes:
    d - dont_touch
    u - dont_use
   mo - map_only
   so - size_only
    i - ideal_net or ideal_network
  inf - infeasible path

  Point                        Fanout     Trans      Incr       Path      Attributes
  ------------------------------------------------------------------------------------------
  clock clk (rise edge)                              0.00       0.00
  clock network delay (ideal)                        0.00       0.00
  State_reg_0_/CK (DFF_X1)                 0.00      0.00       0.00 r
  State_reg_0_/QN (DFF_X1)                 0.02      0.07       0.07 r
  n50 (net)                      3                   0.00       0.07 r
  U72/ZN (NAND3_X1)                        0.02      0.04       0.11 f
  n56 (net)                      2                   0.00       0.11 f
  U73/ZN (INV_X1)                          0.01      0.03       0.15 r
  n66 (net)                      2                   0.00       0.15 r
  U74/ZN (NAND4_X1)                        0.03      0.05       0.19 f
  n53 (net)                      3                   0.00       0.19 f
  U42/Z (CLKBUF_X1)                        0.01      0.05       0.24 f
  n31 (net)                      1                   0.00       0.24 f
  U75/ZN (NOR2_X1)                         0.01      0.03       0.27 r
  N18 (net)                      1                   0.00       0.27 r
  State_reg_2_/D (DFF_X1)                  0.01      0.01       0.28 r
  data arrival time                                             0.28

  clock clk (rise edge)                              0.10       0.10
  clock network delay (ideal)                        0.00       0.10
  State_reg_2_/CK (DFF_X1)                           0.00       0.10 r
  library setup time                                -0.03       0.07
  data required time                                            0.07
  ------------------------------------------------------------------------------------------
  data required time                                            0.07
  data arrival time                                            -0.28
  ------------------------------------------------------------------------------------------
  slack (VIOLATED)                                             -0.21


  Startpoint: State_reg_3_
              (rising edge-triggered flip-flop clocked by clk)
  Endpoint: State_reg_3_
            (rising edge-triggered flip-flop clocked by clk)
  Path Group: clk
  Path Type: max

  Des/Clust/Port     Wire Load Model       Library
  ------------------------------------------------
  ticket_machine     5K_hvratio_1_1        NangateOpenCellLibrary

Attributes:
    d - dont_touch
    u - dont_use
   mo - map_only
   so - size_only
    i - ideal_net or ideal_network
  inf - infeasible path

  Point                        Fanout     Trans      Incr       Path      Attributes
  ------------------------------------------------------------------------------------------
  clock clk (rise edge)                              0.00       0.00
  clock network delay (ideal)                        0.00       0.00
  State_reg_3_/CK (DFF_X1)                 0.00      0.00       0.00 r
  State_reg_3_/Q (DFF_X1)                  0.02      0.10       0.10 r
  State[3] (net)                 3                   0.00       0.10 r
  U45/Z (BUF_X1)                           0.01      0.04       0.14 r
  n33 (net)                      2                   0.00       0.14 r
  U62/ZN (NAND4_X1)                        0.03      0.07       0.20 f
  n68 (net)                      4                   0.00       0.20 f
  U81/ZN (OAI22_X1)                        0.03      0.06       0.27 r
  N19 (net)                      1                   0.00       0.27 r
  State_reg_3_/D (DFF_X1)                  0.03      0.01       0.28 r
  data arrival time                                             0.28

  clock clk (rise edge)                              0.10       0.10
  clock network delay (ideal)                        0.00       0.10
  State_reg_3_/CK (DFF_X1)                           0.00       0.10 r
  library setup time                                -0.04       0.06
  data required time                                            0.06
  ------------------------------------------------------------------------------------------
  data required time                                            0.06
  data arrival time                                            -0.28
  ------------------------------------------------------------------------------------------
  slack (VIOLATED)                                             -0.21


  Startpoint: State_reg_0_
              (rising edge-triggered flip-flop clocked by clk)
  Endpoint: State_reg_1_
            (rising edge-triggered flip-flop clocked by clk)
  Path Group: clk
  Path Type: max

  Des/Clust/Port     Wire Load Model       Library
  ------------------------------------------------
  ticket_machine     5K_hvratio_1_1        NangateOpenCellLibrary

Attributes:
    d - dont_touch
    u - dont_use
   mo - map_only
   so - size_only
    i - ideal_net or ideal_network
  inf - infeasible path

  Point                        Fanout     Trans      Incr       Path      Attributes
  ------------------------------------------------------------------------------------------
  clock clk (rise edge)                              0.00       0.00
  clock network delay (ideal)                        0.00       0.00
  State_reg_0_/CK (DFF_X1)                 0.00      0.00       0.00 r
  State_reg_0_/QN (DFF_X1)                 0.02      0.07       0.07 r
  n50 (net)                      3                   0.00       0.07 r
  U72/ZN (NAND3_X1)                        0.02      0.04       0.11 f
  n56 (net)                      2                   0.00       0.11 f
  U73/ZN (INV_X1)                          0.01      0.03       0.15 r
  n66 (net)                      2                   0.00       0.15 r
  U74/ZN (NAND4_X1)                        0.03      0.05       0.19 f
  n53 (net)                      3                   0.00       0.19 f
  U76/ZN (OAI22_X1)                        0.03      0.06       0.25 r
  N17 (net)                      1                   0.00       0.25 r
  State_reg_1_/D (DFF_X1)                  0.03      0.01       0.26 r
  data arrival time                                             0.26

  clock clk (rise edge)                              0.10       0.10
  clock network delay (ideal)                        0.00       0.10
  State_reg_1_/CK (DFF_X1)                           0.00       0.10 r
  library setup time                                -0.04       0.06
  data required time                                            0.06
  ------------------------------------------------------------------------------------------
  data required time                                            0.06
  data arrival time                                            -0.26
  ------------------------------------------------------------------------------------------
  slack (VIOLATED)                                             -0.20


  Startpoint: State_reg_5_
              (rising edge-triggered flip-flop clocked by clk)
  Endpoint: bill (output port)
  Path Group: default
  Path Type: max

  Des/Clust/Port     Wire Load Model       Library
  ------------------------------------------------
  ticket_machine     5K_hvratio_1_1        NangateOpenCellLibrary

Attributes:
    d - dont_touch
    u - dont_use
   mo - map_only
   so - size_only
    i - ideal_net or ideal_network
  inf - infeasible path

  Point                        Fanout     Trans      Incr       Path      Attributes
  ------------------------------------------------------------------------------------------
  State_reg_5_/CK (DFF_X1)                 0.00      0.00       0.00 r
  State_reg_5_/Q (DFF_X1)                  0.02      0.10       0.10 r
  State[5] (net)                 3                   0.00       0.10 r
  U52/Z (XOR2_X1)                          0.03      0.08       0.18 r
  n40 (net)                      2                   0.00       0.18 r
  U82/ZN (NAND3_X1)                        0.01      0.04       0.22 f
  n67 (net)                      1                   0.00       0.22 f
  U83/ZN (NAND2_X1)                        0.01      0.03       0.24 r
  bill (net)                     1                   0.00       0.24 r
  bill (out)                               0.01      0.00       0.24 r
  data arrival time                                             0.24

  max_delay                                          0.10       0.10
  output external delay                              0.00       0.10
  data required time                                            0.10
  ------------------------------------------------------------------------------------------
  data required time                                            0.10
  data arrival time                                            -0.24
  ------------------------------------------------------------------------------------------
  slack (VIOLATED)                                             -0.14


  Startpoint: State_reg_4_
              (rising edge-triggered flip-flop clocked by clk)
  Endpoint: return_sig (output port)
  Path Group: default
  Path Type: max

  Des/Clust/Port     Wire Load Model       Library
  ------------------------------------------------
  ticket_machine     5K_hvratio_1_1        NangateOpenCellLibrary

Attributes:
    d - dont_touch
    u - dont_use
   mo - map_only
   so - size_only
    i - ideal_net or ideal_network
  inf - infeasible path

  Point                        Fanout     Trans      Incr       Path      Attributes
  ------------------------------------------------------------------------------------------
  State_reg_4_/CK (DFF_X1)                 0.00      0.00       0.00 r
  State_reg_4_/QN (DFF_X1)                 0.01      0.07       0.07 r
  n49 (net)                      2                   0.00       0.07 r
  U57/ZN (INV_X1)                          0.01      0.03       0.09 f
  n44 (net)                      1                   0.00       0.09 f
  U52/Z (XOR2_X1)                          0.01      0.07       0.17 f
  n40 (net)                      2                   0.00       0.17 f
  U85/ZN (NOR4_X1)                         0.03      0.06       0.23 r
  return_sig (net)               1                   0.00       0.23 r
  return_sig (out)                         0.03      0.00       0.23 r
  data arrival time                                             0.23

  max_delay                                          0.10       0.10
  output external delay                              0.00       0.10
  data required time                                            0.10
  ------------------------------------------------------------------------------------------
  data required time                                            0.10
  data arrival time                                            -0.23
  ------------------------------------------------------------------------------------------
  slack (VIOLATED)                                             -0.13


  Startpoint: State_reg_5_
              (rising edge-triggered flip-flop clocked by clk)
  Endpoint: ready (output port)
  Path Group: default
  Path Type: max

  Des/Clust/Port     Wire Load Model       Library
  ------------------------------------------------
  ticket_machine     5K_hvratio_1_1        NangateOpenCellLibrary

Attributes:
    d - dont_touch
    u - dont_use
   mo - map_only
   so - size_only
    i - ideal_net or ideal_network
  inf - infeasible path

  Point                        Fanout     Trans      Incr       Path      Attributes
  ------------------------------------------------------------------------------------------
  State_reg_5_/CK (DFF_X1)                 0.00      0.00       0.00 r
  State_reg_5_/Q (DFF_X1)                  0.01      0.09       0.09 f
  State[5] (net)                 3                   0.00       0.09 f
  U59/ZN (NOR3_X1)                         0.04      0.08       0.16 r
  n52 (net)                      2                   0.00       0.16 r
  U46/ZN (AND3_X1)                         0.01      0.06       0.22 r
  ready (net)                    2                   0.00       0.22 r
  ready (out)                              0.01      0.00       0.23 r
  data arrival time                                             0.23

  max_delay                                          0.10       0.10
  output external delay                              0.00       0.10
  data required time                                            0.10
  ------------------------------------------------------------------------------------------
  data required time                                            0.10
  data arrival time                                            -0.23
  ------------------------------------------------------------------------------------------
  slack (VIOLATED)                                             -0.13


  Startpoint: State_reg_4_
              (rising edge-triggered flip-flop clocked by clk)
  Endpoint: dispense (output port)
  Path Group: default
  Path Type: max

  Des/Clust/Port     Wire Load Model       Library
  ------------------------------------------------
  ticket_machine     5K_hvratio_1_1        NangateOpenCellLibrary

Attributes:
    d - dont_touch
    u - dont_use
   mo - map_only
   so - size_only
    i - ideal_net or ideal_network
  inf - infeasible path

  Point                        Fanout     Trans      Incr       Path      Attributes
  ------------------------------------------------------------------------------------------
  State_reg_4_/CK (DFF_X1)                 0.00      0.00       0.00 r
  State_reg_4_/Q (DFF_X1)                  0.01      0.08       0.08 f
  State[4] (net)                 3                   0.00       0.08 f
  U58/ZN (INV_X1)                          0.02      0.04       0.13 r
  n45 (net)                      4                   0.00       0.13 r
  U86/ZN (NAND3_X1)                        0.01      0.04       0.17 f
  n72 (net)                      1                   0.00       0.17 f
  U87/ZN (NOR4_X1)                         0.03      0.04       0.21 r
  dispense (net)                 1                   0.00       0.21 r
  dispense (out)                           0.03      0.00       0.21 r
  data arrival time                                             0.21

  max_delay                                          0.10       0.10
  output external delay                              0.00       0.10
  data required time                                            0.10
  ------------------------------------------------------------------------------------------
  data required time                                            0.10
  data arrival time                                            -0.21
  ------------------------------------------------------------------------------------------
  slack (VIOLATED)                                             -0.11


1
