 
****************************************
Report : area
Design : addr_calcu
Version: T-2022.03-SP2
Date   : Wed May 14 19:06:28 2025
****************************************

Library(s) Used:

    NangateOpenCellLibrary (File: /temp2tb/luyao/lib/NangateOpenCellLibrary_PDKv1_3_v2010_12/db/typical.db)

Number of ports:                           49
Number of nets:                           434
Number of cells:                          405
Number of combinational cells:            401
Number of sequential cells:                 0
Number of macros/black boxes:               0
Number of buf/inv:                        125
Number of references:                      24

Combinational area:                388.093996
Buf/Inv area:                       79.800000
Noncombinational area:               0.000000
Macro/Black Box area:                0.000000
Net Interconnect area:      undefined  (Wire load has zero net area)

Total cell area:                   388.093996
Total area:                 undefined

Hierarchical area distribution
------------------------------

                                  Global cell area          Local cell area
                                  ------------------  --------------------------- 
Hierarchical cell                 Absolute   Percent  Combi-    Noncombi-  Black-
                                  Total      Total    national  national   boxes   Design
--------------------------------  ---------  -------  --------  ---------  ------  ---------
addr_calcu                         388.0940    100.0  388.0940     0.0000  0.0000  addr_calcu
--------------------------------  ---------  -------  --------  ---------  ------  ---------
Total                                                 388.0940     0.0000  0.0000

1
