 
****************************************
Report : area
Design : sub_16bit_ref
Version: T-2022.03-SP2
Date   : Mon May 12 23:46:27 2025
****************************************

Library(s) Used:

    NangateOpenCellLibrary (File: /temp2tb/luyao/lib/NangateOpenCellLibrary_PDKv1_3_v2010_12/db/typical.db)

Number of ports:                           49
Number of nets:                           266
Number of cells:                          234
Number of combinational cells:            234
Number of sequential cells:                 0
Number of macros/black boxes:               0
Number of buf/inv:                         84
Number of references:                      26

Combinational area:                223.173999
Buf/Inv area:                       47.614000
Noncombinational area:               0.000000
Macro/Black Box area:                0.000000
Net Interconnect area:      undefined  (Wire load has zero net area)

Total cell area:                   223.173999
Total area:                 undefined

Hierarchical area distribution
------------------------------

                                  Global cell area          Local cell area
                                  ------------------  --------------------------- 
Hierarchical cell                 Absolute   Percent  Combi-    Noncombi-  Black-
                                  Total      Total    national  national   boxes   Design
--------------------------------  ---------  -------  --------  ---------  ------  ---------
sub_16bit_ref                      223.1740    100.0  223.1740     0.0000  0.0000  sub_16bit_ref
--------------------------------  ---------  -------  --------  ---------  ------  ---------
Total                                                 223.1740     0.0000  0.0000

1
