 
****************************************
Report : area
Design : comparator_16bit_ref
Version: T-2022.03-SP2
Date   : Mon May 12 03:48:00 2025
****************************************

Library(s) Used:

    NangateOpenCellLibrary (File: /temp2tb/luyao/lib/NangateOpenCellLibrary_PDKv1_3_v2010_12/db/typical.db)

Number of ports:                           35
Number of nets:                           183
Number of cells:                          151
Number of combinational cells:            151
Number of sequential cells:                 0
Number of macros/black boxes:               0
Number of buf/inv:                         42
Number of references:                      24

Combinational area:                169.175999
Buf/Inv area:                       23.940000
Noncombinational area:               0.000000
Macro/Black Box area:                0.000000
Net Interconnect area:      undefined  (Wire load has zero net area)

Total cell area:                   169.175999
Total area:                 undefined

Hierarchical area distribution
------------------------------

                                  Global cell area          Local cell area
                                  ------------------  --------------------------- 
Hierarchical cell                 Absolute   Percent  Combi-    Noncombi-  Black-
                                  Total      Total    national  national   boxes   Design
--------------------------------  ---------  -------  --------  ---------  ------  ---------
comparator_16bit_ref               169.1760    100.0  169.1760     0.0000  0.0000  comparator_16bit_ref
--------------------------------  ---------  -------  --------  ---------  ------  ---------
Total                                                 169.1760     0.0000  0.0000

1
