 
****************************************
Report : timing
        -path full
        -delay max
        -nets
        -max_paths 10
        -transition_time
Design : comparator_16bit_ref
Version: T-2022.03-SP2
Date   : Mon May 12 03:48:00 2025
****************************************

Operating Conditions: typical   Library: NangateOpenCellLibrary
Wire Load Model Mode: top

  Startpoint: B[13] (input port)
  Endpoint: lt (output port)
  Path Group: default
  Path Type: max

  Des/Clust/Port     Wire Load Model       Library
  ------------------------------------------------
  comparator_16bit_ref 5K_hvratio_1_1      NangateOpenCellLibrary

Attributes:
    d - dont_touch
    u - dont_use
   mo - map_only
   so - size_only
    i - ideal_net or ideal_network
  inf - infeasible path

  Point                        Fanout     Trans      Incr       Path      Attributes
  ------------------------------------------------------------------------------------------
  input external delay                               0.00       0.00 r
  B[13] (in)                               0.00      0.00       0.00 r
  B[13] (net)                    6                   0.00       0.00 r
  U94/ZN (XNOR2_X1)                        0.02      0.06       0.06 r
  n91 (net)                      1                   0.00       0.06 r
  U136/ZN (NAND2_X1)                       0.01      0.03       0.09 f
  n122 (net)                     1                   0.00       0.09 f
  U135/ZN (NOR2_X1)                        0.02      0.04       0.13 r
  n130 (net)                     1                   0.00       0.13 r
  U210/ZN (OAI21_X1)                       0.02      0.03       0.16 f
  n173 (net)                     1                   0.00       0.16 f
  U216/ZN (OAI33_X1)                       0.06      0.06       0.22 r
  n174 (net)                     1                   0.00       0.22 r
  U217/ZN (AOI21_X1)                       0.02      0.03       0.25 f
  n177 (net)                     1                   0.00       0.25 f
  U218/ZN (OAI211_X1)                      0.01      0.03       0.29 r
  lt (net)                       1                   0.00       0.29 r
  lt (out)                                 0.01      0.00       0.29 r
  data arrival time                                             0.29

  max_delay                                          0.10       0.10
  output external delay                              0.00       0.10
  data required time                                            0.10
  ------------------------------------------------------------------------------------------
  data required time                                            0.10
  data arrival time                                            -0.29
  ------------------------------------------------------------------------------------------
  slack (VIOLATED)                                             -0.19


  Startpoint: B[13] (input port)
  Endpoint: gt (output port)
  Path Group: default
  Path Type: max

  Des/Clust/Port     Wire Load Model       Library
  ------------------------------------------------
  comparator_16bit_ref 5K_hvratio_1_1      NangateOpenCellLibrary

Attributes:
    d - dont_touch
    u - dont_use
   mo - map_only
   so - size_only
    i - ideal_net or ideal_network
  inf - infeasible path

  Point                        Fanout     Trans      Incr       Path      Attributes
  ------------------------------------------------------------------------------------------
  input external delay                               0.00       0.00 f
  B[13] (in)                               0.00      0.00       0.00 f
  B[13] (net)                    6                   0.00       0.00 f
  U133/ZN (XNOR2_X1)                       0.01      0.06       0.06 f
  n120 (net)                     2                   0.00       0.06 f
  U122/ZN (AND3_X1)                        0.01      0.04       0.10 f
  n125 (net)                     1                   0.00       0.10 f
  U207/ZN (NAND2_X1)                       0.01      0.03       0.13 r
  n224 (net)                     2                   0.00       0.13 r
  U240/ZN (NOR4_X1)                        0.01      0.03       0.16 f
  n228 (net)                     1                   0.00       0.16 f
  U241/ZN (AOI221_X1)                      0.04      0.08       0.24 r
  n232 (net)                     1                   0.00       0.24 r
  U242/ZN (OAI211_X1)                      0.01      0.04       0.28 f
  gt (net)                       1                   0.00       0.28 f
  gt (out)                                 0.01      0.00       0.28 f
  data arrival time                                             0.28

  max_delay                                          0.10       0.10
  output external delay                              0.00       0.10
  data required time                                            0.10
  ------------------------------------------------------------------------------------------
  data required time                                            0.10
  data arrival time                                            -0.28
  ------------------------------------------------------------------------------------------
  slack (VIOLATED)                                             -0.18


  Startpoint: B[11] (input port)
  Endpoint: eq (output port)
  Path Group: default
  Path Type: max

  Des/Clust/Port     Wire Load Model       Library
  ------------------------------------------------
  comparator_16bit_ref 5K_hvratio_1_1      NangateOpenCellLibrary

Attributes:
    d - dont_touch
    u - dont_use
   mo - map_only
   so - size_only
    i - ideal_net or ideal_network
  inf - infeasible path

  Point                        Fanout     Trans      Incr       Path      Attributes
  ------------------------------------------------------------------------------------------
  input external delay                               0.00       0.00 r
  B[11] (in)                               0.00      0.00       0.00 r
  B[11] (net)                    4                   0.00       0.00 r
  U141/ZN (XNOR2_X1)                       0.02      0.06       0.06 r
  n146 (net)                     1                   0.00       0.06 r
  U98/ZN (AND4_X2)                         0.01      0.07       0.13 r
  n127 (net)                     1                   0.00       0.13 r
  U97/ZN (AND4_X2)                         0.01      0.06       0.19 r
  n150 (net)                     2                   0.00       0.19 r
  U99/ZN (NAND2_X1)                        0.01      0.03       0.22 f
  n93 (net)                      1                   0.00       0.22 f
  U114/ZN (NOR3_X1)                        0.02      0.04       0.25 r
  eq (net)                       1                   0.00       0.25 r
  eq (out)                                 0.02      0.00       0.25 r
  data arrival time                                             0.25

  max_delay                                          0.10       0.10
  output external delay                              0.00       0.10
  data required time                                            0.10
  ------------------------------------------------------------------------------------------
  data required time                                            0.10
  data arrival time                                            -0.25
  ------------------------------------------------------------------------------------------
  slack (VIOLATED)                                             -0.15


1
