 
****************************************
Report : area
Design : comparator
Version: T-2022.03-SP2
Date   : Mon May 12 03:09:18 2025
****************************************

Library(s) Used:

    NangateOpenCellLibrary (File: /temp2tb/luyao/lib/NangateOpenCellLibrary_PDKv1_3_v2010_12/db/typical.db)

Number of ports:                           20
Number of nets:                           128
Number of cells:                          109
Number of combinational cells:            109
Number of sequential cells:                 0
Number of macros/black boxes:               0
Number of buf/inv:                         38
Number of references:                      21

Combinational area:                 98.154000
Buf/Inv area:                       20.482000
Noncombinational area:               0.000000
Macro/Black Box area:                0.000000
Net Interconnect area:      undefined  (Wire load has zero net area)

Total cell area:                    98.154000
Total area:                 undefined

Hierarchical area distribution
------------------------------

                                  Global cell area          Local cell area
                                  ------------------  --------------------------- 
Hierarchical cell                 Absolute   Percent  Combi-    Noncombi-  Black-
                                  Total      Total    national  national   boxes   Design
--------------------------------  ---------  -------  --------  ---------  ------  ---------
comparator                          98.1540    100.0   98.1540     0.0000  0.0000  comparator
--------------------------------  ---------  -------  --------  ---------  ------  ---------
Total                                                  98.1540     0.0000  0.0000

1
