Information: Updating design information... (UID-85)
 
****************************************
Report : qor
Design : comparator
Version: T-2022.03-SP2
Date   : Mon May 12 03:09:18 2025
****************************************


  Timing Path Group 'default'
  -----------------------------------
  Levels of Logic:               6.00
  Critical Path Length:          0.29
  Critical Path Slack:          -0.19
  Critical Path Clk Period:       n/a
  Total Negative Slack:         -0.19
  No. of Violating Paths:        1.00
  Worst Hold Violation:          0.00
  Total Hold Violation:          0.00
  No. of Hold Violations:        0.00
  -----------------------------------


  Cell Count
  -----------------------------------
  Hierarchical Cell Count:          0
  Hierarchical Port Count:          0
  Leaf Cell Count:                109
  Buf/Inv Cell Count:              38
  Buf Cell Count:                   1
  Inv Cell Count:                  37
  CT Buf/Inv Cell Count:            0
  Combinational Cell Count:       109
  Sequential Cell Count:            0
  Macro Count:                      0
  -----------------------------------


  Area
  -----------------------------------
  Combinational Area:       98.154000
  Noncombinational Area:     0.000000
  Buf/Inv Area:             20.482000
  Total Buffer Area:             0.80
  Total Inverter Area:          19.68
  Macro/Black Box Area:      0.000000
  Net Area:                  0.000000
  -----------------------------------
  Cell Area:                98.154000
  Design Area:              98.154000


  Design Rules
  -----------------------------------
  Total Number of Nets:           128
  Nets With Violations:             0
  Max Trans Violations:             0
  Max Cap Violations:               0
  -----------------------------------


  Hostname: acf3030

  Compile CPU Statistics
  -----------------------------------------
  Resource Sharing:                    0.06
  Logic Optimization:                  0.52
  Mapping Optimization:                0.17
  -----------------------------------------
  Overall Compile Time:                1.13
  Overall Compile Wall Clock Time:     1.36

  --------------------------------------------------------------------

  Design  WNS: 0.19  TNS: 0.19  Number of Violating Paths: 1


  Design (Hold)  WNS: 0.00  TNS: 0.00  Number of Violating Paths: 0

  --------------------------------------------------------------------


1
