 
****************************************
Report : timing
        -path full
        -delay max
        -nets
        -max_paths 10
        -transition_time
Design : comparator
Version: T-2022.03-SP2
Date   : Mon May 12 03:09:18 2025
****************************************

Operating Conditions: typical   Library: NangateOpenCellLibrary
Wire Load Model Mode: top

  Startpoint: value1[1] (input port)
  Endpoint: OUT (output port)
  Path Group: default
  Path Type: max

  Des/Clust/Port     Wire Load Model       Library
  ------------------------------------------------
  comparator         5K_hvratio_1_1        NangateOpenCellLibrary

Attributes:
    d - dont_touch
    u - dont_use
   mo - map_only
   so - size_only
    i - ideal_net or ideal_network
  inf - infeasible path

  Point                        Fanout     Trans      Incr       Path      Attributes
  ------------------------------------------------------------------------------------------
  input external delay                               0.00       0.00 r
  value1[1] (in)                           0.00      0.00       0.00 r
  value1[1] (net)                3                   0.00       0.00 r
  U43/ZN (INV_X1)                          0.00      0.02       0.02 f
  n34 (net)                      1                   0.00       0.02 f
  U112/ZN (AOI22_X1)                       0.03      0.05       0.07 r
  n89 (net)                      1                   0.00       0.07 r
  U113/ZN (NAND3_X1)                       0.01      0.03       0.11 f
  n98 (net)                      1                   0.00       0.11 f
  U115/ZN (NOR4_X1)                        0.04      0.06       0.17 r
  n99 (net)                      1                   0.00       0.17 r
  U116/ZN (OAI222_X1)                      0.02      0.05       0.22 f
  n120 (net)                     1                   0.00       0.22 f
  U125/ZN (OAI33_X1)                       0.05      0.07       0.29 r
  OUT (net)                      1                   0.00       0.29 r
  OUT (out)                                0.05      0.00       0.29 r
  data arrival time                                             0.29

  max_delay                                          0.10       0.10
  output external delay                              0.00       0.10
  data required time                                            0.10
  ------------------------------------------------------------------------------------------
  data required time                                            0.10
  data arrival time                                            -0.29
  ------------------------------------------------------------------------------------------
  slack (VIOLATED)                                             -0.19


1
