Information: Updating design information... (UID-85)
 
****************************************
Report : qor
Design : mul_const_ref
Version: T-2022.03-SP2
Date   : Mon May 12 02:41:23 2025
****************************************


  Timing Path Group 'default'
  -----------------------------------
  Levels of Logic:               5.00
  Critical Path Length:          0.21
  Critical Path Slack:          -0.11
  Critical Path Clk Period:       n/a
  Total Negative Slack:         -0.73
  No. of Violating Paths:       10.00
  Worst Hold Violation:          0.00
  Total Hold Violation:          0.00
  No. of Hold Violations:        0.00
  -----------------------------------


  Cell Count
  -----------------------------------
  Hierarchical Cell Count:          0
  Hierarchical Port Count:          0
  Leaf Cell Count:                116
  Buf/Inv Cell Count:              45
  Buf Cell Count:                  15
  Inv Cell Count:                  30
  CT Buf/Inv Cell Count:            0
  Combinational Cell Count:       116
  Sequential Cell Count:            0
  Macro Count:                      0
  -----------------------------------


  Area
  -----------------------------------
  Combinational Area:      114.645999
  Noncombinational Area:     0.000000
  Buf/Inv Area:             28.196000
  Total Buffer Area:            12.24
  Total Inverter Area:          15.96
  Macro/Black Box Area:      0.000000
  Net Area:                  0.000000
  -----------------------------------
  Cell Area:               114.645999
  Design Area:             114.645999


  Design Rules
  -----------------------------------
  Total Number of Nets:           140
  Nets With Violations:             0
  Max Trans Violations:             0
  Max Cap Violations:               0
  -----------------------------------


  Hostname: acf3030

  Compile CPU Statistics
  -----------------------------------------
  Resource Sharing:                    0.03
  Logic Optimization:                  0.25
  Mapping Optimization:                0.29
  -----------------------------------------
  Overall Compile Time:                0.97
  Overall Compile Wall Clock Time:     1.16

  --------------------------------------------------------------------

  Design  WNS: 0.11  TNS: 0.73  Number of Violating Paths: 10


  Design (Hold)  WNS: 0.00  TNS: 0.00  Number of Violating Paths: 0

  --------------------------------------------------------------------


1
