 
****************************************
Report : timing
        -path full
        -delay max
        -nets
        -max_paths 10
        -transition_time
Design : mul_const_ref
Version: T-2022.03-SP2
Date   : Mon May 12 02:41:23 2025
****************************************

Operating Conditions: typical   Library: NangateOpenCellLibrary
Wire Load Model Mode: top

  Startpoint: b[2] (input port)
  Endpoint: s2[5] (output port)
  Path Group: default
  Path Type: max

  Des/Clust/Port     Wire Load Model       Library
  ------------------------------------------------
  mul_const_ref      5K_hvratio_1_1        NangateOpenCellLibrary

Attributes:
    d - dont_touch
    u - dont_use
   mo - map_only
   so - size_only
    i - ideal_net or ideal_network
  inf - infeasible path

  Point                        Fanout     Trans      Incr       Path      Attributes
  ------------------------------------------------------------------------------------------
  input external delay                               0.00       0.00 r
  b[2] (in)                                0.00      0.00       0.00 r
  b[2] (net)                     5                   0.00       0.00 r
  U59/Z (BUF_X2)                           0.01      0.04       0.04 r
  n39 (net)                      4                   0.00       0.04 r
  U94/ZN (NAND2_X1)                        0.01      0.03       0.07 f
  n77 (net)                      1                   0.00       0.07 f
  U72/ZN (AND3_X1)                         0.01      0.04       0.11 f
  n79 (net)                      1                   0.00       0.11 f
  U96/ZN (OAI33_X1)                        0.06      0.08       0.19 r
  n83 (net)                      1                   0.00       0.19 r
  U97/ZN (INV_X1)                          0.01      0.02       0.20 f
  s2[5] (net)                    1                   0.00       0.20 f
  s2[5] (out)                              0.01      0.00       0.21 f
  data arrival time                                             0.21

  max_delay                                          0.10       0.10
  output external delay                              0.00       0.10
  data required time                                            0.10
  ------------------------------------------------------------------------------------------
  data required time                                            0.10
  data arrival time                                            -0.21
  ------------------------------------------------------------------------------------------
  slack (VIOLATED)                                             -0.11


  Startpoint: b[2] (input port)
  Endpoint: s2[6] (output port)
  Path Group: default
  Path Type: max

  Des/Clust/Port     Wire Load Model       Library
  ------------------------------------------------
  mul_const_ref      5K_hvratio_1_1        NangateOpenCellLibrary

Attributes:
    d - dont_touch
    u - dont_use
   mo - map_only
   so - size_only
    i - ideal_net or ideal_network
  inf - infeasible path

  Point                        Fanout     Trans      Incr       Path      Attributes
  ------------------------------------------------------------------------------------------
  input external delay                               0.00       0.00 r
  b[2] (in)                                0.00      0.00       0.00 r
  b[2] (net)                     5                   0.00       0.00 r
  U92/ZN (INV_X1)                          0.01      0.03       0.03 f
  n86 (net)                      3                   0.00       0.03 f
  U71/ZN (OAI22_X1)                        0.03      0.05       0.08 r
  n46 (net)                      1                   0.00       0.08 r
  U105/ZN (INV_X1)                         0.01      0.02       0.10 f
  n89 (net)                      1                   0.00       0.10 f
  U107/ZN (AOI22_X1)                       0.03      0.05       0.15 r
  n91 (net)                      1                   0.00       0.15 r
  U62/ZN (XNOR2_X1)                        0.01      0.06       0.20 r
  s2[6] (net)                    1                   0.00       0.20 r
  s2[6] (out)                              0.01      0.00       0.21 r
  data arrival time                                             0.21

  max_delay                                          0.10       0.10
  output external delay                              0.00       0.10
  data required time                                            0.10
  ------------------------------------------------------------------------------------------
  data required time                                            0.10
  data arrival time                                            -0.21
  ------------------------------------------------------------------------------------------
  slack (VIOLATED)                                             -0.11


  Startpoint: b[2] (input port)
  Endpoint: s2[7] (output port)
  Path Group: default
  Path Type: max

  Des/Clust/Port     Wire Load Model       Library
  ------------------------------------------------
  mul_const_ref      5K_hvratio_1_1        NangateOpenCellLibrary

Attributes:
    d - dont_touch
    u - dont_use
   mo - map_only
   so - size_only
    i - ideal_net or ideal_network
  inf - infeasible path

  Point                        Fanout     Trans      Incr       Path      Attributes
  ------------------------------------------------------------------------------------------
  input external delay                               0.00       0.00 r
  b[2] (in)                                0.00      0.00       0.00 r
  b[2] (net)                     5                   0.00       0.00 r
  U92/ZN (INV_X1)                          0.01      0.03       0.03 f
  n86 (net)                      3                   0.00       0.03 f
  U104/ZN (OAI22_X1)                       0.03      0.05       0.08 r
  n102 (net)                     1                   0.00       0.08 r
  U120/ZN (OAI21_X1)                       0.01      0.04       0.12 f
  n107 (net)                     2                   0.00       0.12 f
  U16/ZN (OR2_X1)                          0.01      0.06       0.17 f
  n110 (net)                     1                   0.00       0.17 f
  U122/ZN (NAND3_X1)                       0.01      0.03       0.20 r
  s2[7] (net)                    1                   0.00       0.20 r
  s2[7] (out)                              0.01      0.00       0.20 r
  data arrival time                                             0.20

  max_delay                                          0.10       0.10
  output external delay                              0.00       0.10
  data required time                                            0.10
  ------------------------------------------------------------------------------------------
  data required time                                            0.10
  data arrival time                                            -0.20
  ------------------------------------------------------------------------------------------
  slack (VIOLATED)                                             -0.10


  Startpoint: b[2] (input port)
  Endpoint: s2[4] (output port)
  Path Group: default
  Path Type: max

  Des/Clust/Port     Wire Load Model       Library
  ------------------------------------------------
  mul_const_ref      5K_hvratio_1_1        NangateOpenCellLibrary

Attributes:
    d - dont_touch
    u - dont_use
   mo - map_only
   so - size_only
    i - ideal_net or ideal_network
  inf - infeasible path

  Point                        Fanout     Trans      Incr       Path      Attributes
  ------------------------------------------------------------------------------------------
  input external delay                               0.00       0.00 r
  b[2] (in)                                0.00      0.00       0.00 r
  b[2] (net)                     5                   0.00       0.00 r
  U59/Z (BUF_X2)                           0.01      0.04       0.04 r
  n39 (net)                      4                   0.00       0.04 r
  U11/Z (CLKBUF_X1)                        0.01      0.04       0.08 r
  n11 (net)                      1                   0.00       0.08 r
  U15/ZN (XNOR2_X1)                        0.02      0.06       0.14 r
  n13 (net)                      1                   0.00       0.14 r
  U14/ZN (XNOR2_X1)                        0.01      0.05       0.19 r
  s2[4] (net)                    1                   0.00       0.19 r
  s2[4] (out)                              0.01      0.00       0.20 r
  data arrival time                                             0.20

  max_delay                                          0.10       0.10
  output external delay                              0.00       0.10
  data required time                                            0.10
  ------------------------------------------------------------------------------------------
  data required time                                            0.10
  data arrival time                                            -0.20
  ------------------------------------------------------------------------------------------
  slack (VIOLATED)                                             -0.10


  Startpoint: c[1] (input port)
  Endpoint: s3[7] (output port)
  Path Group: default
  Path Type: max

  Des/Clust/Port     Wire Load Model       Library
  ------------------------------------------------
  mul_const_ref      5K_hvratio_1_1        NangateOpenCellLibrary

Attributes:
    d - dont_touch
    u - dont_use
   mo - map_only
   so - size_only
    i - ideal_net or ideal_network
  inf - infeasible path

  Point                        Fanout     Trans      Incr       Path      Attributes
  ------------------------------------------------------------------------------------------
  input external delay                               0.00       0.00 f
  c[1] (in)                                0.00      0.00       0.00 f
  c[1] (net)                     5                   0.00       0.00 f
  U69/ZN (AOI22_X1)                        0.03      0.06       0.06 r
  n69 (net)                      1                   0.00       0.06 r
  U68/ZN (NAND2_X1)                        0.01      0.03       0.09 f
  n70 (net)                      1                   0.00       0.09 f
  U55/ZN (AOI21_X1)                        0.03      0.04       0.13 r
  n73 (net)                      1                   0.00       0.13 r
  U54/ZN (XNOR2_X1)                        0.01      0.05       0.18 r
  s3[7] (net)                    1                   0.00       0.18 r
  s3[7] (out)                              0.01      0.00       0.19 r
  data arrival time                                             0.19

  max_delay                                          0.10       0.10
  output external delay                              0.00       0.10
  data required time                                            0.10
  ------------------------------------------------------------------------------------------
  data required time                                            0.10
  data arrival time                                            -0.19
  ------------------------------------------------------------------------------------------
  slack (VIOLATED)                                             -0.09


  Startpoint: c[2] (input port)
  Endpoint: s3[6] (output port)
  Path Group: default
  Path Type: max

  Des/Clust/Port     Wire Load Model       Library
  ------------------------------------------------
  mul_const_ref      5K_hvratio_1_1        NangateOpenCellLibrary

Attributes:
    d - dont_touch
    u - dont_use
   mo - map_only
   so - size_only
    i - ideal_net or ideal_network
  inf - infeasible path

  Point                        Fanout     Trans      Incr       Path      Attributes
  ------------------------------------------------------------------------------------------
  input external delay                               0.00       0.00 f
  c[2] (in)                                0.00      0.00       0.00 f
  c[2] (net)                     6                   0.00       0.00 f
  U83/ZN (INV_X1)                          0.01      0.03       0.03 r
  n50 (net)                      2                   0.00       0.03 r
  U21/ZN (AND2_X1)                         0.01      0.04       0.07 r
  n17 (net)                      1                   0.00       0.07 r
  U70/ZN (NOR2_X1)                         0.01      0.02       0.09 f
  n53 (net)                      1                   0.00       0.09 f
  U74/ZN (AOI22_X1)                        0.03      0.04       0.14 r
  n65 (net)                      1                   0.00       0.14 r
  U73/ZN (NAND4_X1)                        0.01      0.03       0.17 f
  s3[6] (net)                    1                   0.00       0.17 f
  s3[6] (out)                              0.01      0.00       0.17 f
  data arrival time                                             0.17

  max_delay                                          0.10       0.10
  output external delay                              0.00       0.10
  data required time                                            0.10
  ------------------------------------------------------------------------------------------
  data required time                                            0.10
  data arrival time                                            -0.17
  ------------------------------------------------------------------------------------------
  slack (VIOLATED)                                             -0.07


  Startpoint: c[4] (input port)
  Endpoint: s3[5] (output port)
  Path Group: default
  Path Type: max

  Des/Clust/Port     Wire Load Model       Library
  ------------------------------------------------
  mul_const_ref      5K_hvratio_1_1        NangateOpenCellLibrary

Attributes:
    d - dont_touch
    u - dont_use
   mo - map_only
   so - size_only
    i - ideal_net or ideal_network
  inf - infeasible path

  Point                        Fanout     Trans      Incr       Path      Attributes
  ------------------------------------------------------------------------------------------
  input external delay                               0.00       0.00 f
  c[4] (in)                                0.00      0.00       0.00 f
  c[4] (net)                     6                   0.00       0.00 f
  U80/ZN (OAI211_X1)                       0.04      0.07       0.07 r
  n59 (net)                      3                   0.00       0.07 r
  U81/ZN (NAND2_X1)                        0.01      0.04       0.11 f
  n49 (net)                      1                   0.00       0.11 f
  U34/ZN (XNOR2_X1)                        0.01      0.05       0.16 f
  s3[5] (net)                    1                   0.00       0.16 f
  s3[5] (out)                              0.01      0.00       0.16 f
  data arrival time                                             0.16

  max_delay                                          0.10       0.10
  output external delay                              0.00       0.10
  data required time                                            0.10
  ------------------------------------------------------------------------------------------
  data required time                                            0.10
  data arrival time                                            -0.16
  ------------------------------------------------------------------------------------------
  slack (VIOLATED)                                             -0.06


  Startpoint: c[1] (input port)
  Endpoint: s3[4] (output port)
  Path Group: default
  Path Type: max

  Des/Clust/Port     Wire Load Model       Library
  ------------------------------------------------
  mul_const_ref      5K_hvratio_1_1        NangateOpenCellLibrary

Attributes:
    d - dont_touch
    u - dont_use
   mo - map_only
   so - size_only
    i - ideal_net or ideal_network
  inf - infeasible path

  Point                        Fanout     Trans      Incr       Path      Attributes
  ------------------------------------------------------------------------------------------
  input external delay                               0.00       0.00 r
  c[1] (in)                                0.00      0.00       0.00 r
  c[1] (net)                     5                   0.00       0.00 r
  U13/Z (BUF_X1)                           0.01      0.03       0.03 r
  s3[1] (net)                    2                   0.00       0.03 r
  U76/Z (XOR2_X1)                          0.03      0.07       0.10 r
  n48 (net)                      1                   0.00       0.10 r
  U43/ZN (XNOR2_X1)                        0.01      0.05       0.16 r
  s3[4] (net)                    1                   0.00       0.16 r
  s3[4] (out)                              0.01      0.00       0.16 r
  data arrival time                                             0.16

  max_delay                                          0.10       0.10
  output external delay                              0.00       0.10
  data required time                                            0.10
  ------------------------------------------------------------------------------------------
  data required time                                            0.10
  data arrival time                                            -0.16
  ------------------------------------------------------------------------------------------
  slack (VIOLATED)                                             -0.06


  Startpoint: b[2] (input port)
  Endpoint: s2[3] (output port)
  Path Group: default
  Path Type: max

  Des/Clust/Port     Wire Load Model       Library
  ------------------------------------------------
  mul_const_ref      5K_hvratio_1_1        NangateOpenCellLibrary

Attributes:
    d - dont_touch
    u - dont_use
   mo - map_only
   so - size_only
    i - ideal_net or ideal_network
  inf - infeasible path

  Point                        Fanout     Trans      Incr       Path      Attributes
  ------------------------------------------------------------------------------------------
  input external delay                               0.00       0.00 r
  b[2] (in)                                0.00      0.00       0.00 r
  b[2] (net)                     5                   0.00       0.00 r
  U28/ZN (AND2_X2)                         0.01      0.05       0.05 r
  n45 (net)                      3                   0.00       0.05 r
  U12/Z (BUF_X1)                           0.01      0.04       0.08 r
  n10 (net)                      1                   0.00       0.08 r
  U24/ZN (XNOR2_X1)                        0.01      0.05       0.13 r
  s2[3] (net)                    1                   0.00       0.13 r
  s2[3] (out)                              0.01      0.00       0.13 r
  data arrival time                                             0.13

  max_delay                                          0.10       0.10
  output external delay                              0.00       0.10
  data required time                                            0.10
  ------------------------------------------------------------------------------------------
  data required time                                            0.10
  data arrival time                                            -0.13
  ------------------------------------------------------------------------------------------
  slack (VIOLATED)                                             -0.03


  Startpoint: b[2] (input port)
  Endpoint: s2[2] (output port)
  Path Group: default
  Path Type: max

  Des/Clust/Port     Wire Load Model       Library
  ------------------------------------------------
  mul_const_ref      5K_hvratio_1_1        NangateOpenCellLibrary

Attributes:
    d - dont_touch
    u - dont_use
   mo - map_only
   so - size_only
    i - ideal_net or ideal_network
  inf - infeasible path

  Point                        Fanout     Trans      Incr       Path      Attributes
  ------------------------------------------------------------------------------------------
  input external delay                               0.00       0.00 f
  b[2] (in)                                0.00      0.00       0.00 f
  b[2] (net)                     5                   0.00       0.00 f
  U59/Z (BUF_X2)                           0.01      0.04       0.04 f
  n39 (net)                      4                   0.00       0.04 f
  U124/Z (XOR2_X1)                         0.01      0.07       0.11 f
  s2[2] (net)                    1                   0.00       0.11 f
  s2[2] (out)                              0.01      0.00       0.11 f
  data arrival time                                             0.11

  max_delay                                          0.10       0.10
  output external delay                              0.00       0.10
  data required time                                            0.10
  ------------------------------------------------------------------------------------------
  data required time                                            0.10
  data arrival time                                            -0.11
  ------------------------------------------------------------------------------------------
  slack (VIOLATED)                                             -0.01


1
