 
****************************************
Report : area
Design : divider_32bit_ref
Version: T-2022.03-SP2
Date   : Tue May 13 00:04:43 2025
****************************************

Library(s) Used:

    NangateOpenCellLibrary (File: /temp2tb/luyao/lib/NangateOpenCellLibrary_PDKv1_3_v2010_12/db/typical.db)

Number of ports:                          112
Number of nets:                         16403
Number of cells:                        16434
Number of combinational cells:          16274
Number of sequential cells:                 0
Number of macros/black boxes:               0
Number of buf/inv:                       4644
Number of references:                      48

Combinational area:              16053.631910
Buf/Inv area:                     2855.510000
Noncombinational area:               0.000000
Macro/Black Box area:                0.000000
Net Interconnect area:      undefined  (Wire load has zero net area)

Total cell area:                 16053.631910
Total area:                 undefined

Hierarchical area distribution
------------------------------

                                  Global cell area            Local cell area
                                  -------------------  ----------------------------- 
Hierarchical cell                 Absolute    Percent  Combi-      Noncombi-  Black-
                                  Total       Total    national    national   boxes   Design
--------------------------------  ----------  -------  ----------  ---------  ------  ---------
divider_32bit_ref                 16053.6319    100.0  16053.6319     0.0000  0.0000  divider_32bit_ref
--------------------------------  ----------  -------  ----------  ---------  ------  ---------
Total                                                  16053.6319     0.0000  0.0000

1
