Loading db file '/temp2tb/luyao/lib/NangateOpenCellLibrary_PDKv1_3_v2010_12/db/typical.db'
Information: Propagating switching activity (low effort zero delay simulation). (PWR-6)
Warning: Design has unannotated primary inputs. (PWR-414)
Warning: Design has unannotated sequential cell outputs. (PWR-415)
 
****************************************
Report : power
        -analysis_effort low
Design : gray_ref
Version: T-2022.03-SP2
Date   : Mon May 12 03:07:53 2025
****************************************


Library(s) Used:

    NangateOpenCellLibrary (File: /temp2tb/luyao/lib/NangateOpenCellLibrary_PDKv1_3_v2010_12/db/typical.db)


Operating Conditions: typical   Library: NangateOpenCellLibrary
Wire Load Model Mode: top

Design        Wire Load Model            Library
------------------------------------------------
gray_ref               5K_hvratio_1_1    NangateOpenCellLibrary


Global Operating Voltage = 1.1  
Power-specific unit information :
    Voltage Units = 1V
    Capacitance Units = 1.000000ff
    Time Units = 1ns
    Dynamic Power Units = 1uW    (derived from V,C,T units)
    Leakage Power Units = 1nW


Attributes
----------
i - Including register clock pin internal power


  Cell Internal Power  = 628.0040 uW   (60%)
  Net Switching Power  = 413.3085 uW   (40%)
                         ---------
Total Dynamic Power    =   1.0413 mW  (100%)

Cell Leakage Power     =   2.1997 uW


                 Internal         Switching           Leakage            Total
Power Group      Power            Power               Power              Power   (   %    )  Attrs
--------------------------------------------------------------------------------------------------
io_pad             0.0000            0.0000            0.0000            0.0000  (   0.00%)
memory             0.0000            0.0000            0.0000            0.0000  (   0.00%)
black_box          0.0000            0.0000            0.0000            0.0000  (   0.00%)
clock_network    260.5758            0.0000            0.0000            0.0000  (   0.00%)  i
register         108.6234          136.8800          335.3254          506.4146  (  48.53%)
sequential         0.0000            0.0000            0.0000            0.0000  (   0.00%)
combinational    258.8047          276.4285        1.8643e+03          537.0977  (  51.47%)
--------------------------------------------------------------------------------------------------
Total            628.0040 uW       413.3085 uW     2.1997e+03 nW     1.0435e+03 uW
1
