Information: Updating design information... (UID-85)
 
****************************************
Report : qor
Design : gray_ref
Version: T-2022.03-SP2
Date   : Mon May 12 03:07:53 2025
****************************************


  Timing Path Group 'clk'
  -----------------------------------
  Levels of Logic:               4.00
  Critical Path Length:          0.30
  Critical Path Slack:          -0.23
  Critical Path Clk Period:      0.10
  Total Negative Slack:         -0.92
  No. of Violating Paths:        4.00
  Worst Hold Violation:          0.00
  Total Hold Violation:          0.00
  No. of Hold Violations:        0.00
  -----------------------------------

  Timing Path Group 'default'
  -----------------------------------
  Levels of Logic:               3.00
  Critical Path Length:          0.28
  Critical Path Slack:          -0.18
  Critical Path Clk Period:       n/a
  Total Negative Slack:         -1.42
  No. of Violating Paths:        8.00
  Worst Hold Violation:          0.00
  Total Hold Violation:          0.00
  No. of Hold Violations:        0.00
  -----------------------------------


  Cell Count
  -----------------------------------
  Hierarchical Cell Count:          0
  Hierarchical Port Count:          0
  Leaf Cell Count:                 81
  Buf/Inv Cell Count:              31
  Buf Cell Count:                  13
  Inv Cell Count:                  18
  CT Buf/Inv Cell Count:            0
  Combinational Cell Count:        77
  Sequential Cell Count:            4
  Macro Count:                      0
  -----------------------------------


  Area
  -----------------------------------
  Combinational Area:       73.416000
  Noncombinational Area:    21.280001
  Buf/Inv Area:             19.950000
  Total Buffer Area:            10.37
  Total Inverter Area:           9.58
  Macro/Black Box Area:      0.000000
  Net Area:                  0.000000
  -----------------------------------
  Cell Area:                94.696000
  Design Area:              94.696000


  Design Rules
  -----------------------------------
  Total Number of Nets:            91
  Nets With Violations:             0
  Max Trans Violations:             0
  Max Cap Violations:               0
  -----------------------------------


  Hostname: acf3030

  Compile CPU Statistics
  -----------------------------------------
  Resource Sharing:                    0.02
  Logic Optimization:                  0.65
  Mapping Optimization:                0.88
  -----------------------------------------
  Overall Compile Time:                1.97
  Overall Compile Wall Clock Time:     2.21

  --------------------------------------------------------------------

  Design  WNS: 0.23  TNS: 2.34  Number of Violating Paths: 12


  Design (Hold)  WNS: 0.00  TNS: 0.00  Number of Violating Paths: 0

  --------------------------------------------------------------------


1
