 
****************************************
Report : area
Design : comparator_8bit_ref
Version: T-2022.03-SP2
Date   : Mon May 12 02:39:33 2025
****************************************

Library(s) Used:

    NangateOpenCellLibrary (File: /temp2tb/luyao/lib/NangateOpenCellLibrary_PDKv1_3_v2010_12/db/typical.db)

Number of ports:                           19
Number of nets:                            97
Number of cells:                           81
Number of combinational cells:             81
Number of sequential cells:                 0
Number of macros/black boxes:               0
Number of buf/inv:                         31
Number of references:                      14

Combinational area:                 67.298000
Buf/Inv area:                       16.758000
Noncombinational area:               0.000000
Macro/Black Box area:                0.000000
Net Interconnect area:      undefined  (Wire load has zero net area)

Total cell area:                    67.298000
Total area:                 undefined

Hierarchical area distribution
------------------------------

                                  Global cell area          Local cell area
                                  ------------------  --------------------------- 
Hierarchical cell                 Absolute   Percent  Combi-    Noncombi-  Black-
                                  Total      Total    national  national   boxes   Design
--------------------------------  ---------  -------  --------  ---------  ------  ---------
comparator_8bit_ref                 67.2980    100.0   67.2980     0.0000  0.0000  comparator_8bit_ref
--------------------------------  ---------  -------  --------  ---------  ------  ---------
Total                                                  67.2980     0.0000  0.0000

1
