 
****************************************
Report : timing
        -path full
        -delay max
        -nets
        -max_paths 10
        -transition_time
Design : comparator_8bit_ref
Version: T-2022.03-SP2
Date   : Mon May 12 02:39:33 2025
****************************************

Operating Conditions: typical   Library: NangateOpenCellLibrary
Wire Load Model Mode: top

  Startpoint: A[1] (input port)
  Endpoint: eq (output port)
  Path Group: default
  Path Type: max

  Des/Clust/Port     Wire Load Model       Library
  ------------------------------------------------
  comparator_8bit_ref 5K_hvratio_1_1       NangateOpenCellLibrary

Attributes:
    d - dont_touch
    u - dont_use
   mo - map_only
   so - size_only
    i - ideal_net or ideal_network
  inf - infeasible path

  Point                        Fanout     Trans      Incr       Path      Attributes
  ------------------------------------------------------------------------------------------
  input external delay                               0.00       0.00 r
  A[1] (in)                                0.00      0.00       0.00 r
  A[1] (net)                     3                   0.00       0.00 r
  U10/ZN (INV_X1)                          0.00      0.02       0.02 f
  n9 (net)                       1                   0.00       0.02 f
  U45/ZN (OAI211_X1)                       0.02      0.04       0.06 r
  n22 (net)                      1                   0.00       0.06 r
  U44/ZN (NAND2_X1)                        0.01      0.03       0.09 f
  n25 (net)                      1                   0.00       0.09 f
  U26/ZN (NAND2_X1)                        0.01      0.03       0.12 r
  n29 (net)                      2                   0.00       0.12 r
  U5/ZN (NAND3_X1)                         0.01      0.03       0.15 f
  n38 (net)                      1                   0.00       0.15 f
  U13/ZN (AND3_X1)                         0.01      0.04       0.19 f
  n12 (net)                      1                   0.00       0.19 f
  U80/ZN (NOR2_X1)                         0.01      0.03       0.22 r
  eq (net)                       1                   0.00       0.22 r
  eq (out)                                 0.01      0.00       0.22 r
  data arrival time                                             0.22

  max_delay                                          0.10       0.10
  output external delay                              0.00       0.10
  data required time                                            0.10
  ------------------------------------------------------------------------------------------
  data required time                                            0.10
  data arrival time                                            -0.22
  ------------------------------------------------------------------------------------------
  slack (VIOLATED)                                             -0.12


  Startpoint: B[4] (input port)
  Endpoint: gt (output port)
  Path Group: default
  Path Type: max

  Des/Clust/Port     Wire Load Model       Library
  ------------------------------------------------
  comparator_8bit_ref 5K_hvratio_1_1       NangateOpenCellLibrary

Attributes:
    d - dont_touch
    u - dont_use
   mo - map_only
   so - size_only
    i - ideal_net or ideal_network
  inf - infeasible path

  Point                        Fanout     Trans      Incr       Path      Attributes
  ------------------------------------------------------------------------------------------
  input external delay                               0.00       0.00 r
  B[4] (in)                                0.00      0.00       0.00 r
  B[4] (net)                     3                   0.00       0.00 r
  U55/ZN (INV_X1)                          0.00      0.02       0.02 f
  n62 (net)                      1                   0.00       0.02 f
  U73/ZN (AOI22_X1)                        0.02      0.05       0.07 r
  n47 (net)                      1                   0.00       0.07 r
  U4/ZN (AND3_X1)                          0.02      0.06       0.13 r
  n4 (net)                       2                   0.00       0.13 r
  U46/ZN (NAND2_X1)                        0.01      0.03       0.16 f
  n76 (net)                      1                   0.00       0.16 f
  U18/ZN (NOR2_X1)                         0.02      0.04       0.19 r
  n79 (net)                      1                   0.00       0.19 r
  U47/ZN (NOR2_X1)                         0.01      0.02       0.21 f
  gt (net)                       1                   0.00       0.21 f
  gt (out)                                 0.01      0.00       0.21 f
  data arrival time                                             0.21

  max_delay                                          0.10       0.10
  output external delay                              0.00       0.10
  data required time                                            0.10
  ------------------------------------------------------------------------------------------
  data required time                                            0.10
  data arrival time                                            -0.21
  ------------------------------------------------------------------------------------------
  slack (VIOLATED)                                             -0.11


  Startpoint: A[0] (input port)
  Endpoint: lt (output port)
  Path Group: default
  Path Type: max

  Des/Clust/Port     Wire Load Model       Library
  ------------------------------------------------
  comparator_8bit_ref 5K_hvratio_1_1       NangateOpenCellLibrary

Attributes:
    d - dont_touch
    u - dont_use
   mo - map_only
   so - size_only
    i - ideal_net or ideal_network
  inf - infeasible path

  Point                        Fanout     Trans      Incr       Path      Attributes
  ------------------------------------------------------------------------------------------
  input external delay                               0.00       0.00 f
  A[0] (in)                                0.00      0.00       0.00 f
  A[0] (net)                     4                   0.00       0.00 f
  U7/ZN (INV_X1)                           0.01      0.03       0.03 r
  n6 (net)                       1                   0.00       0.03 r
  U45/ZN (OAI211_X1)                       0.01      0.04       0.06 f
  n22 (net)                      1                   0.00       0.06 f
  U44/ZN (NAND2_X1)                        0.01      0.03       0.09 r
  n25 (net)                      1                   0.00       0.09 r
  U26/ZN (NAND2_X1)                        0.01      0.03       0.12 f
  n29 (net)                      2                   0.00       0.12 f
  U8/ZN (NAND3_X1)                         0.01      0.03       0.15 r
  n7 (net)                       1                   0.00       0.15 r
  U61/ZN (NAND3_X1)                        0.01      0.03       0.18 f
  n42 (net)                      1                   0.00       0.18 f
  U68/ZN (NAND2_X1)                        0.01      0.02       0.21 r
  lt (net)                       1                   0.00       0.21 r
  lt (out)                                 0.01      0.00       0.21 r
  data arrival time                                             0.21

  max_delay                                          0.10       0.10
  output external delay                              0.00       0.10
  data required time                                            0.10
  ------------------------------------------------------------------------------------------
  data required time                                            0.10
  data arrival time                                            -0.21
  ------------------------------------------------------------------------------------------
  slack (VIOLATED)                                             -0.11


1
