 
****************************************
Report : area
Design : mac
Version: T-2022.03-SP2
Date   : Mon May 12 01:45:13 2025
****************************************

Library(s) Used:

    NangateOpenCellLibrary (File: /temp2tb/luyao/lib/NangateOpenCellLibrary_PDKv1_3_v2010_12/db/typical.db)

Number of ports:                           34
Number of nets:                           619
Number of cells:                          563
Number of combinational cells:            495
Number of sequential cells:                64
Number of macros/black boxes:               0
Number of buf/inv:                         88
Number of references:                      22

Combinational area:                589.721996
Buf/Inv area:                       53.200000
Noncombinational area:             291.003990
Macro/Black Box area:                0.000000
Net Interconnect area:      undefined  (Wire load has zero net area)

Total cell area:                   880.725986
Total area:                 undefined

Hierarchical area distribution
------------------------------

                                  Global cell area          Local cell area
                                  ------------------  --------------------------- 
Hierarchical cell                 Absolute   Percent  Combi-    Noncombi-  Black-
                                  Total      Total    national  national   boxes   Design
--------------------------------  ---------  -------  --------  ---------  ------  ---------
mac                                880.7260    100.0  589.7220   291.0040  0.0000  mac
--------------------------------  ---------  -------  --------  ---------  ------  ---------
Total                                                 589.7220   291.0040  0.0000

1
