Information: Updating design information... (UID-85)
 
****************************************
Report : qor
Design : alu_8bit
Version: T-2022.03-SP2
Date   : Mon May 12 01:43:21 2025
****************************************


  Timing Path Group 'default'
  -----------------------------------
  Levels of Logic:               9.00
  Critical Path Length:          0.36
  Critical Path Slack:          -0.26
  Critical Path Clk Period:       n/a
  Total Negative Slack:         -1.91
  No. of Violating Paths:        8.00
  Worst Hold Violation:          0.00
  Total Hold Violation:          0.00
  No. of Hold Violations:        0.00
  -----------------------------------


  Cell Count
  -----------------------------------
  Hierarchical Cell Count:          0
  Hierarchical Port Count:          0
  Leaf Cell Count:                399
  Buf/Inv Cell Count:             101
  Buf Cell Count:                  12
  Inv Cell Count:                  89
  CT Buf/Inv Cell Count:            0
  Combinational Cell Count:       399
  Sequential Cell Count:            0
  Macro Count:                      0
  -----------------------------------


  Area
  -----------------------------------
  Combinational Area:      370.005997
  Noncombinational Area:     0.000000
  Buf/Inv Area:             57.456000
  Total Buffer Area:             9.58
  Total Inverter Area:          47.88
  Macro/Black Box Area:      0.000000
  Net Area:                  0.000000
  -----------------------------------
  Cell Area:               370.005997
  Design Area:             370.005997


  Design Rules
  -----------------------------------
  Total Number of Nets:           418
  Nets With Violations:             0
  Max Trans Violations:             0
  Max Cap Violations:               0
  -----------------------------------


  Hostname: acf3030

  Compile CPU Statistics
  -----------------------------------------
  Resource Sharing:                    0.08
  Logic Optimization:                  0.75
  Mapping Optimization:                0.88
  -----------------------------------------
  Overall Compile Time:                2.11
  Overall Compile Wall Clock Time:     2.37

  --------------------------------------------------------------------

  Design  WNS: 0.26  TNS: 1.91  Number of Violating Paths: 8


  Design (Hold)  WNS: 0.00  TNS: 0.00  Number of Violating Paths: 0

  --------------------------------------------------------------------


1
