 
****************************************
Report : timing
        -path full
        -delay max
        -nets
        -max_paths 10
        -transition_time
Design : alu_64bit_ref
Version: T-2022.03-SP2
Date   : Mon May 12 02:39:07 2025
****************************************

Operating Conditions: typical   Library: NangateOpenCellLibrary
Wire Load Model Mode: top

  Startpoint: Oper[2] (input port)
  Endpoint: sum[38] (output port)
  Path Group: default
  Path Type: max

  Des/Clust/Port     Wire Load Model       Library
  ------------------------------------------------
  alu_64bit_ref      5K_hvratio_1_1        NangateOpenCellLibrary

Attributes:
    d - dont_touch
    u - dont_use
   mo - map_only
   so - size_only
    i - ideal_net or ideal_network
  inf - infeasible path

  Point                                       Fanout     Trans      Incr       Path      Attributes
  ---------------------------------------------------------------------------------------------------------
  input external delay                                              0.00       0.00 f
  Oper[2] (in)                                            0.00      0.00       0.00 f
  Oper[2] (net)                                10                   0.00       0.00 f
  U582/ZN (INV_X1)                                        0.01      0.03       0.03 r
  n397 (net)                                    2                   0.00       0.03 r
  U914/ZN (NAND3_X1)                                      0.02      0.04       0.07 f
  n653 (net)                                    2                   0.00       0.07 f
  U630/Z (BUF_X2)                                         0.01      0.05       0.13 f
  n420 (net)                                   11                   0.00       0.13 f
  U982/Z (MUX2_X1)                                        0.01      0.07       0.20 f
  n645 (net)                                    1                   0.00       0.20 f
  U983/ZN (OAI21_X1)                                      0.04      0.04       0.24 r
  op_b[6] (net)                                 3                   0.00       0.24 r
  add_1_root_add_9_2_U132/ZN (OR2_X1)                     0.01      0.05       0.29 r
  add_1_root_add_9_2_n84 (net)                  3                   0.00       0.29 r
  add_1_root_add_9_2_U206/ZN (AND2_X1)                    0.01      0.05       0.33 r
  add_1_root_add_9_2_n738 (net)                 2                   0.00       0.33 r
  add_1_root_add_9_2_U659/ZN (NAND2_X1)                   0.01      0.03       0.37 f
  add_1_root_add_9_2_n678 (net)                 2                   0.00       0.37 f
  add_1_root_add_9_2_U657/ZN (NOR2_X1)                    0.01      0.04       0.40 r
  add_1_root_add_9_2_n677 (net)                 1                   0.00       0.40 r
  add_1_root_add_9_2_U565/ZN (AND2_X1)                    0.01      0.05       0.45 r
  add_1_root_add_9_2_n326 (net)                 2                   0.00       0.45 r
  add_1_root_add_9_2_U788/ZN (NOR2_X1)                    0.01      0.03       0.48 f
  add_1_root_add_9_2_n666 (net)                 2                   0.00       0.48 f
  add_1_root_add_9_2_U214/ZN (NAND2_X1)                   0.02      0.04       0.52 r
  add_1_root_add_9_2_n447 (net)                 3                   0.00       0.52 r
  add_1_root_add_9_2_U165/ZN (INV_X1)                     0.01      0.03       0.54 f
  add_1_root_add_9_2_n112 (net)                 1                   0.00       0.54 f
  add_1_root_add_9_2_U523/ZN (OAI211_X1)                  0.02      0.04       0.58 r
  add_1_root_add_9_2_n496 (net)                 1                   0.00       0.58 r
  add_1_root_add_9_2_U752/ZN (INV_X1)                     0.01      0.03       0.61 f
  add_1_root_add_9_2_n491 (net)                 3                   0.00       0.61 f
  add_1_root_add_9_2_U571/ZN (OAI21_X1)                   0.02      0.04       0.65 r
  add_1_root_add_9_2_n486 (net)                 1                   0.00       0.65 r
  add_1_root_add_9_2_U570/ZN (NAND2_X1)                   0.01      0.03       0.68 f
  add_1_root_add_9_2_n490 (net)                 1                   0.00       0.68 f
  add_1_root_add_9_2_U258/ZN (NAND2_X1)                   0.01      0.03       0.71 r
  add_1_root_add_9_2_n488 (net)                 1                   0.00       0.71 r
  add_1_root_add_9_2_U605/ZN (XNOR2_X1)                   0.01      0.03       0.74 f
  adder_result[38] (net)                        1                   0.00       0.74 f
  U1262/ZN (AOI221_X1)                                    0.04      0.08       0.82 r
  n896 (net)                                    1                   0.00       0.82 r
  U1263/ZN (INV_X1)                                       0.01      0.02       0.84 f
  sum[38] (net)                                 1                   0.00       0.84 f
  sum[38] (out)                                           0.01      0.00       0.84 f
  data arrival time                                                            0.84

  max_delay                                                         0.10       0.10
  output external delay                                             0.00       0.10
  data required time                                                           0.10
  ---------------------------------------------------------------------------------------------------------
  data required time                                                           0.10
  data arrival time                                                           -0.84
  ---------------------------------------------------------------------------------------------------------
  slack (VIOLATED)                                                            -0.74


  Startpoint: Oper[2] (input port)
  Endpoint: sum[39] (output port)
  Path Group: default
  Path Type: max

  Des/Clust/Port     Wire Load Model       Library
  ------------------------------------------------
  alu_64bit_ref      5K_hvratio_1_1        NangateOpenCellLibrary

Attributes:
    d - dont_touch
    u - dont_use
   mo - map_only
   so - size_only
    i - ideal_net or ideal_network
  inf - infeasible path

  Point                                       Fanout     Trans      Incr       Path      Attributes
  ---------------------------------------------------------------------------------------------------------
  input external delay                                              0.00       0.00 f
  Oper[2] (in)                                            0.00      0.00       0.00 f
  Oper[2] (net)                                10                   0.00       0.00 f
  U582/ZN (INV_X1)                                        0.01      0.03       0.03 r
  n397 (net)                                    2                   0.00       0.03 r
  U914/ZN (NAND3_X1)                                      0.02      0.04       0.07 f
  n653 (net)                                    2                   0.00       0.07 f
  U630/Z (BUF_X2)                                         0.01      0.05       0.13 f
  n420 (net)                                   11                   0.00       0.13 f
  U982/Z (MUX2_X1)                                        0.01      0.07       0.20 f
  n645 (net)                                    1                   0.00       0.20 f
  U983/ZN (OAI21_X1)                                      0.04      0.04       0.24 r
  op_b[6] (net)                                 3                   0.00       0.24 r
  add_1_root_add_9_2_U132/ZN (OR2_X1)                     0.01      0.05       0.29 r
  add_1_root_add_9_2_n84 (net)                  3                   0.00       0.29 r
  add_1_root_add_9_2_U206/ZN (AND2_X1)                    0.01      0.05       0.33 r
  add_1_root_add_9_2_n738 (net)                 2                   0.00       0.33 r
  add_1_root_add_9_2_U659/ZN (NAND2_X1)                   0.01      0.03       0.37 f
  add_1_root_add_9_2_n678 (net)                 2                   0.00       0.37 f
  add_1_root_add_9_2_U657/ZN (NOR2_X1)                    0.01      0.04       0.40 r
  add_1_root_add_9_2_n677 (net)                 1                   0.00       0.40 r
  add_1_root_add_9_2_U565/ZN (AND2_X1)                    0.01      0.05       0.45 r
  add_1_root_add_9_2_n326 (net)                 2                   0.00       0.45 r
  add_1_root_add_9_2_U788/ZN (NOR2_X1)                    0.01      0.03       0.48 f
  add_1_root_add_9_2_n666 (net)                 2                   0.00       0.48 f
  add_1_root_add_9_2_U214/ZN (NAND2_X1)                   0.02      0.04       0.52 r
  add_1_root_add_9_2_n447 (net)                 3                   0.00       0.52 r
  add_1_root_add_9_2_U165/ZN (INV_X1)                     0.01      0.03       0.54 f
  add_1_root_add_9_2_n112 (net)                 1                   0.00       0.54 f
  add_1_root_add_9_2_U523/ZN (OAI211_X1)                  0.02      0.04       0.58 r
  add_1_root_add_9_2_n496 (net)                 1                   0.00       0.58 r
  add_1_root_add_9_2_U752/ZN (INV_X1)                     0.01      0.03       0.61 f
  add_1_root_add_9_2_n491 (net)                 3                   0.00       0.61 f
  add_1_root_add_9_2_U751/ZN (OAI21_X1)                   0.02      0.04       0.65 r
  add_1_root_add_9_2_n493 (net)                 1                   0.00       0.65 r
  add_1_root_add_9_2_U188/ZN (NAND2_X1)                   0.01      0.03       0.68 f
  add_1_root_add_9_2_n485 (net)                 1                   0.00       0.68 f
  add_1_root_add_9_2_U192/ZN (NAND2_X1)                   0.01      0.03       0.71 r
  add_1_root_add_9_2_n482 (net)                 1                   0.00       0.71 r
  add_1_root_add_9_2_U598/ZN (XNOR2_X1)                   0.01      0.03       0.74 f
  adder_result[39] (net)                        1                   0.00       0.74 f
  U1269/ZN (AOI221_X1)                                    0.04      0.08       0.82 r
  n902 (net)                                    1                   0.00       0.82 r
  U1270/ZN (INV_X1)                                       0.01      0.02       0.84 f
  sum[39] (net)                                 1                   0.00       0.84 f
  sum[39] (out)                                           0.01      0.00       0.84 f
  data arrival time                                                            0.84

  max_delay                                                         0.10       0.10
  output external delay                                             0.00       0.10
  data required time                                                           0.10
  ---------------------------------------------------------------------------------------------------------
  data required time                                                           0.10
  data arrival time                                                           -0.84
  ---------------------------------------------------------------------------------------------------------
  slack (VIOLATED)                                                            -0.74


  Startpoint: Oper[1] (input port)
  Endpoint: sum[54] (output port)
  Path Group: default
  Path Type: max

  Des/Clust/Port     Wire Load Model       Library
  ------------------------------------------------
  alu_64bit_ref      5K_hvratio_1_1        NangateOpenCellLibrary

Attributes:
    d - dont_touch
    u - dont_use
   mo - map_only
   so - size_only
    i - ideal_net or ideal_network
  inf - infeasible path

  Point                                       Fanout     Trans      Incr       Path      Attributes
  ---------------------------------------------------------------------------------------------------------
  input external delay                                              0.00       0.00 f
  Oper[1] (in)                                            0.00      0.00       0.00 f
  Oper[1] (net)                                 4                   0.00       0.00 f
  U585/Z (BUF_X2)                                         0.01      0.04       0.04 f
  n394 (net)                                    7                   0.00       0.04 f
  U578/ZN (AND3_X2)                                       0.01      0.06       0.10 f
  n357 (net)                                    4                   0.00       0.10 f
  U671/ZN (INV_X1)                                        0.04      0.07       0.17 r
  n413 (net)                                    8                   0.00       0.17 r
  U747/ZN (OAI22_X1)                                      0.02      0.06       0.23 f
  op_a[41] (net)                                3                   0.00       0.23 f
  add_1_root_add_9_2_U419/ZN (OR2_X1)                     0.01      0.07       0.30 f
  add_1_root_add_9_2_n432 (net)                 3                   0.00       0.30 f
  add_1_root_add_9_2_U97/ZN (NAND2_X1)                    0.01      0.03       0.33 r
  add_1_root_add_9_2_n60 (net)                  1                   0.00       0.33 r
  add_1_root_add_9_2_U96/ZN (AND2_X1)                     0.01      0.04       0.37 r
  add_1_root_add_9_2_n419 (net)                 1                   0.00       0.37 r
  add_1_root_add_9_2_U521/ZN (OAI21_X1)                   0.01      0.03       0.39 f
  add_1_root_add_9_2_n380 (net)                 2                   0.00       0.39 f
  add_1_root_add_9_2_U101/ZN (AND2_X1)                    0.01      0.04       0.43 f
  add_1_root_add_9_2_n106 (net)                 2                   0.00       0.43 f
  add_1_root_add_9_2_U628/ZN (NAND2_X1)                   0.01      0.03       0.46 r
  add_1_root_add_9_2_n301 (net)                 1                   0.00       0.46 r
  add_1_root_add_9_2_U105/ZN (OAI211_X1)                  0.02      0.04       0.50 f
  add_1_root_add_9_2_n289 (net)                 1                   0.00       0.50 f
  add_1_root_add_9_2_U678/ZN (NOR2_X1)                    0.03      0.05       0.55 r
  add_1_root_add_9_2_n288 (net)                 2                   0.00       0.55 r
  add_1_root_add_9_2_U232/ZN (NAND2_X1)                   0.01      0.04       0.59 f
  add_1_root_add_9_2_n217 (net)                 3                   0.00       0.59 f
  add_1_root_add_9_2_U506/ZN (NAND2_X1)                   0.01      0.03       0.62 r
  add_1_root_add_9_2_n285 (net)                 1                   0.00       0.62 r
  add_1_root_add_9_2_U208/ZN (AND2_X1)                    0.01      0.04       0.66 r
  add_1_root_add_9_2_n143 (net)                 1                   0.00       0.66 r
  add_1_root_add_9_2_U712/ZN (OAI21_X1)                   0.01      0.03       0.69 f
  add_1_root_add_9_2_n281 (net)                 1                   0.00       0.69 f
  add_1_root_add_9_2_U711/ZN (XNOR2_X1)                   0.01      0.05       0.74 f
  adder_result[54] (net)                        1                   0.00       0.74 f
  U1372/ZN (AOI221_X1)                                    0.04      0.08       0.82 r
  n992 (net)                                    1                   0.00       0.82 r
  U1373/ZN (INV_X1)                                       0.01      0.02       0.84 f
  sum[54] (net)                                 1                   0.00       0.84 f
  sum[54] (out)                                           0.01      0.00       0.84 f
  data arrival time                                                            0.84

  max_delay                                                         0.10       0.10
  output external delay                                             0.00       0.10
  data required time                                                           0.10
  ---------------------------------------------------------------------------------------------------------
  data required time                                                           0.10
  data arrival time                                                           -0.84
  ---------------------------------------------------------------------------------------------------------
  slack (VIOLATED)                                                            -0.74


  Startpoint: Oper[1] (input port)
  Endpoint: sum[30] (output port)
  Path Group: default
  Path Type: max

  Des/Clust/Port     Wire Load Model       Library
  ------------------------------------------------
  alu_64bit_ref      5K_hvratio_1_1        NangateOpenCellLibrary

Attributes:
    d - dont_touch
    u - dont_use
   mo - map_only
   so - size_only
    i - ideal_net or ideal_network
  inf - infeasible path

  Point                                       Fanout     Trans      Incr       Path      Attributes
  ---------------------------------------------------------------------------------------------------------
  input external delay                                              0.00       0.00 f
  Oper[1] (in)                                            0.00      0.00       0.00 f
  Oper[1] (net)                                 4                   0.00       0.00 f
  U585/Z (BUF_X2)                                         0.01      0.04       0.04 f
  n394 (net)                                    7                   0.00       0.04 f
  U533/ZN (AND3_X2)                                       0.01      0.06       0.11 f
  n374 (net)                                    6                   0.00       0.11 f
  U570/ZN (INV_X1)                                        0.03      0.06       0.16 r
  n354 (net)                                    6                   0.00       0.16 r
  U990/ZN (OAI21_X1)                                      0.02      0.04       0.21 f
  op_b[2] (net)                                 3                   0.00       0.21 f
  add_1_root_add_9_2_U92/Z (CLKBUF_X1)                    0.01      0.05       0.25 f
  add_1_root_add_9_2_n139 (net)                 2                   0.00       0.25 f
  add_1_root_add_9_2_U643/ZN (OAI211_X1)                  0.03      0.05       0.31 r
  add_1_root_add_9_2_n690 (net)                 2                   0.00       0.31 r
  add_1_root_add_9_2_U249/ZN (NAND4_X1)                   0.02      0.05       0.36 f
  add_1_root_add_9_2_n686 (net)                 2                   0.00       0.36 f
  add_1_root_add_9_2_U139/ZN (AND3_X1)                    0.01      0.05       0.41 f
  add_1_root_add_9_2_n330 (net)                 1                   0.00       0.41 f
  add_1_root_add_9_2_U644/ZN (NOR2_X1)                    0.03      0.05       0.46 r
  add_1_root_add_9_2_n665 (net)                 2                   0.00       0.46 r
  add_1_root_add_9_2_U211/ZN (NAND2_X1)                   0.02      0.05       0.51 f
  add_1_root_add_9_2_n147 (net)                 4                   0.00       0.51 f
  add_1_root_add_9_2_U681/ZN (NAND2_X1)                   0.02      0.04       0.55 r
  add_1_root_add_9_2_n578 (net)                 3                   0.00       0.55 r
  add_1_root_add_9_2_U766/ZN (NAND3_X1)                   0.01      0.04       0.59 f
  add_1_root_add_9_2_n575 (net)                 1                   0.00       0.59 f
  add_1_root_add_9_2_U552/ZN (NAND2_X1)                   0.01      0.03       0.62 r
  add_1_root_add_9_2_n573 (net)                 2                   0.00       0.62 r
  add_1_root_add_9_2_U182/ZN (AND2_X1)                    0.01      0.04       0.66 r
  add_1_root_add_9_2_n125 (net)                 1                   0.00       0.66 r
  add_1_root_add_9_2_U555/ZN (OAI21_X1)                   0.01      0.03       0.69 f
  add_1_root_add_9_2_n563 (net)                 1                   0.00       0.69 f
  add_1_root_add_9_2_U764/ZN (XNOR2_X1)                   0.01      0.05       0.74 f
  adder_result[30] (net)                        1                   0.00       0.74 f
  U1211/ZN (AOI221_X1)                                    0.04      0.08       0.82 r
  n846 (net)                                    1                   0.00       0.82 r
  U1212/ZN (INV_X1)                                       0.01      0.02       0.84 f
  sum[30] (net)                                 1                   0.00       0.84 f
  sum[30] (out)                                           0.01      0.00       0.84 f
  data arrival time                                                            0.84

  max_delay                                                         0.10       0.10
  output external delay                                             0.00       0.10
  data required time                                                           0.10
  ---------------------------------------------------------------------------------------------------------
  data required time                                                           0.10
  data arrival time                                                           -0.84
  ---------------------------------------------------------------------------------------------------------
  slack (VIOLATED)                                                            -0.74


  Startpoint: Oper[1] (input port)
  Endpoint: sum[43] (output port)
  Path Group: default
  Path Type: max

  Des/Clust/Port     Wire Load Model       Library
  ------------------------------------------------
  alu_64bit_ref      5K_hvratio_1_1        NangateOpenCellLibrary

Attributes:
    d - dont_touch
    u - dont_use
   mo - map_only
   so - size_only
    i - ideal_net or ideal_network
  inf - infeasible path

  Point                                       Fanout     Trans      Incr       Path      Attributes
  ---------------------------------------------------------------------------------------------------------
  input external delay                                              0.00       0.00 f
  Oper[1] (in)                                            0.00      0.00       0.00 f
  Oper[1] (net)                                 4                   0.00       0.00 f
  U585/Z (BUF_X2)                                         0.01      0.04       0.04 f
  n394 (net)                                    7                   0.00       0.04 f
  U573/ZN (AND3_X1)                                       0.01      0.05       0.10 f
  n358 (net)                                    2                   0.00       0.10 f
  U607/ZN (INV_X1)                                        0.03      0.05       0.14 r
  n415 (net)                                    6                   0.00       0.14 r
  U631/ZN (OR2_X1)                                        0.01      0.04       0.19 r
  n400 (net)                                    1                   0.00       0.19 r
  U632/ZN (NAND2_X1)                                      0.01      0.03       0.21 f
  op_b[34] (net)                                3                   0.00       0.21 f
  add_1_root_add_9_2_U154/ZN (OR2_X1)                     0.01      0.06       0.28 f
  add_1_root_add_9_2_n102 (net)                 2                   0.00       0.28 f
  add_1_root_add_9_2_U153/ZN (AND2_X1)                    0.01      0.04       0.31 f
  add_1_root_add_9_2_n508 (net)                 1                   0.00       0.31 f
  add_1_root_add_9_2_U166/ZN (AND2_X1)                    0.01      0.04       0.35 f
  add_1_root_add_9_2_n113 (net)                 2                   0.00       0.35 f
  add_1_root_add_9_2_U295/ZN (NAND2_X1)                   0.01      0.03       0.38 r
  add_1_root_add_9_2_n495 (net)                 2                   0.00       0.38 r
  add_1_root_add_9_2_U90/ZN (INV_X1)                      0.01      0.03       0.41 f
  add_1_root_add_9_2_n58 (net)                  3                   0.00       0.41 f
  add_1_root_add_9_2_U629/ZN (NAND2_X1)                   0.01      0.03       0.44 r
  add_1_root_add_9_2_n448 (net)                 1                   0.00       0.44 r
  add_1_root_add_9_2_U294/ZN (OAI211_X1)                  0.01      0.03       0.47 f
  add_1_root_add_9_2_n450 (net)                 1                   0.00       0.47 f
  add_1_root_add_9_2_U536/ZN (AOI21_X1)                   0.03      0.07       0.54 r
  add_1_root_add_9_2_n444 (net)                 2                   0.00       0.54 r
  add_1_root_add_9_2_U229/ZN (NAND2_X1)                   0.01      0.04       0.58 f
  add_1_root_add_9_2_n410 (net)                 2                   0.00       0.58 f
  add_1_root_add_9_2_U612/ZN (NAND2_X1)                   0.01      0.03       0.61 r
  add_1_root_add_9_2_n437 (net)                 1                   0.00       0.61 r
  add_1_root_add_9_2_U544/ZN (NAND2_X1)                   0.01      0.03       0.63 f
  add_1_root_add_9_2_n433 (net)                 1                   0.00       0.63 f
  add_1_root_add_9_2_U735/ZN (NAND3_X1)                   0.01      0.03       0.66 r
  add_1_root_add_9_2_n431 (net)                 1                   0.00       0.66 r
  add_1_root_add_9_2_U164/ZN (NAND2_X1)                   0.01      0.03       0.69 f
  add_1_root_add_9_2_n426 (net)                 1                   0.00       0.69 f
  add_1_root_add_9_2_U574/ZN (XNOR2_X1)                   0.01      0.05       0.74 f
  adder_result[43] (net)                        1                   0.00       0.74 f
  U1297/ZN (AOI221_X1)                                    0.04      0.08       0.82 r
  n926 (net)                                    1                   0.00       0.82 r
  U1298/ZN (INV_X1)                                       0.01      0.02       0.84 f
  sum[43] (net)                                 1                   0.00       0.84 f
  sum[43] (out)                                           0.01      0.00       0.84 f
  data arrival time                                                            0.84

  max_delay                                                         0.10       0.10
  output external delay                                             0.00       0.10
  data required time                                                           0.10
  ---------------------------------------------------------------------------------------------------------
  data required time                                                           0.10
  data arrival time                                                           -0.84
  ---------------------------------------------------------------------------------------------------------
  slack (VIOLATED)                                                            -0.74


  Startpoint: Oper[1] (input port)
  Endpoint: sum[58] (output port)
  Path Group: default
  Path Type: max

  Des/Clust/Port     Wire Load Model       Library
  ------------------------------------------------
  alu_64bit_ref      5K_hvratio_1_1        NangateOpenCellLibrary

Attributes:
    d - dont_touch
    u - dont_use
   mo - map_only
   so - size_only
    i - ideal_net or ideal_network
  inf - infeasible path

  Point                                       Fanout     Trans      Incr       Path      Attributes
  ---------------------------------------------------------------------------------------------------------
  input external delay                                              0.00       0.00 f
  Oper[1] (in)                                            0.00      0.00       0.00 f
  Oper[1] (net)                                 4                   0.00       0.00 f
  U585/Z (BUF_X2)                                         0.01      0.04       0.04 f
  n394 (net)                                    7                   0.00       0.04 f
  U578/ZN (AND3_X2)                                       0.01      0.06       0.10 f
  n357 (net)                                    4                   0.00       0.10 f
  U671/ZN (INV_X1)                                        0.04      0.07       0.17 r
  n413 (net)                                    8                   0.00       0.17 r
  U747/ZN (OAI22_X1)                                      0.02      0.06       0.23 f
  op_a[41] (net)                                3                   0.00       0.23 f
  add_1_root_add_9_2_U419/ZN (OR2_X1)                     0.01      0.07       0.30 f
  add_1_root_add_9_2_n432 (net)                 3                   0.00       0.30 f
  add_1_root_add_9_2_U97/ZN (NAND2_X1)                    0.01      0.03       0.33 r
  add_1_root_add_9_2_n60 (net)                  1                   0.00       0.33 r
  add_1_root_add_9_2_U96/ZN (AND2_X1)                     0.01      0.04       0.37 r
  add_1_root_add_9_2_n419 (net)                 1                   0.00       0.37 r
  add_1_root_add_9_2_U521/ZN (OAI21_X1)                   0.01      0.03       0.39 f
  add_1_root_add_9_2_n380 (net)                 2                   0.00       0.39 f
  add_1_root_add_9_2_U101/ZN (AND2_X1)                    0.01      0.04       0.43 f
  add_1_root_add_9_2_n106 (net)                 2                   0.00       0.43 f
  add_1_root_add_9_2_U628/ZN (NAND2_X1)                   0.01      0.03       0.46 r
  add_1_root_add_9_2_n301 (net)                 1                   0.00       0.46 r
  add_1_root_add_9_2_U105/ZN (OAI211_X1)                  0.02      0.04       0.50 f
  add_1_root_add_9_2_n289 (net)                 1                   0.00       0.50 f
  add_1_root_add_9_2_U678/ZN (NOR2_X1)                    0.03      0.05       0.55 r
  add_1_root_add_9_2_n288 (net)                 2                   0.00       0.55 r
  add_1_root_add_9_2_U197/ZN (NAND2_X1)                   0.01      0.03       0.58 f
  add_1_root_add_9_2_n134 (net)                 2                   0.00       0.58 f
  add_1_root_add_9_2_U652/ZN (NAND2_X1)                   0.01      0.03       0.62 r
  add_1_root_add_9_2_n246 (net)                 2                   0.00       0.62 r
  add_1_root_add_9_2_U207/ZN (AND2_X1)                    0.01      0.04       0.66 r
  add_1_root_add_9_2_n142 (net)                 1                   0.00       0.66 r
  add_1_root_add_9_2_U516/ZN (OAI21_X1)                   0.01      0.03       0.68 f
  add_1_root_add_9_2_n253 (net)                 1                   0.00       0.68 f
  add_1_root_add_9_2_U703/ZN (XNOR2_X1)                   0.01      0.05       0.74 f
  adder_result[58] (net)                        1                   0.00       0.74 f
  U1398/ZN (AOI221_X1)                                    0.04      0.08       0.82 r
  n1015 (net)                                   1                   0.00       0.82 r
  U1399/ZN (INV_X1)                                       0.01      0.02       0.84 f
  sum[58] (net)                                 1                   0.00       0.84 f
  sum[58] (out)                                           0.01      0.00       0.84 f
  data arrival time                                                            0.84

  max_delay                                                         0.10       0.10
  output external delay                                             0.00       0.10
  data required time                                                           0.10
  ---------------------------------------------------------------------------------------------------------
  data required time                                                           0.10
  data arrival time                                                           -0.84
  ---------------------------------------------------------------------------------------------------------
  slack (VIOLATED)                                                            -0.74


  Startpoint: Oper[2] (input port)
  Endpoint: sum[50] (output port)
  Path Group: default
  Path Type: max

  Des/Clust/Port     Wire Load Model       Library
  ------------------------------------------------
  alu_64bit_ref      5K_hvratio_1_1        NangateOpenCellLibrary

Attributes:
    d - dont_touch
    u - dont_use
   mo - map_only
   so - size_only
    i - ideal_net or ideal_network
  inf - infeasible path

  Point                                       Fanout     Trans      Incr       Path      Attributes
  ---------------------------------------------------------------------------------------------------------
  input external delay                                              0.00       0.00 f
  Oper[2] (in)                                            0.00      0.00       0.00 f
  Oper[2] (net)                                10                   0.00       0.00 f
  U582/ZN (INV_X1)                                        0.01      0.03       0.03 r
  n397 (net)                                    2                   0.00       0.03 r
  U914/ZN (NAND3_X1)                                      0.02      0.04       0.07 f
  n653 (net)                                    2                   0.00       0.07 f
  U630/Z (BUF_X2)                                         0.01      0.05       0.13 f
  n420 (net)                                   11                   0.00       0.13 f
  U982/Z (MUX2_X1)                                        0.01      0.07       0.20 f
  n645 (net)                                    1                   0.00       0.20 f
  U983/ZN (OAI21_X1)                                      0.04      0.04       0.24 r
  op_b[6] (net)                                 3                   0.00       0.24 r
  add_1_root_add_9_2_U132/ZN (OR2_X1)                     0.01      0.05       0.29 r
  add_1_root_add_9_2_n84 (net)                  3                   0.00       0.29 r
  add_1_root_add_9_2_U206/ZN (AND2_X1)                    0.01      0.05       0.33 r
  add_1_root_add_9_2_n738 (net)                 2                   0.00       0.33 r
  add_1_root_add_9_2_U659/ZN (NAND2_X1)                   0.01      0.03       0.37 f
  add_1_root_add_9_2_n678 (net)                 2                   0.00       0.37 f
  add_1_root_add_9_2_U657/ZN (NOR2_X1)                    0.01      0.04       0.40 r
  add_1_root_add_9_2_n677 (net)                 1                   0.00       0.40 r
  add_1_root_add_9_2_U565/ZN (AND2_X1)                    0.01      0.05       0.45 r
  add_1_root_add_9_2_n326 (net)                 2                   0.00       0.45 r
  add_1_root_add_9_2_U788/ZN (NOR2_X1)                    0.01      0.03       0.48 f
  add_1_root_add_9_2_n666 (net)                 2                   0.00       0.48 f
  add_1_root_add_9_2_U211/ZN (NAND2_X1)                   0.02      0.04       0.52 r
  add_1_root_add_9_2_n147 (net)                 4                   0.00       0.52 r
  add_1_root_add_9_2_U683/ZN (NAND2_X1)                   0.01      0.04       0.56 f
  add_1_root_add_9_2_n523 (net)                 3                   0.00       0.56 f
  add_1_root_add_9_2_U149/ZN (NAND2_X1)                   0.01      0.04       0.60 r
  add_1_root_add_9_2_n98 (net)                  2                   0.00       0.60 r
  add_1_root_add_9_2_U603/ZN (NAND2_X1)                   0.01      0.03       0.63 f
  add_1_root_add_9_2_n343 (net)                 1                   0.00       0.63 f
  add_1_root_add_9_2_U104/ZN (AND2_X1)                    0.01      0.04       0.66 f
  add_1_root_add_9_2_n172 (net)                 1                   0.00       0.66 f
  add_1_root_add_9_2_U719/ZN (OAI21_X1)                   0.02      0.04       0.70 r
  add_1_root_add_9_2_n345 (net)                 1                   0.00       0.70 r
  add_1_root_add_9_2_U718/ZN (XNOR2_X1)                   0.01      0.03       0.74 f
  adder_result[50] (net)                        1                   0.00       0.74 f
  U1344/ZN (AOI221_X1)                                    0.04      0.08       0.82 r
  n968 (net)                                    1                   0.00       0.82 r
  U1345/ZN (INV_X1)                                       0.01      0.02       0.84 f
  sum[50] (net)                                 1                   0.00       0.84 f
  sum[50] (out)                                           0.01      0.00       0.84 f
  data arrival time                                                            0.84

  max_delay                                                         0.10       0.10
  output external delay                                             0.00       0.10
  data required time                                                           0.10
  ---------------------------------------------------------------------------------------------------------
  data required time                                                           0.10
  data arrival time                                                           -0.84
  ---------------------------------------------------------------------------------------------------------
  slack (VIOLATED)                                                            -0.74


  Startpoint: Oper[2] (input port)
  Endpoint: sum[31] (output port)
  Path Group: default
  Path Type: max

  Des/Clust/Port     Wire Load Model       Library
  ------------------------------------------------
  alu_64bit_ref      5K_hvratio_1_1        NangateOpenCellLibrary

Attributes:
    d - dont_touch
    u - dont_use
   mo - map_only
   so - size_only
    i - ideal_net or ideal_network
  inf - infeasible path

  Point                                       Fanout     Trans      Incr       Path      Attributes
  ---------------------------------------------------------------------------------------------------------
  input external delay                                              0.00       0.00 f
  Oper[2] (in)                                            0.00      0.00       0.00 f
  Oper[2] (net)                                10                   0.00       0.00 f
  U582/ZN (INV_X1)                                        0.01      0.03       0.03 r
  n397 (net)                                    2                   0.00       0.03 r
  U914/ZN (NAND3_X1)                                      0.02      0.04       0.07 f
  n653 (net)                                    2                   0.00       0.07 f
  U630/Z (BUF_X2)                                         0.01      0.05       0.13 f
  n420 (net)                                   11                   0.00       0.13 f
  U982/Z (MUX2_X1)                                        0.01      0.07       0.20 f
  n645 (net)                                    1                   0.00       0.20 f
  U983/ZN (OAI21_X1)                                      0.04      0.04       0.24 r
  op_b[6] (net)                                 3                   0.00       0.24 r
  add_1_root_add_9_2_U132/ZN (OR2_X1)                     0.01      0.05       0.29 r
  add_1_root_add_9_2_n84 (net)                  3                   0.00       0.29 r
  add_1_root_add_9_2_U206/ZN (AND2_X1)                    0.01      0.05       0.33 r
  add_1_root_add_9_2_n738 (net)                 2                   0.00       0.33 r
  add_1_root_add_9_2_U659/ZN (NAND2_X1)                   0.01      0.03       0.37 f
  add_1_root_add_9_2_n678 (net)                 2                   0.00       0.37 f
  add_1_root_add_9_2_U657/ZN (NOR2_X1)                    0.01      0.04       0.40 r
  add_1_root_add_9_2_n677 (net)                 1                   0.00       0.40 r
  add_1_root_add_9_2_U565/ZN (AND2_X1)                    0.01      0.05       0.45 r
  add_1_root_add_9_2_n326 (net)                 2                   0.00       0.45 r
  add_1_root_add_9_2_U788/ZN (NOR2_X1)                    0.01      0.03       0.48 f
  add_1_root_add_9_2_n666 (net)                 2                   0.00       0.48 f
  add_1_root_add_9_2_U211/ZN (NAND2_X1)                   0.02      0.04       0.52 r
  add_1_root_add_9_2_n147 (net)                 4                   0.00       0.52 r
  add_1_root_add_9_2_U681/ZN (NAND2_X1)                   0.01      0.04       0.56 f
  add_1_root_add_9_2_n578 (net)                 3                   0.00       0.56 f
  add_1_root_add_9_2_U766/ZN (NAND3_X1)                   0.01      0.03       0.60 r
  add_1_root_add_9_2_n575 (net)                 1                   0.00       0.60 r
  add_1_root_add_9_2_U552/ZN (NAND2_X1)                   0.01      0.03       0.63 f
  add_1_root_add_9_2_n573 (net)                 2                   0.00       0.63 f
  add_1_root_add_9_2_U522/ZN (NAND2_X1)                   0.02      0.03       0.66 r
  add_1_root_add_9_2_n561 (net)                 2                   0.00       0.66 r
  add_1_root_add_9_2_U763/ZN (NAND3_X1)                   0.01      0.03       0.70 f
  add_1_root_add_9_2_n560 (net)                 1                   0.00       0.70 f
  add_1_root_add_9_2_U762/ZN (NAND3_X1)                   0.01      0.03       0.73 r
  add_1_root_add_9_2_n557 (net)                 1                   0.00       0.73 r
  add_1_root_add_9_2_U560/ZN (XNOR2_X1)                   0.02      0.06       0.78 r
  adder_result[31] (net)                        1                   0.00       0.78 r
  U656/ZN (NAND2_X1)                                      0.02      0.03       0.81 f
  n852 (net)                                    1                   0.00       0.81 f
  U621/ZN (NAND2_X1)                                      0.01      0.03       0.84 r
  sum[31] (net)                                 1                   0.00       0.84 r
  sum[31] (out)                                           0.01      0.00       0.84 r
  data arrival time                                                            0.84

  max_delay                                                         0.10       0.10
  output external delay                                             0.00       0.10
  data required time                                                           0.10
  ---------------------------------------------------------------------------------------------------------
  data required time                                                           0.10
  data arrival time                                                           -0.84
  ---------------------------------------------------------------------------------------------------------
  slack (VIOLATED)                                                            -0.74


  Startpoint: Oper[1] (input port)
  Endpoint: sum[55] (output port)
  Path Group: default
  Path Type: max

  Des/Clust/Port     Wire Load Model       Library
  ------------------------------------------------
  alu_64bit_ref      5K_hvratio_1_1        NangateOpenCellLibrary

Attributes:
    d - dont_touch
    u - dont_use
   mo - map_only
   so - size_only
    i - ideal_net or ideal_network
  inf - infeasible path

  Point                                       Fanout     Trans      Incr       Path      Attributes
  ---------------------------------------------------------------------------------------------------------
  input external delay                                              0.00       0.00 r
  Oper[1] (in)                                            0.00      0.00       0.00 r
  Oper[1] (net)                                 4                   0.00       0.00 r
  U585/Z (BUF_X2)                                         0.02      0.05       0.05 r
  n394 (net)                                    7                   0.00       0.05 r
  U578/ZN (AND3_X2)                                       0.02      0.08       0.12 r
  n357 (net)                                    4                   0.00       0.12 r
  U671/ZN (INV_X1)                                        0.02      0.05       0.17 f
  n413 (net)                                    8                   0.00       0.17 f
  U747/ZN (OAI22_X1)                                      0.05      0.08       0.25 r
  op_a[41] (net)                                3                   0.00       0.25 r
  add_1_root_add_9_2_U549/ZN (NAND2_X1)                   0.02      0.05       0.30 f
  add_1_root_add_9_2_n424 (net)                 4                   0.00       0.30 f
  add_1_root_add_9_2_U98/ZN (AND2_X1)                     0.01      0.05       0.35 f
  add_1_root_add_9_2_n61 (net)                  1                   0.00       0.35 f
  add_1_root_add_9_2_U96/ZN (AND2_X1)                     0.01      0.04       0.38 f
  add_1_root_add_9_2_n419 (net)                 1                   0.00       0.38 f
  add_1_root_add_9_2_U521/ZN (OAI21_X1)                   0.02      0.04       0.42 r
  add_1_root_add_9_2_n380 (net)                 2                   0.00       0.42 r
  add_1_root_add_9_2_U101/ZN (AND2_X1)                    0.01      0.05       0.47 r
  add_1_root_add_9_2_n106 (net)                 2                   0.00       0.47 r
  add_1_root_add_9_2_U628/ZN (NAND2_X1)                   0.01      0.03       0.50 f
  add_1_root_add_9_2_n301 (net)                 1                   0.00       0.50 f
  add_1_root_add_9_2_U105/ZN (OAI211_X1)                  0.02      0.03       0.54 r
  add_1_root_add_9_2_n289 (net)                 1                   0.00       0.54 r
  add_1_root_add_9_2_U678/ZN (NOR2_X1)                    0.01      0.03       0.56 f
  add_1_root_add_9_2_n288 (net)                 2                   0.00       0.56 f
  add_1_root_add_9_2_U232/ZN (NAND2_X1)                   0.02      0.04       0.60 r
  add_1_root_add_9_2_n217 (net)                 3                   0.00       0.60 r
  add_1_root_add_9_2_U2/Z (CLKBUF_X1)                     0.01      0.04       0.64 r
  add_1_root_add_9_2_n1 (net)                   1                   0.00       0.64 r
  add_1_root_add_9_2_U50/ZN (AND2_X1)                     0.01      0.04       0.68 r
  add_1_root_add_9_2_n29 (net)                  1                   0.00       0.68 r
  add_1_root_add_9_2_U49/ZN (NOR2_X1)                     0.01      0.02       0.70 f
  add_1_root_add_9_2_n279 (net)                 1                   0.00       0.70 f
  add_1_root_add_9_2_U710/ZN (NAND3_X1)                   0.01      0.03       0.73 r
  add_1_root_add_9_2_n276 (net)                 1                   0.00       0.73 r
  add_1_root_add_9_2_U641/ZN (XNOR2_X1)                   0.02      0.06       0.78 r
  adder_result[55] (net)                        1                   0.00       0.78 r
  U543/ZN (NAND2_X1)                                      0.01      0.03       0.81 f
  n342 (net)                                    1                   0.00       0.81 f
  U542/ZN (NAND2_X1)                                      0.01      0.02       0.84 r
  sum[55] (net)                                 1                   0.00       0.84 r
  sum[55] (out)                                           0.01      0.00       0.84 r
  data arrival time                                                            0.84

  max_delay                                                         0.10       0.10
  output external delay                                             0.00       0.10
  data required time                                                           0.10
  ---------------------------------------------------------------------------------------------------------
  data required time                                                           0.10
  data arrival time                                                           -0.84
  ---------------------------------------------------------------------------------------------------------
  slack (VIOLATED)                                                            -0.74


  Startpoint: Oper[1] (input port)
  Endpoint: sum[35] (output port)
  Path Group: default
  Path Type: max

  Des/Clust/Port     Wire Load Model       Library
  ------------------------------------------------
  alu_64bit_ref      5K_hvratio_1_1        NangateOpenCellLibrary

Attributes:
    d - dont_touch
    u - dont_use
   mo - map_only
   so - size_only
    i - ideal_net or ideal_network
  inf - infeasible path

  Point                                       Fanout     Trans      Incr       Path      Attributes
  ---------------------------------------------------------------------------------------------------------
  input external delay                                              0.00       0.00 f
  Oper[1] (in)                                            0.00      0.00       0.00 f
  Oper[1] (net)                                 4                   0.00       0.00 f
  U585/Z (BUF_X2)                                         0.01      0.04       0.04 f
  n394 (net)                                    7                   0.00       0.04 f
  U533/ZN (AND3_X2)                                       0.01      0.06       0.11 f
  n374 (net)                                    6                   0.00       0.11 f
  U570/ZN (INV_X1)                                        0.03      0.06       0.16 r
  n354 (net)                                    6                   0.00       0.16 r
  U990/ZN (OAI21_X1)                                      0.02      0.04       0.21 f
  op_b[2] (net)                                 3                   0.00       0.21 f
  add_1_root_add_9_2_U92/Z (CLKBUF_X1)                    0.01      0.05       0.25 f
  add_1_root_add_9_2_n139 (net)                 2                   0.00       0.25 f
  add_1_root_add_9_2_U643/ZN (OAI211_X1)                  0.03      0.05       0.31 r
  add_1_root_add_9_2_n690 (net)                 2                   0.00       0.31 r
  add_1_root_add_9_2_U249/ZN (NAND4_X1)                   0.02      0.05       0.36 f
  add_1_root_add_9_2_n686 (net)                 2                   0.00       0.36 f
  add_1_root_add_9_2_U139/ZN (AND3_X1)                    0.01      0.05       0.41 f
  add_1_root_add_9_2_n330 (net)                 1                   0.00       0.41 f
  add_1_root_add_9_2_U644/ZN (NOR2_X1)                    0.03      0.05       0.46 r
  add_1_root_add_9_2_n665 (net)                 2                   0.00       0.46 r
  add_1_root_add_9_2_U211/ZN (NAND2_X1)                   0.02      0.05       0.51 f
  add_1_root_add_9_2_n147 (net)                 4                   0.00       0.51 f
  add_1_root_add_9_2_U683/ZN (NAND2_X1)                   0.02      0.04       0.55 r
  add_1_root_add_9_2_n523 (net)                 3                   0.00       0.55 r
  add_1_root_add_9_2_U87/ZN (AND2_X1)                     0.01      0.04       0.59 r
  add_1_root_add_9_2_n55 (net)                  1                   0.00       0.59 r
  add_1_root_add_9_2_U83/ZN (NAND2_X1)                    0.01      0.02       0.62 f
  add_1_root_add_9_2_n52 (net)                  1                   0.00       0.62 f
  add_1_root_add_9_2_U84/ZN (NAND2_X1)                    0.01      0.03       0.64 r
  add_1_root_add_9_2_n158 (net)                 1                   0.00       0.64 r
  add_1_root_add_9_2_U616/ZN (OAI211_X1)                  0.02      0.03       0.68 f
  add_1_root_add_9_2_n509 (net)                 1                   0.00       0.68 f
  add_1_root_add_9_2_U219/ZN (XNOR2_X1)                   0.01      0.06       0.73 f
  adder_result[35] (net)                        1                   0.00       0.73 f
  U1241/ZN (AOI221_X1)                                    0.04      0.08       0.82 r
  n878 (net)                                    1                   0.00       0.82 r
  U1242/ZN (INV_X1)                                       0.01      0.02       0.84 f
  sum[35] (net)                                 1                   0.00       0.84 f
  sum[35] (out)                                           0.01      0.00       0.84 f
  data arrival time                                                            0.84

  max_delay                                                         0.10       0.10
  output external delay                                             0.00       0.10
  data required time                                                           0.10
  ---------------------------------------------------------------------------------------------------------
  data required time                                                           0.10
  data arrival time                                                           -0.84
  ---------------------------------------------------------------------------------------------------------
  slack (VIOLATED)                                                            -0.74


1
