 
****************************************
Report : area
Design : decoder_8bit_ref
Version: T-2022.03-SP2
Date   : Mon May 12 02:40:01 2025
****************************************

Library(s) Used:

    NangateOpenCellLibrary (File: /temp2tb/luyao/lib/NangateOpenCellLibrary_PDKv1_3_v2010_12/db/typical.db)

Number of ports:                          264
Number of nets:                           443
Number of cells:                          435
Number of combinational cells:            435
Number of sequential cells:                 0
Number of macros/black boxes:               0
Number of buf/inv:                         74
Number of references:                      17

Combinational area:                373.197995
Buf/Inv area:                       50.274000
Noncombinational area:               0.000000
Macro/Black Box area:                0.000000
Net Interconnect area:      undefined  (Wire load has zero net area)

Total cell area:                   373.197995
Total area:                 undefined

Hierarchical area distribution
------------------------------

                                  Global cell area          Local cell area
                                  ------------------  --------------------------- 
Hierarchical cell                 Absolute   Percent  Combi-    Noncombi-  Black-
                                  Total      Total    national  national   boxes   Design
--------------------------------  ---------  -------  --------  ---------  ------  ---------
decoder_8bit_ref                   373.1980    100.0  373.1980     0.0000  0.0000  decoder_8bit_ref
--------------------------------  ---------  -------  --------  ---------  ------  ---------
Total                                                 373.1980     0.0000  0.0000

1
