Information: Updating design information... (UID-85)
 
****************************************
Report : qor
Design : decoder_8bit_ref
Version: T-2022.03-SP2
Date   : Mon May 12 02:40:01 2025
****************************************


  Timing Path Group 'default'
  -----------------------------------
  Levels of Logic:               3.00
  Critical Path Length:          0.19
  Critical Path Slack:          -0.09
  Critical Path Clk Period:       n/a
  Total Negative Slack:        -20.88
  No. of Violating Paths:      256.00
  Worst Hold Violation:          0.00
  Total Hold Violation:          0.00
  No. of Hold Violations:        0.00
  -----------------------------------


  Cell Count
  -----------------------------------
  Hierarchical Cell Count:          0
  Hierarchical Port Count:          0
  Leaf Cell Count:                435
  Buf/Inv Cell Count:              74
  Buf Cell Count:                  37
  Inv Cell Count:                  37
  CT Buf/Inv Cell Count:            0
  Combinational Cell Count:       435
  Sequential Cell Count:            0
  Macro Count:                      0
  -----------------------------------


  Area
  -----------------------------------
  Combinational Area:      373.197995
  Noncombinational Area:     0.000000
  Buf/Inv Area:             50.274000
  Total Buffer Area:            30.59
  Total Inverter Area:          19.68
  Macro/Black Box Area:      0.000000
  Net Area:                  0.000000
  -----------------------------------
  Cell Area:               373.197995
  Design Area:             373.197995


  Design Rules
  -----------------------------------
  Total Number of Nets:           443
  Nets With Violations:             0
  Max Trans Violations:             0
  Max Cap Violations:               0
  -----------------------------------


  Hostname: acf3030

  Compile CPU Statistics
  -----------------------------------------
  Resource Sharing:                    0.00
  Logic Optimization:                  1.27
  Mapping Optimization:                1.97
  -----------------------------------------
  Overall Compile Time:                3.66
  Overall Compile Wall Clock Time:     3.86

  --------------------------------------------------------------------

  Design  WNS: 0.09  TNS: 20.88  Number of Violating Paths: 256


  Design (Hold)  WNS: 0.00  TNS: 0.00  Number of Violating Paths: 0

  --------------------------------------------------------------------


1
