 
****************************************
Report : timing
        -path full
        -delay max
        -nets
        -max_paths 10
        -transition_time
Design : decoder_8bit_ref
Version: T-2022.03-SP2
Date   : Mon May 12 02:40:01 2025
****************************************

Operating Conditions: typical   Library: NangateOpenCellLibrary
Wire Load Model Mode: top

  Startpoint: in[6] (input port)
  Endpoint: out[35] (output port)
  Path Group: default
  Path Type: max

  Des/Clust/Port     Wire Load Model       Library
  ------------------------------------------------
  decoder_8bit_ref   5K_hvratio_1_1        NangateOpenCellLibrary

Attributes:
    d - dont_touch
    u - dont_use
   mo - map_only
   so - size_only
    i - ideal_net or ideal_network
  inf - infeasible path

  Point                        Fanout     Trans      Incr       Path      Attributes
  ------------------------------------------------------------------------------------------
  input external delay                               0.00       0.00 f
  in[6] (in)                               0.00      0.00       0.00 f
  in[6] (net)                   11                   0.00       0.00 f
  U512/ZN (OR2_X2)                         0.01      0.07       0.07 f
  n247 (net)                     4                   0.00       0.07 f
  U511/ZN (OR3_X2)                         0.02      0.08       0.15 f
  n308 (net)                     4                   0.00       0.15 f
  U638/ZN (NOR2_X1)                        0.01      0.04       0.19 r
  out[35] (net)                  1                   0.00       0.19 r
  out[35] (out)                            0.01      0.00       0.19 r
  data arrival time                                             0.19

  max_delay                                          0.10       0.10
  output external delay                              0.00       0.10
  data required time                                            0.10
  ------------------------------------------------------------------------------------------
  data required time                                            0.10
  data arrival time                                            -0.19
  ------------------------------------------------------------------------------------------
  slack (VIOLATED)                                             -0.09


  Startpoint: in[6] (input port)
  Endpoint: out[34] (output port)
  Path Group: default
  Path Type: max

  Des/Clust/Port     Wire Load Model       Library
  ------------------------------------------------
  decoder_8bit_ref   5K_hvratio_1_1        NangateOpenCellLibrary

Attributes:
    d - dont_touch
    u - dont_use
   mo - map_only
   so - size_only
    i - ideal_net or ideal_network
  inf - infeasible path

  Point                        Fanout     Trans      Incr       Path      Attributes
  ------------------------------------------------------------------------------------------
  input external delay                               0.00       0.00 f
  in[6] (in)                               0.00      0.00       0.00 f
  in[6] (net)                   11                   0.00       0.00 f
  U512/ZN (OR2_X2)                         0.01      0.07       0.07 f
  n247 (net)                     4                   0.00       0.07 f
  U511/ZN (OR3_X2)                         0.02      0.08       0.15 f
  n308 (net)                     4                   0.00       0.15 f
  U637/ZN (NOR2_X1)                        0.01      0.04       0.19 r
  out[34] (net)                  1                   0.00       0.19 r
  out[34] (out)                            0.01      0.00       0.19 r
  data arrival time                                             0.19

  max_delay                                          0.10       0.10
  output external delay                              0.00       0.10
  data required time                                            0.10
  ------------------------------------------------------------------------------------------
  data required time                                            0.10
  data arrival time                                            -0.19
  ------------------------------------------------------------------------------------------
  slack (VIOLATED)                                             -0.09


  Startpoint: in[6] (input port)
  Endpoint: out[32] (output port)
  Path Group: default
  Path Type: max

  Des/Clust/Port     Wire Load Model       Library
  ------------------------------------------------
  decoder_8bit_ref   5K_hvratio_1_1        NangateOpenCellLibrary

Attributes:
    d - dont_touch
    u - dont_use
   mo - map_only
   so - size_only
    i - ideal_net or ideal_network
  inf - infeasible path

  Point                        Fanout     Trans      Incr       Path      Attributes
  ------------------------------------------------------------------------------------------
  input external delay                               0.00       0.00 f
  in[6] (in)                               0.00      0.00       0.00 f
  in[6] (net)                   11                   0.00       0.00 f
  U512/ZN (OR2_X2)                         0.01      0.07       0.07 f
  n247 (net)                     4                   0.00       0.07 f
  U510/ZN (OR3_X2)                         0.02      0.08       0.15 f
  n229 (net)                     4                   0.00       0.15 f
  U634/ZN (NOR2_X1)                        0.01      0.04       0.19 r
  out[32] (net)                  1                   0.00       0.19 r
  out[32] (out)                            0.01      0.00       0.19 r
  data arrival time                                             0.19

  max_delay                                          0.10       0.10
  output external delay                              0.00       0.10
  data required time                                            0.10
  ------------------------------------------------------------------------------------------
  data required time                                            0.10
  data arrival time                                            -0.19
  ------------------------------------------------------------------------------------------
  slack (VIOLATED)                                             -0.09


  Startpoint: in[6] (input port)
  Endpoint: out[19] (output port)
  Path Group: default
  Path Type: max

  Des/Clust/Port     Wire Load Model       Library
  ------------------------------------------------
  decoder_8bit_ref   5K_hvratio_1_1        NangateOpenCellLibrary

Attributes:
    d - dont_touch
    u - dont_use
   mo - map_only
   so - size_only
    i - ideal_net or ideal_network
  inf - infeasible path

  Point                        Fanout     Trans      Incr       Path      Attributes
  ------------------------------------------------------------------------------------------
  input external delay                               0.00       0.00 f
  in[6] (in)                               0.00      0.00       0.00 f
  in[6] (net)                   11                   0.00       0.00 f
  U512/ZN (OR2_X2)                         0.01      0.07       0.07 f
  n247 (net)                     4                   0.00       0.07 f
  U511/ZN (OR3_X2)                         0.02      0.08       0.15 f
  n308 (net)                     4                   0.00       0.15 f
  U621/ZN (NOR2_X1)                        0.01      0.04       0.19 r
  out[19] (net)                  1                   0.00       0.19 r
  out[19] (out)                            0.01      0.00       0.19 r
  data arrival time                                             0.19

  max_delay                                          0.10       0.10
  output external delay                              0.00       0.10
  data required time                                            0.10
  ------------------------------------------------------------------------------------------
  data required time                                            0.10
  data arrival time                                            -0.19
  ------------------------------------------------------------------------------------------
  slack (VIOLATED)                                             -0.09


  Startpoint: in[6] (input port)
  Endpoint: out[17] (output port)
  Path Group: default
  Path Type: max

  Des/Clust/Port     Wire Load Model       Library
  ------------------------------------------------
  decoder_8bit_ref   5K_hvratio_1_1        NangateOpenCellLibrary

Attributes:
    d - dont_touch
    u - dont_use
   mo - map_only
   so - size_only
    i - ideal_net or ideal_network
  inf - infeasible path

  Point                        Fanout     Trans      Incr       Path      Attributes
  ------------------------------------------------------------------------------------------
  input external delay                               0.00       0.00 f
  in[6] (in)                               0.00      0.00       0.00 f
  in[6] (net)                   11                   0.00       0.00 f
  U512/ZN (OR2_X2)                         0.01      0.07       0.07 f
  n247 (net)                     4                   0.00       0.07 f
  U510/ZN (OR3_X2)                         0.02      0.08       0.15 f
  n229 (net)                     4                   0.00       0.15 f
  U618/ZN (NOR2_X1)                        0.01      0.04       0.19 r
  out[17] (net)                  1                   0.00       0.19 r
  out[17] (out)                            0.01      0.00       0.19 r
  data arrival time                                             0.19

  max_delay                                          0.10       0.10
  output external delay                              0.00       0.10
  data required time                                            0.10
  ------------------------------------------------------------------------------------------
  data required time                                            0.10
  data arrival time                                            -0.19
  ------------------------------------------------------------------------------------------
  slack (VIOLATED)                                             -0.09


  Startpoint: in[6] (input port)
  Endpoint: out[3] (output port)
  Path Group: default
  Path Type: max

  Des/Clust/Port     Wire Load Model       Library
  ------------------------------------------------
  decoder_8bit_ref   5K_hvratio_1_1        NangateOpenCellLibrary

Attributes:
    d - dont_touch
    u - dont_use
   mo - map_only
   so - size_only
    i - ideal_net or ideal_network
  inf - infeasible path

  Point                        Fanout     Trans      Incr       Path      Attributes
  ------------------------------------------------------------------------------------------
  input external delay                               0.00       0.00 f
  in[6] (in)                               0.00      0.00       0.00 f
  in[6] (net)                   11                   0.00       0.00 f
  U512/ZN (OR2_X2)                         0.01      0.07       0.07 f
  n247 (net)                     4                   0.00       0.07 f
  U510/ZN (OR3_X2)                         0.02      0.08       0.15 f
  n229 (net)                     4                   0.00       0.15 f
  U602/ZN (NOR2_X1)                        0.01      0.04       0.19 r
  out[3] (net)                   1                   0.00       0.19 r
  out[3] (out)                             0.01      0.00       0.19 r
  data arrival time                                             0.19

  max_delay                                          0.10       0.10
  output external delay                              0.00       0.10
  data required time                                            0.10
  ------------------------------------------------------------------------------------------
  data required time                                            0.10
  data arrival time                                            -0.19
  ------------------------------------------------------------------------------------------
  slack (VIOLATED)                                             -0.09


  Startpoint: in[2] (input port)
  Endpoint: out[168] (output port)
  Path Group: default
  Path Type: max

  Des/Clust/Port     Wire Load Model       Library
  ------------------------------------------------
  decoder_8bit_ref   5K_hvratio_1_1        NangateOpenCellLibrary

Attributes:
    d - dont_touch
    u - dont_use
   mo - map_only
   so - size_only
    i - ideal_net or ideal_network
  inf - infeasible path

  Point                        Fanout     Trans      Incr       Path      Attributes
  ------------------------------------------------------------------------------------------
  input external delay                               0.00       0.00 f
  in[2] (in)                               0.00      0.00       0.00 f
  in[2] (net)                   16                   0.00       0.00 f
  U535/ZN (INV_X1)                         0.01      0.04       0.04 r
  n326 (net)                     2                   0.00       0.04 r
  U548/ZN (NAND4_X1)                       0.02      0.05       0.09 f
  n324 (net)                     3                   0.00       0.09 f
  U545/Z (BUF_X1)                          0.02      0.06       0.15 f
  n259 (net)                     6                   0.00       0.15 f
  U772/ZN (NOR2_X1)                        0.01      0.04       0.19 r
  out[168] (net)                 1                   0.00       0.19 r
  out[168] (out)                           0.01      0.00       0.19 r
  data arrival time                                             0.19

  max_delay                                          0.10       0.10
  output external delay                              0.00       0.10
  data required time                                            0.10
  ------------------------------------------------------------------------------------------
  data required time                                            0.10
  data arrival time                                            -0.19
  ------------------------------------------------------------------------------------------
  slack (VIOLATED)                                             -0.09


  Startpoint: in[2] (input port)
  Endpoint: out[152] (output port)
  Path Group: default
  Path Type: max

  Des/Clust/Port     Wire Load Model       Library
  ------------------------------------------------
  decoder_8bit_ref   5K_hvratio_1_1        NangateOpenCellLibrary

Attributes:
    d - dont_touch
    u - dont_use
   mo - map_only
   so - size_only
    i - ideal_net or ideal_network
  inf - infeasible path

  Point                        Fanout     Trans      Incr       Path      Attributes
  ------------------------------------------------------------------------------------------
  input external delay                               0.00       0.00 f
  in[2] (in)                               0.00      0.00       0.00 f
  in[2] (net)                   16                   0.00       0.00 f
  U535/ZN (INV_X1)                         0.01      0.04       0.04 r
  n326 (net)                     2                   0.00       0.04 r
  U548/ZN (NAND4_X1)                       0.02      0.05       0.09 f
  n324 (net)                     3                   0.00       0.09 f
  U545/Z (BUF_X1)                          0.02      0.06       0.15 f
  n259 (net)                     6                   0.00       0.15 f
  U756/ZN (NOR2_X1)                        0.01      0.04       0.19 r
  out[152] (net)                 1                   0.00       0.19 r
  out[152] (out)                           0.01      0.00       0.19 r
  data arrival time                                             0.19

  max_delay                                          0.10       0.10
  output external delay                              0.00       0.10
  data required time                                            0.10
  ------------------------------------------------------------------------------------------
  data required time                                            0.10
  data arrival time                                            -0.19
  ------------------------------------------------------------------------------------------
  slack (VIOLATED)                                             -0.09


  Startpoint: in[6] (input port)
  Endpoint: out[33] (output port)
  Path Group: default
  Path Type: max

  Des/Clust/Port     Wire Load Model       Library
  ------------------------------------------------
  decoder_8bit_ref   5K_hvratio_1_1        NangateOpenCellLibrary

Attributes:
    d - dont_touch
    u - dont_use
   mo - map_only
   so - size_only
    i - ideal_net or ideal_network
  inf - infeasible path

  Point                        Fanout     Trans      Incr       Path      Attributes
  ------------------------------------------------------------------------------------------
  input external delay                               0.00       0.00 f
  in[6] (in)                               0.00      0.00       0.00 f
  in[6] (net)                   11                   0.00       0.00 f
  U512/ZN (OR2_X2)                         0.01      0.07       0.07 f
  n247 (net)                     4                   0.00       0.07 f
  U509/ZN (OR3_X2)                         0.02      0.08       0.15 f
  n228 (net)                     4                   0.00       0.15 f
  U635/ZN (NOR2_X1)                        0.01      0.04       0.19 r
  out[33] (net)                  1                   0.00       0.19 r
  out[33] (out)                            0.01      0.00       0.19 r
  data arrival time                                             0.19

  max_delay                                          0.10       0.10
  output external delay                              0.00       0.10
  data required time                                            0.10
  ------------------------------------------------------------------------------------------
  data required time                                            0.10
  data arrival time                                            -0.19
  ------------------------------------------------------------------------------------------
  slack (VIOLATED)                                             -0.09


  Startpoint: in[6] (input port)
  Endpoint: out[16] (output port)
  Path Group: default
  Path Type: max

  Des/Clust/Port     Wire Load Model       Library
  ------------------------------------------------
  decoder_8bit_ref   5K_hvratio_1_1        NangateOpenCellLibrary

Attributes:
    d - dont_touch
    u - dont_use
   mo - map_only
   so - size_only
    i - ideal_net or ideal_network
  inf - infeasible path

  Point                        Fanout     Trans      Incr       Path      Attributes
  ------------------------------------------------------------------------------------------
  input external delay                               0.00       0.00 f
  in[6] (in)                               0.00      0.00       0.00 f
  in[6] (net)                   11                   0.00       0.00 f
  U512/ZN (OR2_X2)                         0.01      0.07       0.07 f
  n247 (net)                     4                   0.00       0.07 f
  U509/ZN (OR3_X2)                         0.02      0.08       0.15 f
  n228 (net)                     4                   0.00       0.15 f
  U617/ZN (NOR2_X1)                        0.01      0.04       0.19 r
  out[16] (net)                  1                   0.00       0.19 r
  out[16] (out)                            0.01      0.00       0.19 r
  data arrival time                                             0.19

  max_delay                                          0.10       0.10
  output external delay                              0.00       0.10
  data required time                                            0.10
  ------------------------------------------------------------------------------------------
  data required time                                            0.10
  data arrival time                                            -0.19
  ------------------------------------------------------------------------------------------
  slack (VIOLATED)                                             -0.09


1
