**************************************************
Report         : passing_points

Reference      : r:/WORK/mul_const_ref
Implementation : i:/WORK/mul_const
Version        : V-2023.12
Date           : Mon May 12 01:48:01 2025
**************************************************

24 Passing compare points:

  Ref  Port       r:/WORK/mul_const_ref/s1[0]
  Impl Port       i:/WORK/mul_const/s1[0]

  Ref  Port       r:/WORK/mul_const_ref/s1[1]
  Impl Port       i:/WORK/mul_const/s1[1]

  Ref  Port       r:/WORK/mul_const_ref/s1[2]
  Impl Port       i:/WORK/mul_const/s1[2]

  Ref  Port       r:/WORK/mul_const_ref/s1[3]
  Impl Port       i:/WORK/mul_const/s1[3]

  Ref  Port       r:/WORK/mul_const_ref/s1[4]
  Impl Port       i:/WORK/mul_const/s1[4]

  Ref  Port       r:/WORK/mul_const_ref/s1[5]
  Impl Port       i:/WORK/mul_const/s1[5]

  Ref  Port       r:/WORK/mul_const_ref/s1[6]
  Impl Port       i:/WORK/mul_const/s1[6]

  Ref  Port       r:/WORK/mul_const_ref/s1[7]
  Impl Port       i:/WORK/mul_const/s1[7]

  Ref  Port       r:/WORK/mul_const_ref/s2[0]
  Impl Port       i:/WORK/mul_const/s2[0]

  Ref  Port       r:/WORK/mul_const_ref/s2[1]
  Impl Port       i:/WORK/mul_const/s2[1]

  Ref  Port       r:/WORK/mul_const_ref/s2[2]
  Impl Port       i:/WORK/mul_const/s2[2]

  Ref  Port       r:/WORK/mul_const_ref/s2[3]
  Impl Port       i:/WORK/mul_const/s2[3]

  Ref  Port       r:/WORK/mul_const_ref/s2[4]
  Impl Port       i:/WORK/mul_const/s2[4]

  Ref  Port       r:/WORK/mul_const_ref/s2[5]
  Impl Port       i:/WORK/mul_const/s2[5]

  Ref  Port       r:/WORK/mul_const_ref/s2[6]
  Impl Port       i:/WORK/mul_const/s2[6]

  Ref  Port       r:/WORK/mul_const_ref/s2[7]
  Impl Port       i:/WORK/mul_const/s2[7]

  Ref  Port       r:/WORK/mul_const_ref/s3[0]
  Impl Port       i:/WORK/mul_const/s3[0]

  Ref  Port       r:/WORK/mul_const_ref/s3[1]
  Impl Port       i:/WORK/mul_const/s3[1]

  Ref  Port       r:/WORK/mul_const_ref/s3[2]
  Impl Port       i:/WORK/mul_const/s3[2]

  Ref  Port       r:/WORK/mul_const_ref/s3[3]
  Impl Port       i:/WORK/mul_const/s3[3]

  Ref  Port       r:/WORK/mul_const_ref/s3[4]
  Impl Port       i:/WORK/mul_const/s3[4]

  Ref  Port       r:/WORK/mul_const_ref/s3[5]
  Impl Port       i:/WORK/mul_const/s3[5]

  Ref  Port       r:/WORK/mul_const_ref/s3[6]
  Impl Port       i:/WORK/mul_const/s3[6]

  Ref  Port       r:/WORK/mul_const_ref/s3[7]
  Impl Port       i:/WORK/mul_const/s3[7]

 [BBNet: multiply-driven net
  BBPin: black-box pin
  Cut:   cut-point
  DFF:   non-constant DFF register
  DFF0:  constant 0 DFF register
  DFF1:  constant 1 DFF register
  DFFX:  constant X DFF register
  DFF0X: constrained 0X DFF register
  DFF1X: constrained 1X DFF register
  LAT:   non-constant latch register
  LAT0:  constant 0 latch register
  LAT1:  constant 1 latch register
  LATX:  constant X latch register
  LAT0X: constrained 0X latch register
  LAT1X: constrained 1X latch register
  LATCG: clock-gating latch register
  TLA:   transparent latch register
  TLA0X: transparent constrained 0X latch register
  TLA1X: transparent constrained 1X latch register
  Loop:  cycle break point
  Port:  primary (top-level) port
  Und:   undriven signal cut-point
  Unk:   unknown signal cut-point]

1
