Information: Updating design information... (UID-85)
 
****************************************
Report : qor
Design : comparator_2bit_ref
Version: T-2022.03-SP2
Date   : Mon May 12 02:39:26 2025
****************************************


  Timing Path Group 'default'
  -----------------------------------
  Levels of Logic:               4.00
  Critical Path Length:          0.11
  Critical Path Slack:          -0.01
  Critical Path Clk Period:       n/a
  Total Negative Slack:         -0.02
  No. of Violating Paths:        3.00
  Worst Hold Violation:          0.00
  Total Hold Violation:          0.00
  No. of Hold Violations:        0.00
  -----------------------------------


  Cell Count
  -----------------------------------
  Hierarchical Cell Count:          0
  Hierarchical Port Count:          0
  Leaf Cell Count:                 16
  Buf/Inv Cell Count:               6
  Buf Cell Count:                   0
  Inv Cell Count:                   6
  CT Buf/Inv Cell Count:            0
  Combinational Cell Count:        16
  Sequential Cell Count:            0
  Macro Count:                      0
  -----------------------------------


  Area
  -----------------------------------
  Combinational Area:       13.034000
  Noncombinational Area:     0.000000
  Buf/Inv Area:              3.192000
  Total Buffer Area:             0.00
  Total Inverter Area:           3.19
  Macro/Black Box Area:      0.000000
  Net Area:                  0.000000
  -----------------------------------
  Cell Area:                13.034000
  Design Area:              13.034000


  Design Rules
  -----------------------------------
  Total Number of Nets:            20
  Nets With Violations:             0
  Max Trans Violations:             0
  Max Cap Violations:               0
  -----------------------------------


  Hostname: acf3030

  Compile CPU Statistics
  -----------------------------------------
  Resource Sharing:                    0.00
  Logic Optimization:                  0.06
  Mapping Optimization:                0.10
  -----------------------------------------
  Overall Compile Time:                0.56
  Overall Compile Wall Clock Time:     0.79

  --------------------------------------------------------------------

  Design  WNS: 0.01  TNS: 0.02  Number of Violating Paths: 3


  Design (Hold)  WNS: 0.00  TNS: 0.00  Number of Violating Paths: 0

  --------------------------------------------------------------------


1
