 
****************************************
Report : area
Design : sub_32bit_ref
Version: T-2022.03-SP2
Date   : Mon May 12 02:42:01 2025
****************************************

Library(s) Used:

    NangateOpenCellLibrary (File: /temp2tb/luyao/lib/NangateOpenCellLibrary_PDKv1_3_v2010_12/db/typical.db)

Number of ports:                           97
Number of nets:                           581
Number of cells:                          518
Number of combinational cells:            517
Number of sequential cells:                 0
Number of macros/black boxes:               0
Number of buf/inv:                        141
Number of references:                      24

Combinational area:                452.199996
Buf/Inv area:                       79.534000
Noncombinational area:               0.000000
Macro/Black Box area:                0.000000
Net Interconnect area:      undefined  (Wire load has zero net area)

Total cell area:                   452.199996
Total area:                 undefined

Hierarchical area distribution
------------------------------

                                  Global cell area          Local cell area
                                  ------------------  --------------------------- 
Hierarchical cell                 Absolute   Percent  Combi-    Noncombi-  Black-
                                  Total      Total    national  national   boxes   Design
--------------------------------  ---------  -------  --------  ---------  ------  ---------
sub_32bit_ref                      452.2000    100.0  452.2000     0.0000  0.0000  sub_32bit_ref
--------------------------------  ---------  -------  --------  ---------  ------  ---------
Total                                                 452.2000     0.0000  0.0000

1
