Information: Updating design information... (UID-85)
 
****************************************
Report : qor
Design : sub_32bit_ref
Version: T-2022.03-SP2
Date   : Mon May 12 02:42:01 2025
****************************************


  Timing Path Group 'default'
  -----------------------------------
  Levels of Logic:              12.00
  Critical Path Length:          0.46
  Critical Path Slack:          -0.36
  Critical Path Clk Period:       n/a
  Total Negative Slack:         -9.22
  No. of Violating Paths:       33.00
  Worst Hold Violation:          0.00
  Total Hold Violation:          0.00
  No. of Hold Violations:        0.00
  -----------------------------------


  Cell Count
  -----------------------------------
  Hierarchical Cell Count:          0
  Hierarchical Port Count:          0
  Leaf Cell Count:                517
  Buf/Inv Cell Count:             141
  Buf Cell Count:                  14
  Inv Cell Count:                 127
  CT Buf/Inv Cell Count:            0
  Combinational Cell Count:       517
  Sequential Cell Count:            0
  Macro Count:                      0
  -----------------------------------


  Area
  -----------------------------------
  Combinational Area:      452.199996
  Noncombinational Area:     0.000000
  Buf/Inv Area:             79.534000
  Total Buffer Area:            11.17
  Total Inverter Area:          68.36
  Macro/Black Box Area:      0.000000
  Net Area:                  0.000000
  -----------------------------------
  Cell Area:               452.199996
  Design Area:             452.199996


  Design Rules
  -----------------------------------
  Total Number of Nets:           581
  Nets With Violations:             0
  Max Trans Violations:             0
  Max Cap Violations:               0
  -----------------------------------


  Hostname: acf3030

  Compile CPU Statistics
  -----------------------------------------
  Resource Sharing:                    0.07
  Logic Optimization:                  0.89
  Mapping Optimization:                1.42
  -----------------------------------------
  Overall Compile Time:                2.77
  Overall Compile Wall Clock Time:     2.97

  --------------------------------------------------------------------

  Design  WNS: 0.36  TNS: 9.22  Number of Violating Paths: 33


  Design (Hold)  WNS: 0.00  TNS: 0.00  Number of Violating Paths: 0

  --------------------------------------------------------------------


1
