 
****************************************
Report : timing
        -path full
        -delay max
        -nets
        -max_paths 10
        -transition_time
Design : sub_32bit_ref
Version: T-2022.03-SP2
Date   : Mon May 12 02:42:01 2025
****************************************

Operating Conditions: typical   Library: NangateOpenCellLibrary
Wire Load Model Mode: top

  Startpoint: b[6] (input port)
  Endpoint: overflow (output port)
  Path Group: default
  Path Type: max

  Des/Clust/Port     Wire Load Model       Library
  ------------------------------------------------
  sub_32bit_ref      5K_hvratio_1_1        NangateOpenCellLibrary

Attributes:
    d - dont_touch
    u - dont_use
   mo - map_only
   so - size_only
    i - ideal_net or ideal_network
  inf - infeasible path

  Point                        Fanout     Trans      Incr       Path      Attributes
  ------------------------------------------------------------------------------------------
  input external delay                               0.00       0.00 r
  b[6] (in)                                0.00      0.00       0.00 r
  b[6] (net)                     4                   0.00       0.00 r
  sub_8_U361/ZN (INV_X1)                   0.00      0.02       0.02 f
  sub_8_n475 (net)               1                   0.00       0.02 f
  sub_8_U432/ZN (NAND2_X1)                 0.01      0.02       0.05 r
  sub_8_n156 (net)               1                   0.00       0.05 r
  sub_8_U431/ZN (NAND2_X1)                 0.01      0.03       0.07 f
  sub_8_n402 (net)               1                   0.00       0.07 f
  sub_8_U462/ZN (AOI21_X1)                 0.02      0.05       0.12 r
  sub_8_n398 (net)               1                   0.00       0.12 r
  sub_8_U430/ZN (AOI21_X1)                 0.01      0.04       0.16 f
  sub_8_n397 (net)               2                   0.00       0.16 f
  sub_8_U428/ZN (NAND2_X1)                 0.01      0.03       0.19 r
  sub_8_n304 (net)               1                   0.00       0.19 r
  sub_8_U507/ZN (NAND3_X1)                 0.01      0.03       0.22 f
  sub_8_n375 (net)               2                   0.00       0.22 f
  sub_8_U112/ZN (OAI21_X1)                 0.02      0.04       0.26 r
  sub_8_n82 (net)                1                   0.00       0.26 r
  sub_8_U113/ZN (INV_X1)                   0.01      0.02       0.29 f
  sub_8_n95 (net)                1                   0.00       0.29 f
  sub_8_U132/ZN (NOR2_X1)                  0.02      0.04       0.32 r
  sub_8_n184 (net)               1                   0.00       0.32 r
  sub_8_U477/Z (MUX2_X1)                   0.01      0.08       0.40 f
  extended_diff_32_ (net)        1                   0.00       0.40 f
  U5/Z (XOR2_X1)                           0.01      0.06       0.46 f
  overflow (net)                 1                   0.00       0.46 f
  overflow (out)                           0.01      0.00       0.46 f
  data arrival time                                             0.46

  max_delay                                          0.10       0.10
  output external delay                              0.00       0.10
  data required time                                            0.10
  ------------------------------------------------------------------------------------------
  data required time                                            0.10
  data arrival time                                            -0.46
  ------------------------------------------------------------------------------------------
  slack (VIOLATED)                                             -0.36


  Startpoint: b[6] (input port)
  Endpoint: diff[23] (output port)
  Path Group: default
  Path Type: max

  Des/Clust/Port     Wire Load Model       Library
  ------------------------------------------------
  sub_32bit_ref      5K_hvratio_1_1        NangateOpenCellLibrary

Attributes:
    d - dont_touch
    u - dont_use
   mo - map_only
   so - size_only
    i - ideal_net or ideal_network
  inf - infeasible path

  Point                        Fanout     Trans      Incr       Path      Attributes
  ------------------------------------------------------------------------------------------
  input external delay                               0.00       0.00 r
  b[6] (in)                                0.00      0.00       0.00 r
  b[6] (net)                     4                   0.00       0.00 r
  sub_8_U361/ZN (INV_X1)                   0.00      0.02       0.02 f
  sub_8_n475 (net)               1                   0.00       0.02 f
  sub_8_U432/ZN (NAND2_X1)                 0.01      0.02       0.05 r
  sub_8_n156 (net)               1                   0.00       0.05 r
  sub_8_U431/ZN (NAND2_X1)                 0.01      0.03       0.07 f
  sub_8_n402 (net)               1                   0.00       0.07 f
  sub_8_U462/ZN (AOI21_X1)                 0.02      0.05       0.12 r
  sub_8_n398 (net)               1                   0.00       0.12 r
  sub_8_U430/ZN (AOI21_X1)                 0.01      0.04       0.16 f
  sub_8_n397 (net)               2                   0.00       0.16 f
  sub_8_U340/ZN (NAND2_X1)                 0.01      0.03       0.19 r
  sub_8_n127 (net)               2                   0.00       0.19 r
  sub_8_U135/ZN (NAND3_X1)                 0.01      0.04       0.23 f
  sub_8_n97 (net)                2                   0.00       0.23 f
  sub_8_U101/ZN (OR2_X2)                   0.01      0.06       0.29 f
  sub_8_n123 (net)               4                   0.00       0.29 f
  sub_8_U457/ZN (INV_X1)                   0.01      0.04       0.33 r
  sub_8_n274 (net)               2                   0.00       0.33 r
  sub_8_U446/ZN (OAI211_X1)                0.01      0.03       0.36 f
  sub_8_n313 (net)               1                   0.00       0.36 f
  sub_8_U376/ZN (AOI21_X1)                 0.03      0.04       0.41 r
  sub_8_n310 (net)               1                   0.00       0.41 r
  sub_8_U181/ZN (XNOR2_X1)                 0.01      0.05       0.46 r
  diff[23] (net)                 1                   0.00       0.46 r
  diff[23] (out)                           0.01      0.00       0.46 r
  data arrival time                                             0.46

  max_delay                                          0.10       0.10
  output external delay                              0.00       0.10
  data required time                                            0.10
  ------------------------------------------------------------------------------------------
  data required time                                            0.10
  data arrival time                                            -0.46
  ------------------------------------------------------------------------------------------
  slack (VIOLATED)                                             -0.36


  Startpoint: b[6] (input port)
  Endpoint: diff[27] (output port)
  Path Group: default
  Path Type: max

  Des/Clust/Port     Wire Load Model       Library
  ------------------------------------------------
  sub_32bit_ref      5K_hvratio_1_1        NangateOpenCellLibrary

Attributes:
    d - dont_touch
    u - dont_use
   mo - map_only
   so - size_only
    i - ideal_net or ideal_network
  inf - infeasible path

  Point                        Fanout     Trans      Incr       Path      Attributes
  ------------------------------------------------------------------------------------------
  input external delay                               0.00       0.00 r
  b[6] (in)                                0.00      0.00       0.00 r
  b[6] (net)                     4                   0.00       0.00 r
  sub_8_U361/ZN (INV_X1)                   0.00      0.02       0.02 f
  sub_8_n475 (net)               1                   0.00       0.02 f
  sub_8_U432/ZN (NAND2_X1)                 0.01      0.02       0.05 r
  sub_8_n156 (net)               1                   0.00       0.05 r
  sub_8_U431/ZN (NAND2_X1)                 0.01      0.03       0.07 f
  sub_8_n402 (net)               1                   0.00       0.07 f
  sub_8_U462/ZN (AOI21_X1)                 0.02      0.05       0.12 r
  sub_8_n398 (net)               1                   0.00       0.12 r
  sub_8_U430/ZN (AOI21_X1)                 0.01      0.04       0.16 f
  sub_8_n397 (net)               2                   0.00       0.16 f
  sub_8_U340/ZN (NAND2_X1)                 0.01      0.03       0.19 r
  sub_8_n127 (net)               2                   0.00       0.19 r
  sub_8_U135/ZN (NAND3_X1)                 0.01      0.04       0.23 f
  sub_8_n97 (net)                2                   0.00       0.23 f
  sub_8_U101/ZN (OR2_X2)                   0.01      0.06       0.29 f
  sub_8_n123 (net)               4                   0.00       0.29 f
  sub_8_U457/ZN (INV_X1)                   0.01      0.04       0.33 r
  sub_8_n274 (net)               2                   0.00       0.33 r
  sub_8_U360/ZN (OAI211_X1)                0.01      0.03       0.36 f
  sub_8_n272 (net)               1                   0.00       0.36 f
  sub_8_U359/ZN (AOI21_X1)                 0.03      0.04       0.41 r
  sub_8_n269 (net)               1                   0.00       0.41 r
  sub_8_U180/ZN (XNOR2_X1)                 0.01      0.05       0.46 r
  diff[27] (net)                 1                   0.00       0.46 r
  diff[27] (out)                           0.01      0.00       0.46 r
  data arrival time                                             0.46

  max_delay                                          0.10       0.10
  output external delay                              0.00       0.10
  data required time                                            0.10
  ------------------------------------------------------------------------------------------
  data required time                                            0.10
  data arrival time                                            -0.46
  ------------------------------------------------------------------------------------------
  slack (VIOLATED)                                             -0.36


  Startpoint: b[6] (input port)
  Endpoint: diff[25] (output port)
  Path Group: default
  Path Type: max

  Des/Clust/Port     Wire Load Model       Library
  ------------------------------------------------
  sub_32bit_ref      5K_hvratio_1_1        NangateOpenCellLibrary

Attributes:
    d - dont_touch
    u - dont_use
   mo - map_only
   so - size_only
    i - ideal_net or ideal_network
  inf - infeasible path

  Point                        Fanout     Trans      Incr       Path      Attributes
  ------------------------------------------------------------------------------------------
  input external delay                               0.00       0.00 r
  b[6] (in)                                0.00      0.00       0.00 r
  b[6] (net)                     4                   0.00       0.00 r
  sub_8_U361/ZN (INV_X1)                   0.00      0.02       0.02 f
  sub_8_n475 (net)               1                   0.00       0.02 f
  sub_8_U432/ZN (NAND2_X1)                 0.01      0.02       0.05 r
  sub_8_n156 (net)               1                   0.00       0.05 r
  sub_8_U431/ZN (NAND2_X1)                 0.01      0.03       0.07 f
  sub_8_n402 (net)               1                   0.00       0.07 f
  sub_8_U462/ZN (AOI21_X1)                 0.02      0.05       0.12 r
  sub_8_n398 (net)               1                   0.00       0.12 r
  sub_8_U430/ZN (AOI21_X1)                 0.01      0.04       0.16 f
  sub_8_n397 (net)               2                   0.00       0.16 f
  sub_8_U340/ZN (NAND2_X1)                 0.01      0.03       0.19 r
  sub_8_n127 (net)               2                   0.00       0.19 r
  sub_8_U395/ZN (NAND2_X1)                 0.01      0.03       0.23 f
  sub_8_n303 (net)               2                   0.00       0.23 f
  sub_8_U176/ZN (NOR3_X1)                  0.04      0.07       0.29 r
  sub_8_n289 (net)               2                   0.00       0.29 r
  sub_8_U98/ZN (OAI21_X1)                  0.02      0.04       0.33 f
  sub_8_n76 (net)                2                   0.00       0.33 f
  sub_8_U388/ZN (NAND2_X1)                 0.01      0.03       0.36 r
  sub_8_n286 (net)               1                   0.00       0.36 r
  sub_8_U20/ZN (AND2_X1)                   0.01      0.04       0.41 r
  sub_8_n14 (net)                1                   0.00       0.41 r
  sub_8_U19/ZN (XNOR2_X1)                  0.01      0.05       0.46 r
  diff[25] (net)                 1                   0.00       0.46 r
  diff[25] (out)                           0.01      0.00       0.46 r
  data arrival time                                             0.46

  max_delay                                          0.10       0.10
  output external delay                              0.00       0.10
  data required time                                            0.10
  ------------------------------------------------------------------------------------------
  data required time                                            0.10
  data arrival time                                            -0.46
  ------------------------------------------------------------------------------------------
  slack (VIOLATED)                                             -0.36


  Startpoint: a[8] (input port)
  Endpoint: diff[28] (output port)
  Path Group: default
  Path Type: max

  Des/Clust/Port     Wire Load Model       Library
  ------------------------------------------------
  sub_32bit_ref      5K_hvratio_1_1        NangateOpenCellLibrary

Attributes:
    d - dont_touch
    u - dont_use
   mo - map_only
   so - size_only
    i - ideal_net or ideal_network
  inf - infeasible path

  Point                        Fanout     Trans      Incr       Path      Attributes
  ------------------------------------------------------------------------------------------
  input external delay                               0.00       0.00 r
  a[8] (in)                                0.00      0.00       0.00 r
  a[8] (net)                     4                   0.00       0.00 r
  sub_8_U77/ZN (INV_X1)                    0.00      0.02       0.02 f
  sub_8_n61 (net)                1                   0.00       0.02 f
  sub_8_U241/ZN (NAND2_X1)                 0.01      0.03       0.05 r
  sub_8_n443 (net)               2                   0.00       0.05 r
  sub_8_U240/ZN (NAND4_X1)                 0.02      0.05       0.10 f
  sub_8_n381 (net)               2                   0.00       0.10 f
  sub_8_U437/ZN (NOR2_X1)                  0.04      0.07       0.17 r
  sub_8_n396 (net)               3                   0.00       0.17 r
  sub_8_U340/ZN (NAND2_X1)                 0.01      0.04       0.21 f
  sub_8_n127 (net)               2                   0.00       0.21 f
  sub_8_U395/ZN (NAND2_X1)                 0.02      0.04       0.25 r
  sub_8_n303 (net)               2                   0.00       0.25 r
  sub_8_U176/ZN (NOR3_X1)                  0.01      0.03       0.28 f
  sub_8_n289 (net)               2                   0.00       0.28 f
  sub_8_U99/ZN (OAI21_X1)                  0.02      0.04       0.32 r
  sub_8_n268 (net)               1                   0.00       0.32 r
  sub_8_U497/ZN (INV_X1)                   0.01      0.03       0.34 f
  sub_8_n248 (net)               2                   0.00       0.34 f
  sub_8_U496/ZN (OAI21_X1)                 0.02      0.04       0.39 r
  sub_8_n254 (net)               1                   0.00       0.39 r
  sub_8_U495/ZN (XNOR2_X1)                 0.01      0.05       0.44 r
  diff[28] (net)                 1                   0.00       0.44 r
  diff[28] (out)                           0.01      0.00       0.44 r
  data arrival time                                             0.44

  max_delay                                          0.10       0.10
  output external delay                              0.00       0.10
  data required time                                            0.10
  ------------------------------------------------------------------------------------------
  data required time                                            0.10
  data arrival time                                            -0.44
  ------------------------------------------------------------------------------------------
  slack (VIOLATED)                                             -0.34


  Startpoint: a[8] (input port)
  Endpoint: diff[29] (output port)
  Path Group: default
  Path Type: max

  Des/Clust/Port     Wire Load Model       Library
  ------------------------------------------------
  sub_32bit_ref      5K_hvratio_1_1        NangateOpenCellLibrary

Attributes:
    d - dont_touch
    u - dont_use
   mo - map_only
   so - size_only
    i - ideal_net or ideal_network
  inf - infeasible path

  Point                        Fanout     Trans      Incr       Path      Attributes
  ------------------------------------------------------------------------------------------
  input external delay                               0.00       0.00 r
  a[8] (in)                                0.00      0.00       0.00 r
  a[8] (net)                     4                   0.00       0.00 r
  sub_8_U77/ZN (INV_X1)                    0.00      0.02       0.02 f
  sub_8_n61 (net)                1                   0.00       0.02 f
  sub_8_U241/ZN (NAND2_X1)                 0.01      0.03       0.05 r
  sub_8_n443 (net)               2                   0.00       0.05 r
  sub_8_U240/ZN (NAND4_X1)                 0.02      0.05       0.10 f
  sub_8_n381 (net)               2                   0.00       0.10 f
  sub_8_U437/ZN (NOR2_X1)                  0.04      0.07       0.17 r
  sub_8_n396 (net)               3                   0.00       0.17 r
  sub_8_U340/ZN (NAND2_X1)                 0.01      0.04       0.21 f
  sub_8_n127 (net)               2                   0.00       0.21 f
  sub_8_U395/ZN (NAND2_X1)                 0.02      0.04       0.25 r
  sub_8_n303 (net)               2                   0.00       0.25 r
  sub_8_U176/ZN (NOR3_X1)                  0.01      0.03       0.28 f
  sub_8_n289 (net)               2                   0.00       0.28 f
  sub_8_U99/ZN (OAI21_X1)                  0.02      0.04       0.32 r
  sub_8_n268 (net)               1                   0.00       0.32 r
  sub_8_U497/ZN (INV_X1)                   0.01      0.03       0.34 f
  sub_8_n248 (net)               2                   0.00       0.34 f
  sub_8_U492/ZN (OAI21_X1)                 0.02      0.04       0.39 r
  sub_8_n244 (net)               1                   0.00       0.39 r
  sub_8_U490/ZN (XNOR2_X1)                 0.01      0.05       0.44 r
  diff[29] (net)                 1                   0.00       0.44 r
  diff[29] (out)                           0.01      0.00       0.44 r
  data arrival time                                             0.44

  max_delay                                          0.10       0.10
  output external delay                              0.00       0.10
  data required time                                            0.10
  ------------------------------------------------------------------------------------------
  data required time                                            0.10
  data arrival time                                            -0.44
  ------------------------------------------------------------------------------------------
  slack (VIOLATED)                                             -0.34


  Startpoint: a[0] (input port)
  Endpoint: diff[31] (output port)
  Path Group: default
  Path Type: max

  Des/Clust/Port     Wire Load Model       Library
  ------------------------------------------------
  sub_32bit_ref      5K_hvratio_1_1        NangateOpenCellLibrary

Attributes:
    d - dont_touch
    u - dont_use
   mo - map_only
   so - size_only
    i - ideal_net or ideal_network
  inf - infeasible path

  Point                        Fanout     Trans      Incr       Path      Attributes
  ------------------------------------------------------------------------------------------
  input external delay                               0.00       0.00 r
  a[0] (in)                                0.00      0.00       0.00 r
  a[0] (net)                     4                   0.00       0.00 r
  sub_8_U144/ZN (INV_X1)                   0.00      0.02       0.02 f
  sub_8_n104 (net)               2                   0.00       0.02 f
  sub_8_U137/ZN (AND2_X1)                  0.01      0.04       0.06 f
  sub_8_n125 (net)               2                   0.00       0.06 f
  sub_8_U516/ZN (NOR2_X1)                  0.01      0.04       0.10 r
  sub_8_n459 (net)               1                   0.00       0.10 r
  sub_8_U121/ZN (AND3_X1)                  0.01      0.06       0.16 r
  sub_8_n86 (net)                2                   0.00       0.16 r
  sub_8_U433/ZN (NAND4_X1)                 0.02      0.05       0.21 f
  sub_8_n307 (net)               2                   0.00       0.21 f
  sub_8_U153/ZN (NAND2_X1)                 0.01      0.04       0.25 r
  sub_8_n374 (net)               2                   0.00       0.25 r
  sub_8_U331/ZN (OR2_X1)                   0.01      0.04       0.28 r
  sub_8_n185 (net)               1                   0.00       0.28 r
  sub_8_U458/ZN (NAND2_X1)                 0.01      0.02       0.31 f
  sub_8_n216 (net)               1                   0.00       0.31 f
  sub_8_U415/ZN (NAND2_X1)                 0.01      0.03       0.33 r
  sub_8_n212 (net)               1                   0.00       0.33 r
  sub_8_U426/ZN (XNOR2_X1)                 0.03      0.06       0.39 r
  n4 (net)                       2                   0.00       0.39 r
  U4/Z (CLKBUF_X1)                         0.01      0.04       0.43 r
  diff[31] (net)                 1                   0.00       0.43 r
  diff[31] (out)                           0.01      0.00       0.43 r
  data arrival time                                             0.43

  max_delay                                          0.10       0.10
  output external delay                              0.00       0.10
  data required time                                            0.10
  ------------------------------------------------------------------------------------------
  data required time                                            0.10
  data arrival time                                            -0.43
  ------------------------------------------------------------------------------------------
  slack (VIOLATED)                                             -0.33


  Startpoint: b[6] (input port)
  Endpoint: diff[19] (output port)
  Path Group: default
  Path Type: max

  Des/Clust/Port     Wire Load Model       Library
  ------------------------------------------------
  sub_32bit_ref      5K_hvratio_1_1        NangateOpenCellLibrary

Attributes:
    d - dont_touch
    u - dont_use
   mo - map_only
   so - size_only
    i - ideal_net or ideal_network
  inf - infeasible path

  Point                        Fanout     Trans      Incr       Path      Attributes
  ------------------------------------------------------------------------------------------
  input external delay                               0.00       0.00 r
  b[6] (in)                                0.00      0.00       0.00 r
  b[6] (net)                     4                   0.00       0.00 r
  sub_8_U361/ZN (INV_X1)                   0.00      0.02       0.02 f
  sub_8_n475 (net)               1                   0.00       0.02 f
  sub_8_U432/ZN (NAND2_X1)                 0.01      0.02       0.05 r
  sub_8_n156 (net)               1                   0.00       0.05 r
  sub_8_U431/ZN (NAND2_X1)                 0.01      0.03       0.07 f
  sub_8_n402 (net)               1                   0.00       0.07 f
  sub_8_U462/ZN (AOI21_X1)                 0.02      0.05       0.12 r
  sub_8_n398 (net)               1                   0.00       0.12 r
  sub_8_U430/ZN (AOI21_X1)                 0.01      0.04       0.16 f
  sub_8_n397 (net)               2                   0.00       0.16 f
  sub_8_U340/ZN (NAND2_X1)                 0.01      0.03       0.19 r
  sub_8_n127 (net)               2                   0.00       0.19 r
  sub_8_U395/ZN (NAND2_X1)                 0.01      0.03       0.23 f
  sub_8_n303 (net)               2                   0.00       0.23 f
  sub_8_U185/ZN (NOR3_X1)                  0.04      0.07       0.29 r
  sub_8_n359 (net)               2                   0.00       0.29 r
  sub_8_U84/ZN (OAI21_X1)                  0.01      0.03       0.33 f
  sub_8_n355 (net)               1                   0.00       0.33 f
  sub_8_U371/ZN (NAND2_X1)                 0.01      0.03       0.35 r
  sub_8_n354 (net)               1                   0.00       0.35 r
  sub_8_U82/ZN (NAND2_X1)                  0.01      0.03       0.38 f
  sub_8_n64 (net)                1                   0.00       0.38 f
  sub_8_U81/ZN (XNOR2_X1)                  0.01      0.05       0.43 f
  diff[19] (net)                 1                   0.00       0.43 f
  diff[19] (out)                           0.01      0.00       0.43 f
  data arrival time                                             0.43

  max_delay                                          0.10       0.10
  output external delay                              0.00       0.10
  data required time                                            0.10
  ------------------------------------------------------------------------------------------
  data required time                                            0.10
  data arrival time                                            -0.43
  ------------------------------------------------------------------------------------------
  slack (VIOLATED)                                             -0.33


  Startpoint: a[8] (input port)
  Endpoint: diff[26] (output port)
  Path Group: default
  Path Type: max

  Des/Clust/Port     Wire Load Model       Library
  ------------------------------------------------
  sub_32bit_ref      5K_hvratio_1_1        NangateOpenCellLibrary

Attributes:
    d - dont_touch
    u - dont_use
   mo - map_only
   so - size_only
    i - ideal_net or ideal_network
  inf - infeasible path

  Point                        Fanout     Trans      Incr       Path      Attributes
  ------------------------------------------------------------------------------------------
  input external delay                               0.00       0.00 r
  a[8] (in)                                0.00      0.00       0.00 r
  a[8] (net)                     4                   0.00       0.00 r
  sub_8_U77/ZN (INV_X1)                    0.00      0.02       0.02 f
  sub_8_n61 (net)                1                   0.00       0.02 f
  sub_8_U241/ZN (NAND2_X1)                 0.01      0.03       0.05 r
  sub_8_n443 (net)               2                   0.00       0.05 r
  sub_8_U240/ZN (NAND4_X1)                 0.02      0.05       0.10 f
  sub_8_n381 (net)               2                   0.00       0.10 f
  sub_8_U437/ZN (NOR2_X1)                  0.04      0.07       0.17 r
  sub_8_n396 (net)               3                   0.00       0.17 r
  sub_8_U122/ZN (OAI211_X1)                0.02      0.05       0.22 f
  sub_8_n87 (net)                1                   0.00       0.22 f
  sub_8_U135/ZN (NAND3_X1)                 0.02      0.03       0.26 r
  sub_8_n97 (net)                2                   0.00       0.26 r
  sub_8_U101/ZN (OR2_X2)                   0.01      0.05       0.30 r
  sub_8_n123 (net)               4                   0.00       0.30 r
  sub_8_U456/ZN (INV_X1)                   0.01      0.03       0.33 f
  sub_8_n320 (net)               2                   0.00       0.33 f
  sub_8_U196/ZN (OAI211_X1)                0.02      0.05       0.38 r
  sub_8_n278 (net)               1                   0.00       0.38 r
  sub_8_U194/ZN (XNOR2_X1)                 0.01      0.05       0.43 r
  diff[26] (net)                 1                   0.00       0.43 r
  diff[26] (out)                           0.01      0.00       0.43 r
  data arrival time                                             0.43

  max_delay                                          0.10       0.10
  output external delay                              0.00       0.10
  data required time                                            0.10
  ------------------------------------------------------------------------------------------
  data required time                                            0.10
  data arrival time                                            -0.43
  ------------------------------------------------------------------------------------------
  slack (VIOLATED)                                             -0.33


  Startpoint: a[8] (input port)
  Endpoint: diff[22] (output port)
  Path Group: default
  Path Type: max

  Des/Clust/Port     Wire Load Model       Library
  ------------------------------------------------
  sub_32bit_ref      5K_hvratio_1_1        NangateOpenCellLibrary

Attributes:
    d - dont_touch
    u - dont_use
   mo - map_only
   so - size_only
    i - ideal_net or ideal_network
  inf - infeasible path

  Point                        Fanout     Trans      Incr       Path      Attributes
  ------------------------------------------------------------------------------------------
  input external delay                               0.00       0.00 r
  a[8] (in)                                0.00      0.00       0.00 r
  a[8] (net)                     4                   0.00       0.00 r
  sub_8_U77/ZN (INV_X1)                    0.00      0.02       0.02 f
  sub_8_n61 (net)                1                   0.00       0.02 f
  sub_8_U241/ZN (NAND2_X1)                 0.01      0.03       0.05 r
  sub_8_n443 (net)               2                   0.00       0.05 r
  sub_8_U240/ZN (NAND4_X1)                 0.02      0.05       0.10 f
  sub_8_n381 (net)               2                   0.00       0.10 f
  sub_8_U437/ZN (NOR2_X1)                  0.04      0.07       0.17 r
  sub_8_n396 (net)               3                   0.00       0.17 r
  sub_8_U122/ZN (OAI211_X1)                0.02      0.05       0.22 f
  sub_8_n87 (net)                1                   0.00       0.22 f
  sub_8_U135/ZN (NAND3_X1)                 0.02      0.03       0.26 r
  sub_8_n97 (net)                2                   0.00       0.26 r
  sub_8_U101/ZN (OR2_X2)                   0.01      0.05       0.30 r
  sub_8_n123 (net)               4                   0.00       0.30 r
  sub_8_U456/ZN (INV_X1)                   0.01      0.03       0.33 f
  sub_8_n320 (net)               2                   0.00       0.33 f
  sub_8_U445/ZN (OAI211_X1)                0.02      0.05       0.38 r
  sub_8_n317 (net)               1                   0.00       0.38 r
  sub_8_U200/ZN (XNOR2_X1)                 0.01      0.05       0.43 r
  diff[22] (net)                 1                   0.00       0.43 r
  diff[22] (out)                           0.01      0.00       0.43 r
  data arrival time                                             0.43

  max_delay                                          0.10       0.10
  output external delay                              0.00       0.10
  data required time                                            0.10
  ------------------------------------------------------------------------------------------
  data required time                                            0.10
  data arrival time                                            -0.43
  ------------------------------------------------------------------------------------------
  slack (VIOLATED)                                             -0.33


1
