
13. Printing statistics.

=== add_sub ===

   Number of wires:                277
   Number of wire bits:            457
   Number of public wires:           4
   Number of public wire bits:      49
   Number of ports:                  4
   Number of port bits:             49
   Number of memories:               0
   Number of memory bits:            0
   Number of processes:              0
   Number of cells:                155
     AND2_X1                         5
     AND3_X1                         1
     AOI211_X1                       3
     AOI21_X1                       16
     AOI22_X1                        2
     INV_X1                         17
     MUX2_X1                         2
     NAND2_X1                       22
     NAND3_X1                        5
     NOR2_X1                        20
     NOR3_X1                         2
     OAI211_X1                       1
     OAI21_X1                       19
     OAI22_X1                        2
     OR2_X1                          8
     OR3_X1                          1
     XNOR2_X1                       14
     XOR2_X1                        15

   Chip area for module '\add_sub': 164.388000
     of which used for sequential elements: 0.000000 (0.00%)

