
13. Printing statistics.

=== add_sub_ref ===

   Number of wires:                323
   Number of wire bits:            594
   Number of public wires:          10
   Number of public wire bits:      97
   Number of ports:                  4
   Number of port bits:             49
   Number of memories:               0
   Number of memory bits:            0
   Number of processes:              0
   Number of cells:                179
     AND2_X1                         4
     AND3_X1                         3
     AOI211_X1                       1
     AOI21_X1                       21
     AOI22_X1                        3
     INV_X1                         17
     MUX2_X1                         9
     NAND2_X1                       25
     NAND3_X1                        3
     NAND4_X1                        1
     NOR2_X1                        24
     NOR3_X1                         2
     NOR4_X1                         1
     OAI21_X1                       11
     OAI221_X1                       1
     OAI22_X1                        2
     OR2_X1                          6
     OR3_X1                          1
     OR4_X1                          1
     XNOR2_X1                       25
     XOR2_X1                        18

   Chip area for module '\add_sub_ref': 202.692000
     of which used for sequential elements: 0.000000 (0.00%)

