
13. Printing statistics.

=== adder_ref ===

   Number of wires:                440
   Number of wire bits:            719
   Number of public wires:           9
   Number of public wire bits:     195
   Number of ports:                  6
   Number of port bits:             99
   Number of memories:               0
   Number of memory bits:            0
   Number of processes:              0
   Number of cells:                266
     AND2_X1                        10
     AND3_X1                         2
     AOI21_X1                        5
     AOI221_X1                       4
     AOI22_X1                       27
     DFF_X1                         32
     INV_X1                         13
     MUX2_X1                         1
     NAND2_X1                       45
     NAND3_X1                       12
     NOR2_X1                         8
     NOR3_X1                         2
     OAI211_X1                       3
     OAI21_X1                       39
     OAI22_X1                        1
     OR2_X1                          5
     OR3_X1                          3
     XNOR2_X1                       44
     XOR2_X1                        10

   Chip area for module '\adder_ref': 413.896000
     of which used for sequential elements: 144.704000 (34.96%)

