
13. Printing statistics.

=== adder_select_ref ===

   Number of wires:                490
   Number of wire bits:            804
   Number of public wires:           8
   Number of public wire bits:     226
   Number of ports:                  6
   Number of port bits:            162
   Number of memories:               0
   Number of memory bits:            0
   Number of processes:              0
   Number of cells:                241
     AND2_X1                        12
     AND3_X1                         2
     AOI211_X1                       3
     AOI21_X1                       12
     AOI22_X1                        2
     INV_X1                         11
     MUX2_X1                        62
     NAND2_X1                       35
     NAND3_X1                        1
     NAND4_X1                        1
     NOR2_X1                        20
     OAI211_X1                       5
     OAI21_X1                       11
     OAI22_X1                        1
     OAI33_X1                        2
     OR2_X1                          9
     XNOR2_X1                       33
     XOR2_X1                        19

   Chip area for module '\adder_select_ref': 318.402000
     of which used for sequential elements: 0.000000 (0.00%)

