
13. Printing statistics.

=== adder ===

   Number of wires:                501
   Number of wire bits:            842
   Number of public wires:          11
   Number of public wire bits:     259
   Number of ports:                  6
   Number of port bits:             99
   Number of memories:               0
   Number of memory bits:            0
   Number of processes:              0
   Number of cells:                323
     AND2_X1                         9
     AND3_X1                        12
     AND4_X1                         1
     AOI211_X1                       5
     AOI21_X1                       10
     AOI221_X1                       2
     AOI222_X1                       1
     AOI22_X1                       26
     DFF_X1                         32
     INV_X1                         27
     MUX2_X1                         1
     NAND2_X1                       29
     NAND3_X1                       31
     NOR2_X1                        26
     OAI211_X1                       8
     OAI21_X1                       58
     OAI22_X1                        1
     OR2_X1                         18
     OR3_X1                          1
     XNOR2_X1                       17
     XOR2_X1                         8

   Chip area for module '\adder': 456.190000
     of which used for sequential elements: 144.704000 (31.72%)

