
13. Printing statistics.

=== adder_select ===

   Number of wires:                724
   Number of wire bits:           1136
   Number of public wires:           6
   Number of public wire bits:     162
   Number of ports:                  6
   Number of port bits:            162
   Number of memories:               0
   Number of memory bits:            0
   Number of processes:              0
   Number of cells:                363
     AND2_X1                        23
     AND3_X1                         1
     AOI211_X1                       7
     AOI21_X1                       48
     INV_X1                         14
     MUX2_X1                        14
     NAND2_X1                       59
     NAND3_X1                        8
     NOR2_X1                        30
     NOR3_X1                         1
     OAI211_X1                       9
     OAI21_X1                       29
     OAI22_X1                        9
     OR2_X1                          6
     OR3_X1                          3
     XNOR2_X1                       58
     XOR2_X1                        44

   Chip area for module '\adder_select': 428.260000
     of which used for sequential elements: 0.000000 (0.00%)

