
13. Printing statistics.

=== addr_calcu ===

   Number of wires:                340
   Number of wire bits:            695
   Number of public wires:          12
   Number of public wire bits:     129
   Number of ports:                  6
   Number of port bits:             49
   Number of memories:               0
   Number of memory bits:            0
   Number of processes:              0
   Number of cells:                197
     AND2_X1                         4
     AND3_X1                         2
     AOI21_X1                       19
     INV_X1                         14
     MUX2_X1                         3
     NAND2_X1                       26
     NAND3_X1                        1
     NOR2_X1                        32
     NOR3_X1                         3
     OAI211_X1                       2
     OAI21_X1                       19
     OAI221_X1                       1
     OAI22_X1                        3
     OR2_X1                          8
     OR3_X1                          2
     XNOR2_X1                       45
     XOR2_X1                        13

   Chip area for module '\addr_calcu': 222.908000
     of which used for sequential elements: 0.000000 (0.00%)

