
13. Printing statistics.

=== addr_calcu_ref ===

   Number of wires:                192
   Number of wire bits:            383
   Number of public wires:           9
   Number of public wire bits:      81
   Number of ports:                  6
   Number of port bits:             49
   Number of memories:               0
   Number of memory bits:            0
   Number of processes:              0
   Number of cells:                101
     AND2_X1                         4
     AOI211_X1                       3
     AOI21_X1                        7
     INV_X1                         10
     MUX2_X1                         8
     NAND2_X1                       10
     NOR2_X1                         9
     NOR3_X1                         1
     NOR4_X1                         1
     OAI21_X1                        7
     OR2_X1                          3
     XNOR2_X1                       26
     XOR2_X1                        12

   Chip area for module '\addr_calcu_ref': 124.754000
     of which used for sequential elements: 0.000000 (0.00%)

