
13. Printing statistics.

=== alu_64bit_ref ===

   Number of wires:               1791
   Number of wire bits:           4164
   Number of public wires:           8
   Number of public wire bits:     389
   Number of ports:                  4
   Number of port bits:            195
   Number of memories:               0
   Number of memory bits:            0
   Number of processes:              0
   Number of cells:               1094
     AND2_X1                        21
     AND3_X1                         8
     AND4_X1                         2
     AOI211_X1                      56
     AOI21_X1                       25
     AOI221_X1                       1
     AOI22_X1                       56
     INV_X1                         43
     MUX2_X1                        64
     NAND2_X1                       73
     NAND3_X1                       73
     NAND4_X1                       63
     NOR2_X1                       205
     NOR3_X1                        10
     NOR4_X1                         5
     OAI211_X1                       9
     OAI21_X1                      101
     OAI221_X1                      12
     OAI22_X1                        1
     OAI33_X1                        5
     OR2_X1                         24
     OR3_X1                          5
     XNOR2_X1                      175
     XOR2_X1                        57

   Chip area for module '\alu_64bit_ref': 1307.656000
     of which used for sequential elements: 0.000000 (0.00%)

