
13. Printing statistics.

=== alu_64bit ===

   Number of wires:               2358
   Number of wire bits:           4298
   Number of public wires:           4
   Number of public wire bits:     195
   Number of ports:                  4
   Number of port bits:            195
   Number of memories:               0
   Number of memory bits:            0
   Number of processes:              0
   Number of cells:               1411
     AND2_X1                        24
     AND3_X1                         3
     AOI211_X1                      36
     AOI21_X1                      137
     AOI221_X1                      32
     AOI22_X1                        9
     INV_X1                        121
     MUX2_X1                        60
     NAND2_X1                      215
     NAND3_X1                       35
     NAND4_X1                        5
     NOR2_X1                       207
     NOR3_X1                         9
     NOR4_X1                         3
     OAI211_X1                      39
     OAI21_X1                      155
     OAI221_X1                      68
     OAI22_X1                        6
     OAI33_X1                        1
     OR2_X1                         54
     OR3_X1                          3
     XNOR2_X1                      108
     XOR2_X1                        81

   Chip area for module '\alu_64bit': 1554.770000
     of which used for sequential elements: 0.000000 (0.00%)

