
13. Printing statistics.

=== alu_8bit ===

   Number of wires:                257
   Number of wire bits:            517
   Number of public wires:           4
   Number of public wire bits:      27
   Number of ports:                  4
   Number of port bits:             27
   Number of memories:               0
   Number of memory bits:            0
   Number of processes:              0
   Number of cells:                152
     AND2_X1                         8
     AOI211_X1                       5
     AOI21_X1                       15
     AOI221_X1                       2
     AOI22_X1                        6
     INV_X1                         14
     NAND2_X1                       20
     NAND3_X1                        9
     NAND4_X1                        1
     NOR2_X1                        16
     NOR3_X1                         3
     OAI211_X1                       6
     OAI21_X1                       17
     OAI221_X1                       6
     OAI22_X1                        2
     OR2_X1                          5
     OR3_X1                          1
     XNOR2_X1                       10
     XOR2_X1                         6

   Chip area for module '\alu_8bit': 163.058000
     of which used for sequential elements: 0.000000 (0.00%)

