
13. Printing statistics.

=== calculation_ref ===

   Number of wires:                927
   Number of wire bits:           1876
   Number of public wires:          10
   Number of public wire bits:      80
   Number of ports:                 10
   Number of port bits:             80
   Number of memories:               0
   Number of memory bits:            0
   Number of processes:              0
   Number of cells:                567
     AND2_X1                        28
     AND3_X1                         7
     AOI211_X1                       8
     AOI21_X1                       42
     AOI221_X1                       5
     AOI22_X1                        7
     INV_X1                         44
     MUX2_X1                        19
     NAND2_X1                       66
     NAND3_X1                        7
     NAND4_X1                        2
     NOR2_X1                        78
     NOR3_X1                         8
     NOR4_X1                         3
     OAI211_X1                       8
     OAI21_X1                       43
     OAI221_X1                       3
     OAI22_X1                        3
     OAI33_X1                        5
     OR2_X1                         14
     OR3_X1                          8
     OR4_X1                          1
     XNOR2_X1                      103
     XOR2_X1                        55

   Chip area for module '\calculation_ref': 661.808000
     of which used for sequential elements: 0.000000 (0.00%)

