
13. Printing statistics.

=== comparator ===

   Number of wires:                111
   Number of wire bits:            199
   Number of public wires:           6
   Number of public wire bits:      22
   Number of ports:                  4
   Number of port bits:             20
   Number of memories:               0
   Number of memory bits:            0
   Number of processes:              0
   Number of cells:                 40
     AND2_X1                         1
     AOI211_X1                       4
     AOI21_X1                        2
     INV_X1                         11
     MUX2_X1                         1
     NAND2_X1                        4
     NAND3_X1                        1
     NAND4_X1                        1
     NOR2_X1                         2
     NOR3_X1                         2
     OAI211_X1                       1
     OAI21_X1                        2
     OAI22_X1                        4
     XNOR2_X1                        2
     XOR2_X1                         2

   Chip area for module '\comparator': 40.698000
     of which used for sequential elements: 0.000000 (0.00%)

