
13. Printing statistics.

=== comparator_16bit_ref ===

   Number of wires:                357
   Number of wire bits:            387
   Number of public wires:           5
   Number of public wire bits:      35
   Number of ports:                  5
   Number of port bits:             35
   Number of memories:               0
   Number of memory bits:            0
   Number of processes:              0
   Number of cells:                104
     AND2_X1                         5
     AOI211_X1                       1
     AOI21_X1                        9
     AOI221_X1                       1
     INV_X1                         24
     NAND2_X1                       11
     NAND3_X1                        8
     NAND4_X1                        2
     NOR2_X1                         6
     NOR3_X1                         5
     NOR4_X1                         2
     OAI211_X1                       8
     OAI21_X1                        5
     OR2_X1                          2
     OR3_X1                          1
     XNOR2_X1                       12
     XOR2_X1                         2

   Chip area for module '\comparator_16bit_ref': 105.070000
     of which used for sequential elements: 0.000000 (0.00%)

