
13. Printing statistics.

=== comparator_2bit_ref ===

   Number of wires:                 28
   Number of wire bits:             35
   Number of public wires:           5
   Number of public wire bits:       7
   Number of ports:                  5
   Number of port bits:              7
   Number of memories:               0
   Number of memory bits:            0
   Number of processes:              0
   Number of cells:                 10
     AND2_X1                         1
     AOI21_X1                        2
     INV_X1                          2
     NAND2_X1                        2
     NOR2_X1                         1
     OAI21_X1                        1
     XNOR2_X1                        1

   Chip area for module '\comparator_2bit_ref': 9.310000
     of which used for sequential elements: 0.000000 (0.00%)

