
13. Printing statistics.

=== comparator_8bit ===

   Number of wires:                170
   Number of wire bits:            184
   Number of public wires:           5
   Number of public wire bits:      19
   Number of ports:                  5
   Number of port bits:             19
   Number of memories:               0
   Number of memory bits:            0
   Number of processes:              0
   Number of cells:                 45
     AOI211_X1                       1
     AOI21_X1                        2
     AOI221_X1                       1
     INV_X1                          9
     NAND2_X1                        3
     NAND3_X1                        4
     NAND4_X1                        3
     NOR2_X1                         4
     NOR3_X1                         4
     NOR4_X1                         2
     OAI211_X1                       2
     OAI21_X1                        2
     OAI221_X1                       1
     XNOR2_X1                        4
     XOR2_X1                         3

   Chip area for module '\comparator_8bit': 48.146000
     of which used for sequential elements: 0.000000 (0.00%)

