
13. Printing statistics.

=== comparator_4bit_ref ===

   Number of wires:                 45
   Number of wire bits:             68
   Number of public wires:           5
   Number of public wire bits:      11
   Number of ports:                  5
   Number of port bits:             11
   Number of memories:               0
   Number of memory bits:            0
   Number of processes:              0
   Number of cells:                 18
     AND2_X1                         1
     AND4_X1                         1
     AOI21_X1                        2
     AOI22_X1                        2
     INV_X1                          6
     NOR2_X1                         2
     OAI211_X1                       1
     OR2_X1                          2
     XOR2_X1                         1

   Chip area for module '\comparator_4bit_ref': 17.290000
     of which used for sequential elements: 0.000000 (0.00%)

