
13. Printing statistics.

=== comparator_8bit_ref ===

   Number of wires:                 77
   Number of wire bits:            134
   Number of public wires:           5
   Number of public wire bits:      19
   Number of ports:                  5
   Number of port bits:             19
   Number of memories:               0
   Number of memory bits:            0
   Number of processes:              0
   Number of cells:                 33
     AND2_X1                         1
     AND4_X1                         1
     AOI211_X1                       1
     AOI21_X1                        2
     AOI221_X1                       1
     AOI22_X1                        2
     INV_X1                         12
     NAND2_X1                        2
     NOR2_X1                         3
     NOR3_X1                         1
     OAI211_X1                       1
     OAI21_X1                        2
     OAI221_X1                       1
     OAI22_X1                        3

   Chip area for module '\comparator_8bit_ref': 30.856000
     of which used for sequential elements: 0.000000 (0.00%)

