
13. Printing statistics.

=== decoder_6bit ===

   Number of wires:                106
   Number of wire bits:            489
   Number of public wires:           2
   Number of public wire bits:      70
   Number of ports:                  2
   Number of port bits:             70
   Number of memories:               0
   Number of memory bits:            0
   Number of processes:              0
   Number of cells:                 93
     AND4_X1                         2
     INV_X1                          6
     NAND2_X1                        3
     NAND3_X1                        3
     NAND4_X1                        9
     NOR2_X1                        10
     NOR3_X1                        47
     NOR4_X1                         8
     OR2_X1                          2
     OR3_X1                          1
     OR4_X1                          2

   Chip area for module '\decoder_6bit': 99.218000
     of which used for sequential elements: 0.000000 (0.00%)

