
13. Printing statistics.

=== decoder_6bit_ref ===

   Number of wires:                195
   Number of wire bits:            312
   Number of public wires:           3
   Number of public wire bits:     102
   Number of ports:                  2
   Number of port bits:             70
   Number of memories:               0
   Number of memory bits:            0
   Number of processes:              0
   Number of cells:                 91
     INV_X1                          5
     NAND2_X1                        3
     NAND3_X1                        6
     NAND4_X1                        9
     NOR2_X1                        66
     OR2_X1                          2

   Chip area for module '\decoder_6bit_ref': 78.204000
     of which used for sequential elements: 0.000000 (0.00%)

