
13. Printing statistics.

=== divider_4bit_ref ===

   Number of wires:                133
   Number of wire bits:            446
   Number of public wires:           9
   Number of public wire bits:      70
   Number of ports:                  4
   Number of port bits:             14
   Number of memories:               0
   Number of memory bits:            0
   Number of processes:              0
   Number of cells:                 39
     AOI211_X1                       2
     AOI21_X1                        4
     AOI22_X1                        2
     INV_X1                          6
     NAND2_X1                        3
     NAND3_X1                        1
     NOR2_X1                         3
     NOR3_X1                         3
     NOR4_X1                         1
     OAI21_X1                        5
     OAI22_X1                        2
     OR2_X1                          2
     OR3_X1                          1
     XNOR2_X1                        3
     XOR2_X1                         1

   Chip area for module '\divider_4bit_ref': 40.964000
     of which used for sequential elements: 0.000000 (0.00%)

