
13. Printing statistics.

=== divider_4bit ===

   Number of wires:                112
   Number of wire bits:            274
   Number of public wires:           6
   Number of public wire bits:      54
   Number of ports:                  4
   Number of port bits:             14
   Number of memories:               0
   Number of memory bits:            0
   Number of processes:              0
   Number of cells:                 52
     AND2_X1                         1
     AND3_X1                         1
     AOI211_X1                       2
     AOI21_X1                        3
     AOI22_X1                        1
     INV_X1                          8
     MUX2_X1                         4
     NAND2_X1                        5
     NAND3_X1                        1
     NOR2_X1                         6
     NOR3_X1                         2
     NOR4_X1                         1
     OAI21_X1                        4
     OR2_X1                          1
     XNOR2_X1                       10
     XOR2_X1                         2

   Chip area for module '\divider_4bit': 59.052000
     of which used for sequential elements: 0.000000 (0.00%)

