
13. Printing statistics.

=== divider_8bit_ref ===

   Number of wires:                527
   Number of wire bits:           1438
   Number of public wires:           9
   Number of public wire bits:     104
   Number of ports:                  4
   Number of port bits:             28
   Number of memories:               0
   Number of memory bits:            0
   Number of processes:              0
   Number of cells:                171
     AND2_X1                         8
     AND3_X1                         3
     AND4_X1                         1
     AOI211_X1                       4
     AOI21_X1                       19
     AOI22_X1                        3
     INV_X1                         20
     MUX2_X1                         9
     NAND2_X1                       12
     NAND3_X1                        8
     NOR2_X1                        22
     NOR3_X1                         4
     OAI211_X1                       5
     OAI21_X1                       11
     OAI221_X1                       2
     OR2_X1                         12
     OR3_X1                          1
     XNOR2_X1                       20
     XOR2_X1                         7

   Chip area for module '\divider_8bit_ref': 189.658000
     of which used for sequential elements: 0.000000 (0.00%)

