
13. Printing statistics.

=== divider_16bit_ref ===

   Number of wires:               2116
   Number of wire bits:           5157
   Number of public wires:           7
   Number of public wire bits:     152
   Number of ports:                  4
   Number of port bits:             56
   Number of memories:               0
   Number of memory bits:            0
   Number of processes:              0
   Number of cells:                662
     AND2_X1                         6
     AND3_X1                        13
     AOI211_X1                       8
     AOI21_X1                       63
     AOI22_X1                        6
     INV_X1                         69
     MUX2_X1                        66
     NAND2_X1                       68
     NAND3_X1                       22
     NAND4_X1                        1
     NOR2_X1                        80
     NOR3_X1                         9
     NOR4_X1                         2
     OAI211_X1                       9
     OAI21_X1                       63
     OAI221_X1                       1
     OAI22_X1                        3
     OR2_X1                         41
     OR3_X1                         10
     XNOR2_X1                      109
     XOR2_X1                        13

   Chip area for module '\divider_16bit_ref': 760.228000
     of which used for sequential elements: 0.000000 (0.00%)

