
13. Printing statistics.

=== divider_32bit_ref ===

   Number of wires:               8341
   Number of wire bits:          20510
   Number of public wires:           7
   Number of public wire bits:     272
   Number of ports:                  4
   Number of port bits:            112
   Number of memories:               0
   Number of memory bits:            0
   Number of processes:              0
   Number of cells:               2419
     AND2_X1                        81
     AND3_X1                        28
     AOI211_X1                      22
     AOI21_X1                      222
     AOI22_X1                        5
     INV_X1                        165
     MUX2_X1                       265
     NAND2_X1                      184
     NAND3_X1                       31
     NAND4_X1                        4
     NOR2_X1                       331
     NOR3_X1                        29
     NOR4_X1                         6
     OAI211_X1                      22
     OAI21_X1                      183
     OAI221_X1                       6
     OAI22_X1                        5
     OAI33_X1                       18
     OR2_X1                        165
     OR3_X1                         20
     OR4_X1                          4
     XNOR2_X1                      535
     XOR2_X1                        88

   Chip area for module '\divider_32bit_ref': 2941.428000
     of which used for sequential elements: 0.000000 (0.00%)

