
13. Printing statistics.

=== fsm ===

   Number of wires:                209
   Number of wire bits:            541
   Number of public wires:           8
   Number of public wire bits:      38
   Number of ports:                  6
   Number of port bits:             20
   Number of memories:               0
   Number of memory bits:            0
   Number of processes:              0
   Number of cells:                 85
     AND2_X1                         3
     AND3_X1                         1
     AND4_X1                         1
     AOI21_X1                        3
     AOI221_X1                       5
     AOI22_X1                        5
     DFFR_X1                         8
     DFFS_X1                         1
     INV_X1                          8
     MUX2_X1                         1
     NAND2_X1                        3
     NAND3_X1                        3
     NAND4_X1                        1
     NOR2_X1                         3
     NOR3_X1                         3
     NOR4_X1                         7
     OAI211_X1                       5
     OAI21_X1                        5
     OAI221_X1                       1
     OAI22_X1                        1
     OR2_X1                          4
     OR3_X1                          4
     OR4_X1                          6
     XNOR2_X1                        1
     XOR2_X1                         2

   Chip area for module '\fsm': 138.586000
     of which used for sequential elements: 47.880000 (34.55%)

