
13. Printing statistics.

=== fsm_ref ===

   Number of wires:                157
   Number of wire bits:            374
   Number of public wires:           8
   Number of public wire bits:      28
   Number of ports:                  6
   Number of port bits:             20
   Number of memories:               0
   Number of memory bits:            0
   Number of processes:              0
   Number of cells:                 70
     AND2_X1                         1
     AND4_X1                         1
     AOI211_X1                       1
     AOI21_X1                        5
     AOI221_X1                       4
     AOI22_X1                        2
     DFFR_X1                         4
     INV_X1                          4
     NAND2_X1                        9
     NAND3_X1                        7
     NAND4_X1                        2
     NOR2_X1                         2
     NOR4_X1                         8
     OAI211_X1                       5
     OAI21_X1                        7
     OAI221_X1                       2
     OR2_X1                          2
     OR4_X1                          3
     XOR2_X1                         1

   Chip area for module '\fsm_ref': 97.090000
     of which used for sequential elements: 21.280000 (21.92%)

