
13. Printing statistics.

=== fsm_encode_ref ===

   Number of wires:                342
   Number of wire bits:            581
   Number of public wires:          11
   Number of public wire bits:      50
   Number of ports:                  6
   Number of port bits:             20
   Number of memories:               0
   Number of memory bits:            0
   Number of processes:              0
   Number of cells:                170
     AND2_X1                        11
     AOI211_X1                       1
     AOI21_X1                        9
     AOI222_X1                       7
     AOI22_X1                       10
     DFFR_X1                        28
     INV_X1                          5
     MUX2_X1                         8
     NAND2_X1                       26
     NAND3_X1                        1
     NOR2_X1                         8
     NOR3_X1                        10
     NOR4_X1                         1
     OAI211_X1                       3
     OAI21_X1                       15
     OAI221_X1                       3
     OR2_X1                          2
     OR3_X1                          1
     OR4_X1                          2
     XNOR2_X1                        8
     XOR2_X1                        11

   Chip area for module '\fsm_encode_ref': 319.200000
     of which used for sequential elements: 148.960000 (46.67%)

