
13. Printing statistics.

=== fsm_encode ===

   Number of wires:                380
   Number of wire bits:            742
   Number of public wires:          11
   Number of public wire bits:      60
   Number of ports:                  6
   Number of port bits:             20
   Number of memories:               0
   Number of memory bits:            0
   Number of processes:              0
   Number of cells:                179
     AND2_X1                        10
     AND3_X1                         1
     AOI21_X1                       10
     AOI222_X1                       8
     AOI22_X1                        8
     DFFR_X1                        32
     DFFS_X1                         1
     INV_X1                         10
     MUX2_X1                         8
     NAND2_X1                       25
     NAND3_X1                        2
     NOR2_X1                         4
     NOR3_X1                         1
     NOR4_X1                         6
     OAI211_X1                       5
     OAI21_X1                       12
     OAI221_X1                       2
     OR2_X1                          6
     OR3_X1                          5
     OR4_X1                          1
     XNOR2_X1                       11
     XOR2_X1                        11

   Chip area for module '\fsm_encode': 352.716000
     of which used for sequential elements: 175.560000 (49.77%)

