
13. Printing statistics.

=== gray ===

   Number of wires:                142
   Number of wire bits:            351
   Number of public wires:           6
   Number of public wire bits:      22
   Number of ports:                  4
   Number of port bits:             14
   Number of memories:               0
   Number of memory bits:            0
   Number of processes:              0
   Number of cells:                 63
     AND2_X1                         1
     AND3_X1                         1
     AOI211_X1                       4
     AOI21_X1                        3
     AOI221_X1                       2
     DFFR_X1                         4
     INV_X1                          9
     MUX2_X1                         2
     NAND2_X1                        4
     NAND3_X1                        6
     NAND4_X1                        1
     NOR2_X1                         3
     NOR3_X1                         7
     NOR4_X1                        10
     OAI21_X1                        1
     OAI22_X1                        2
     OR2_X1                          1
     OR4_X1                          1
     XOR2_X1                         1

   Chip area for module '\gray': 85.918000
     of which used for sequential elements: 21.280000 (24.77%)

