
13. Printing statistics.

=== gray_ref ===

   Number of wires:                145
   Number of wire bits:            354
   Number of public wires:           6
   Number of public wire bits:      22
   Number of ports:                  4
   Number of port bits:             14
   Number of memories:               0
   Number of memory bits:            0
   Number of processes:              0
   Number of cells:                 67
     AND2_X1                         2
     AOI211_X1                       3
     AOI21_X1                        5
     AOI221_X1                       1
     DFFR_X1                         4
     INV_X1                          4
     MUX2_X1                         3
     NAND2_X1                        8
     NAND3_X1                        4
     NOR2_X1                        10
     NOR3_X1                         4
     NOR4_X1                         6
     OAI21_X1                        1
     OAI22_X1                        4
     OR2_X1                          6
     OR4_X1                          1
     XNOR2_X1                        1

   Chip area for module '\gray_ref': 88.844000
     of which used for sequential elements: 21.280000 (23.95%)

