
13. Printing statistics.

=== mac ===

   Number of wires:                737
   Number of wire bits:           1598
   Number of public wires:           9
   Number of public wire bits:      82
   Number of ports:                  5
   Number of port bits:             34
   Number of memories:               0
   Number of memory bits:            0
   Number of processes:              0
   Number of cells:                532
     AND2_X1                        17
     AND3_X1                        21
     AND4_X1                        10
     AOI211_X1                       3
     AOI21_X1                       55
     AOI221_X1                       1
     AOI22_X1                       16
     DFF_X1                         64
     INV_X1                         16
     MUX2_X1                         1
     NAND2_X1                       58
     NAND3_X1                       18
     NAND4_X1                        4
     NOR2_X1                        49
     NOR3_X1                        12
     NOR4_X1                         1
     OAI211_X1                       1
     OAI21_X1                       50
     OAI22_X1                        2
     OAI33_X1                        2
     OR2_X1                         11
     OR3_X1                         14
     OR4_X1                          1
     XNOR2_X1                       65
     XOR2_X1                        40

   Chip area for module '\mac': 831.516000
     of which used for sequential elements: 289.408000 (34.80%)

