
13. Printing statistics.

=== mul ===

   Number of wires:                498
   Number of wire bits:           2077
   Number of public wires:           5
   Number of public wire bits:      41
   Number of ports:                  4
   Number of port bits:             25
   Number of memories:               0
   Number of memory bits:            0
   Number of processes:              0
   Number of cells:                399
     AND2_X1                        12
     AND3_X1                        23
     AND4_X1                        10
     AOI211_X1                       2
     AOI21_X1                       32
     AOI22_X1                       15
     DFF_X1                          8
     INV_X1                         15
     MUX2_X1                         1
     NAND2_X1                       44
     NAND3_X1                       26
     NAND4_X1                        6
     NOR2_X1                        33
     NOR3_X1                        11
     NOR4_X1                         1
     OAI211_X1                       4
     OAI21_X1                       54
     OAI221_X1                       1
     OAI22_X1                        4
     OR2_X1                          9
     OR3_X1                         24
     OR4_X1                          1
     XNOR2_X1                       35
     XOR2_X1                        28

   Chip area for module '\mul': 485.450000
     of which used for sequential elements: 36.176000 (7.45%)

