
13. Printing statistics.

=== mul_subexpression ===

   Number of wires:                494
   Number of wire bits:           1119
   Number of public wires:          26
   Number of public wire bits:     336
   Number of ports:                  3
   Number of port bits:             32
   Number of memories:               0
   Number of memory bits:            0
   Number of processes:              0
   Number of cells:                299
     AND2_X1                        14
     AND3_X1                        22
     AOI21_X1                       46
     AOI22_X1                        2
     INV_X1                          4
     NAND2_X1                       48
     NAND3_X1                       17
     NOR2_X1                        21
     OAI21_X1                       23
     OAI22_X1                        2
     OR2_X1                          9
     XNOR2_X1                       66
     XOR2_X1                        25

   Chip area for module '\mul_subexpression': 352.982000
     of which used for sequential elements: 0.000000 (0.00%)

