
13. Printing statistics.

=== mul_const_ref ===

   Number of wires:                 83
   Number of wire bits:            167
   Number of public wires:           6
   Number of public wire bits:      48
   Number of ports:                  6
   Number of port bits:             48
   Number of memories:               0
   Number of memory bits:            0
   Number of processes:              0
   Number of cells:                 42
     AND2_X1                         2
     AND3_X1                         1
     AOI21_X1                        4
     NAND2_X1                        6
     NAND3_X1                        1
     NOR2_X1                         4
     OAI21_X1                        3
     OR2_X1                          2
     XNOR2_X1                       12
     XOR2_X1                         7

   Chip area for module '\mul_const_ref': 52.402000
     of which used for sequential elements: 0.000000 (0.00%)

