
13. Printing statistics.

=== mult_if ===

   Number of wires:                 39
   Number of wire bits:             50
   Number of public wires:           7
   Number of public wire bits:      18
   Number of ports:                  4
   Number of port bits:             15
   Number of memories:               0
   Number of memory bits:            0
   Number of processes:              0
   Number of cells:                 12
     AOI21_X1                        1
     AOI221_X1                       1
     AOI22_X1                        1
     INV_X1                          5
     NAND2_X1                        1
     NAND3_X1                        1
     NOR2_X1                         1
     OAI221_X1                       1

   Chip area for module '\mult_if': 10.906000
     of which used for sequential elements: 0.000000 (0.00%)

