
13. Printing statistics.

=== mux_large_ref ===

   Number of wires:                270
   Number of wire bits:            493
   Number of public wires:          14
   Number of public wire bits:     108
   Number of ports:                 12
   Number of port bits:             92
   Number of memories:               0
   Number of memory bits:            0
   Number of processes:              0
   Number of cells:                112
     AND2_X1                         5
     AND3_X1                         1
     AOI211_X1                       1
     AOI21_X1                        1
     AOI221_X1                       7
     AOI222_X1                       8
     AOI22_X1                       16
     INV_X1                         28
     NAND2_X1                        7
     NAND3_X1                        2
     NOR2_X1                         2
     NOR3_X1                         4
     OAI21_X1                       27
     OAI221_X1                       3

   Chip area for module '\mux_large_ref': 120.498000
     of which used for sequential elements: 0.000000 (0.00%)

