
13. Printing statistics.

=== mux_4to1_16bit_ref ===

   Number of wires:                187
   Number of wire bits:            421
   Number of public wires:          10
   Number of public wire bits:     146
   Number of ports:                  6
   Number of port bits:             82
   Number of memories:               0
   Number of memory bits:            0
   Number of processes:              0
   Number of cells:                 84
     AND2_X1                         1
     INV_X1                          2
     NAND2_X1                       32
     NAND3_X1                       32
     NAND4_X1                       16
     NOR2_X1                         1

   Chip area for module '\mux_4to1_16bit_ref': 83.790000
     of which used for sequential elements: 0.000000 (0.00%)

