
13. Printing statistics.

=== mux_large ===

   Number of wires:                210
   Number of wire bits:            417
   Number of public wires:          12
   Number of public wire bits:      92
   Number of ports:                 12
   Number of port bits:             92
   Number of memories:               0
   Number of memory bits:            0
   Number of processes:              0
   Number of cells:                 65
     AND2_X1                         8
     AOI21_X1                        1
     AOI222_X1                      16
     AOI22_X1                       16
     INV_X1                          4
     NAND2_X1                        1
     NAND3_X1                        8
     NOR3_X1                         2
     NOR4_X1                         8
     OR2_X1                          1

   Chip area for module '\mux_large': 90.174000
     of which used for sequential elements: 0.000000 (0.00%)

