
13. Printing statistics.

=== mux_4to1_64bit ===

   Number of wires:                600
   Number of wire bits:           1294
   Number of public wires:          10
   Number of public wire bits:     578
   Number of ports:                  6
   Number of port bits:            322
   Number of memories:               0
   Number of memory bits:            0
   Number of processes:              0
   Number of cells:                324
     AND2_X1                         1
     INV_X1                          2
     NAND2_X1                      128
     NAND3_X1                      128
     NAND4_X1                       64
     NOR2_X1                         1

   Chip area for module '\mux_4to1_64bit': 326.382000
     of which used for sequential elements: 0.000000 (0.00%)

