
13. Printing statistics.

=== register_ref ===

   Number of wires:               8104
   Number of wire bits:          13078
   Number of public wires:          40
   Number of public wire bits:    1106
   Number of ports:                  9
   Number of port bits:            114
   Number of memories:               0
   Number of memory bits:            0
   Number of processes:              0
   Number of cells:               4507
     AND2_X1                         1
     AND4_X1                        63
     AOI211_X1                       1
     AOI21_X1                        1
     AOI221_X1                       1
     AOI222_X1                      71
     AOI22_X1                      947
     DFFR_X1                       983
     DFFS_X1                         9
     INV_X1                       1036
     MUX2_X1                       992
     NAND2_X1                       18
     NAND3_X1                       26
     NAND4_X1                      193
     NOR2_X1                        42
     NOR3_X1                        79
     NOR4_X1                        23
     OAI21_X1                        1
     OR2_X1                          5
     OR3_X1                          3
     OR4_X1                          2
     XNOR2_X1                        6
     XOR2_X1                         4

   Chip area for module '\register_ref': 9668.302000
     of which used for sequential elements: 5277.440000 (54.58%)

