
13. Printing statistics.

=== register ===

   Number of wires:               8096
   Number of wire bits:          13101
   Number of public wires:          41
   Number of public wire bits:    1138
   Number of ports:                  9
   Number of port bits:            114
   Number of memories:               0
   Number of memory bits:            0
   Number of processes:              0
   Number of cells:               4500
     AND2_X1                        21
     AND3_X1                         4
     AND4_X1                        60
     AOI211_X1                      63
     AOI21_X1                       13
     AOI221_X1                       7
     AOI222_X1                     230
     AOI22_X1                      616
     DFFR_X1                       983
     DFFS_X1                         9
     INV_X1                       1016
     MUX2_X1                       992
     NAND2_X1                       63
     NAND3_X1                       73
     NAND4_X1                      129
     NOR2_X1                        80
     NOR3_X1                        81
     NOR4_X1                        45
     OAI211_X1                       1
     OAI21_X1                        2
     OAI221_X1                       2
     OAI22_X1                        3
     OR2_X1                          2
     OR3_X1                          2
     OR4_X1                          1
     XNOR2_X1                        2

   Chip area for module '\register': 9735.600000
     of which used for sequential elements: 5277.440000 (54.21%)

