
13. Printing statistics.

=== saturating_add ===

   Number of wires:                122
   Number of wire bits:            206
   Number of public wires:           7
   Number of public wire bits:      36
   Number of ports:                  4
   Number of port bits:             25
   Number of memories:               0
   Number of memory bits:            0
   Number of processes:              0
   Number of cells:                 58
     AND2_X1                         4
     AOI211_X1                       1
     AOI21_X1                        6
     DFF_X1                         10
     INV_X1                          5
     NAND2_X1                        8
     NOR2_X1                         3
     OAI21_X1                        8
     OR2_X1                          1
     XNOR2_X1                        6
     XOR2_X1                         6

   Chip area for module '\saturating_add': 97.356000
     of which used for sequential elements: 45.220000 (46.45%)

