
13. Printing statistics.

=== selector_ref ===

   Number of wires:                 29
   Number of wire bits:             73
   Number of public wires:           3
   Number of public wire bits:      12
   Number of ports:                  3
   Number of port bits:             12
   Number of memories:               0
   Number of memory bits:            0
   Number of processes:              0
   Number of cells:                 15
     AOI21_X1                        1
     DFF_X1                          6
     INV_X1                          1
     NAND2_X1                        1
     NOR2_X1                         1
     OAI21_X1                        2
     XNOR2_X1                        2
     XOR2_X1                         1

   Chip area for module '\selector_ref': 37.240000
     of which used for sequential elements: 27.132000 (72.86%)

