
13. Printing statistics.

=== sub_8bit_ref ===

   Number of wires:                 90
   Number of wire bits:            151
   Number of public wires:           5
   Number of public wire bits:      34
   Number of ports:                  4
   Number of port bits:             25
   Number of memories:               0
   Number of memory bits:            0
   Number of processes:              0
   Number of cells:                 46
     AND2_X1                         4
     AND3_X1                         2
     AOI21_X1                        3
     INV_X1                         10
     MUX2_X1                         1
     NAND2_X1                        3
     NOR2_X1                         6
     OAI21_X1                        4
     OR2_X1                          1
     OR3_X1                          3
     XNOR2_X1                        7
     XOR2_X1                         2

   Chip area for module '\sub_8bit_ref': 48.146000
     of which used for sequential elements: 0.000000 (0.00%)

