
13. Printing statistics.

=== sub_8bit ===

   Number of wires:                108
   Number of wire bits:            167
   Number of public wires:           7
   Number of public wire bits:      66
   Number of ports:                  4
   Number of port bits:             25
   Number of memories:               0
   Number of memory bits:            0
   Number of processes:              0
   Number of cells:                 45
     AND2_X1                         1
     AOI21_X1                        3
     INV_X1                          8
     MUX2_X1                         1
     NAND2_X1                        6
     NOR2_X1                         9
     OAI21_X1                        3
     XNOR2_X1                       10
     XOR2_X1                         4

   Chip area for module '\sub_8bit': 47.880000
     of which used for sequential elements: 0.000000 (0.00%)

