
13. Printing statistics.

=== sub_4bit ===

   Number of wires:                 52
   Number of wire bits:             95
   Number of public wires:           7
   Number of public wire bits:      50
   Number of ports:                  4
   Number of port bits:             13
   Number of memories:               0
   Number of memory bits:            0
   Number of processes:              0
   Number of cells:                 21
     AND2_X1                         1
     AOI21_X1                        1
     INV_X1                          4
     MUX2_X1                         1
     NAND2_X1                        2
     NOR2_X1                         5
     OAI21_X1                        1
     XNOR2_X1                        4
     XOR2_X1                         2

   Chip area for module '\sub_4bit': 22.344000
     of which used for sequential elements: 0.000000 (0.00%)

