
13. Printing statistics.

=== sub_4bit_ref ===

   Number of wires:                 43
   Number of wire bits:             72
   Number of public wires:           5
   Number of public wire bits:      18
   Number of ports:                  4
   Number of port bits:             13
   Number of memories:               0
   Number of memory bits:            0
   Number of processes:              0
   Number of cells:                 20
     AND2_X1                         2
     AOI21_X1                        1
     INV_X1                          4
     MUX2_X1                         1
     NAND2_X1                        1
     NOR2_X1                         2
     OAI21_X1                        2
     OR2_X1                          1
     OR3_X1                          1
     XNOR2_X1                        3
     XOR2_X1                         2

   Chip area for module '\sub_4bit_ref': 22.078000
     of which used for sequential elements: 0.000000 (0.00%)

