
13. Printing statistics.

=== sub_16bit ===

   Number of wires:                181
   Number of wire bits:            306
   Number of public wires:           5
   Number of public wire bits:      66
   Number of ports:                  4
   Number of port bits:             49
   Number of memories:               0
   Number of memory bits:            0
   Number of processes:              0
   Number of cells:                 92
     AND2_X1                         5
     AND3_X1                         2
     AOI21_X1                        4
     INV_X1                         19
     MUX2_X1                         1
     NAND2_X1                        8
     NOR2_X1                        10
     OAI211_X1                       3
     OAI21_X1                       11
     OR2_X1                          1
     OR3_X1                          4
     XNOR2_X1                       19
     XOR2_X1                         5

   Chip area for module '\sub_16bit': 98.952000
     of which used for sequential elements: 0.000000 (0.00%)

