
13. Printing statistics.

=== sub_16bit_ref ===

   Number of wires:                220
   Number of wire bits:            311
   Number of public wires:           7
   Number of public wire bits:      98
   Number of ports:                  4
   Number of port bits:             49
   Number of memories:               0
   Number of memory bits:            0
   Number of processes:              0
   Number of cells:                 93
     AND2_X1                         1
     AOI21_X1                        7
     AOI22_X1                        3
     INV_X1                         16
     MUX2_X1                         1
     NAND2_X1                       14
     NOR2_X1                        17
     OAI21_X1                        7
     OR2_X1                          3
     XNOR2_X1                       16
     XOR2_X1                         8

   Chip area for module '\sub_16bit_ref': 96.558000
     of which used for sequential elements: 0.000000 (0.00%)

