
13. Printing statistics.

=== sub_32bit_ref ===

   Number of wires:                370
   Number of wire bits:            623
   Number of public wires:           5
   Number of public wire bits:     130
   Number of ports:                  4
   Number of port bits:             97
   Number of memories:               0
   Number of memory bits:            0
   Number of processes:              0
   Number of cells:                188
     AND2_X1                         4
     AND3_X1                         3
     AOI21_X1                       16
     INV_X1                         34
     MUX2_X1                         1
     NAND2_X1                       25
     NOR2_X1                        30
     OAI21_X1                       15
     OAI221_X1                       1
     OR3_X1                          3
     XNOR2_X1                       42
     XOR2_X1                        14

   Chip area for module '\sub_32bit_ref': 200.032000
     of which used for sequential elements: 0.000000 (0.00%)

