
13. Printing statistics.

=== ticket_machine ===

   Number of wires:                 73
   Number of wire bits:             84
   Number of public wires:           9
   Number of public wire bits:      14
   Number of ports:                  8
   Number of port bits:              8
   Number of memories:               0
   Number of memory bits:            0
   Number of processes:              0
   Number of cells:                 29
     AND3_X1                         1
     DFF_X1                          6
     INV_X1                          5
     NAND2_X1                        6
     NAND3_X1                        4
     NOR2_X1                         1
     NOR3_X1                         2
     OAI211_X1                       2
     OAI21_X1                        2

   Chip area for module '\ticket_machine': 47.880000
     of which used for sequential elements: 27.132000 (56.67%)

