 
****************************************
Report : area
Design : sub_4bit
Version: T-2022.03-SP2
Date   : Mon May 12 03:09:59 2025
****************************************

Library(s) Used:

    NangateOpenCellLibrary (File: /temp2tb/luyao/lib/NangateOpenCellLibrary_PDKv1_3_v2010_12/db/typical.db)

Number of ports:                           13
Number of nets:                            45
Number of cells:                           37
Number of combinational cells:             37
Number of sequential cells:                 0
Number of macros/black boxes:               0
Number of buf/inv:                         15
Number of references:                      16

Combinational area:                 36.708000
Buf/Inv area:                        8.512000
Noncombinational area:               0.000000
Macro/Black Box area:                0.000000
Net Interconnect area:      undefined  (Wire load has zero net area)

Total cell area:                    36.708000
Total area:                 undefined

Hierarchical area distribution
------------------------------

                                  Global cell area          Local cell area
                                  ------------------  --------------------------- 
Hierarchical cell                 Absolute   Percent  Combi-    Noncombi-  Black-
                                  Total      Total    national  national   boxes   Design
--------------------------------  ---------  -------  --------  ---------  ------  ---------
sub_4bit                            36.7080    100.0   36.7080     0.0000  0.0000  sub_4bit
--------------------------------  ---------  -------  --------  ---------  ------  ---------
Total                                                  36.7080     0.0000  0.0000

1
