Information: Updating design information... (UID-85)
 
****************************************
Report : qor
Design : sub_4bit
Version: T-2022.03-SP2
Date   : Mon May 12 03:09:59 2025
****************************************


  Timing Path Group 'default'
  -----------------------------------
  Levels of Logic:               5.00
  Critical Path Length:          0.20
  Critical Path Slack:          -0.10
  Critical Path Clk Period:       n/a
  Total Negative Slack:         -0.35
  No. of Violating Paths:        5.00
  Worst Hold Violation:          0.00
  Total Hold Violation:          0.00
  No. of Hold Violations:        0.00
  -----------------------------------


  Cell Count
  -----------------------------------
  Hierarchical Cell Count:          0
  Hierarchical Port Count:          0
  Leaf Cell Count:                 37
  Buf/Inv Cell Count:              15
  Buf Cell Count:                   2
  Inv Cell Count:                  13
  CT Buf/Inv Cell Count:            0
  Combinational Cell Count:        37
  Sequential Cell Count:            0
  Macro Count:                      0
  -----------------------------------


  Area
  -----------------------------------
  Combinational Area:       36.708000
  Noncombinational Area:     0.000000
  Buf/Inv Area:              8.512000
  Total Buffer Area:             1.60
  Total Inverter Area:           6.92
  Macro/Black Box Area:      0.000000
  Net Area:                  0.000000
  -----------------------------------
  Cell Area:                36.708000
  Design Area:              36.708000


  Design Rules
  -----------------------------------
  Total Number of Nets:            45
  Nets With Violations:             0
  Max Trans Violations:             0
  Max Cap Violations:               0
  -----------------------------------


  Hostname: acf3030

  Compile CPU Statistics
  -----------------------------------------
  Resource Sharing:                    0.00
  Logic Optimization:                  0.14
  Mapping Optimization:                0.13
  -----------------------------------------
  Overall Compile Time:                0.64
  Overall Compile Wall Clock Time:     0.83

  --------------------------------------------------------------------

  Design  WNS: 0.10  TNS: 0.35  Number of Violating Paths: 5


  Design (Hold)  WNS: 0.00  TNS: 0.00  Number of Violating Paths: 0

  --------------------------------------------------------------------


1
