 
****************************************
Report : timing
        -path full
        -delay max
        -nets
        -max_paths 10
        -transition_time
Design : sub_4bit
Version: T-2022.03-SP2
Date   : Mon May 12 03:09:59 2025
****************************************

Operating Conditions: typical   Library: NangateOpenCellLibrary
Wire Load Model Mode: top

  Startpoint: b[1] (input port)
  Endpoint: diff[3] (output port)
  Path Group: default
  Path Type: max

  Des/Clust/Port     Wire Load Model       Library
  ------------------------------------------------
  sub_4bit           5K_hvratio_1_1        NangateOpenCellLibrary

Attributes:
    d - dont_touch
    u - dont_use
   mo - map_only
   so - size_only
    i - ideal_net or ideal_network
  inf - infeasible path

  Point                        Fanout     Trans      Incr       Path      Attributes
  ------------------------------------------------------------------------------------------
  input external delay                               0.00       0.00 r
  b[1] (in)                                0.00      0.00       0.00 r
  b[1] (net)                     4                   0.00       0.00 r
  U28/ZN (INV_X1)                          0.00      0.02       0.02 f
  n21 (net)                      1                   0.00       0.02 f
  U44/ZN (AOI22_X1)                        0.03      0.05       0.07 r
  n28 (net)                      1                   0.00       0.07 r
  U45/ZN (NAND3_X1)                        0.01      0.04       0.11 f
  n44 (net)                      2                   0.00       0.11 f
  U30/ZN (AND3_X1)                         0.01      0.04       0.15 f
  n22 (net)                      1                   0.00       0.15 f
  U29/ZN (XNOR2_X1)                        0.01      0.05       0.20 f
  diff[3] (net)                  1                   0.00       0.20 f
  diff[3] (out)                            0.01      0.00       0.20 f
  data arrival time                                             0.20

  max_delay                                          0.10       0.10
  output external delay                              0.00       0.10
  data required time                                            0.10
  ------------------------------------------------------------------------------------------
  data required time                                            0.10
  data arrival time                                            -0.20
  ------------------------------------------------------------------------------------------
  slack (VIOLATED)                                             -0.10


  Startpoint: a[2] (input port)
  Endpoint: overflow (output port)
  Path Group: default
  Path Type: max

  Des/Clust/Port     Wire Load Model       Library
  ------------------------------------------------
  sub_4bit           5K_hvratio_1_1        NangateOpenCellLibrary

Attributes:
    d - dont_touch
    u - dont_use
   mo - map_only
   so - size_only
    i - ideal_net or ideal_network
  inf - infeasible path

  Point                        Fanout     Trans      Incr       Path      Attributes
  ------------------------------------------------------------------------------------------
  input external delay                               0.00       0.00 r
  a[2] (in)                                0.00      0.00       0.00 r
  a[2] (net)                     5                   0.00       0.00 r
  U34/ZN (INV_X1)                          0.00      0.02       0.02 f
  n43 (net)                      1                   0.00       0.02 f
  U36/ZN (OAI211_X1)                       0.02      0.04       0.07 r
  n26 (net)                      1                   0.00       0.07 r
  U39/ZN (INV_X1)                          0.01      0.02       0.09 f
  n27 (net)                      1                   0.00       0.09 f
  U40/ZN (AOI211_X1)                       0.04      0.08       0.17 r
  n33 (net)                      1                   0.00       0.17 r
  U51/ZN (AOI221_X1)                       0.01      0.03       0.20 f
  overflow (net)                 1                   0.00       0.20 f
  overflow (out)                           0.01      0.00       0.20 f
  data arrival time                                             0.20

  max_delay                                          0.10       0.10
  output external delay                              0.00       0.10
  data required time                                            0.10
  ------------------------------------------------------------------------------------------
  data required time                                            0.10
  data arrival time                                            -0.20
  ------------------------------------------------------------------------------------------
  slack (VIOLATED)                                             -0.10


  Startpoint: b[1] (input port)
  Endpoint: diff[2] (output port)
  Path Group: default
  Path Type: max

  Des/Clust/Port     Wire Load Model       Library
  ------------------------------------------------
  sub_4bit           5K_hvratio_1_1        NangateOpenCellLibrary

Attributes:
    d - dont_touch
    u - dont_use
   mo - map_only
   so - size_only
    i - ideal_net or ideal_network
  inf - infeasible path

  Point                        Fanout     Trans      Incr       Path      Attributes
  ------------------------------------------------------------------------------------------
  input external delay                               0.00       0.00 f
  b[1] (in)                                0.00      0.00       0.00 f
  b[1] (net)                     4                   0.00       0.00 f
  U43/ZN (INV_X1)                          0.01      0.03       0.03 r
  n38 (net)                      2                   0.00       0.03 r
  U27/ZN (INV_X1)                          0.00      0.02       0.05 f
  n20 (net)                      1                   0.00       0.05 f
  U55/ZN (AOI22_X1)                        0.03      0.06       0.11 r
  n41 (net)                      1                   0.00       0.11 r
  U21/ZN (XNOR2_X1)                        0.01      0.06       0.17 r
  diff[2] (net)                  1                   0.00       0.17 r
  diff[2] (out)                            0.01      0.00       0.17 r
  data arrival time                                             0.17

  max_delay                                          0.10       0.10
  output external delay                              0.00       0.10
  data required time                                            0.10
  ------------------------------------------------------------------------------------------
  data required time                                            0.10
  data arrival time                                            -0.17
  ------------------------------------------------------------------------------------------
  slack (VIOLATED)                                             -0.07


  Startpoint: b[1] (input port)
  Endpoint: diff[1] (output port)
  Path Group: default
  Path Type: max

  Des/Clust/Port     Wire Load Model       Library
  ------------------------------------------------
  sub_4bit           5K_hvratio_1_1        NangateOpenCellLibrary

Attributes:
    d - dont_touch
    u - dont_use
   mo - map_only
   so - size_only
    i - ideal_net or ideal_network
  inf - infeasible path

  Point                        Fanout     Trans      Incr       Path      Attributes
  ------------------------------------------------------------------------------------------
  input external delay                               0.00       0.00 r
  b[1] (in)                                0.00      0.00       0.00 r
  b[1] (net)                     4                   0.00       0.00 r
  U25/Z (BUF_X1)                           0.02      0.04       0.04 r
  n18 (net)                      3                   0.00       0.04 r
  U24/ZN (XNOR2_X1)                        0.02      0.06       0.10 r
  n17 (net)                      1                   0.00       0.10 r
  U23/Z (XOR2_X1)                          0.01      0.06       0.16 r
  diff[1] (net)                  1                   0.00       0.16 r
  diff[1] (out)                            0.01      0.00       0.16 r
  data arrival time                                             0.16

  max_delay                                          0.10       0.10
  output external delay                              0.00       0.10
  data required time                                            0.10
  ------------------------------------------------------------------------------------------
  data required time                                            0.10
  data arrival time                                            -0.16
  ------------------------------------------------------------------------------------------
  slack (VIOLATED)                                             -0.06


  Startpoint: a[0] (input port)
  Endpoint: diff[0] (output port)
  Path Group: default
  Path Type: max

  Des/Clust/Port     Wire Load Model       Library
  ------------------------------------------------
  sub_4bit           5K_hvratio_1_1        NangateOpenCellLibrary

Attributes:
    d - dont_touch
    u - dont_use
   mo - map_only
   so - size_only
    i - ideal_net or ideal_network
  inf - infeasible path

  Point                        Fanout     Trans      Incr       Path      Attributes
  ------------------------------------------------------------------------------------------
  input external delay                               0.00       0.00 f
  a[0] (in)                                0.00      0.00       0.00 f
  a[0] (net)                     2                   0.00       0.00 f
  U41/ZN (INV_X1)                          0.02      0.04       0.04 r
  n39 (net)                      4                   0.00       0.04 r
  U52/ZN (NAND2_X1)                        0.01      0.04       0.08 f
  n35 (net)                      2                   0.00       0.08 f
  U53/ZN (OAI21_X1)                        0.01      0.03       0.11 r
  diff[0] (net)                  1                   0.00       0.11 r
  diff[0] (out)                            0.01      0.00       0.11 r
  data arrival time                                             0.11

  max_delay                                          0.10       0.10
  output external delay                              0.00       0.10
  data required time                                            0.10
  ------------------------------------------------------------------------------------------
  data required time                                            0.10
  data arrival time                                            -0.11
  ------------------------------------------------------------------------------------------
  slack (VIOLATED)                                             -0.01


1
