 
****************************************
Report : area
Design : fsm
Version: T-2022.03-SP2
Date   : Mon May 12 02:37:36 2025
****************************************

Library(s) Used:

    NangateOpenCellLibrary (File: /temp2tb/luyao/lib/NangateOpenCellLibrary_PDKv1_3_v2010_12/db/typical.db)

Number of ports:                           20
Number of nets:                           169
Number of cells:                          149
Number of combinational cells:            140
Number of sequential cells:                 9
Number of macros/black boxes:               0
Number of buf/inv:                         36
Number of references:                      26

Combinational area:                144.969999
Buf/Inv area:                       22.610000
Noncombinational area:              47.880002
Macro/Black Box area:                0.000000
Net Interconnect area:      undefined  (Wire load has zero net area)

Total cell area:                   192.850001
Total area:                 undefined

Hierarchical area distribution
------------------------------

                                  Global cell area          Local cell area
                                  ------------------  --------------------------- 
Hierarchical cell                 Absolute   Percent  Combi-    Noncombi-  Black-
                                  Total      Total    national  national   boxes   Design
--------------------------------  ---------  -------  --------  ---------  ------  ---------
fsm                                192.8500    100.0  144.9700    47.8800  0.0000  fsm
--------------------------------  ---------  -------  --------  ---------  ------  ---------
Total                                                 144.9700    47.8800  0.0000

1
