Information: Updating design information... (UID-85)
 
****************************************
Report : qor
Design : sub_8bit_ref
Version: T-2022.03-SP2
Date   : Mon May 12 02:42:09 2025
****************************************


  Timing Path Group 'default'
  -----------------------------------
  Levels of Logic:               8.00
  Critical Path Length:          0.36
  Critical Path Slack:          -0.26
  Critical Path Clk Period:       n/a
  Total Negative Slack:         -1.47
  No. of Violating Paths:        8.00
  Worst Hold Violation:          0.00
  Total Hold Violation:          0.00
  No. of Hold Violations:        0.00
  -----------------------------------


  Cell Count
  -----------------------------------
  Hierarchical Cell Count:          0
  Hierarchical Port Count:          0
  Leaf Cell Count:                128
  Buf/Inv Cell Count:              44
  Buf Cell Count:                   3
  Inv Cell Count:                  41
  CT Buf/Inv Cell Count:            0
  Combinational Cell Count:       128
  Sequential Cell Count:            0
  Macro Count:                      0
  -----------------------------------


  Area
  -----------------------------------
  Combinational Area:      111.986000
  Noncombinational Area:     0.000000
  Buf/Inv Area:             24.206000
  Total Buffer Area:             2.39
  Total Inverter Area:          21.81
  Macro/Black Box Area:      0.000000
  Net Area:                  0.000000
  -----------------------------------
  Cell Area:               111.986000
  Design Area:             111.986000


  Design Rules
  -----------------------------------
  Total Number of Nets:           144
  Nets With Violations:             0
  Max Trans Violations:             0
  Max Cap Violations:               0
  -----------------------------------


  Hostname: acf3030

  Compile CPU Statistics
  -----------------------------------------
  Resource Sharing:                    0.04
  Logic Optimization:                  0.35
  Mapping Optimization:                0.35
  -----------------------------------------
  Overall Compile Time:                1.12
  Overall Compile Wall Clock Time:     1.32

  --------------------------------------------------------------------

  Design  WNS: 0.26  TNS: 1.47  Number of Violating Paths: 8


  Design (Hold)  WNS: 0.00  TNS: 0.00  Number of Violating Paths: 0

  --------------------------------------------------------------------


1
