Information: Updating design information... (UID-85)
 
****************************************
Report : qor
Design : divider_4bit
Version: T-2022.03-SP2
Date   : Mon May 12 01:44:26 2025
****************************************


  Timing Path Group 'default'
  -----------------------------------
  Levels of Logic:               8.00
  Critical Path Length:          0.42
  Critical Path Slack:          -0.32
  Critical Path Clk Period:       n/a
  Total Negative Slack:         -1.29
  No. of Violating Paths:        7.00
  Worst Hold Violation:          0.00
  Total Hold Violation:          0.00
  No. of Hold Violations:        0.00
  -----------------------------------


  Cell Count
  -----------------------------------
  Hierarchical Cell Count:          0
  Hierarchical Port Count:          0
  Leaf Cell Count:                 85
  Buf/Inv Cell Count:              22
  Buf Cell Count:                   5
  Inv Cell Count:                  17
  CT Buf/Inv Cell Count:            0
  Combinational Cell Count:        85
  Sequential Cell Count:            0
  Macro Count:                      0
  -----------------------------------


  Area
  -----------------------------------
  Combinational Area:       84.854000
  Noncombinational Area:     0.000000
  Buf/Inv Area:             13.034000
  Total Buffer Area:             3.99
  Total Inverter Area:           9.04
  Macro/Black Box Area:      0.000000
  Net Area:                  0.000000
  -----------------------------------
  Cell Area:                84.854000
  Design Area:              84.854000


  Design Rules
  -----------------------------------
  Total Number of Nets:            91
  Nets With Violations:             0
  Max Trans Violations:             0
  Max Cap Violations:               0
  -----------------------------------


  Hostname: acf3030

  Compile CPU Statistics
  -----------------------------------------
  Resource Sharing:                    0.58
  Logic Optimization:                  1.49
  Mapping Optimization:                0.29
  -----------------------------------------
  Overall Compile Time:                2.83
  Overall Compile Wall Clock Time:     3.07

  --------------------------------------------------------------------

  Design  WNS: 0.32  TNS: 1.29  Number of Violating Paths: 7


  Design (Hold)  WNS: 0.00  TNS: 0.00  Number of Violating Paths: 0

  --------------------------------------------------------------------


1
