 
****************************************
Report : area
Design : adder_ref
Version: T-2022.03-SP2
Date   : Mon May 12 02:38:42 2025
****************************************

Library(s) Used:

    NangateOpenCellLibrary (File: /temp2tb/luyao/lib/NangateOpenCellLibrary_PDKv1_3_v2010_12/db/typical.db)

Number of ports:                           99
Number of nets:                           596
Number of cells:                          531
Number of combinational cells:            497
Number of sequential cells:                32
Number of macros/black boxes:               0
Number of buf/inv:                         84
Number of references:                      22

Combinational area:                495.025997
Buf/Inv area:                       50.274000
Noncombinational area:             144.703995
Macro/Black Box area:                0.000000
Net Interconnect area:      undefined  (Wire load has zero net area)

Total cell area:                   639.729992
Total area:                 undefined

Hierarchical area distribution
------------------------------

                                  Global cell area          Local cell area
                                  ------------------  --------------------------- 
Hierarchical cell                 Absolute   Percent  Combi-    Noncombi-  Black-
                                  Total      Total    national  national   boxes   Design
--------------------------------  ---------  -------  --------  ---------  ------  ---------
adder_ref                          639.7300    100.0  495.0260   144.7040  0.0000  adder_ref
--------------------------------  ---------  -------  --------  ---------  ------  ---------
Total                                                 495.0260   144.7040  0.0000

1
