Loading db file '/temp2tb/luyao/lib/NangateOpenCellLibrary_PDKv1_3_v2010_12/db/typical.db'
Information: Propagating switching activity (low effort zero delay simulation). (PWR-6)
Warning: Design has unannotated primary inputs. (PWR-414)
Warning: Design has unannotated sequential cell outputs. (PWR-415)
 
****************************************
Report : power
        -analysis_effort low
Design : adder_ref
Version: T-2022.03-SP2
Date   : Mon May 12 02:38:42 2025
****************************************


Library(s) Used:

    NangateOpenCellLibrary (File: /temp2tb/luyao/lib/NangateOpenCellLibrary_PDKv1_3_v2010_12/db/typical.db)


Operating Conditions: typical   Library: NangateOpenCellLibrary
Wire Load Model Mode: top

Design        Wire Load Model            Library
------------------------------------------------
adder_ref              5K_hvratio_1_1    NangateOpenCellLibrary


Global Operating Voltage = 1.1  
Power-specific unit information :
    Voltage Units = 1V
    Capacitance Units = 1.000000ff
    Time Units = 1ns
    Dynamic Power Units = 1uW    (derived from V,C,T units)
    Leakage Power Units = 1nW


Attributes
----------
i - Including register clock pin internal power


  Cell Internal Power  =   3.0788 mW   (72%)
  Net Switching Power  =   1.1834 mW   (28%)
                         ---------
Total Dynamic Power    =   4.2622 mW  (100%)

Cell Leakage Power     =  15.0388 uW


                 Internal         Switching           Leakage            Total
Power Group      Power            Power               Power              Power   (   %    )  Attrs
--------------------------------------------------------------------------------------------------
io_pad             0.0000            0.0000            0.0000            0.0000  (   0.00%)
memory             0.0000            0.0000            0.0000            0.0000  (   0.00%)
black_box          0.0000            0.0000            0.0000            0.0000  (   0.00%)
clock_network  1.1604e+03            0.0000            0.0000            0.0000  (   0.00%)  i
register         562.7653           11.2058        2.5316e+03        1.7369e+03  (  40.61%)
sequential         0.0000            0.0000            0.0000            0.0000  (   0.00%)
combinational  1.3556e+03        1.1722e+03        1.2507e+04        2.5403e+03  (  59.39%)
--------------------------------------------------------------------------------------------------
Total          3.0788e+03 uW     1.1834e+03 uW     1.5039e+04 nW     4.2772e+03 uW
1
