Information: Updating design information... (UID-85)
 
****************************************
Report : qor
Design : adder_carry
Version: T-2022.03-SP2
Date   : Mon May 12 01:42:53 2025
****************************************


  Timing Path Group 'default'
  -----------------------------------
  Levels of Logic:               5.00
  Critical Path Length:          0.30
  Critical Path Slack:          -0.20
  Critical Path Clk Period:       n/a
  Total Negative Slack:         -1.52
  No. of Violating Paths:        9.00
  Worst Hold Violation:          0.00
  Total Hold Violation:          0.00
  No. of Hold Violations:        0.00
  -----------------------------------


  Cell Count
  -----------------------------------
  Hierarchical Cell Count:          0
  Hierarchical Port Count:          0
  Leaf Cell Count:                 91
  Buf/Inv Cell Count:              29
  Buf Cell Count:                  10
  Inv Cell Count:                  19
  CT Buf/Inv Cell Count:            0
  Combinational Cell Count:        91
  Sequential Cell Count:            0
  Macro Count:                      0
  -----------------------------------


  Area
  -----------------------------------
  Combinational Area:       98.686000
  Noncombinational Area:     0.000000
  Buf/Inv Area:             18.354000
  Total Buffer Area:             8.25
  Total Inverter Area:          10.11
  Macro/Black Box Area:      0.000000
  Net Area:                  0.000000
  -----------------------------------
  Cell Area:                98.686000
  Design Area:              98.686000


  Design Rules
  -----------------------------------
  Total Number of Nets:           108
  Nets With Violations:             0
  Max Trans Violations:             0
  Max Cap Violations:               0
  -----------------------------------


  Hostname: acf3030

  Compile CPU Statistics
  -----------------------------------------
  Resource Sharing:                    0.00
  Logic Optimization:                  0.29
  Mapping Optimization:                0.40
  -----------------------------------------
  Overall Compile Time:                1.08
  Overall Compile Wall Clock Time:     1.27

  --------------------------------------------------------------------

  Design  WNS: 0.20  TNS: 1.52  Number of Violating Paths: 9


  Design (Hold)  WNS: 0.00  TNS: 0.00  Number of Violating Paths: 0

  --------------------------------------------------------------------


1
