Loading db file '/temp2tb/luyao/lib/NangateOpenCellLibrary_PDKv1_3_v2010_12/db/typical.db'
Information: Propagating switching activity (low effort zero delay simulation). (PWR-6)
Warning: Design has unannotated primary inputs. (PWR-414)
Warning: Design has unannotated sequential cell outputs. (PWR-415)
 
****************************************
Report : power
        -analysis_effort low
Design : register
Version: T-2022.03-SP2
Date   : Wed May 14 19:03:55 2025
****************************************


Library(s) Used:

    NangateOpenCellLibrary (File: /temp2tb/luyao/lib/NangateOpenCellLibrary_PDKv1_3_v2010_12/db/typical.db)


Operating Conditions: typical   Library: NangateOpenCellLibrary
Wire Load Model Mode: top

Design        Wire Load Model            Library
------------------------------------------------
register               5K_hvratio_1_1    NangateOpenCellLibrary


Global Operating Voltage = 1.1  
Power-specific unit information :
    Voltage Units = 1V
    Capacitance Units = 1.000000ff
    Time Units = 1ns
    Dynamic Power Units = 1uW    (derived from V,C,T units)
    Leakage Power Units = 1nW


Attributes
----------
i - Including register clock pin internal power


  Cell Internal Power  =  72.9209 mW   (92%)
  Net Switching Power  =   6.7119 mW    (8%)
                         ---------
Total Dynamic Power    =  79.6328 mW  (100%)

Cell Leakage Power     = 186.6374 uW


                 Internal         Switching           Leakage            Total
Power Group      Power            Power               Power              Power   (   %    )  Attrs
--------------------------------------------------------------------------------------------------
io_pad             0.0000            0.0000            0.0000            0.0000  (   0.00%)
memory             0.0000            0.0000            0.0000            0.0000  (   0.00%)
black_box          0.0000            0.0000            0.0000            0.0000  (   0.00%)
clock_network  7.0058e+04            0.0000            0.0000            0.0000  (   0.00%)  i
register         623.6406          157.6680        7.9319e+04        7.0918e+04  (  88.85%)
sequential         0.0000            0.0000            0.0000            0.0000  (   0.00%)
combinational  2.2396e+03        6.5542e+03        1.0732e+05        8.9011e+03  (  11.15%)
--------------------------------------------------------------------------------------------------
Total          7.2921e+04 uW     6.7119e+03 uW     1.8664e+05 nW     7.9819e+04 uW
1
