 
****************************************
Report : area
Design : add_sub_ref
Version: T-2022.03-SP2
Date   : Wed May 14 19:07:12 2025
****************************************

Library(s) Used:

    NangateOpenCellLibrary (File: /temp2tb/luyao/lib/NangateOpenCellLibrary_PDKv1_3_v2010_12/db/typical.db)

Number of ports:                           49
Number of nets:                           417
Number of cells:                          387
Number of combinational cells:            383
Number of sequential cells:                 0
Number of macros/black boxes:               0
Number of buf/inv:                         98
Number of references:                      23

Combinational area:                356.971997
Buf/Inv area:                       54.796000
Noncombinational area:               0.000000
Macro/Black Box area:                0.000000
Net Interconnect area:      undefined  (Wire load has zero net area)

Total cell area:                   356.971997
Total area:                 undefined

Hierarchical area distribution
------------------------------

                                  Global cell area          Local cell area
                                  ------------------  --------------------------- 
Hierarchical cell                 Absolute   Percent  Combi-    Noncombi-  Black-
                                  Total      Total    national  national   boxes   Design
--------------------------------  ---------  -------  --------  ---------  ------  ---------
add_sub_ref                        356.9720    100.0  356.9720     0.0000  0.0000  add_sub_ref
--------------------------------  ---------  -------  --------  ---------  ------  ---------
Total                                                 356.9720     0.0000  0.0000

1
