 
****************************************
Report : timing
        -path full
        -delay max
        -nets
        -max_paths 10
        -transition_time
Design : add_sub_ref
Version: T-2022.03-SP2
Date   : Wed May 14 19:07:12 2025
****************************************

Operating Conditions: typical   Library: NangateOpenCellLibrary
Wire Load Model Mode: top

  Startpoint: b[2] (input port)
  Endpoint: result[12] (output port)
  Path Group: default
  Path Type: max

  Des/Clust/Port     Wire Load Model       Library
  ------------------------------------------------
  add_sub_ref        5K_hvratio_1_1        NangateOpenCellLibrary

Attributes:
    d - dont_touch
    u - dont_use
   mo - map_only
   so - size_only
    i - ideal_net or ideal_network
  inf - infeasible path

  Point                                       Fanout     Trans      Incr       Path      Attributes
  ---------------------------------------------------------------------------------------------------------
  input external delay                                              0.00       0.00 r
  b[2] (in)                                               0.00      0.00       0.00 r
  b[2] (net)                                    5                   0.00       0.00 r
  sub_26_U24/ZN (INV_X1)                                  0.00      0.02       0.02 f
  sub_26_n17 (net)                              1                   0.00       0.02 f
  sub_26_U23/ZN (OAI22_X1)                                0.03      0.05       0.07 r
  sub_26_n63 (net)                              1                   0.00       0.07 r
  sub_26_U28/ZN (AOI21_X1)                                0.01      0.03       0.10 f
  sub_26_n58 (net)                              1                   0.00       0.10 f
  sub_26_U100/ZN (NOR2_X1)                                0.02      0.04       0.14 r
  sub_26_n48 (net)                              1                   0.00       0.14 r
  sub_26_U97/ZN (AOI21_X1)                                0.01      0.03       0.17 f
  sub_26_n39 (net)                              1                   0.00       0.17 f
  sub_26_U31/ZN (NOR3_X2)                                 0.03      0.06       0.23 r
  N36 (net)                                     3                   0.00       0.23 r
  sub_1_root_sub_28_2_U11/ZN (INV_X1)                     0.02      0.04       0.27 f
  sub_1_root_sub_28_2_n2 (net)                  5                   0.00       0.27 f
  sub_1_root_sub_28_2_U93/ZN (NAND2_X1)                   0.01      0.04       0.31 r
  sub_1_root_sub_28_2_n55 (net)                 1                   0.00       0.31 r
  sub_1_root_sub_28_2_U92/ZN (OAI211_X1)                  0.02      0.04       0.35 f
  sub_1_root_sub_28_2_n51 (net)                 1                   0.00       0.35 f
  sub_1_root_sub_28_2_U91/ZN (XNOR2_X1)                   0.01      0.06       0.40 f
  N49 (net)                                     1                   0.00       0.40 f
  U51/Z (MUX2_X1)                                         0.01      0.06       0.47 f
  result[12] (net)                              1                   0.00       0.47 f
  result[12] (out)                                        0.01      0.00       0.47 f
  data arrival time                                                            0.47

  max_delay                                                         0.10       0.10
  output external delay                                             0.00       0.10
  data required time                                                           0.10
  ---------------------------------------------------------------------------------------------------------
  data required time                                                           0.10
  data arrival time                                                           -0.47
  ---------------------------------------------------------------------------------------------------------
  slack (VIOLATED)                                                            -0.37


  Startpoint: b[2] (input port)
  Endpoint: result[15] (output port)
  Path Group: default
  Path Type: max

  Des/Clust/Port     Wire Load Model       Library
  ------------------------------------------------
  add_sub_ref        5K_hvratio_1_1        NangateOpenCellLibrary

Attributes:
    d - dont_touch
    u - dont_use
   mo - map_only
   so - size_only
    i - ideal_net or ideal_network
  inf - infeasible path

  Point                                       Fanout     Trans      Incr       Path      Attributes
  ---------------------------------------------------------------------------------------------------------
  input external delay                                              0.00       0.00 r
  b[2] (in)                                               0.00      0.00       0.00 r
  b[2] (net)                                    5                   0.00       0.00 r
  sub_26_U24/ZN (INV_X1)                                  0.00      0.02       0.02 f
  sub_26_n17 (net)                              1                   0.00       0.02 f
  sub_26_U23/ZN (OAI22_X1)                                0.03      0.05       0.07 r
  sub_26_n63 (net)                              1                   0.00       0.07 r
  sub_26_U28/ZN (AOI21_X1)                                0.01      0.03       0.10 f
  sub_26_n58 (net)                              1                   0.00       0.10 f
  sub_26_U100/ZN (NOR2_X1)                                0.02      0.04       0.14 r
  sub_26_n48 (net)                              1                   0.00       0.14 r
  sub_26_U97/ZN (AOI21_X1)                                0.01      0.03       0.17 f
  sub_26_n39 (net)                              1                   0.00       0.17 f
  sub_26_U31/ZN (NOR3_X2)                                 0.03      0.06       0.23 r
  N36 (net)                                     3                   0.00       0.23 r
  sub_1_root_sub_28_2_U75/ZN (INV_X1)                     0.01      0.03       0.26 f
  sub_1_root_sub_28_2_n17 (net)                 1                   0.00       0.26 f
  sub_1_root_sub_28_2_U77/ZN (AOI22_X1)                   0.02      0.05       0.31 r
  sub_1_root_sub_28_2_n6 (net)                  1                   0.00       0.31 r
  sub_1_root_sub_28_2_U71/ZN (AND2_X1)                    0.01      0.05       0.35 r
  sub_1_root_sub_28_2_n4 (net)                  1                   0.00       0.35 r
  sub_1_root_sub_28_2_U70/ZN (XNOR2_X1)                   0.02      0.05       0.40 r
  N52 (net)                                     1                   0.00       0.40 r
  U55/ZN (AOI22_X1)                                       0.01      0.04       0.44 f
  n48 (net)                                     1                   0.00       0.44 f
  U56/ZN (INV_X1)                                         0.01      0.02       0.46 r
  result[15] (net)                              1                   0.00       0.46 r
  result[15] (out)                                        0.01      0.00       0.46 r
  data arrival time                                                            0.46

  max_delay                                                         0.10       0.10
  output external delay                                             0.00       0.10
  data required time                                                           0.10
  ---------------------------------------------------------------------------------------------------------
  data required time                                                           0.10
  data arrival time                                                           -0.46
  ---------------------------------------------------------------------------------------------------------
  slack (VIOLATED)                                                            -0.36


  Startpoint: b[2] (input port)
  Endpoint: result[14] (output port)
  Path Group: default
  Path Type: max

  Des/Clust/Port     Wire Load Model       Library
  ------------------------------------------------
  add_sub_ref        5K_hvratio_1_1        NangateOpenCellLibrary

Attributes:
    d - dont_touch
    u - dont_use
   mo - map_only
   so - size_only
    i - ideal_net or ideal_network
  inf - infeasible path

  Point                                       Fanout     Trans      Incr       Path      Attributes
  ---------------------------------------------------------------------------------------------------------
  input external delay                                              0.00       0.00 r
  b[2] (in)                                               0.00      0.00       0.00 r
  b[2] (net)                                    5                   0.00       0.00 r
  sub_26_U24/ZN (INV_X1)                                  0.00      0.02       0.02 f
  sub_26_n17 (net)                              1                   0.00       0.02 f
  sub_26_U23/ZN (OAI22_X1)                                0.03      0.05       0.07 r
  sub_26_n63 (net)                              1                   0.00       0.07 r
  sub_26_U28/ZN (AOI21_X1)                                0.01      0.03       0.10 f
  sub_26_n58 (net)                              1                   0.00       0.10 f
  sub_26_U100/ZN (NOR2_X1)                                0.02      0.04       0.14 r
  sub_26_n48 (net)                              1                   0.00       0.14 r
  sub_26_U97/ZN (AOI21_X1)                                0.01      0.03       0.17 f
  sub_26_n39 (net)                              1                   0.00       0.17 f
  sub_26_U31/ZN (NOR3_X2)                                 0.03      0.06       0.23 r
  N36 (net)                                     3                   0.00       0.23 r
  sub_1_root_sub_28_2_U11/ZN (INV_X1)                     0.02      0.04       0.27 f
  sub_1_root_sub_28_2_n2 (net)                  5                   0.00       0.27 f
  sub_1_root_sub_28_2_U81/ZN (NAND3_X1)                   0.01      0.04       0.31 r
  sub_1_root_sub_28_2_n29 (net)                 1                   0.00       0.31 r
  sub_1_root_sub_28_2_U80/ZN (NAND3_X1)                   0.01      0.03       0.35 f
  sub_1_root_sub_28_2_n23 (net)                 1                   0.00       0.35 f
  sub_1_root_sub_28_2_U79/ZN (XNOR2_X1)                   0.01      0.05       0.40 f
  N51 (net)                                     1                   0.00       0.40 f
  U53/ZN (AOI22_X1)                                       0.03      0.04       0.44 r
  n46 (net)                                     1                   0.00       0.44 r
  U54/ZN (INV_X1)                                         0.01      0.02       0.46 f
  result[14] (net)                              1                   0.00       0.46 f
  result[14] (out)                                        0.01      0.00       0.46 f
  data arrival time                                                            0.46

  max_delay                                                         0.10       0.10
  output external delay                                             0.00       0.10
  data required time                                                           0.10
  ---------------------------------------------------------------------------------------------------------
  data required time                                                           0.10
  data arrival time                                                           -0.46
  ---------------------------------------------------------------------------------------------------------
  slack (VIOLATED)                                                            -0.36


  Startpoint: b[2] (input port)
  Endpoint: result[13] (output port)
  Path Group: default
  Path Type: max

  Des/Clust/Port     Wire Load Model       Library
  ------------------------------------------------
  add_sub_ref        5K_hvratio_1_1        NangateOpenCellLibrary

Attributes:
    d - dont_touch
    u - dont_use
   mo - map_only
   so - size_only
    i - ideal_net or ideal_network
  inf - infeasible path

  Point                                       Fanout     Trans      Incr       Path      Attributes
  ---------------------------------------------------------------------------------------------------------
  input external delay                                              0.00       0.00 r
  b[2] (in)                                               0.00      0.00       0.00 r
  b[2] (net)                                    5                   0.00       0.00 r
  sub_26_U24/ZN (INV_X1)                                  0.00      0.02       0.02 f
  sub_26_n17 (net)                              1                   0.00       0.02 f
  sub_26_U23/ZN (OAI22_X1)                                0.03      0.05       0.07 r
  sub_26_n63 (net)                              1                   0.00       0.07 r
  sub_26_U28/ZN (AOI21_X1)                                0.01      0.03       0.10 f
  sub_26_n58 (net)                              1                   0.00       0.10 f
  sub_26_U100/ZN (NOR2_X1)                                0.02      0.04       0.14 r
  sub_26_n48 (net)                              1                   0.00       0.14 r
  sub_26_U97/ZN (AOI21_X1)                                0.01      0.03       0.17 f
  sub_26_n39 (net)                              1                   0.00       0.17 f
  sub_26_U31/ZN (NOR3_X2)                                 0.03      0.06       0.23 r
  N36 (net)                                     3                   0.00       0.23 r
  sub_1_root_sub_28_2_U11/ZN (INV_X1)                     0.02      0.04       0.27 f
  sub_1_root_sub_28_2_n2 (net)                  5                   0.00       0.27 f
  sub_1_root_sub_28_2_U86/ZN (NAND3_X1)                   0.01      0.04       0.31 r
  sub_1_root_sub_28_2_n45 (net)                 1                   0.00       0.31 r
  sub_1_root_sub_28_2_U85/ZN (NAND3_X1)                   0.01      0.03       0.35 f
  sub_1_root_sub_28_2_n39 (net)                 1                   0.00       0.35 f
  sub_1_root_sub_28_2_U84/ZN (XNOR2_X1)                   0.01      0.05       0.40 f
  N50 (net)                                     1                   0.00       0.40 f
  U52/Z (MUX2_X1)                                         0.01      0.06       0.46 f
  result[13] (net)                              1                   0.00       0.46 f
  result[13] (out)                                        0.01      0.00       0.46 f
  data arrival time                                                            0.46

  max_delay                                                         0.10       0.10
  output external delay                                             0.00       0.10
  data required time                                                           0.10
  ---------------------------------------------------------------------------------------------------------
  data required time                                                           0.10
  data arrival time                                                           -0.46
  ---------------------------------------------------------------------------------------------------------
  slack (VIOLATED)                                                            -0.36


  Startpoint: b[2] (input port)
  Endpoint: result[11] (output port)
  Path Group: default
  Path Type: max

  Des/Clust/Port     Wire Load Model       Library
  ------------------------------------------------
  add_sub_ref        5K_hvratio_1_1        NangateOpenCellLibrary

Attributes:
    d - dont_touch
    u - dont_use
   mo - map_only
   so - size_only
    i - ideal_net or ideal_network
  inf - infeasible path

  Point                                       Fanout     Trans      Incr       Path      Attributes
  ---------------------------------------------------------------------------------------------------------
  input external delay                                              0.00       0.00 r
  b[2] (in)                                               0.00      0.00       0.00 r
  b[2] (net)                                    5                   0.00       0.00 r
  sub_26_U24/ZN (INV_X1)                                  0.00      0.02       0.02 f
  sub_26_n17 (net)                              1                   0.00       0.02 f
  sub_26_U23/ZN (OAI22_X1)                                0.03      0.05       0.07 r
  sub_26_n63 (net)                              1                   0.00       0.07 r
  sub_26_U28/ZN (AOI21_X1)                                0.01      0.03       0.10 f
  sub_26_n58 (net)                              1                   0.00       0.10 f
  sub_26_U100/ZN (NOR2_X1)                                0.02      0.04       0.14 r
  sub_26_n48 (net)                              1                   0.00       0.14 r
  sub_26_U97/ZN (AOI21_X1)                                0.01      0.03       0.17 f
  sub_26_n39 (net)                              1                   0.00       0.17 f
  sub_26_U31/ZN (NOR3_X2)                                 0.03      0.06       0.23 r
  N36 (net)                                     3                   0.00       0.23 r
  sub_1_root_sub_28_2_U11/ZN (INV_X1)                     0.02      0.04       0.27 f
  sub_1_root_sub_28_2_n2 (net)                  5                   0.00       0.27 f
  sub_1_root_sub_28_2_U99/ZN (NAND3_X1)                   0.01      0.04       0.31 r
  sub_1_root_sub_28_2_n74 (net)                 1                   0.00       0.31 r
  sub_1_root_sub_28_2_U20/ZN (NAND2_X1)                   0.01      0.03       0.34 f
  sub_1_root_sub_28_2_n70 (net)                 1                   0.00       0.34 f
  sub_1_root_sub_28_2_U40/ZN (XNOR2_X1)                   0.01      0.05       0.39 f
  N48 (net)                                     1                   0.00       0.39 f
  U50/Z (MUX2_X1)                                         0.01      0.06       0.45 f
  result[11] (net)                              1                   0.00       0.45 f
  result[11] (out)                                        0.01      0.00       0.45 f
  data arrival time                                                            0.45

  max_delay                                                         0.10       0.10
  output external delay                                             0.00       0.10
  data required time                                                           0.10
  ---------------------------------------------------------------------------------------------------------
  data required time                                                           0.10
  data arrival time                                                           -0.45
  ---------------------------------------------------------------------------------------------------------
  slack (VIOLATED)                                                            -0.35


  Startpoint: b[2] (input port)
  Endpoint: result[9] (output port)
  Path Group: default
  Path Type: max

  Des/Clust/Port     Wire Load Model       Library
  ------------------------------------------------
  add_sub_ref        5K_hvratio_1_1        NangateOpenCellLibrary

Attributes:
    d - dont_touch
    u - dont_use
   mo - map_only
   so - size_only
    i - ideal_net or ideal_network
  inf - infeasible path

  Point                                       Fanout     Trans      Incr       Path      Attributes
  ---------------------------------------------------------------------------------------------------------
  input external delay                                              0.00       0.00 r
  b[2] (in)                                               0.00      0.00       0.00 r
  b[2] (net)                                    5                   0.00       0.00 r
  sub_26_U24/ZN (INV_X1)                                  0.00      0.02       0.02 f
  sub_26_n17 (net)                              1                   0.00       0.02 f
  sub_26_U23/ZN (OAI22_X1)                                0.03      0.05       0.07 r
  sub_26_n63 (net)                              1                   0.00       0.07 r
  sub_26_U28/ZN (AOI21_X1)                                0.01      0.03       0.10 f
  sub_26_n58 (net)                              1                   0.00       0.10 f
  sub_26_U100/ZN (NOR2_X1)                                0.02      0.04       0.14 r
  sub_26_n48 (net)                              1                   0.00       0.14 r
  sub_26_U97/ZN (AOI21_X1)                                0.01      0.03       0.17 f
  sub_26_n39 (net)                              1                   0.00       0.17 f
  sub_26_U31/ZN (NOR3_X2)                                 0.03      0.06       0.23 r
  N36 (net)                                     3                   0.00       0.23 r
  sub_1_root_sub_28_2_U11/ZN (INV_X1)                     0.02      0.04       0.27 f
  sub_1_root_sub_28_2_n2 (net)                  5                   0.00       0.27 f
  sub_1_root_sub_28_2_U73/ZN (NAND2_X1)                   0.01      0.04       0.31 r
  sub_1_root_sub_28_2_n90 (net)                 1                   0.00       0.31 r
  sub_1_root_sub_28_2_U23/ZN (NAND2_X1)                   0.01      0.03       0.34 f
  sub_1_root_sub_28_2_n87 (net)                 1                   0.00       0.34 f
  sub_1_root_sub_28_2_U41/ZN (XNOR2_X1)                   0.01      0.05       0.39 f
  N46 (net)                                     1                   0.00       0.39 f
  U48/Z (MUX2_X1)                                         0.01      0.06       0.45 f
  result[9] (net)                               1                   0.00       0.45 f
  result[9] (out)                                         0.01      0.00       0.45 f
  data arrival time                                                            0.45

  max_delay                                                         0.10       0.10
  output external delay                                             0.00       0.10
  data required time                                                           0.10
  ---------------------------------------------------------------------------------------------------------
  data required time                                                           0.10
  data arrival time                                                           -0.45
  ---------------------------------------------------------------------------------------------------------
  slack (VIOLATED)                                                            -0.35


  Startpoint: a[2] (input port)
  Endpoint: result[6] (output port)
  Path Group: default
  Path Type: max

  Des/Clust/Port     Wire Load Model       Library
  ------------------------------------------------
  add_sub_ref        5K_hvratio_1_1        NangateOpenCellLibrary

Attributes:
    d - dont_touch
    u - dont_use
   mo - map_only
   so - size_only
    i - ideal_net or ideal_network
  inf - infeasible path

  Point                        Fanout     Trans      Incr       Path      Attributes
  ------------------------------------------------------------------------------------------
  input external delay                               0.00       0.00 f
  a[2] (in)                                0.00      0.00       0.00 f
  a[2] (net)                     5                   0.00       0.00 f
  sub_26_U86/ZN (INV_X1)                   0.01      0.03       0.03 r
  sub_26_n66 (net)               2                   0.00       0.03 r
  sub_26_U85/ZN (NOR2_X1)                  0.01      0.03       0.06 f
  sub_26_n35 (net)               2                   0.00       0.06 f
  sub_26_U80/ZN (INV_X1)                   0.01      0.03       0.09 r
  sub_26_n98 (net)               2                   0.00       0.09 r
  sub_26_U13/ZN (INV_X1)                   0.01      0.02       0.11 f
  sub_26_n9 (net)                2                   0.00       0.11 f
  sub_26_U99/ZN (AND2_X1)                  0.01      0.04       0.15 f
  sub_26_n38 (net)               1                   0.00       0.15 f
  sub_26_U32/ZN (NOR2_X1)                  0.03      0.05       0.20 r
  sub_26_n86 (net)               2                   0.00       0.20 r
  sub_26_U58/ZN (NAND2_X1)                 0.01      0.04       0.24 f
  sub_26_n81 (net)               2                   0.00       0.24 f
  sub_26_U56/ZN (NAND2_X1)                 0.01      0.03       0.26 r
  sub_26_n83 (net)               1                   0.00       0.26 r
  sub_26_U18/ZN (AND2_X1)                  0.01      0.04       0.30 r
  sub_26_n12 (net)               1                   0.00       0.30 r
  sub_26_U111/ZN (OAI21_X1)                0.01      0.03       0.33 f
  sub_26_n77 (net)               1                   0.00       0.33 f
  sub_26_U110/ZN (XNOR2_X1)                0.01      0.05       0.38 f
  N34 (net)                      1                   0.00       0.38 f
  U43/Z (MUX2_X1)                          0.01      0.06       0.44 f
  result[6] (net)                1                   0.00       0.44 f
  result[6] (out)                          0.01      0.00       0.45 f
  data arrival time                                             0.45

  max_delay                                          0.10       0.10
  output external delay                              0.00       0.10
  data required time                                            0.10
  ------------------------------------------------------------------------------------------
  data required time                                            0.10
  data arrival time                                            -0.45
  ------------------------------------------------------------------------------------------
  slack (VIOLATED)                                             -0.35


  Startpoint: b[2] (input port)
  Endpoint: result[7] (output port)
  Path Group: default
  Path Type: max

  Des/Clust/Port     Wire Load Model       Library
  ------------------------------------------------
  add_sub_ref        5K_hvratio_1_1        NangateOpenCellLibrary

Attributes:
    d - dont_touch
    u - dont_use
   mo - map_only
   so - size_only
    i - ideal_net or ideal_network
  inf - infeasible path

  Point                        Fanout     Trans      Incr       Path      Attributes
  ------------------------------------------------------------------------------------------
  input external delay                               0.00       0.00 f
  b[2] (in)                                0.00      0.00       0.00 f
  b[2] (net)                     5                   0.00       0.00 f
  U36/Z (BUF_X1)                           0.01      0.04       0.04 f
  n44 (net)                      2                   0.00       0.04 f
  add_20_U4/ZN (OR2_X2)                    0.01      0.06       0.09 f
  add_20_n48 (net)               3                   0.00       0.09 f
  add_20_U48/ZN (NAND2_X1)                 0.01      0.04       0.13 r
  add_20_n25 (net)               2                   0.00       0.13 r
  add_20_U17/ZN (OAI21_X1)                 0.01      0.03       0.16 f
  add_20_n44 (net)               1                   0.00       0.16 f
  add_20_U9/ZN (OR2_X1)                    0.01      0.06       0.22 f
  add_20_n6 (net)                3                   0.00       0.22 f
  add_20_U64/ZN (INV_X1)                   0.01      0.03       0.25 r
  add_20_n34 (net)               1                   0.00       0.25 r
  add_20_U51/ZN (OAI21_X1)                 0.01      0.03       0.28 f
  add_20_n32 (net)               2                   0.00       0.28 f
  add_20_U53/ZN (AOI21_X1)                 0.03      0.04       0.33 r
  add_20_n31 (net)               1                   0.00       0.33 r
  add_20_U43/ZN (XNOR2_X1)                 0.02      0.06       0.38 r
  N10 (net)                      1                   0.00       0.38 r
  U45/ZN (AOI22_X1)                        0.01      0.04       0.42 f
  n45 (net)                      1                   0.00       0.42 f
  U46/ZN (INV_X1)                          0.01      0.02       0.44 r
  result[7] (net)                1                   0.00       0.44 r
  result[7] (out)                          0.01      0.00       0.44 r
  data arrival time                                             0.44

  max_delay                                          0.10       0.10
  output external delay                              0.00       0.10
  data required time                                            0.10
  ------------------------------------------------------------------------------------------
  data required time                                            0.10
  data arrival time                                            -0.44
  ------------------------------------------------------------------------------------------
  slack (VIOLATED)                                             -0.34


  Startpoint: b[2] (input port)
  Endpoint: result[10] (output port)
  Path Group: default
  Path Type: max

  Des/Clust/Port     Wire Load Model       Library
  ------------------------------------------------
  add_sub_ref        5K_hvratio_1_1        NangateOpenCellLibrary

Attributes:
    d - dont_touch
    u - dont_use
   mo - map_only
   so - size_only
    i - ideal_net or ideal_network
  inf - infeasible path

  Point                                       Fanout     Trans      Incr       Path      Attributes
  ---------------------------------------------------------------------------------------------------------
  input external delay                                              0.00       0.00 f
  b[2] (in)                                               0.00      0.00       0.00 f
  b[2] (net)                                    5                   0.00       0.00 f
  U36/Z (BUF_X1)                                          0.01      0.04       0.04 f
  n44 (net)                                     2                   0.00       0.04 f
  add_20_U4/ZN (OR2_X2)                                   0.01      0.06       0.09 f
  add_20_n48 (net)                              3                   0.00       0.09 f
  add_20_U48/ZN (NAND2_X1)                                0.01      0.04       0.13 r
  add_20_n25 (net)                              2                   0.00       0.13 r
  add_20_U19/ZN (NOR2_X1)                                 0.01      0.02       0.15 f
  add_20_n22 (net)                              1                   0.00       0.15 f
  add_20_U56/ZN (NOR2_X1)                                 0.02      0.04       0.20 r
  add_20_n11 (net)                              1                   0.00       0.20 r
  add_20_U59/ZN (AOI21_X2)                                0.02      0.05       0.25 f
  N11 (net)                                     6                   0.00       0.25 f
  add_1_root_add_22_2_U52/ZN (INV_X1)                     0.02      0.05       0.29 r
  add_1_root_add_22_2_n61 (net)                 3                   0.00       0.29 r
  add_1_root_add_22_2_U6/ZN (OAI21_X1)                    0.01      0.03       0.33 f
  add_1_root_add_22_2_n59 (net)                 1                   0.00       0.33 f
  add_1_root_add_22_2_U31/ZN (XNOR2_X1)                   0.01      0.05       0.38 f
  N22 (net)                                     1                   0.00       0.38 f
  U49/Z (MUX2_X1)                                         0.01      0.06       0.44 f
  result[10] (net)                              1                   0.00       0.44 f
  result[10] (out)                                        0.01      0.00       0.44 f
  data arrival time                                                            0.44

  max_delay                                                         0.10       0.10
  output external delay                                             0.00       0.10
  data required time                                                           0.10
  ---------------------------------------------------------------------------------------------------------
  data required time                                                           0.10
  data arrival time                                                           -0.44
  ---------------------------------------------------------------------------------------------------------
  slack (VIOLATED)                                                            -0.34


  Startpoint: a[4] (input port)
  Endpoint: result[8] (output port)
  Path Group: default
  Path Type: max

  Des/Clust/Port     Wire Load Model       Library
  ------------------------------------------------
  add_sub_ref        5K_hvratio_1_1        NangateOpenCellLibrary

Attributes:
    d - dont_touch
    u - dont_use
   mo - map_only
   so - size_only
    i - ideal_net or ideal_network
  inf - infeasible path

  Point                                       Fanout     Trans      Incr       Path      Attributes
  ---------------------------------------------------------------------------------------------------------
  input external delay                                              0.00       0.00 r
  a[4] (in)                                               0.00      0.00       0.00 r
  a[4] (net)                                    5                   0.00       0.00 r
  add_20_U26/ZN (NAND2_X1)                                0.01      0.03       0.03 f
  add_20_n37 (net)                              3                   0.00       0.03 f
  add_20_U15/ZN (NAND2_X1)                                0.01      0.03       0.07 r
  add_20_n35 (net)                              1                   0.00       0.07 r
  add_20_U14/ZN (NAND2_X1)                                0.01      0.03       0.10 f
  add_20_n21 (net)                              3                   0.00       0.10 f
  add_20_U62/ZN (NAND3_X1)                                0.01      0.04       0.13 r
  add_20_n13 (net)                              1                   0.00       0.13 r
  add_20_U60/ZN (NAND2_X1)                                0.01      0.03       0.16 f
  add_20_n12 (net)                              1                   0.00       0.16 f
  add_20_U59/ZN (AOI21_X2)                                0.04      0.08       0.25 r
  N11 (net)                                     6                   0.00       0.25 r
  add_1_root_add_22_2_U52/ZN (INV_X1)                     0.02      0.04       0.29 f
  add_1_root_add_22_2_n61 (net)                 3                   0.00       0.29 f
  add_1_root_add_22_2_U3/ZN (XNOR2_X1)                    0.01      0.06       0.35 f
  N20 (net)                                     1                   0.00       0.35 f
  U47/Z (MUX2_X1)                                         0.01      0.06       0.41 f
  result[8] (net)                               1                   0.00       0.41 f
  result[8] (out)                                         0.01      0.00       0.41 f
  data arrival time                                                            0.41

  max_delay                                                         0.10       0.10
  output external delay                                             0.00       0.10
  data required time                                                           0.10
  ---------------------------------------------------------------------------------------------------------
  data required time                                                           0.10
  data arrival time                                                           -0.41
  ---------------------------------------------------------------------------------------------------------
  slack (VIOLATED)                                                            -0.31


1
