 
****************************************
Report : area
Design : mul_subexpression
Version: T-2022.03-SP2
Date   : Mon May 12 02:36:51 2025
****************************************

Library(s) Used:

    NangateOpenCellLibrary (File: /temp2tb/luyao/lib/NangateOpenCellLibrary_PDKv1_3_v2010_12/db/typical.db)

Number of ports:                           32
Number of nets:                           646
Number of cells:                          634
Number of combinational cells:            630
Number of sequential cells:                 0
Number of macros/black boxes:               0
Number of buf/inv:                        163
Number of references:                      31

Combinational area:                623.237994
Buf/Inv area:                       95.228000
Noncombinational area:               0.000000
Macro/Black Box area:                0.000000
Net Interconnect area:      undefined  (Wire load has zero net area)

Total cell area:                   623.237994
Total area:                 undefined

Hierarchical area distribution
------------------------------

                                  Global cell area          Local cell area
                                  ------------------  --------------------------- 
Hierarchical cell                 Absolute   Percent  Combi-    Noncombi-  Black-
                                  Total      Total    national  national   boxes   Design
--------------------------------  ---------  -------  --------  ---------  ------  ---------
mul_subexpression                  623.2380    100.0  623.2380     0.0000  0.0000  mul_subexpression
--------------------------------  ---------  -------  --------  ---------  ------  ---------
Total                                                 623.2380     0.0000  0.0000

1
