Information: Updating design information... (UID-85)
 
****************************************
Report : qor
Design : mul_subexpression
Version: T-2022.03-SP2
Date   : Mon May 12 02:36:51 2025
****************************************


  Timing Path Group 'default'
  -----------------------------------
  Levels of Logic:              18.00
  Critical Path Length:          0.85
  Critical Path Slack:          -0.75
  Critical Path Clk Period:       n/a
  Total Negative Slack:         -8.08
  No. of Violating Paths:       16.00
  Worst Hold Violation:          0.00
  Total Hold Violation:          0.00
  No. of Hold Violations:        0.00
  -----------------------------------


  Cell Count
  -----------------------------------
  Hierarchical Cell Count:          0
  Hierarchical Port Count:          0
  Leaf Cell Count:                630
  Buf/Inv Cell Count:             163
  Buf Cell Count:                  29
  Inv Cell Count:                 134
  CT Buf/Inv Cell Count:            0
  Combinational Cell Count:       630
  Sequential Cell Count:            0
  Macro Count:                      0
  -----------------------------------


  Area
  -----------------------------------
  Combinational Area:      623.237994
  Noncombinational Area:     0.000000
  Buf/Inv Area:             95.228000
  Total Buffer Area:            23.94
  Total Inverter Area:          71.29
  Macro/Black Box Area:      0.000000
  Net Area:                  0.000000
  -----------------------------------
  Cell Area:               623.237994
  Design Area:             623.237994


  Design Rules
  -----------------------------------
  Total Number of Nets:           646
  Nets With Violations:             0
  Max Trans Violations:             0
  Max Cap Violations:               0
  -----------------------------------


  Hostname: acf3030

  Compile CPU Statistics
  -----------------------------------------
  Resource Sharing:                    0.58
  Logic Optimization:                  2.30
  Mapping Optimization:                1.97
  -----------------------------------------
  Overall Compile Time:                5.28
  Overall Compile Wall Clock Time:     5.51

  --------------------------------------------------------------------

  Design  WNS: 0.75  TNS: 8.08  Number of Violating Paths: 16


  Design (Hold)  WNS: 0.00  TNS: 0.00  Number of Violating Paths: 0

  --------------------------------------------------------------------


1
