**************************************************
Report         : passing_points

Reference      : r:/WORK/divider_32bit_ref
Implementation : i:/WORK/divider_32bit
Version        : V-2023.12
Date           : Mon May 12 01:58:50 2025
**************************************************

12 Passing compare points:

  Ref  Port       r:/WORK/divider_32bit_ref/result[20]
  Impl Port       i:/WORK/divider_32bit/result[20]

  Ref  Port       r:/WORK/divider_32bit_ref/result[21]
  Impl Port       i:/WORK/divider_32bit/result[21]

  Ref  Port       r:/WORK/divider_32bit_ref/result[22]
  Impl Port       i:/WORK/divider_32bit/result[22]

  Ref  Port       r:/WORK/divider_32bit_ref/result[23]
  Impl Port       i:/WORK/divider_32bit/result[23]

  Ref  Port       r:/WORK/divider_32bit_ref/result[24]
  Impl Port       i:/WORK/divider_32bit/result[24]

  Ref  Port       r:/WORK/divider_32bit_ref/result[25]
  Impl Port       i:/WORK/divider_32bit/result[25]

  Ref  Port       r:/WORK/divider_32bit_ref/result[26]
  Impl Port       i:/WORK/divider_32bit/result[26]

  Ref  Port       r:/WORK/divider_32bit_ref/result[27]
  Impl Port       i:/WORK/divider_32bit/result[27]

  Ref  Port       r:/WORK/divider_32bit_ref/result[28]
  Impl Port       i:/WORK/divider_32bit/result[28]

  Ref  Port       r:/WORK/divider_32bit_ref/result[29]
  Impl Port       i:/WORK/divider_32bit/result[29]

  Ref  Port       r:/WORK/divider_32bit_ref/result[30]
  Impl Port       i:/WORK/divider_32bit/result[30]

  Ref  Port       r:/WORK/divider_32bit_ref/result[31]
  Impl Port       i:/WORK/divider_32bit/result[31]

 [BBNet: multiply-driven net
  BBPin: black-box pin
  Cut:   cut-point
  DFF:   non-constant DFF register
  DFF0:  constant 0 DFF register
  DFF1:  constant 1 DFF register
  DFFX:  constant X DFF register
  DFF0X: constrained 0X DFF register
  DFF1X: constrained 1X DFF register
  LAT:   non-constant latch register
  LAT0:  constant 0 latch register
  LAT1:  constant 1 latch register
  LATX:  constant X latch register
  LAT0X: constrained 0X latch register
  LAT1X: constrained 1X latch register
  LATCG: clock-gating latch register
  TLA:   transparent latch register
  TLA0X: transparent constrained 0X latch register
  TLA1X: transparent constrained 1X latch register
  Loop:  cycle break point
  Port:  primary (top-level) port
  Und:   undriven signal cut-point
  Unk:   unknown signal cut-point]

1
