 
****************************************
Report : area
Design : mux_4to1_16bit_ref
Version: T-2022.03-SP2
Date   : Mon May 12 03:08:03 2025
****************************************

Library(s) Used:

    NangateOpenCellLibrary (File: /temp2tb/luyao/lib/NangateOpenCellLibrary_PDKv1_3_v2010_12/db/typical.db)

Number of ports:                           82
Number of nets:                           133
Number of cells:                           67
Number of combinational cells:             67
Number of sequential cells:                 0
Number of macros/black boxes:               0
Number of buf/inv:                          7
Number of references:                       7

Combinational area:                 73.682001
Buf/Inv area:                        3.724000
Noncombinational area:               0.000000
Macro/Black Box area:                0.000000
Net Interconnect area:      undefined  (Wire load has zero net area)

Total cell area:                    73.682001
Total area:                 undefined

Hierarchical area distribution
------------------------------

                                  Global cell area          Local cell area
                                  ------------------  --------------------------- 
Hierarchical cell                 Absolute   Percent  Combi-    Noncombi-  Black-
                                  Total      Total    national  national   boxes   Design
--------------------------------  ---------  -------  --------  ---------  ------  ---------
mux_4to1_16bit_ref                  73.6820    100.0   73.6820     0.0000  0.0000  mux_4to1_16bit_ref
--------------------------------  ---------  -------  --------  ---------  ------  ---------
Total                                                  73.6820     0.0000  0.0000

1
