Loading db file '/temp2tb/luyao/lib/NangateOpenCellLibrary_PDKv1_3_v2010_12/db/typical.db'
Information: Propagating switching activity (low effort zero delay simulation). (PWR-6)
Warning: Design has unannotated primary inputs. (PWR-414)
 
****************************************
Report : power
        -analysis_effort low
Design : mux_4to1_16bit_ref
Version: T-2022.03-SP2
Date   : Mon May 12 03:08:03 2025
****************************************


Library(s) Used:

    NangateOpenCellLibrary (File: /temp2tb/luyao/lib/NangateOpenCellLibrary_PDKv1_3_v2010_12/db/typical.db)


Operating Conditions: typical   Library: NangateOpenCellLibrary
Wire Load Model Mode: top

Design        Wire Load Model            Library
------------------------------------------------
mux_4to1_16bit_ref     5K_hvratio_1_1    NangateOpenCellLibrary


Global Operating Voltage = 1.1  
Power-specific unit information :
    Voltage Units = 1V
    Capacitance Units = 1.000000ff
    Time Units = 1ns
    Dynamic Power Units = 1uW    (derived from V,C,T units)
    Leakage Power Units = 1nW


Attributes
----------
i - Including register clock pin internal power


  Cell Internal Power  = 182.5354 uW   (56%)
  Net Switching Power  = 142.5878 uW   (44%)
                         ---------
Total Dynamic Power    = 325.1232 uW  (100%)

Cell Leakage Power     =   1.6956 uW

Information: report_power power group summary does not include estimated clock tree power. (PWR-789)

                 Internal         Switching           Leakage            Total
Power Group      Power            Power               Power              Power   (   %    )  Attrs
--------------------------------------------------------------------------------------------------
io_pad             0.0000            0.0000            0.0000            0.0000  (   0.00%)
memory             0.0000            0.0000            0.0000            0.0000  (   0.00%)
black_box          0.0000            0.0000            0.0000            0.0000  (   0.00%)
clock_network      0.0000            0.0000            0.0000            0.0000  (   0.00%)  i
register           0.0000            0.0000            0.0000            0.0000  (   0.00%)
sequential         0.0000            0.0000            0.0000            0.0000  (   0.00%)
combinational    182.5354          142.5878        1.6956e+03          326.8187  ( 100.00%)
--------------------------------------------------------------------------------------------------
Total            182.5354 uW       142.5878 uW     1.6956e+03 nW       326.8187 uW
1
