Information: Updating design information... (UID-85)
 
****************************************
Report : qor
Design : mux_4to1_16bit_ref
Version: T-2022.03-SP2
Date   : Mon May 12 03:08:03 2025
****************************************


  Timing Path Group 'default'
  -----------------------------------
  Levels of Logic:               3.00
  Critical Path Length:          0.16
  Critical Path Slack:          -0.06
  Critical Path Clk Period:       n/a
  Total Negative Slack:         -1.00
  No. of Violating Paths:       16.00
  Worst Hold Violation:          0.00
  Total Hold Violation:          0.00
  No. of Hold Violations:        0.00
  -----------------------------------


  Cell Count
  -----------------------------------
  Hierarchical Cell Count:          0
  Hierarchical Port Count:          0
  Leaf Cell Count:                 67
  Buf/Inv Cell Count:               7
  Buf Cell Count:                   0
  Inv Cell Count:                   7
  CT Buf/Inv Cell Count:            0
  Combinational Cell Count:        67
  Sequential Cell Count:            0
  Macro Count:                      0
  -----------------------------------


  Area
  -----------------------------------
  Combinational Area:       73.682001
  Noncombinational Area:     0.000000
  Buf/Inv Area:              3.724000
  Total Buffer Area:             0.00
  Total Inverter Area:           3.72
  Macro/Black Box Area:      0.000000
  Net Area:                  0.000000
  -----------------------------------
  Cell Area:                73.682001
  Design Area:              73.682001


  Design Rules
  -----------------------------------
  Total Number of Nets:           133
  Nets With Violations:             0
  Max Trans Violations:             0
  Max Cap Violations:               0
  -----------------------------------


  Hostname: acf3030

  Compile CPU Statistics
  -----------------------------------------
  Resource Sharing:                    0.01
  Logic Optimization:                  0.14
  Mapping Optimization:                0.34
  -----------------------------------------
  Overall Compile Time:                0.88
  Overall Compile Wall Clock Time:     1.07

  --------------------------------------------------------------------

  Design  WNS: 0.06  TNS: 1.00  Number of Violating Paths: 16


  Design (Hold)  WNS: 0.00  TNS: 0.00  Number of Violating Paths: 0

  --------------------------------------------------------------------


1
