 
****************************************
Report : timing
        -path full
        -delay max
        -nets
        -max_paths 10
        -transition_time
Design : mux_4to1_16bit_ref
Version: T-2022.03-SP2
Date   : Mon May 12 03:08:03 2025
****************************************

Operating Conditions: typical   Library: NangateOpenCellLibrary
Wire Load Model Mode: top

  Startpoint: sel[0] (input port)
  Endpoint: out[9] (output port)
  Path Group: default
  Path Type: max

  Des/Clust/Port     Wire Load Model       Library
  ------------------------------------------------
  mux_4to1_16bit_ref 5K_hvratio_1_1        NangateOpenCellLibrary

Attributes:
    d - dont_touch
    u - dont_use
   mo - map_only
   so - size_only
    i - ideal_net or ideal_network
  inf - infeasible path

  Point                        Fanout     Trans      Incr       Path      Attributes
  ------------------------------------------------------------------------------------------
  input external delay                               0.00       0.00 r
  sel[0] (in)                              0.00      0.00       0.00 r
  sel[0] (net)                   9                   0.00       0.00 r
  U14/ZN (AND2_X2)                         0.04      0.09       0.09 r
  n14 (net)                     16                   0.00       0.09 r
  U43/ZN (AOI22_X1)                        0.01      0.05       0.14 f
  n35 (net)                      1                   0.00       0.14 f
  U42/ZN (NAND2_X1)                        0.01      0.02       0.16 r
  out[9] (net)                   1                   0.00       0.16 r
  out[9] (out)                             0.01      0.00       0.16 r
  data arrival time                                             0.16

  max_delay                                          0.10       0.10
  output external delay                              0.00       0.10
  data required time                                            0.10
  ------------------------------------------------------------------------------------------
  data required time                                            0.10
  data arrival time                                            -0.16
  ------------------------------------------------------------------------------------------
  slack (VIOLATED)                                             -0.06


  Startpoint: sel[0] (input port)
  Endpoint: out[8] (output port)
  Path Group: default
  Path Type: max

  Des/Clust/Port     Wire Load Model       Library
  ------------------------------------------------
  mux_4to1_16bit_ref 5K_hvratio_1_1        NangateOpenCellLibrary

Attributes:
    d - dont_touch
    u - dont_use
   mo - map_only
   so - size_only
    i - ideal_net or ideal_network
  inf - infeasible path

  Point                        Fanout     Trans      Incr       Path      Attributes
  ------------------------------------------------------------------------------------------
  input external delay                               0.00       0.00 r
  sel[0] (in)                              0.00      0.00       0.00 r
  sel[0] (net)                   9                   0.00       0.00 r
  U14/ZN (AND2_X2)                         0.04      0.09       0.09 r
  n14 (net)                     16                   0.00       0.09 r
  U40/ZN (AOI22_X1)                        0.01      0.05       0.14 f
  n33 (net)                      1                   0.00       0.14 f
  U39/ZN (NAND2_X1)                        0.01      0.02       0.16 r
  out[8] (net)                   1                   0.00       0.16 r
  out[8] (out)                             0.01      0.00       0.16 r
  data arrival time                                             0.16

  max_delay                                          0.10       0.10
  output external delay                              0.00       0.10
  data required time                                            0.10
  ------------------------------------------------------------------------------------------
  data required time                                            0.10
  data arrival time                                            -0.16
  ------------------------------------------------------------------------------------------
  slack (VIOLATED)                                             -0.06


  Startpoint: sel[0] (input port)
  Endpoint: out[7] (output port)
  Path Group: default
  Path Type: max

  Des/Clust/Port     Wire Load Model       Library
  ------------------------------------------------
  mux_4to1_16bit_ref 5K_hvratio_1_1        NangateOpenCellLibrary

Attributes:
    d - dont_touch
    u - dont_use
   mo - map_only
   so - size_only
    i - ideal_net or ideal_network
  inf - infeasible path

  Point                        Fanout     Trans      Incr       Path      Attributes
  ------------------------------------------------------------------------------------------
  input external delay                               0.00       0.00 r
  sel[0] (in)                              0.00      0.00       0.00 r
  sel[0] (net)                   9                   0.00       0.00 r
  U14/ZN (AND2_X2)                         0.04      0.09       0.09 r
  n14 (net)                     16                   0.00       0.09 r
  U37/ZN (AOI22_X1)                        0.01      0.05       0.14 f
  n31 (net)                      1                   0.00       0.14 f
  U36/ZN (NAND2_X1)                        0.01      0.02       0.16 r
  out[7] (net)                   1                   0.00       0.16 r
  out[7] (out)                             0.01      0.00       0.16 r
  data arrival time                                             0.16

  max_delay                                          0.10       0.10
  output external delay                              0.00       0.10
  data required time                                            0.10
  ------------------------------------------------------------------------------------------
  data required time                                            0.10
  data arrival time                                            -0.16
  ------------------------------------------------------------------------------------------
  slack (VIOLATED)                                             -0.06


  Startpoint: sel[0] (input port)
  Endpoint: out[6] (output port)
  Path Group: default
  Path Type: max

  Des/Clust/Port     Wire Load Model       Library
  ------------------------------------------------
  mux_4to1_16bit_ref 5K_hvratio_1_1        NangateOpenCellLibrary

Attributes:
    d - dont_touch
    u - dont_use
   mo - map_only
   so - size_only
    i - ideal_net or ideal_network
  inf - infeasible path

  Point                        Fanout     Trans      Incr       Path      Attributes
  ------------------------------------------------------------------------------------------
  input external delay                               0.00       0.00 r
  sel[0] (in)                              0.00      0.00       0.00 r
  sel[0] (net)                   9                   0.00       0.00 r
  U14/ZN (AND2_X2)                         0.04      0.09       0.09 r
  n14 (net)                     16                   0.00       0.09 r
  U34/ZN (AOI22_X1)                        0.01      0.05       0.14 f
  n29 (net)                      1                   0.00       0.14 f
  U33/ZN (NAND2_X1)                        0.01      0.02       0.16 r
  out[6] (net)                   1                   0.00       0.16 r
  out[6] (out)                             0.01      0.00       0.16 r
  data arrival time                                             0.16

  max_delay                                          0.10       0.10
  output external delay                              0.00       0.10
  data required time                                            0.10
  ------------------------------------------------------------------------------------------
  data required time                                            0.10
  data arrival time                                            -0.16
  ------------------------------------------------------------------------------------------
  slack (VIOLATED)                                             -0.06


  Startpoint: sel[0] (input port)
  Endpoint: out[5] (output port)
  Path Group: default
  Path Type: max

  Des/Clust/Port     Wire Load Model       Library
  ------------------------------------------------
  mux_4to1_16bit_ref 5K_hvratio_1_1        NangateOpenCellLibrary

Attributes:
    d - dont_touch
    u - dont_use
   mo - map_only
   so - size_only
    i - ideal_net or ideal_network
  inf - infeasible path

  Point                        Fanout     Trans      Incr       Path      Attributes
  ------------------------------------------------------------------------------------------
  input external delay                               0.00       0.00 r
  sel[0] (in)                              0.00      0.00       0.00 r
  sel[0] (net)                   9                   0.00       0.00 r
  U14/ZN (AND2_X2)                         0.04      0.09       0.09 r
  n14 (net)                     16                   0.00       0.09 r
  U31/ZN (AOI22_X1)                        0.01      0.05       0.14 f
  n27 (net)                      1                   0.00       0.14 f
  U30/ZN (NAND2_X1)                        0.01      0.02       0.16 r
  out[5] (net)                   1                   0.00       0.16 r
  out[5] (out)                             0.01      0.00       0.16 r
  data arrival time                                             0.16

  max_delay                                          0.10       0.10
  output external delay                              0.00       0.10
  data required time                                            0.10
  ------------------------------------------------------------------------------------------
  data required time                                            0.10
  data arrival time                                            -0.16
  ------------------------------------------------------------------------------------------
  slack (VIOLATED)                                             -0.06


  Startpoint: sel[0] (input port)
  Endpoint: out[4] (output port)
  Path Group: default
  Path Type: max

  Des/Clust/Port     Wire Load Model       Library
  ------------------------------------------------
  mux_4to1_16bit_ref 5K_hvratio_1_1        NangateOpenCellLibrary

Attributes:
    d - dont_touch
    u - dont_use
   mo - map_only
   so - size_only
    i - ideal_net or ideal_network
  inf - infeasible path

  Point                        Fanout     Trans      Incr       Path      Attributes
  ------------------------------------------------------------------------------------------
  input external delay                               0.00       0.00 r
  sel[0] (in)                              0.00      0.00       0.00 r
  sel[0] (net)                   9                   0.00       0.00 r
  U14/ZN (AND2_X2)                         0.04      0.09       0.09 r
  n14 (net)                     16                   0.00       0.09 r
  U28/ZN (AOI22_X1)                        0.01      0.05       0.14 f
  n25 (net)                      1                   0.00       0.14 f
  U27/ZN (NAND2_X1)                        0.01      0.02       0.16 r
  out[4] (net)                   1                   0.00       0.16 r
  out[4] (out)                             0.01      0.00       0.16 r
  data arrival time                                             0.16

  max_delay                                          0.10       0.10
  output external delay                              0.00       0.10
  data required time                                            0.10
  ------------------------------------------------------------------------------------------
  data required time                                            0.10
  data arrival time                                            -0.16
  ------------------------------------------------------------------------------------------
  slack (VIOLATED)                                             -0.06


  Startpoint: sel[0] (input port)
  Endpoint: out[3] (output port)
  Path Group: default
  Path Type: max

  Des/Clust/Port     Wire Load Model       Library
  ------------------------------------------------
  mux_4to1_16bit_ref 5K_hvratio_1_1        NangateOpenCellLibrary

Attributes:
    d - dont_touch
    u - dont_use
   mo - map_only
   so - size_only
    i - ideal_net or ideal_network
  inf - infeasible path

  Point                        Fanout     Trans      Incr       Path      Attributes
  ------------------------------------------------------------------------------------------
  input external delay                               0.00       0.00 r
  sel[0] (in)                              0.00      0.00       0.00 r
  sel[0] (net)                   9                   0.00       0.00 r
  U14/ZN (AND2_X2)                         0.04      0.09       0.09 r
  n14 (net)                     16                   0.00       0.09 r
  U25/ZN (AOI22_X1)                        0.01      0.05       0.14 f
  n23 (net)                      1                   0.00       0.14 f
  U24/ZN (NAND2_X1)                        0.01      0.02       0.16 r
  out[3] (net)                   1                   0.00       0.16 r
  out[3] (out)                             0.01      0.00       0.16 r
  data arrival time                                             0.16

  max_delay                                          0.10       0.10
  output external delay                              0.00       0.10
  data required time                                            0.10
  ------------------------------------------------------------------------------------------
  data required time                                            0.10
  data arrival time                                            -0.16
  ------------------------------------------------------------------------------------------
  slack (VIOLATED)                                             -0.06


  Startpoint: sel[0] (input port)
  Endpoint: out[2] (output port)
  Path Group: default
  Path Type: max

  Des/Clust/Port     Wire Load Model       Library
  ------------------------------------------------
  mux_4to1_16bit_ref 5K_hvratio_1_1        NangateOpenCellLibrary

Attributes:
    d - dont_touch
    u - dont_use
   mo - map_only
   so - size_only
    i - ideal_net or ideal_network
  inf - infeasible path

  Point                        Fanout     Trans      Incr       Path      Attributes
  ------------------------------------------------------------------------------------------
  input external delay                               0.00       0.00 r
  sel[0] (in)                              0.00      0.00       0.00 r
  sel[0] (net)                   9                   0.00       0.00 r
  U14/ZN (AND2_X2)                         0.04      0.09       0.09 r
  n14 (net)                     16                   0.00       0.09 r
  U22/ZN (AOI22_X1)                        0.01      0.05       0.14 f
  n21 (net)                      1                   0.00       0.14 f
  U21/ZN (NAND2_X1)                        0.01      0.02       0.16 r
  out[2] (net)                   1                   0.00       0.16 r
  out[2] (out)                             0.01      0.00       0.16 r
  data arrival time                                             0.16

  max_delay                                          0.10       0.10
  output external delay                              0.00       0.10
  data required time                                            0.10
  ------------------------------------------------------------------------------------------
  data required time                                            0.10
  data arrival time                                            -0.16
  ------------------------------------------------------------------------------------------
  slack (VIOLATED)                                             -0.06


  Startpoint: sel[0] (input port)
  Endpoint: out[1] (output port)
  Path Group: default
  Path Type: max

  Des/Clust/Port     Wire Load Model       Library
  ------------------------------------------------
  mux_4to1_16bit_ref 5K_hvratio_1_1        NangateOpenCellLibrary

Attributes:
    d - dont_touch
    u - dont_use
   mo - map_only
   so - size_only
    i - ideal_net or ideal_network
  inf - infeasible path

  Point                        Fanout     Trans      Incr       Path      Attributes
  ------------------------------------------------------------------------------------------
  input external delay                               0.00       0.00 r
  sel[0] (in)                              0.00      0.00       0.00 r
  sel[0] (net)                   9                   0.00       0.00 r
  U14/ZN (AND2_X2)                         0.04      0.09       0.09 r
  n14 (net)                     16                   0.00       0.09 r
  U19/ZN (AOI22_X1)                        0.01      0.05       0.14 f
  n19 (net)                      1                   0.00       0.14 f
  U18/ZN (NAND2_X1)                        0.01      0.02       0.16 r
  out[1] (net)                   1                   0.00       0.16 r
  out[1] (out)                             0.01      0.00       0.16 r
  data arrival time                                             0.16

  max_delay                                          0.10       0.10
  output external delay                              0.00       0.10
  data required time                                            0.10
  ------------------------------------------------------------------------------------------
  data required time                                            0.10
  data arrival time                                            -0.16
  ------------------------------------------------------------------------------------------
  slack (VIOLATED)                                             -0.06


  Startpoint: sel[0] (input port)
  Endpoint: out[0] (output port)
  Path Group: default
  Path Type: max

  Des/Clust/Port     Wire Load Model       Library
  ------------------------------------------------
  mux_4to1_16bit_ref 5K_hvratio_1_1        NangateOpenCellLibrary

Attributes:
    d - dont_touch
    u - dont_use
   mo - map_only
   so - size_only
    i - ideal_net or ideal_network
  inf - infeasible path

  Point                        Fanout     Trans      Incr       Path      Attributes
  ------------------------------------------------------------------------------------------
  input external delay                               0.00       0.00 r
  sel[0] (in)                              0.00      0.00       0.00 r
  sel[0] (net)                   9                   0.00       0.00 r
  U14/ZN (AND2_X2)                         0.04      0.09       0.09 r
  n14 (net)                     16                   0.00       0.09 r
  U16/ZN (AOI22_X1)                        0.01      0.05       0.14 f
  n16 (net)                      1                   0.00       0.14 f
  U15/ZN (NAND2_X1)                        0.01      0.02       0.16 r
  out[0] (net)                   1                   0.00       0.16 r
  out[0] (out)                             0.01      0.00       0.16 r
  data arrival time                                             0.16

  max_delay                                          0.10       0.10
  output external delay                              0.00       0.10
  data required time                                            0.10
  ------------------------------------------------------------------------------------------
  data required time                                            0.10
  data arrival time                                            -0.16
  ------------------------------------------------------------------------------------------
  slack (VIOLATED)                                             -0.06


1
