 
****************************************
Report : area
Design : comparator_ref
Version: T-2022.03-SP2
Date   : Mon May 12 03:07:37 2025
****************************************

Library(s) Used:

    NangateOpenCellLibrary (File: /temp2tb/luyao/lib/NangateOpenCellLibrary_PDKv1_3_v2010_12/db/typical.db)

Number of ports:                           20
Number of nets:                           109
Number of cells:                           90
Number of combinational cells:             90
Number of sequential cells:                 0
Number of macros/black boxes:               0
Number of buf/inv:                         33
Number of references:                      18

Combinational area:                 80.598000
Buf/Inv area:                       17.556000
Noncombinational area:               0.000000
Macro/Black Box area:                0.000000
Net Interconnect area:      undefined  (Wire load has zero net area)

Total cell area:                    80.598000
Total area:                 undefined

Hierarchical area distribution
------------------------------

                                  Global cell area          Local cell area
                                  ------------------  --------------------------- 
Hierarchical cell                 Absolute   Percent  Combi-    Noncombi-  Black-
                                  Total      Total    national  national   boxes   Design
--------------------------------  ---------  -------  --------  ---------  ------  ---------
comparator_ref                      80.5980    100.0   80.5980     0.0000  0.0000  comparator_ref
--------------------------------  ---------  -------  --------  ---------  ------  ---------
Total                                                  80.5980     0.0000  0.0000

1
