Information: Updating design information... (UID-85)
 
****************************************
Report : qor
Design : comparator_ref
Version: T-2022.03-SP2
Date   : Mon May 12 03:07:37 2025
****************************************


  Timing Path Group 'default'
  -----------------------------------
  Levels of Logic:               8.00
  Critical Path Length:          0.31
  Critical Path Slack:          -0.21
  Critical Path Clk Period:       n/a
  Total Negative Slack:         -0.21
  No. of Violating Paths:        1.00
  Worst Hold Violation:          0.00
  Total Hold Violation:          0.00
  No. of Hold Violations:        0.00
  -----------------------------------


  Cell Count
  -----------------------------------
  Hierarchical Cell Count:          0
  Hierarchical Port Count:          0
  Leaf Cell Count:                 90
  Buf/Inv Cell Count:              33
  Buf Cell Count:                   0
  Inv Cell Count:                  33
  CT Buf/Inv Cell Count:            0
  Combinational Cell Count:        90
  Sequential Cell Count:            0
  Macro Count:                      0
  -----------------------------------


  Area
  -----------------------------------
  Combinational Area:       80.598000
  Noncombinational Area:     0.000000
  Buf/Inv Area:             17.556000
  Total Buffer Area:             0.00
  Total Inverter Area:          17.56
  Macro/Black Box Area:      0.000000
  Net Area:                  0.000000
  -----------------------------------
  Cell Area:                80.598000
  Design Area:              80.598000


  Design Rules
  -----------------------------------
  Total Number of Nets:           109
  Nets With Violations:             0
  Max Trans Violations:             0
  Max Cap Violations:               0
  -----------------------------------


  Hostname: acf3030

  Compile CPU Statistics
  -----------------------------------------
  Resource Sharing:                    0.06
  Logic Optimization:                  0.24
  Mapping Optimization:                0.24
  -----------------------------------------
  Overall Compile Time:                0.92
  Overall Compile Wall Clock Time:     1.16

  --------------------------------------------------------------------

  Design  WNS: 0.21  TNS: 0.21  Number of Violating Paths: 1


  Design (Hold)  WNS: 0.00  TNS: 0.00  Number of Violating Paths: 0

  --------------------------------------------------------------------


1
