 
****************************************
Report : timing
        -path full
        -delay max
        -nets
        -max_paths 10
        -transition_time
Design : comparator_ref
Version: T-2022.03-SP2
Date   : Mon May 12 03:07:37 2025
****************************************

Operating Conditions: typical   Library: NangateOpenCellLibrary
Wire Load Model Mode: top

  Startpoint: value2[0] (input port)
  Endpoint: OUT (output port)
  Path Group: default
  Path Type: max

  Des/Clust/Port     Wire Load Model       Library
  ------------------------------------------------
  comparator_ref     5K_hvratio_1_1        NangateOpenCellLibrary

Attributes:
    d - dont_touch
    u - dont_use
   mo - map_only
   so - size_only
    i - ideal_net or ideal_network
  inf - infeasible path

  Point                        Fanout     Trans      Incr       Path      Attributes
  ------------------------------------------------------------------------------------------
  input external delay                               0.00       0.00 r
  value2[0] (in)                           0.00      0.00       0.00 r
  value2[0] (net)                2                   0.00       0.00 r
  U61/ZN (INV_X1)                          0.00      0.02       0.02 f
  n39 (net)                      1                   0.00       0.02 f
  U93/ZN (OAI22_X1)                        0.03      0.05       0.07 r
  n68 (net)                      1                   0.00       0.07 r
  U32/ZN (NAND3_X1)                        0.01      0.04       0.10 f
  n71 (net)                      1                   0.00       0.10 f
  U35/ZN (NAND3_X1)                        0.02      0.03       0.14 r
  n74 (net)                      2                   0.00       0.14 r
  U94/ZN (OAI211_X1)                       0.02      0.04       0.18 f
  n83 (net)                      2                   0.00       0.18 f
  U23/ZN (AND2_X1)                         0.01      0.04       0.22 f
  n26 (net)                      1                   0.00       0.22 f
  U64/ZN (AOI22_X1)                        0.03      0.05       0.28 r
  n109 (net)                     1                   0.00       0.28 r
  U63/ZN (NAND4_X1)                        0.01      0.03       0.31 f
  OUT (net)                      1                   0.00       0.31 f
  OUT (out)                                0.01      0.00       0.31 f
  data arrival time                                             0.31

  max_delay                                          0.10       0.10
  output external delay                              0.00       0.10
  data required time                                            0.10
  ------------------------------------------------------------------------------------------
  data required time                                            0.10
  data arrival time                                            -0.31
  ------------------------------------------------------------------------------------------
  slack (VIOLATED)                                             -0.21


1
