 
****************************************
Report : area
Design : adder_select_ref
Version: T-2022.03-SP2
Date   : Mon May 12 02:38:52 2025
****************************************

Library(s) Used:

    NangateOpenCellLibrary (File: /temp2tb/luyao/lib/NangateOpenCellLibrary_PDKv1_3_v2010_12/db/typical.db)

Number of ports:                          162
Number of nets:                           642
Number of cells:                          514
Number of combinational cells:            513
Number of sequential cells:                 0
Number of macros/black boxes:               0
Number of buf/inv:                        107
Number of references:                      23

Combinational area:                522.689997
Buf/Inv area:                       65.968000
Noncombinational area:               0.000000
Macro/Black Box area:                0.000000
Net Interconnect area:      undefined  (Wire load has zero net area)

Total cell area:                   522.689997
Total area:                 undefined

Hierarchical area distribution
------------------------------

                                  Global cell area          Local cell area
                                  ------------------  --------------------------- 
Hierarchical cell                 Absolute   Percent  Combi-    Noncombi-  Black-
                                  Total      Total    national  national   boxes   Design
--------------------------------  ---------  -------  --------  ---------  ------  ---------
adder_select_ref                   522.6900    100.0  522.6900     0.0000  0.0000  adder_select_ref
--------------------------------  ---------  -------  --------  ---------  ------  ---------
Total                                                 522.6900     0.0000  0.0000

1
