 
****************************************
Report : timing
        -path full
        -delay max
        -nets
        -max_paths 10
        -transition_time
Design : adder_select_ref
Version: T-2022.03-SP2
Date   : Mon May 12 02:38:52 2025
****************************************

Operating Conditions: typical   Library: NangateOpenCellLibrary
Wire Load Model Mode: top

  Startpoint: s (input port)
  Endpoint: Z[31] (output port)
  Path Group: default
  Path Type: max

  Des/Clust/Port     Wire Load Model       Library
  ------------------------------------------------
  adder_select_ref   5K_hvratio_1_1        NangateOpenCellLibrary

Attributes:
    d - dont_touch
    u - dont_use
   mo - map_only
   so - size_only
    i - ideal_net or ideal_network
  inf - infeasible path

  Point                        Fanout     Trans      Incr       Path      Attributes
  ------------------------------------------------------------------------------------------
  input external delay                               0.00       0.00 r
  s (in)                                   0.00      0.00       0.00 r
  s (net)                       61                   0.00       0.00 r
  U141/ZN (INV_X1)                         0.00      0.05       0.05 f
  n142 (net)                     2                   0.00       0.05 f
  U216/ZN (AOI22_X1)                       0.03      0.06       0.11 r
  n160 (net)                     1                   0.00       0.11 r
  U217/ZN (INV_X1)                         0.01      0.03       0.13 f
  n223 (net)                     2                   0.00       0.13 f
  add_20_U299/ZN (NOR2_X1)                 0.02      0.04       0.18 r
  add_20_n378 (net)              1                   0.00       0.18 r
  add_20_U418/ZN (NOR2_X1)                 0.01      0.02       0.20 f
  add_20_n377 (net)              2                   0.00       0.20 f
  add_20_U74/ZN (AND2_X1)                  0.01      0.04       0.24 f
  add_20_n58 (net)               2                   0.00       0.24 f
  add_20_U355/ZN (AND2_X1)                 0.01      0.04       0.28 f
  add_20_n216 (net)              1                   0.00       0.28 f
  add_20_U359/ZN (NAND4_X1)                0.02      0.03       0.31 r
  add_20_n201 (net)              2                   0.00       0.31 r
  add_20_U73/ZN (AND3_X1)                  0.01      0.06       0.37 r
  add_20_n57 (net)               2                   0.00       0.37 r
  add_20_U86/ZN (NAND3_X1)                 0.02      0.04       0.41 f
  add_20_n65 (net)               3                   0.00       0.41 f
  add_20_U69/ZN (NAND2_X1)                 0.01      0.03       0.45 r
  add_20_n145 (net)              1                   0.00       0.45 r
  add_20_U315/ZN (NAND2_X1)                0.01      0.03       0.47 f
  add_20_n143 (net)              1                   0.00       0.47 f
  add_20_U305/ZN (XNOR2_X1)                0.01      0.05       0.52 f
  Z[31] (net)                    1                   0.00       0.52 f
  Z[31] (out)                              0.01      0.00       0.52 f
  data arrival time                                             0.52

  max_delay                                          0.10       0.10
  output external delay                              0.00       0.10
  data required time                                            0.10
  ------------------------------------------------------------------------------------------
  data required time                                            0.10
  data arrival time                                            -0.52
  ------------------------------------------------------------------------------------------
  slack (VIOLATED)                                             -0.42


  Startpoint: s (input port)
  Endpoint: Z[29] (output port)
  Path Group: default
  Path Type: max

  Des/Clust/Port     Wire Load Model       Library
  ------------------------------------------------
  adder_select_ref   5K_hvratio_1_1        NangateOpenCellLibrary

Attributes:
    d - dont_touch
    u - dont_use
   mo - map_only
   so - size_only
    i - ideal_net or ideal_network
  inf - infeasible path

  Point                        Fanout     Trans      Incr       Path      Attributes
  ------------------------------------------------------------------------------------------
  input external delay                               0.00       0.00 r
  s (in)                                   0.00      0.00       0.00 r
  s (net)                       61                   0.00       0.00 r
  U141/ZN (INV_X1)                         0.00      0.05       0.05 f
  n142 (net)                     2                   0.00       0.05 f
  U216/ZN (AOI22_X1)                       0.03      0.06       0.11 r
  n160 (net)                     1                   0.00       0.11 r
  U217/ZN (INV_X1)                         0.01      0.03       0.13 f
  n223 (net)                     2                   0.00       0.13 f
  add_20_U299/ZN (NOR2_X1)                 0.02      0.04       0.18 r
  add_20_n378 (net)              1                   0.00       0.18 r
  add_20_U418/ZN (NOR2_X1)                 0.01      0.02       0.20 f
  add_20_n377 (net)              2                   0.00       0.20 f
  add_20_U74/ZN (AND2_X1)                  0.01      0.04       0.24 f
  add_20_n58 (net)               2                   0.00       0.24 f
  add_20_U355/ZN (AND2_X1)                 0.01      0.04       0.28 f
  add_20_n216 (net)              1                   0.00       0.28 f
  add_20_U359/ZN (NAND4_X1)                0.02      0.03       0.31 r
  add_20_n201 (net)              2                   0.00       0.31 r
  add_20_U73/ZN (AND3_X1)                  0.01      0.06       0.37 r
  add_20_n57 (net)               2                   0.00       0.37 r
  add_20_U86/ZN (NAND3_X1)                 0.02      0.04       0.41 f
  add_20_n65 (net)               3                   0.00       0.41 f
  add_20_U303/ZN (NAND2_X1)                0.01      0.03       0.45 r
  add_20_n165 (net)              1                   0.00       0.45 r
  add_20_U313/ZN (NAND2_X1)                0.01      0.03       0.47 f
  add_20_n163 (net)              1                   0.00       0.47 f
  add_20_U318/ZN (XNOR2_X1)                0.01      0.05       0.52 f
  Z[29] (net)                    1                   0.00       0.52 f
  Z[29] (out)                              0.01      0.00       0.52 f
  data arrival time                                             0.52

  max_delay                                          0.10       0.10
  output external delay                              0.00       0.10
  data required time                                            0.10
  ------------------------------------------------------------------------------------------
  data required time                                            0.10
  data arrival time                                            -0.52
  ------------------------------------------------------------------------------------------
  slack (VIOLATED)                                             -0.42


  Startpoint: s (input port)
  Endpoint: Z[26] (output port)
  Path Group: default
  Path Type: max

  Des/Clust/Port     Wire Load Model       Library
  ------------------------------------------------
  adder_select_ref   5K_hvratio_1_1        NangateOpenCellLibrary

Attributes:
    d - dont_touch
    u - dont_use
   mo - map_only
   so - size_only
    i - ideal_net or ideal_network
  inf - infeasible path

  Point                        Fanout     Trans      Incr       Path      Attributes
  ------------------------------------------------------------------------------------------
  input external delay                               0.00       0.00 f
  s (in)                                   0.00      0.00       0.00 f
  s (net)                       61                   0.00       0.00 f
  U143/ZN (INV_X1)                         0.01      0.05       0.05 r
  n144 (net)                     2                   0.00       0.05 r
  U218/ZN (AOI22_X1)                       0.01      0.03       0.08 f
  n161 (net)                     1                   0.00       0.08 f
  U219/ZN (INV_X1)                         0.02      0.04       0.13 r
  n222 (net)                     4                   0.00       0.13 r
  add_20_U329/ZN (NOR2_X1)                 0.01      0.03       0.15 f
  add_20_n380 (net)              1                   0.00       0.15 f
  add_20_U265/ZN (NOR2_X1)                 0.02      0.04       0.19 r
  add_20_n376 (net)              2                   0.00       0.19 r
  add_20_U74/ZN (AND2_X1)                  0.01      0.05       0.24 r
  add_20_n58 (net)               2                   0.00       0.24 r
  add_20_U355/ZN (AND2_X1)                 0.01      0.04       0.28 r
  add_20_n216 (net)              1                   0.00       0.28 r
  add_20_U359/ZN (NAND4_X1)                0.02      0.04       0.32 f
  add_20_n201 (net)              2                   0.00       0.32 f
  add_20_U62/ZN (AND3_X1)                  0.01      0.04       0.36 f
  add_20_n48 (net)               1                   0.00       0.36 f
  add_20_U85/ZN (NAND3_X1)                 0.02      0.03       0.40 r
  add_20_n64 (net)               2                   0.00       0.40 r
  add_20_U279/ZN (INV_X1)                  0.01      0.03       0.42 f
  add_20_n154 (net)              2                   0.00       0.42 f
  add_20_U344/ZN (OAI21_X1)                0.02      0.04       0.47 r
  add_20_n192 (net)              1                   0.00       0.47 r
  add_20_U343/ZN (XNOR2_X1)                0.01      0.05       0.52 r
  Z[26] (net)                    1                   0.00       0.52 r
  Z[26] (out)                              0.01      0.00       0.52 r
  data arrival time                                             0.52

  max_delay                                          0.10       0.10
  output external delay                              0.00       0.10
  data required time                                            0.10
  ------------------------------------------------------------------------------------------
  data required time                                            0.10
  data arrival time                                            -0.52
  ------------------------------------------------------------------------------------------
  slack (VIOLATED)                                             -0.42


  Startpoint: s (input port)
  Endpoint: Z[30] (output port)
  Path Group: default
  Path Type: max

  Des/Clust/Port     Wire Load Model       Library
  ------------------------------------------------
  adder_select_ref   5K_hvratio_1_1        NangateOpenCellLibrary

Attributes:
    d - dont_touch
    u - dont_use
   mo - map_only
   so - size_only
    i - ideal_net or ideal_network
  inf - infeasible path

  Point                        Fanout     Trans      Incr       Path      Attributes
  ------------------------------------------------------------------------------------------
  input external delay                               0.00       0.00 f
  s (in)                                   0.00      0.00       0.00 f
  s (net)                       61                   0.00       0.00 f
  U143/ZN (INV_X1)                         0.01      0.05       0.05 r
  n144 (net)                     2                   0.00       0.05 r
  U218/ZN (AOI22_X1)                       0.01      0.03       0.08 f
  n161 (net)                     1                   0.00       0.08 f
  U219/ZN (INV_X1)                         0.02      0.04       0.13 r
  n222 (net)                     4                   0.00       0.13 r
  add_20_U329/ZN (NOR2_X1)                 0.01      0.03       0.15 f
  add_20_n380 (net)              1                   0.00       0.15 f
  add_20_U265/ZN (NOR2_X1)                 0.02      0.04       0.19 r
  add_20_n376 (net)              2                   0.00       0.19 r
  add_20_U74/ZN (AND2_X1)                  0.01      0.05       0.24 r
  add_20_n58 (net)               2                   0.00       0.24 r
  add_20_U355/ZN (AND2_X1)                 0.01      0.04       0.28 r
  add_20_n216 (net)              1                   0.00       0.28 r
  add_20_U359/ZN (NAND4_X1)                0.02      0.04       0.32 f
  add_20_n201 (net)              2                   0.00       0.32 f
  add_20_U62/ZN (AND3_X1)                  0.01      0.04       0.36 f
  add_20_n48 (net)               1                   0.00       0.36 f
  add_20_U85/ZN (NAND3_X1)                 0.02      0.03       0.40 r
  add_20_n64 (net)               2                   0.00       0.40 r
  add_20_U279/ZN (INV_X1)                  0.01      0.03       0.42 f
  add_20_n154 (net)              2                   0.00       0.42 f
  add_20_U306/ZN (OAI21_X1)                0.02      0.04       0.47 r
  add_20_n152 (net)              1                   0.00       0.47 r
  add_20_U339/ZN (XNOR2_X1)                0.01      0.05       0.52 r
  Z[30] (net)                    1                   0.00       0.52 r
  Z[30] (out)                              0.01      0.00       0.52 r
  data arrival time                                             0.52

  max_delay                                          0.10       0.10
  output external delay                              0.00       0.10
  data required time                                            0.10
  ------------------------------------------------------------------------------------------
  data required time                                            0.10
  data arrival time                                            -0.52
  ------------------------------------------------------------------------------------------
  slack (VIOLATED)                                             -0.42


  Startpoint: s (input port)
  Endpoint: Z[23] (output port)
  Path Group: default
  Path Type: max

  Des/Clust/Port     Wire Load Model       Library
  ------------------------------------------------
  adder_select_ref   5K_hvratio_1_1        NangateOpenCellLibrary

Attributes:
    d - dont_touch
    u - dont_use
   mo - map_only
   so - size_only
    i - ideal_net or ideal_network
  inf - infeasible path

  Point                        Fanout     Trans      Incr       Path      Attributes
  ------------------------------------------------------------------------------------------
  input external delay                               0.00       0.00 r
  s (in)                                   0.00      0.00       0.00 r
  s (net)                       61                   0.00       0.00 r
  U145/ZN (INV_X1)                         0.01      0.05       0.05 f
  n146 (net)                     2                   0.00       0.05 f
  U168/ZN (AOI22_X1)                       0.03      0.04       0.09 r
  n148 (net)                     1                   0.00       0.09 r
  U169/ZN (INV_X1)                         0.01      0.03       0.12 f
  n164 (net)                     5                   0.00       0.12 f
  add_20_U209/ZN (OR2_X1)                  0.01      0.06       0.19 f
  add_20_n357 (net)              1                   0.00       0.19 f
  add_20_U72/ZN (NAND3_X1)                 0.01      0.03       0.22 r
  add_20_n56 (net)               2                   0.00       0.22 r
  add_20_U71/ZN (AND2_X1)                  0.01      0.04       0.26 r
  add_20_n353 (net)              1                   0.00       0.26 r
  add_20_U289/ZN (NAND2_X1)                0.01      0.03       0.29 f
  add_20_n232 (net)              2                   0.00       0.29 f
  add_20_U286/ZN (AOI21_X1)                0.03      0.05       0.34 r
  add_20_n291 (net)              2                   0.00       0.34 r
  add_20_U243/ZN (OAI211_X1)               0.02      0.05       0.39 f
  add_20_n250 (net)              2                   0.00       0.39 f
  add_20_U397/ZN (INV_X1)                  0.02      0.04       0.43 r
  add_20_n241 (net)              3                   0.00       0.43 r
  add_20_U378/ZN (OAI21_X1)                0.01      0.04       0.47 f
  add_20_n238 (net)              1                   0.00       0.47 f
  add_20_U377/ZN (XNOR2_X1)                0.01      0.05       0.52 f
  Z[23] (net)                    1                   0.00       0.52 f
  Z[23] (out)                              0.01      0.00       0.52 f
  data arrival time                                             0.52

  max_delay                                          0.10       0.10
  output external delay                              0.00       0.10
  data required time                                            0.10
  ------------------------------------------------------------------------------------------
  data required time                                            0.10
  data arrival time                                            -0.52
  ------------------------------------------------------------------------------------------
  slack (VIOLATED)                                             -0.42


  Startpoint: s (input port)
  Endpoint: Z[19] (output port)
  Path Group: default
  Path Type: max

  Des/Clust/Port     Wire Load Model       Library
  ------------------------------------------------
  adder_select_ref   5K_hvratio_1_1        NangateOpenCellLibrary

Attributes:
    d - dont_touch
    u - dont_use
   mo - map_only
   so - size_only
    i - ideal_net or ideal_network
  inf - infeasible path

  Point                        Fanout     Trans      Incr       Path      Attributes
  ------------------------------------------------------------------------------------------
  input external delay                               0.00       0.00 r
  s (in)                                   0.00      0.00       0.00 r
  s (net)                       61                   0.00       0.00 r
  U145/ZN (INV_X1)                         0.01      0.05       0.05 f
  n146 (net)                     2                   0.00       0.05 f
  U168/ZN (AOI22_X1)                       0.03      0.04       0.09 r
  n148 (net)                     1                   0.00       0.09 r
  U169/ZN (INV_X1)                         0.01      0.03       0.12 f
  n164 (net)                     5                   0.00       0.12 f
  add_20_U209/ZN (OR2_X1)                  0.01      0.06       0.19 f
  add_20_n357 (net)              1                   0.00       0.19 f
  add_20_U72/ZN (NAND3_X1)                 0.01      0.03       0.22 r
  add_20_n56 (net)               2                   0.00       0.22 r
  add_20_U71/ZN (AND2_X1)                  0.01      0.04       0.26 r
  add_20_n353 (net)              1                   0.00       0.26 r
  add_20_U289/ZN (NAND2_X1)                0.01      0.03       0.29 f
  add_20_n232 (net)              2                   0.00       0.29 f
  add_20_U286/ZN (AOI21_X1)                0.03      0.05       0.34 r
  add_20_n291 (net)              2                   0.00       0.34 r
  add_20_U243/ZN (OAI211_X1)               0.02      0.05       0.39 f
  add_20_n250 (net)              2                   0.00       0.39 f
  add_20_U397/ZN (INV_X1)                  0.02      0.04       0.43 r
  add_20_n241 (net)              3                   0.00       0.43 r
  add_20_U390/ZN (OAI21_X1)                0.01      0.04       0.47 f
  add_20_n273 (net)              1                   0.00       0.47 f
  add_20_U389/ZN (XNOR2_X1)                0.01      0.05       0.52 f
  Z[19] (net)                    1                   0.00       0.52 f
  Z[19] (out)                              0.01      0.00       0.52 f
  data arrival time                                             0.52

  max_delay                                          0.10       0.10
  output external delay                              0.00       0.10
  data required time                                            0.10
  ------------------------------------------------------------------------------------------
  data required time                                            0.10
  data arrival time                                            -0.52
  ------------------------------------------------------------------------------------------
  slack (VIOLATED)                                             -0.42


  Startpoint: s (input port)
  Endpoint: Z[17] (output port)
  Path Group: default
  Path Type: max

  Des/Clust/Port     Wire Load Model       Library
  ------------------------------------------------
  adder_select_ref   5K_hvratio_1_1        NangateOpenCellLibrary

Attributes:
    d - dont_touch
    u - dont_use
   mo - map_only
   so - size_only
    i - ideal_net or ideal_network
  inf - infeasible path

  Point                        Fanout     Trans      Incr       Path      Attributes
  ------------------------------------------------------------------------------------------
  input external delay                               0.00       0.00 r
  s (in)                                   0.00      0.00       0.00 r
  s (net)                       61                   0.00       0.00 r
  U145/ZN (INV_X1)                         0.01      0.05       0.05 f
  n146 (net)                     2                   0.00       0.05 f
  U168/ZN (AOI22_X1)                       0.03      0.04       0.09 r
  n148 (net)                     1                   0.00       0.09 r
  U169/ZN (INV_X1)                         0.01      0.03       0.12 f
  n164 (net)                     5                   0.00       0.12 f
  add_20_U209/ZN (OR2_X1)                  0.01      0.06       0.19 f
  add_20_n357 (net)              1                   0.00       0.19 f
  add_20_U72/ZN (NAND3_X1)                 0.01      0.03       0.22 r
  add_20_n56 (net)               2                   0.00       0.22 r
  add_20_U71/ZN (AND2_X1)                  0.01      0.04       0.26 r
  add_20_n353 (net)              1                   0.00       0.26 r
  add_20_U289/ZN (NAND2_X1)                0.01      0.03       0.29 f
  add_20_n232 (net)              2                   0.00       0.29 f
  add_20_U286/ZN (AOI21_X1)                0.03      0.05       0.34 r
  add_20_n291 (net)              2                   0.00       0.34 r
  add_20_U243/ZN (OAI211_X1)               0.02      0.05       0.39 f
  add_20_n250 (net)              2                   0.00       0.39 f
  add_20_U397/ZN (INV_X1)                  0.02      0.04       0.43 r
  add_20_n241 (net)              3                   0.00       0.43 r
  add_20_U396/ZN (OAI21_X1)                0.01      0.04       0.47 f
  add_20_n285 (net)              1                   0.00       0.47 f
  add_20_U395/ZN (XNOR2_X1)                0.01      0.05       0.52 f
  Z[17] (net)                    1                   0.00       0.52 f
  Z[17] (out)                              0.01      0.00       0.52 f
  data arrival time                                             0.52

  max_delay                                          0.10       0.10
  output external delay                              0.00       0.10
  data required time                                            0.10
  ------------------------------------------------------------------------------------------
  data required time                                            0.10
  data arrival time                                            -0.52
  ------------------------------------------------------------------------------------------
  slack (VIOLATED)                                             -0.42


  Startpoint: s (input port)
  Endpoint: Z[24] (output port)
  Path Group: default
  Path Type: max

  Des/Clust/Port     Wire Load Model       Library
  ------------------------------------------------
  adder_select_ref   5K_hvratio_1_1        NangateOpenCellLibrary

Attributes:
    d - dont_touch
    u - dont_use
   mo - map_only
   so - size_only
    i - ideal_net or ideal_network
  inf - infeasible path

  Point                        Fanout     Trans      Incr       Path      Attributes
  ------------------------------------------------------------------------------------------
  input external delay                               0.00       0.00 r
  s (in)                                   0.00      0.00       0.00 r
  s (net)                       61                   0.00       0.00 r
  U141/ZN (INV_X1)                         0.00      0.05       0.05 f
  n142 (net)                     2                   0.00       0.05 f
  U216/ZN (AOI22_X1)                       0.03      0.06       0.11 r
  n160 (net)                     1                   0.00       0.11 r
  U217/ZN (INV_X1)                         0.01      0.03       0.13 f
  n223 (net)                     2                   0.00       0.13 f
  add_20_U299/ZN (NOR2_X1)                 0.02      0.04       0.18 r
  add_20_n378 (net)              1                   0.00       0.18 r
  add_20_U418/ZN (NOR2_X1)                 0.01      0.02       0.20 f
  add_20_n377 (net)              2                   0.00       0.20 f
  add_20_U74/ZN (AND2_X1)                  0.01      0.04       0.24 f
  add_20_n58 (net)               2                   0.00       0.24 f
  add_20_U355/ZN (AND2_X1)                 0.01      0.04       0.28 f
  add_20_n216 (net)              1                   0.00       0.28 f
  add_20_U359/ZN (NAND4_X1)                0.02      0.03       0.31 r
  add_20_n201 (net)              2                   0.00       0.31 r
  add_20_U73/ZN (AND3_X1)                  0.01      0.06       0.37 r
  add_20_n57 (net)               2                   0.00       0.37 r
  add_20_U86/ZN (NAND3_X1)                 0.02      0.04       0.41 f
  add_20_n65 (net)               3                   0.00       0.41 f
  add_20_U35/Z (CLKBUF_X1)                 0.01      0.05       0.46 f
  add_20_n25 (net)               2                   0.00       0.46 f
  add_20_U277/ZN (XNOR2_X1)                0.01      0.05       0.52 f
  Z[24] (net)                    1                   0.00       0.52 f
  Z[24] (out)                              0.01      0.00       0.52 f
  data arrival time                                             0.52

  max_delay                                          0.10       0.10
  output external delay                              0.00       0.10
  data required time                                            0.10
  ------------------------------------------------------------------------------------------
  data required time                                            0.10
  data arrival time                                            -0.52
  ------------------------------------------------------------------------------------------
  slack (VIOLATED)                                             -0.42


  Startpoint: s (input port)
  Endpoint: Z[25] (output port)
  Path Group: default
  Path Type: max

  Des/Clust/Port     Wire Load Model       Library
  ------------------------------------------------
  adder_select_ref   5K_hvratio_1_1        NangateOpenCellLibrary

Attributes:
    d - dont_touch
    u - dont_use
   mo - map_only
   so - size_only
    i - ideal_net or ideal_network
  inf - infeasible path

  Point                        Fanout     Trans      Incr       Path      Attributes
  ------------------------------------------------------------------------------------------
  input external delay                               0.00       0.00 r
  s (in)                                   0.00      0.00       0.00 r
  s (net)                       61                   0.00       0.00 r
  U141/ZN (INV_X1)                         0.00      0.05       0.05 f
  n142 (net)                     2                   0.00       0.05 f
  U216/ZN (AOI22_X1)                       0.03      0.06       0.11 r
  n160 (net)                     1                   0.00       0.11 r
  U217/ZN (INV_X1)                         0.01      0.03       0.13 f
  n223 (net)                     2                   0.00       0.13 f
  add_20_U299/ZN (NOR2_X1)                 0.02      0.04       0.18 r
  add_20_n378 (net)              1                   0.00       0.18 r
  add_20_U418/ZN (NOR2_X1)                 0.01      0.02       0.20 f
  add_20_n377 (net)              2                   0.00       0.20 f
  add_20_U74/ZN (AND2_X1)                  0.01      0.04       0.24 f
  add_20_n58 (net)               2                   0.00       0.24 f
  add_20_U355/ZN (AND2_X1)                 0.01      0.04       0.28 f
  add_20_n216 (net)              1                   0.00       0.28 f
  add_20_U359/ZN (NAND4_X1)                0.02      0.03       0.31 r
  add_20_n201 (net)              2                   0.00       0.31 r
  add_20_U73/ZN (AND3_X1)                  0.01      0.06       0.37 r
  add_20_n57 (net)               2                   0.00       0.37 r
  add_20_U87/ZN (NAND3_X1)                 0.02      0.04       0.41 f
  add_20_n142 (net)              2                   0.00       0.41 f
  add_20_U304/ZN (NAND2_X1)                0.01      0.03       0.44 r
  add_20_n199 (net)              1                   0.00       0.44 r
  add_20_U320/ZN (NAND2_X1)                0.01      0.03       0.47 f
  add_20_n197 (net)              1                   0.00       0.47 f
  add_20_U319/ZN (XNOR2_X1)                0.01      0.05       0.52 f
  Z[25] (net)                    1                   0.00       0.52 f
  Z[25] (out)                              0.01      0.00       0.52 f
  data arrival time                                             0.52

  max_delay                                          0.10       0.10
  output external delay                              0.00       0.10
  data required time                                            0.10
  ------------------------------------------------------------------------------------------
  data required time                                            0.10
  data arrival time                                            -0.52
  ------------------------------------------------------------------------------------------
  slack (VIOLATED)                                             -0.42


  Startpoint: s (input port)
  Endpoint: Z[32] (output port)
  Path Group: default
  Path Type: max

  Des/Clust/Port     Wire Load Model       Library
  ------------------------------------------------
  adder_select_ref   5K_hvratio_1_1        NangateOpenCellLibrary

Attributes:
    d - dont_touch
    u - dont_use
   mo - map_only
   so - size_only
    i - ideal_net or ideal_network
  inf - infeasible path

  Point                        Fanout     Trans      Incr       Path      Attributes
  ------------------------------------------------------------------------------------------
  input external delay                               0.00       0.00 r
  s (in)                                   0.00      0.00       0.00 r
  s (net)                       61                   0.00       0.00 r
  U141/ZN (INV_X1)                         0.00      0.05       0.05 f
  n142 (net)                     2                   0.00       0.05 f
  U216/ZN (AOI22_X1)                       0.03      0.06       0.11 r
  n160 (net)                     1                   0.00       0.11 r
  U217/ZN (INV_X1)                         0.01      0.03       0.13 f
  n223 (net)                     2                   0.00       0.13 f
  add_20_U299/ZN (NOR2_X1)                 0.02      0.04       0.18 r
  add_20_n378 (net)              1                   0.00       0.18 r
  add_20_U418/ZN (NOR2_X1)                 0.01      0.02       0.20 f
  add_20_n377 (net)              2                   0.00       0.20 f
  add_20_U74/ZN (AND2_X1)                  0.01      0.04       0.24 f
  add_20_n58 (net)               2                   0.00       0.24 f
  add_20_U355/ZN (AND2_X1)                 0.01      0.04       0.28 f
  add_20_n216 (net)              1                   0.00       0.28 f
  add_20_U359/ZN (NAND4_X1)                0.02      0.03       0.31 r
  add_20_n201 (net)              2                   0.00       0.31 r
  add_20_U73/ZN (AND3_X1)                  0.01      0.06       0.37 r
  add_20_n57 (net)               2                   0.00       0.37 r
  add_20_U86/ZN (NAND3_X1)                 0.02      0.04       0.41 f
  add_20_n65 (net)               3                   0.00       0.41 f
  add_20_U35/Z (CLKBUF_X1)                 0.01      0.05       0.46 f
  add_20_n25 (net)               2                   0.00       0.46 f
  add_20_U278/ZN (NAND2_X1)                0.01      0.03       0.49 r
  add_20_n125 (net)              1                   0.00       0.49 r
  add_20_U150/ZN (AOI21_X1)                0.01      0.02       0.52 f
  Z[32] (net)                    1                   0.00       0.52 f
  Z[32] (out)                              0.01      0.00       0.52 f
  data arrival time                                             0.52

  max_delay                                          0.10       0.10
  output external delay                              0.00       0.10
  data required time                                            0.10
  ------------------------------------------------------------------------------------------
  data required time                                            0.10
  data arrival time                                            -0.52
  ------------------------------------------------------------------------------------------
  slack (VIOLATED)                                             -0.42


1
