Loading db file '/temp2tb/luyao/lib/NangateOpenCellLibrary_PDKv1_3_v2010_12/db/typical.db'
Information: Propagating switching activity (low effort zero delay simulation). (PWR-6)
Warning: Design has unannotated primary inputs. (PWR-414)
 
****************************************
Report : power
        -analysis_effort low
Design : sub_8bit
Version: T-2022.03-SP2
Date   : Mon May 12 01:46:15 2025
****************************************


Library(s) Used:

    NangateOpenCellLibrary (File: /temp2tb/luyao/lib/NangateOpenCellLibrary_PDKv1_3_v2010_12/db/typical.db)


Operating Conditions: typical   Library: NangateOpenCellLibrary
Wire Load Model Mode: top

Design        Wire Load Model            Library
------------------------------------------------
sub_8bit               5K_hvratio_1_1    NangateOpenCellLibrary


Global Operating Voltage = 1.1  
Power-specific unit information :
    Voltage Units = 1V
    Capacitance Units = 1.000000ff
    Time Units = 1ns
    Dynamic Power Units = 1uW    (derived from V,C,T units)
    Leakage Power Units = 1nW


Attributes
----------
i - Including register clock pin internal power


  Cell Internal Power  = 359.8547 uW   (55%)
  Net Switching Power  = 292.4545 uW   (45%)
                         ---------
Total Dynamic Power    = 652.3091 uW  (100%)

Cell Leakage Power     =   3.0158 uW

Information: report_power power group summary does not include estimated clock tree power. (PWR-789)

                 Internal         Switching           Leakage            Total
Power Group      Power            Power               Power              Power   (   %    )  Attrs
--------------------------------------------------------------------------------------------------
io_pad             0.0000            0.0000            0.0000            0.0000  (   0.00%)
memory             0.0000            0.0000            0.0000            0.0000  (   0.00%)
black_box          0.0000            0.0000            0.0000            0.0000  (   0.00%)
clock_network      0.0000            0.0000            0.0000            0.0000  (   0.00%)  i
register           0.0000            0.0000            0.0000            0.0000  (   0.00%)
sequential         0.0000            0.0000            0.0000            0.0000  (   0.00%)
combinational    359.8546          292.4544        3.0158e+03          655.3250  ( 100.00%)
--------------------------------------------------------------------------------------------------
Total            359.8546 uW       292.4544 uW     3.0158e+03 nW       655.3250 uW
1
