Information: Updating design information... (UID-85)
 
****************************************
Report : qor
Design : sub_8bit
Version: T-2022.03-SP2
Date   : Mon May 12 01:46:15 2025
****************************************


  Timing Path Group 'default'
  -----------------------------------
  Levels of Logic:               6.00
  Critical Path Length:          0.25
  Critical Path Slack:          -0.15
  Critical Path Clk Period:       n/a
  Total Negative Slack:         -0.95
  No. of Violating Paths:        8.00
  Worst Hold Violation:          0.00
  Total Hold Violation:          0.00
  No. of Hold Violations:        0.00
  -----------------------------------


  Cell Count
  -----------------------------------
  Hierarchical Cell Count:          0
  Hierarchical Port Count:          0
  Leaf Cell Count:                135
  Buf/Inv Cell Count:              50
  Buf Cell Count:                   6
  Inv Cell Count:                  44
  CT Buf/Inv Cell Count:            0
  Combinational Cell Count:       135
  Sequential Cell Count:            0
  Macro Count:                      0
  -----------------------------------


  Area
  -----------------------------------
  Combinational Area:      122.626000
  Noncombinational Area:     0.000000
  Buf/Inv Area:             28.196000
  Total Buffer Area:             4.79
  Total Inverter Area:          23.41
  Macro/Black Box Area:      0.000000
  Net Area:                  0.000000
  -----------------------------------
  Cell Area:               122.626000
  Design Area:             122.626000


  Design Rules
  -----------------------------------
  Total Number of Nets:           151
  Nets With Violations:             0
  Max Trans Violations:             0
  Max Cap Violations:               0
  -----------------------------------


  Hostname: acf3030

  Compile CPU Statistics
  -----------------------------------------
  Resource Sharing:                    0.00
  Logic Optimization:                  0.29
  Mapping Optimization:                0.46
  -----------------------------------------
  Overall Compile Time:                1.14
  Overall Compile Wall Clock Time:     1.36

  --------------------------------------------------------------------

  Design  WNS: 0.15  TNS: 0.95  Number of Violating Paths: 8


  Design (Hold)  WNS: 0.00  TNS: 0.00  Number of Violating Paths: 0

  --------------------------------------------------------------------


1
