 
****************************************
Report : timing
        -path full
        -delay max
        -nets
        -max_paths 10
        -transition_time
Design : sub_8bit
Version: T-2022.03-SP2
Date   : Mon May 12 01:46:15 2025
****************************************

Operating Conditions: typical   Library: NangateOpenCellLibrary
Wire Load Model Mode: top

  Startpoint: a[6] (input port)
  Endpoint: overflow (output port)
  Path Group: default
  Path Type: max

  Des/Clust/Port     Wire Load Model       Library
  ------------------------------------------------
  sub_8bit           5K_hvratio_1_1        NangateOpenCellLibrary

Attributes:
    d - dont_touch
    u - dont_use
   mo - map_only
   so - size_only
    i - ideal_net or ideal_network
  inf - infeasible path

  Point                        Fanout     Trans      Incr       Path      Attributes
  ------------------------------------------------------------------------------------------
  input external delay                               0.00       0.00 f
  a[6] (in)                                0.00      0.00       0.00 f
  a[6] (net)                     4                   0.00       0.00 f
  U68/ZN (INV_X1)                          0.01      0.03       0.03 r
  n56 (net)                      1                   0.00       0.03 r
  U82/ZN (OAI22_X1)                        0.01      0.03       0.06 f
  n81 (net)                      2                   0.00       0.06 f
  U92/ZN (NAND2_X1)                        0.01      0.03       0.09 r
  n68 (net)                      1                   0.00       0.09 r
  U93/ZN (AND3_X1)                         0.01      0.05       0.13 r
  n97 (net)                      1                   0.00       0.13 r
  U142/ZN (OAI221_X1)                      0.02      0.04       0.18 f
  n100 (net)                     1                   0.00       0.18 f
  U143/ZN (AOI221_X1)                      0.03      0.07       0.25 r
  overflow (net)                 1                   0.00       0.25 r
  overflow (out)                           0.03      0.00       0.25 r
  data arrival time                                             0.25

  max_delay                                          0.10       0.10
  output external delay                              0.00       0.10
  data required time                                            0.10
  ------------------------------------------------------------------------------------------
  data required time                                            0.10
  data arrival time                                            -0.25
  ------------------------------------------------------------------------------------------
  slack (VIOLATED)                                             -0.15


  Startpoint: b[3] (input port)
  Endpoint: diff[5] (output port)
  Path Group: default
  Path Type: max

  Des/Clust/Port     Wire Load Model       Library
  ------------------------------------------------
  sub_8bit           5K_hvratio_1_1        NangateOpenCellLibrary

Attributes:
    d - dont_touch
    u - dont_use
   mo - map_only
   so - size_only
    i - ideal_net or ideal_network
  inf - infeasible path

  Point                        Fanout     Trans      Incr       Path      Attributes
  ------------------------------------------------------------------------------------------
  input external delay                               0.00       0.00 r
  b[3] (in)                                0.00      0.00       0.00 r
  b[3] (net)                     6                   0.00       0.00 r
  U78/ZN (INV_X1)                          0.01      0.03       0.03 f
  n62 (net)                      3                   0.00       0.03 f
  U77/ZN (AND2_X1)                         0.01      0.04       0.07 f
  n65 (net)                      1                   0.00       0.07 f
  U114/ZN (OAI21_X1)                       0.02      0.04       0.11 r
  n83 (net)                      1                   0.00       0.11 r
  U137/ZN (NAND2_X1)                       0.01      0.03       0.14 f
  n128 (net)                     2                   0.00       0.14 f
  U163/ZN (OAI21_X1)                       0.02      0.05       0.19 r
  n130 (net)                     1                   0.00       0.19 r
  U100/ZN (XNOR2_X1)                       0.01      0.05       0.25 r
  diff[5] (net)                  1                   0.00       0.25 r
  diff[5] (out)                            0.01      0.00       0.25 r
  data arrival time                                             0.25

  max_delay                                          0.10       0.10
  output external delay                              0.00       0.10
  data required time                                            0.10
  ------------------------------------------------------------------------------------------
  data required time                                            0.10
  data arrival time                                            -0.25
  ------------------------------------------------------------------------------------------
  slack (VIOLATED)                                             -0.15


  Startpoint: a[2] (input port)
  Endpoint: diff[6] (output port)
  Path Group: default
  Path Type: max

  Des/Clust/Port     Wire Load Model       Library
  ------------------------------------------------
  sub_8bit           5K_hvratio_1_1        NangateOpenCellLibrary

Attributes:
    d - dont_touch
    u - dont_use
   mo - map_only
   so - size_only
    i - ideal_net or ideal_network
  inf - infeasible path

  Point                        Fanout     Trans      Incr       Path      Attributes
  ------------------------------------------------------------------------------------------
  input external delay                               0.00       0.00 r
  a[2] (in)                                0.00      0.00       0.00 r
  a[2] (net)                     4                   0.00       0.00 r
  U110/ZN (INV_X1)                         0.01      0.02       0.02 f
  n79 (net)                      2                   0.00       0.02 f
  U56/ZN (AOI22_X1)                        0.03      0.05       0.08 r
  n46 (net)                      1                   0.00       0.08 r
  U135/ZN (OAI211_X1)                      0.02      0.05       0.13 f
  n150 (net)                     2                   0.00       0.13 f
  U84/ZN (NAND3_X1)                        0.02      0.04       0.17 r
  n153 (net)                     2                   0.00       0.17 r
  U167/ZN (INV_X1)                         0.01      0.02       0.19 f
  n133 (net)                     1                   0.00       0.19 f
  U168/ZN (NAND3_X1)                       0.01      0.03       0.22 r
  n144 (net)                     1                   0.00       0.22 r
  U173/ZN (NAND3_X1)                       0.01      0.03       0.24 f
  diff[6] (net)                  1                   0.00       0.24 f
  diff[6] (out)                            0.01      0.00       0.24 f
  data arrival time                                             0.24

  max_delay                                          0.10       0.10
  output external delay                              0.00       0.10
  data required time                                            0.10
  ------------------------------------------------------------------------------------------
  data required time                                            0.10
  data arrival time                                            -0.24
  ------------------------------------------------------------------------------------------
  slack (VIOLATED)                                             -0.14


  Startpoint: a[0] (input port)
  Endpoint: diff[4] (output port)
  Path Group: default
  Path Type: max

  Des/Clust/Port     Wire Load Model       Library
  ------------------------------------------------
  sub_8bit           5K_hvratio_1_1        NangateOpenCellLibrary

Attributes:
    d - dont_touch
    u - dont_use
   mo - map_only
   so - size_only
    i - ideal_net or ideal_network
  inf - infeasible path

  Point                        Fanout     Trans      Incr       Path      Attributes
  ------------------------------------------------------------------------------------------
  input external delay                               0.00       0.00 f
  a[0] (in)                                0.00      0.00       0.00 f
  a[0] (net)                     4                   0.00       0.00 f
  U45/ZN (INV_X1)                          0.01      0.03       0.03 r
  n36 (net)                      1                   0.00       0.03 r
  U134/ZN (NAND2_X1)                       0.01      0.03       0.05 f
  n118 (net)                     2                   0.00       0.05 f
  U158/ZN (OAI211_X1)                      0.03      0.05       0.10 r
  n125 (net)                     2                   0.00       0.10 r
  U160/ZN (INV_X1)                         0.01      0.02       0.13 f
  n122 (net)                     1                   0.00       0.13 f
  U161/ZN (OAI33_X1)                       0.05      0.07       0.20 r
  n126 (net)                     1                   0.00       0.20 r
  U162/ZN (OR2_X1)                         0.01      0.04       0.23 r
  diff[4] (net)                  1                   0.00       0.23 r
  diff[4] (out)                            0.01      0.00       0.24 r
  data arrival time                                             0.24

  max_delay                                          0.10       0.10
  output external delay                              0.00       0.10
  data required time                                            0.10
  ------------------------------------------------------------------------------------------
  data required time                                            0.10
  data arrival time                                            -0.24
  ------------------------------------------------------------------------------------------
  slack (VIOLATED)                                             -0.14


  Startpoint: a[2] (input port)
  Endpoint: diff[7] (output port)
  Path Group: default
  Path Type: max

  Des/Clust/Port     Wire Load Model       Library
  ------------------------------------------------
  sub_8bit           5K_hvratio_1_1        NangateOpenCellLibrary

Attributes:
    d - dont_touch
    u - dont_use
   mo - map_only
   so - size_only
    i - ideal_net or ideal_network
  inf - infeasible path

  Point                        Fanout     Trans      Incr       Path      Attributes
  ------------------------------------------------------------------------------------------
  input external delay                               0.00       0.00 f
  a[2] (in)                                0.00      0.00       0.00 f
  a[2] (net)                     4                   0.00       0.00 f
  U111/ZN (INV_X1)                         0.01      0.03       0.03 r
  n108 (net)                     2                   0.00       0.03 r
  U85/ZN (NOR2_X1)                         0.01      0.03       0.06 f
  n90 (net)                      2                   0.00       0.06 f
  U59/ZN (OAI21_X1)                        0.03      0.05       0.11 r
  n49 (net)                      2                   0.00       0.11 r
  U84/ZN (NAND3_X1)                        0.02      0.04       0.15 f
  n153 (net)                     2                   0.00       0.15 f
  U119/ZN (OR2_X1)                         0.01      0.06       0.21 f
  n155 (net)                     1                   0.00       0.21 f
  U94/ZN (NAND4_X1)                        0.01      0.03       0.23 r
  diff[7] (net)                  1                   0.00       0.23 r
  diff[7] (out)                            0.01      0.00       0.24 r
  data arrival time                                             0.24

  max_delay                                          0.10       0.10
  output external delay                              0.00       0.10
  data required time                                            0.10
  ------------------------------------------------------------------------------------------
  data required time                                            0.10
  data arrival time                                            -0.24
  ------------------------------------------------------------------------------------------
  slack (VIOLATED)                                             -0.14


  Startpoint: a[0] (input port)
  Endpoint: diff[3] (output port)
  Path Group: default
  Path Type: max

  Des/Clust/Port     Wire Load Model       Library
  ------------------------------------------------
  sub_8bit           5K_hvratio_1_1        NangateOpenCellLibrary

Attributes:
    d - dont_touch
    u - dont_use
   mo - map_only
   so - size_only
    i - ideal_net or ideal_network
  inf - infeasible path

  Point                        Fanout     Trans      Incr       Path      Attributes
  ------------------------------------------------------------------------------------------
  input external delay                               0.00       0.00 f
  a[0] (in)                                0.00      0.00       0.00 f
  a[0] (net)                     4                   0.00       0.00 f
  U108/ZN (INV_X1)                         0.01      0.03       0.03 r
  n77 (net)                      1                   0.00       0.03 r
  U79/ZN (OAI211_X1)                       0.02      0.04       0.07 f
  n106 (net)                     2                   0.00       0.07 f
  U96/ZN (AND2_X1)                         0.01      0.05       0.11 f
  n70 (net)                      2                   0.00       0.11 f
  U153/ZN (AOI21_X1)                       0.03      0.04       0.16 r
  n111 (net)                     1                   0.00       0.16 r
  U102/ZN (XNOR2_X1)                       0.01      0.05       0.21 r
  diff[3] (net)                  1                   0.00       0.21 r
  diff[3] (out)                            0.01      0.00       0.21 r
  data arrival time                                             0.21

  max_delay                                          0.10       0.10
  output external delay                              0.00       0.10
  data required time                                            0.10
  ------------------------------------------------------------------------------------------
  data required time                                            0.10
  data arrival time                                            -0.21
  ------------------------------------------------------------------------------------------
  slack (VIOLATED)                                             -0.11


  Startpoint: a[0] (input port)
  Endpoint: diff[2] (output port)
  Path Group: default
  Path Type: max

  Des/Clust/Port     Wire Load Model       Library
  ------------------------------------------------
  sub_8bit           5K_hvratio_1_1        NangateOpenCellLibrary

Attributes:
    d - dont_touch
    u - dont_use
   mo - map_only
   so - size_only
    i - ideal_net or ideal_network
  inf - infeasible path

  Point                        Fanout     Trans      Incr       Path      Attributes
  ------------------------------------------------------------------------------------------
  input external delay                               0.00       0.00 f
  a[0] (in)                                0.00      0.00       0.00 f
  a[0] (net)                     4                   0.00       0.00 f
  U108/ZN (INV_X1)                         0.01      0.03       0.03 r
  n77 (net)                      1                   0.00       0.03 r
  U79/ZN (OAI211_X1)                       0.02      0.04       0.07 f
  n106 (net)                     2                   0.00       0.07 f
  U96/ZN (AND2_X1)                         0.01      0.05       0.11 f
  n70 (net)                      2                   0.00       0.11 f
  U148/Z (XOR2_X1)                         0.01      0.07       0.18 f
  diff[2] (net)                  1                   0.00       0.18 f
  diff[2] (out)                            0.01      0.00       0.19 f
  data arrival time                                             0.19

  max_delay                                          0.10       0.10
  output external delay                              0.00       0.10
  data required time                                            0.10
  ------------------------------------------------------------------------------------------
  data required time                                            0.10
  data arrival time                                            -0.19
  ------------------------------------------------------------------------------------------
  slack (VIOLATED)                                             -0.09


  Startpoint: a[1] (input port)
  Endpoint: diff[1] (output port)
  Path Group: default
  Path Type: max

  Des/Clust/Port     Wire Load Model       Library
  ------------------------------------------------
  sub_8bit           5K_hvratio_1_1        NangateOpenCellLibrary

Attributes:
    d - dont_touch
    u - dont_use
   mo - map_only
   so - size_only
    i - ideal_net or ideal_network
  inf - infeasible path

  Point                        Fanout     Trans      Incr       Path      Attributes
  ------------------------------------------------------------------------------------------
  input external delay                               0.00       0.00 f
  a[1] (in)                                0.00      0.00       0.00 f
  a[1] (net)                     6                   0.00       0.00 f
  U42/Z (XOR2_X1)                          0.01      0.08       0.08 f
  n33 (net)                      1                   0.00       0.08 f
  U105/ZN (XNOR2_X1)                       0.01      0.05       0.13 f
  diff[1] (net)                  1                   0.00       0.13 f
  diff[1] (out)                            0.01      0.00       0.13 f
  data arrival time                                             0.13

  max_delay                                          0.10       0.10
  output external delay                              0.00       0.10
  data required time                                            0.10
  ------------------------------------------------------------------------------------------
  data required time                                            0.10
  data arrival time                                            -0.13
  ------------------------------------------------------------------------------------------
  slack (VIOLATED)                                             -0.03


  Startpoint: a[0] (input port)
  Endpoint: diff[0] (output port)
  Path Group: default
  Path Type: max

  Des/Clust/Port     Wire Load Model       Library
  ------------------------------------------------
  sub_8bit           5K_hvratio_1_1        NangateOpenCellLibrary

Attributes:
    d - dont_touch
    u - dont_use
   mo - map_only
   so - size_only
    i - ideal_net or ideal_network
  inf - infeasible path

  Point                        Fanout     Trans      Incr       Path      Attributes
  ------------------------------------------------------------------------------------------
  input external delay                               0.00       0.00 r
  a[0] (in)                                0.00      0.00       0.00 r
  a[0] (net)                     4                   0.00       0.00 r
  U133/ZN (INV_X1)                         0.00      0.02       0.02 f
  n103 (net)                     2                   0.00       0.02 f
  U57/Z (CLKBUF_X1)                        0.01      0.03       0.06 f
  n47 (net)                      1                   0.00       0.06 f
  U145/ZN (OAI21_X1)                       0.01      0.04       0.09 r
  diff[0] (net)                  1                   0.00       0.09 r
  diff[0] (out)                            0.01      0.00       0.10 r
  data arrival time                                             0.10

  max_delay                                          0.10       0.10
  output external delay                              0.00       0.10
  data required time                                            0.10
  ------------------------------------------------------------------------------------------
  data required time                                            0.10
  data arrival time                                            -0.10
  ------------------------------------------------------------------------------------------
  slack (MET)                                                   0.00


1
