 
****************************************
Report : area
Design : sub_32bit
Version: T-2022.03-SP2
Date   : Mon May 12 01:46:07 2025
****************************************

Library(s) Used:

    NangateOpenCellLibrary (File: /temp2tb/luyao/lib/NangateOpenCellLibrary_PDKv1_3_v2010_12/db/typical.db)

Number of ports:                           97
Number of nets:                           606
Number of cells:                          542
Number of combinational cells:            542
Number of sequential cells:                 0
Number of macros/black boxes:               0
Number of buf/inv:                        192
Number of references:                      29

Combinational area:                502.207999
Buf/Inv area:                      107.464001
Noncombinational area:               0.000000
Macro/Black Box area:                0.000000
Net Interconnect area:      undefined  (Wire load has zero net area)

Total cell area:                   502.207999
Total area:                 undefined

Hierarchical area distribution
------------------------------

                                  Global cell area          Local cell area
                                  ------------------  --------------------------- 
Hierarchical cell                 Absolute   Percent  Combi-    Noncombi-  Black-
                                  Total      Total    national  national   boxes   Design
--------------------------------  ---------  -------  --------  ---------  ------  ---------
sub_32bit                          502.2080    100.0  502.2080     0.0000  0.0000  sub_32bit
--------------------------------  ---------  -------  --------  ---------  ------  ---------
Total                                                 502.2080     0.0000  0.0000

1
