 
****************************************
Report : area
Design : mux_large_ref
Version: T-2022.03-SP2
Date   : Wed May 14 19:07:43 2025
****************************************

Library(s) Used:

    NangateOpenCellLibrary (File: /temp2tb/luyao/lib/NangateOpenCellLibrary_PDKv1_3_v2010_12/db/typical.db)

Number of ports:                           92
Number of nets:                           248
Number of cells:                          164
Number of combinational cells:            164
Number of sequential cells:                 0
Number of macros/black boxes:               0
Number of buf/inv:                         53
Number of references:                      20

Combinational area:                176.624001
Buf/Inv area:                       35.644000
Noncombinational area:               0.000000
Macro/Black Box area:                0.000000
Net Interconnect area:      undefined  (Wire load has zero net area)

Total cell area:                   176.624001
Total area:                 undefined

Hierarchical area distribution
------------------------------

                                  Global cell area          Local cell area
                                  ------------------  --------------------------- 
Hierarchical cell                 Absolute   Percent  Combi-    Noncombi-  Black-
                                  Total      Total    national  national   boxes   Design
--------------------------------  ---------  -------  --------  ---------  ------  ---------
mux_large_ref                      176.6240    100.0  176.6240     0.0000  0.0000  mux_large_ref
--------------------------------  ---------  -------  --------  ---------  ------  ---------
Total                                                 176.6240     0.0000  0.0000

1
