 
****************************************
Report : timing
        -path full
        -delay max
        -nets
        -max_paths 10
        -transition_time
Design : mux_large_ref
Version: T-2022.03-SP2
Date   : Wed May 14 19:07:43 2025
****************************************

Operating Conditions: typical   Library: NangateOpenCellLibrary
Wire Load Model Mode: top

  Startpoint: sel[0] (input port)
  Endpoint: block_out[1]
            (output port)
  Path Group: default
  Path Type: max

  Des/Clust/Port     Wire Load Model       Library
  ------------------------------------------------
  mux_large_ref      5K_hvratio_1_1        NangateOpenCellLibrary

Attributes:
    d - dont_touch
    u - dont_use
   mo - map_only
   so - size_only
    i - ideal_net or ideal_network
  inf - infeasible path

  Point                        Fanout     Trans      Incr       Path      Attributes
  ------------------------------------------------------------------------------------------
  input external delay                               0.00       0.00 r
  sel[0] (in)                              0.00      0.00       0.00 r
  sel[0] (net)                  18                   0.00       0.00 r
  U137/ZN (INV_X1)                         0.00      0.04       0.04 f
  n137 (net)                     2                   0.00       0.04 f
  U176/ZN (OAI221_X1)                      0.04      0.04       0.08 r
  n174 (net)                     1                   0.00       0.08 r
  U179/ZN (NAND4_X1)                       0.02      0.04       0.12 f
  n182 (net)                     1                   0.00       0.12 f
  U186/ZN (AOI221_X1)                      0.04      0.09       0.21 r
  n183 (net)                     1                   0.00       0.21 r
  U187/ZN (INV_X1)                         0.01      0.02       0.23 f
  block_out[1] (net)             1                   0.00       0.23 f
  block_out[1] (out)                       0.01      0.00       0.23 f
  data arrival time                                             0.23

  max_delay                                          0.10       0.10
  output external delay                              0.00       0.10
  data required time                                            0.10
  ------------------------------------------------------------------------------------------
  data required time                                            0.10
  data arrival time                                            -0.23
  ------------------------------------------------------------------------------------------
  slack (VIOLATED)                                             -0.13


  Startpoint: sel[0] (input port)
  Endpoint: block_out[0]
            (output port)
  Path Group: default
  Path Type: max

  Des/Clust/Port     Wire Load Model       Library
  ------------------------------------------------
  mux_large_ref      5K_hvratio_1_1        NangateOpenCellLibrary

Attributes:
    d - dont_touch
    u - dont_use
   mo - map_only
   so - size_only
    i - ideal_net or ideal_network
  inf - infeasible path

  Point                        Fanout     Trans      Incr       Path      Attributes
  ------------------------------------------------------------------------------------------
  input external delay                               0.00       0.00 r
  sel[0] (in)                              0.00      0.00       0.00 r
  sel[0] (net)                  18                   0.00       0.00 r
  U137/ZN (INV_X1)                         0.00      0.04       0.04 f
  n137 (net)                     2                   0.00       0.04 f
  U161/ZN (OAI221_X1)                      0.04      0.04       0.08 r
  n161 (net)                     1                   0.00       0.08 r
  U164/ZN (NAND4_X1)                       0.02      0.04       0.12 f
  n170 (net)                     1                   0.00       0.12 f
  U173/ZN (AOI221_X1)                      0.04      0.09       0.21 r
  n171 (net)                     1                   0.00       0.21 r
  U174/ZN (INV_X1)                         0.01      0.02       0.23 f
  block_out[0] (net)             1                   0.00       0.23 f
  block_out[0] (out)                       0.01      0.00       0.23 f
  data arrival time                                             0.23

  max_delay                                          0.10       0.10
  output external delay                              0.00       0.10
  data required time                                            0.10
  ------------------------------------------------------------------------------------------
  data required time                                            0.10
  data arrival time                                            -0.23
  ------------------------------------------------------------------------------------------
  slack (VIOLATED)                                             -0.13


  Startpoint: sel[0] (input port)
  Endpoint: block_out[3]
            (output port)
  Path Group: default
  Path Type: max

  Des/Clust/Port     Wire Load Model       Library
  ------------------------------------------------
  mux_large_ref      5K_hvratio_1_1        NangateOpenCellLibrary

Attributes:
    d - dont_touch
    u - dont_use
   mo - map_only
   so - size_only
    i - ideal_net or ideal_network
  inf - infeasible path

  Point                        Fanout     Trans      Incr       Path      Attributes
  ------------------------------------------------------------------------------------------
  input external delay                               0.00       0.00 f
  sel[0] (in)                              0.00      0.00       0.00 f
  sel[0] (net)                  18                   0.00       0.00 f
  U136/ZN (OR3_X1)                         0.01      0.09       0.09 f
  n135 (net)                     1                   0.00       0.09 f
  U149/ZN (NAND2_X1)                       0.01      0.03       0.13 r
  n225 (net)                     3                   0.00       0.13 r
  U92/Z (CLKBUF_X1)                        0.01      0.04       0.17 r
  n95 (net)                      1                   0.00       0.17 r
  U110/ZN (NAND3_X1)                       0.01      0.03       0.20 f
  n112 (net)                     1                   0.00       0.20 f
  U113/ZN (OAI221_X1)                      0.03      0.03       0.23 r
  block_out[3] (net)             1                   0.00       0.23 r
  block_out[3] (out)                       0.03      0.00       0.23 r
  data arrival time                                             0.23

  max_delay                                          0.10       0.10
  output external delay                              0.00       0.10
  data required time                                            0.10
  ------------------------------------------------------------------------------------------
  data required time                                            0.10
  data arrival time                                            -0.23
  ------------------------------------------------------------------------------------------
  slack (VIOLATED)                                             -0.13


  Startpoint: sel[1] (input port)
  Endpoint: block_out[7]
            (output port)
  Path Group: default
  Path Type: max

  Des/Clust/Port     Wire Load Model       Library
  ------------------------------------------------
  mux_large_ref      5K_hvratio_1_1        NangateOpenCellLibrary

Attributes:
    d - dont_touch
    u - dont_use
   mo - map_only
   so - size_only
    i - ideal_net or ideal_network
  inf - infeasible path

  Point                        Fanout     Trans      Incr       Path      Attributes
  ------------------------------------------------------------------------------------------
  input external delay                               0.00       0.00 f
  sel[1] (in)                              0.00      0.00       0.00 f
  sel[1] (net)                  14                   0.00       0.00 f
  U135/ZN (INV_X1)                         0.01      0.03       0.03 r
  n133 (net)                     1                   0.00       0.03 r
  U171/ZN (NAND3_X1)                       0.01      0.03       0.06 f
  n226 (net)                     1                   0.00       0.06 f
  U241/ZN (OAI211_X1)                      0.02      0.03       0.09 r
  n238 (net)                     1                   0.00       0.09 r
  U242/ZN (INV_X1)                         0.01      0.02       0.12 f
  n243 (net)                     1                   0.00       0.12 f
  U246/ZN (AOI211_X1)                      0.04      0.08       0.19 r
  n246 (net)                     1                   0.00       0.19 r
  U247/ZN (OAI21_X1)                       0.01      0.03       0.23 f
  block_out[7] (net)             1                   0.00       0.23 f
  block_out[7] (out)                       0.01      0.00       0.23 f
  data arrival time                                             0.23

  max_delay                                          0.10       0.10
  output external delay                              0.00       0.10
  data required time                                            0.10
  ------------------------------------------------------------------------------------------
  data required time                                            0.10
  data arrival time                                            -0.23
  ------------------------------------------------------------------------------------------
  slack (VIOLATED)                                             -0.13


  Startpoint: sel[2] (input port)
  Endpoint: block_out[4]
            (output port)
  Path Group: default
  Path Type: max

  Des/Clust/Port     Wire Load Model       Library
  ------------------------------------------------
  mux_large_ref      5K_hvratio_1_1        NangateOpenCellLibrary

Attributes:
    d - dont_touch
    u - dont_use
   mo - map_only
   so - size_only
    i - ideal_net or ideal_network
  inf - infeasible path

  Point                        Fanout     Trans      Incr       Path      Attributes
  ------------------------------------------------------------------------------------------
  input external delay                               0.00       0.00 f
  sel[2] (in)                              0.00      0.00       0.00 f
  sel[2] (net)                  11                   0.00       0.00 f
  U150/ZN (INV_X1)                         0.02      0.05       0.05 r
  n149 (net)                     5                   0.00       0.05 r
  U148/Z (BUF_X1)                          0.01      0.04       0.09 r
  n158 (net)                     2                   0.00       0.09 r
  U205/ZN (OAI221_X1)                      0.02      0.04       0.13 f
  n203 (net)                     1                   0.00       0.13 f
  U133/ZN (AND4_X1)                        0.01      0.04       0.18 f
  n130 (net)                     1                   0.00       0.18 f
  U132/ZN (OAI221_X1)                      0.03      0.05       0.22 r
  block_out[4] (net)             1                   0.00       0.22 r
  block_out[4] (out)                       0.03      0.00       0.23 r
  data arrival time                                             0.23

  max_delay                                          0.10       0.10
  output external delay                              0.00       0.10
  data required time                                            0.10
  ------------------------------------------------------------------------------------------
  data required time                                            0.10
  data arrival time                                            -0.23
  ------------------------------------------------------------------------------------------
  slack (VIOLATED)                                             -0.13


  Startpoint: sel[0] (input port)
  Endpoint: block_out[5]
            (output port)
  Path Group: default
  Path Type: max

  Des/Clust/Port     Wire Load Model       Library
  ------------------------------------------------
  mux_large_ref      5K_hvratio_1_1        NangateOpenCellLibrary

Attributes:
    d - dont_touch
    u - dont_use
   mo - map_only
   so - size_only
    i - ideal_net or ideal_network
  inf - infeasible path

  Point                        Fanout     Trans      Incr       Path      Attributes
  ------------------------------------------------------------------------------------------
  input external delay                               0.00       0.00 f
  sel[0] (in)                              0.00      0.00       0.00 f
  sel[0] (net)                  18                   0.00       0.00 f
  U88/Z (BUF_X2)                           0.01      0.06       0.06 f
  n108 (net)                     7                   0.00       0.06 f
  U214/ZN (OAI221_X1)                      0.03      0.06       0.12 r
  n211 (net)                     1                   0.00       0.12 r
  U105/ZN (AND4_X1)                        0.01      0.07       0.18 r
  n105 (net)                     1                   0.00       0.18 r
  U118/ZN (OAI221_X1)                      0.01      0.04       0.22 f
  block_out[5] (net)             1                   0.00       0.22 f
  block_out[5] (out)                       0.01      0.00       0.22 f
  data arrival time                                             0.22

  max_delay                                          0.10       0.10
  output external delay                              0.00       0.10
  data required time                                            0.10
  ------------------------------------------------------------------------------------------
  data required time                                            0.10
  data arrival time                                            -0.22
  ------------------------------------------------------------------------------------------
  slack (VIOLATED)                                             -0.12


  Startpoint: sel[0] (input port)
  Endpoint: block_out[2]
            (output port)
  Path Group: default
  Path Type: max

  Des/Clust/Port     Wire Load Model       Library
  ------------------------------------------------
  mux_large_ref      5K_hvratio_1_1        NangateOpenCellLibrary

Attributes:
    d - dont_touch
    u - dont_use
   mo - map_only
   so - size_only
    i - ideal_net or ideal_network
  inf - infeasible path

  Point                        Fanout     Trans      Incr       Path      Attributes
  ------------------------------------------------------------------------------------------
  input external delay                               0.00       0.00 f
  sel[0] (in)                              0.00      0.00       0.00 f
  sel[0] (net)                  18                   0.00       0.00 f
  U88/Z (BUF_X2)                           0.01      0.06       0.06 f
  n108 (net)                     7                   0.00       0.06 f
  U189/ZN (OAI221_X1)                      0.03      0.06       0.12 r
  n186 (net)                     1                   0.00       0.12 r
  U103/ZN (AND4_X1)                        0.01      0.07       0.18 r
  n103 (net)                     1                   0.00       0.18 r
  U119/ZN (OAI221_X1)                      0.01      0.04       0.22 f
  block_out[2] (net)             1                   0.00       0.22 f
  block_out[2] (out)                       0.01      0.00       0.22 f
  data arrival time                                             0.22

  max_delay                                          0.10       0.10
  output external delay                              0.00       0.10
  data required time                                            0.10
  ------------------------------------------------------------------------------------------
  data required time                                            0.10
  data arrival time                                            -0.22
  ------------------------------------------------------------------------------------------
  slack (VIOLATED)                                             -0.12


  Startpoint: sel[0] (input port)
  Endpoint: block_out[6]
            (output port)
  Path Group: default
  Path Type: max

  Des/Clust/Port     Wire Load Model       Library
  ------------------------------------------------
  mux_large_ref      5K_hvratio_1_1        NangateOpenCellLibrary

Attributes:
    d - dont_touch
    u - dont_use
   mo - map_only
   so - size_only
    i - ideal_net or ideal_network
  inf - infeasible path

  Point                        Fanout     Trans      Incr       Path      Attributes
  ------------------------------------------------------------------------------------------
  input external delay                               0.00       0.00 f
  sel[0] (in)                              0.00      0.00       0.00 f
  sel[0] (net)                  18                   0.00       0.00 f
  U96/Z (BUF_X1)                           0.02      0.06       0.06 f
  n111 (net)                     6                   0.00       0.06 f
  U222/ZN (OAI221_X1)                      0.03      0.06       0.12 r
  n219 (net)                     1                   0.00       0.12 r
  U122/ZN (AND4_X1)                        0.01      0.07       0.18 r
  n120 (net)                     1                   0.00       0.18 r
  U121/ZN (OAI221_X1)                      0.01      0.04       0.22 f
  block_out[6] (net)             1                   0.00       0.22 f
  block_out[6] (out)                       0.01      0.00       0.22 f
  data arrival time                                             0.22

  max_delay                                          0.10       0.10
  output external delay                              0.00       0.10
  data required time                                            0.10
  ------------------------------------------------------------------------------------------
  data required time                                            0.10
  data arrival time                                            -0.22
  ------------------------------------------------------------------------------------------
  slack (VIOLATED)                                             -0.12


1
