 
****************************************
Report : area
Design : decoder_6bit_ref
Version: T-2022.03-SP2
Date   : Mon May 12 02:39:54 2025
****************************************

Library(s) Used:

    NangateOpenCellLibrary (File: /temp2tb/luyao/lib/NangateOpenCellLibrary_PDKv1_3_v2010_12/db/typical.db)

Number of ports:                           70
Number of nets:                           138
Number of cells:                          132
Number of combinational cells:            132
Number of sequential cells:                 0
Number of macros/black boxes:               0
Number of buf/inv:                         19
Number of references:                       9

Combinational area:                106.665998
Buf/Inv area:                       10.640000
Noncombinational area:               0.000000
Macro/Black Box area:                0.000000
Net Interconnect area:      undefined  (Wire load has zero net area)

Total cell area:                   106.665998
Total area:                 undefined

Hierarchical area distribution
------------------------------

                                  Global cell area          Local cell area
                                  ------------------  --------------------------- 
Hierarchical cell                 Absolute   Percent  Combi-    Noncombi-  Black-
                                  Total      Total    national  national   boxes   Design
--------------------------------  ---------  -------  --------  ---------  ------  ---------
decoder_6bit_ref                   106.6660    100.0  106.6660     0.0000  0.0000  decoder_6bit_ref
--------------------------------  ---------  -------  --------  ---------  ------  ---------
Total                                                 106.6660     0.0000  0.0000

1
