Information: Updating design information... (UID-85)
 
****************************************
Report : qor
Design : decoder_6bit_ref
Version: T-2022.03-SP2
Date   : Mon May 12 02:39:54 2025
****************************************


  Timing Path Group 'default'
  -----------------------------------
  Levels of Logic:               3.00
  Critical Path Length:          0.14
  Critical Path Slack:          -0.04
  Critical Path Clk Period:       n/a
  Total Negative Slack:         -2.53
  No. of Violating Paths:       64.00
  Worst Hold Violation:          0.00
  Total Hold Violation:          0.00
  No. of Hold Violations:        0.00
  -----------------------------------


  Cell Count
  -----------------------------------
  Hierarchical Cell Count:          0
  Hierarchical Port Count:          0
  Leaf Cell Count:                132
  Buf/Inv Cell Count:              19
  Buf Cell Count:                   1
  Inv Cell Count:                  18
  CT Buf/Inv Cell Count:            0
  Combinational Cell Count:       132
  Sequential Cell Count:            0
  Macro Count:                      0
  -----------------------------------


  Area
  -----------------------------------
  Combinational Area:      106.665998
  Noncombinational Area:     0.000000
  Buf/Inv Area:             10.640000
  Total Buffer Area:             1.06
  Total Inverter Area:           9.58
  Macro/Black Box Area:      0.000000
  Net Area:                  0.000000
  -----------------------------------
  Cell Area:               106.665998
  Design Area:             106.665998


  Design Rules
  -----------------------------------
  Total Number of Nets:           138
  Nets With Violations:             0
  Max Trans Violations:             0
  Max Cap Violations:               0
  -----------------------------------


  Hostname: acf3030

  Compile CPU Statistics
  -----------------------------------------
  Resource Sharing:                    0.00
  Logic Optimization:                  0.16
  Mapping Optimization:                0.47
  -----------------------------------------
  Overall Compile Time:                1.01
  Overall Compile Wall Clock Time:     1.21

  --------------------------------------------------------------------

  Design  WNS: 0.04  TNS: 2.53  Number of Violating Paths: 64


  Design (Hold)  WNS: 0.00  TNS: 0.00  Number of Violating Paths: 0

  --------------------------------------------------------------------


1
