 
****************************************
Report : timing
        -path full
        -delay max
        -nets
        -max_paths 10
        -transition_time
Design : decoder_6bit_ref
Version: T-2022.03-SP2
Date   : Mon May 12 02:39:54 2025
****************************************

Operating Conditions: typical   Library: NangateOpenCellLibrary
Wire Load Model Mode: top

  Startpoint: in[5] (input port)
  Endpoint: out[3] (output port)
  Path Group: default
  Path Type: max

  Des/Clust/Port     Wire Load Model       Library
  ------------------------------------------------
  decoder_6bit_ref   5K_hvratio_1_1        NangateOpenCellLibrary

Attributes:
    d - dont_touch
    u - dont_use
   mo - map_only
   so - size_only
    i - ideal_net or ideal_network
  inf - infeasible path

  Point                        Fanout     Trans      Incr       Path      Attributes
  ------------------------------------------------------------------------------------------
  input external delay                               0.00       0.00 f
  in[5] (in)                               0.00      0.00       0.00 f
  in[5] (net)                   11                   0.00       0.00 f
  U127/ZN (NOR2_X1)                        0.03      0.05       0.05 r
  n58 (net)                      2                   0.00       0.05 r
  U163/ZN (NAND2_X1)                       0.02      0.05       0.10 f
  n26 (net)                      4                   0.00       0.10 f
  U153/ZN (NOR2_X1)                        0.01      0.04       0.14 r
  out[3] (net)                   1                   0.00       0.14 r
  out[3] (out)                             0.01      0.00       0.14 r
  data arrival time                                             0.14

  max_delay                                          0.10       0.10
  output external delay                              0.00       0.10
  data required time                                            0.10
  ------------------------------------------------------------------------------------------
  data required time                                            0.10
  data arrival time                                            -0.14
  ------------------------------------------------------------------------------------------
  slack (VIOLATED)                                             -0.04


  Startpoint: in[5] (input port)
  Endpoint: out[2] (output port)
  Path Group: default
  Path Type: max

  Des/Clust/Port     Wire Load Model       Library
  ------------------------------------------------
  decoder_6bit_ref   5K_hvratio_1_1        NangateOpenCellLibrary

Attributes:
    d - dont_touch
    u - dont_use
   mo - map_only
   so - size_only
    i - ideal_net or ideal_network
  inf - infeasible path

  Point                        Fanout     Trans      Incr       Path      Attributes
  ------------------------------------------------------------------------------------------
  input external delay                               0.00       0.00 f
  in[5] (in)                               0.00      0.00       0.00 f
  in[5] (net)                   11                   0.00       0.00 f
  U127/ZN (NOR2_X1)                        0.03      0.05       0.05 r
  n58 (net)                      2                   0.00       0.05 r
  U163/ZN (NAND2_X1)                       0.02      0.05       0.10 f
  n26 (net)                      4                   0.00       0.10 f
  U154/ZN (NOR2_X1)                        0.01      0.04       0.14 r
  out[2] (net)                   1                   0.00       0.14 r
  out[2] (out)                             0.01      0.00       0.14 r
  data arrival time                                             0.14

  max_delay                                          0.10       0.10
  output external delay                              0.00       0.10
  data required time                                            0.10
  ------------------------------------------------------------------------------------------
  data required time                                            0.10
  data arrival time                                            -0.14
  ------------------------------------------------------------------------------------------
  slack (VIOLATED)                                             -0.04


  Startpoint: in[5] (input port)
  Endpoint: out[1] (output port)
  Path Group: default
  Path Type: max

  Des/Clust/Port     Wire Load Model       Library
  ------------------------------------------------
  decoder_6bit_ref   5K_hvratio_1_1        NangateOpenCellLibrary

Attributes:
    d - dont_touch
    u - dont_use
   mo - map_only
   so - size_only
    i - ideal_net or ideal_network
  inf - infeasible path

  Point                        Fanout     Trans      Incr       Path      Attributes
  ------------------------------------------------------------------------------------------
  input external delay                               0.00       0.00 f
  in[5] (in)                               0.00      0.00       0.00 f
  in[5] (net)                   11                   0.00       0.00 f
  U127/ZN (NOR2_X1)                        0.03      0.05       0.05 r
  n58 (net)                      2                   0.00       0.05 r
  U163/ZN (NAND2_X1)                       0.02      0.05       0.10 f
  n26 (net)                      4                   0.00       0.10 f
  U155/ZN (NOR2_X1)                        0.01      0.04       0.14 r
  out[1] (net)                   1                   0.00       0.14 r
  out[1] (out)                             0.01      0.00       0.14 r
  data arrival time                                             0.14

  max_delay                                          0.10       0.10
  output external delay                              0.00       0.10
  data required time                                            0.10
  ------------------------------------------------------------------------------------------
  data required time                                            0.10
  data arrival time                                            -0.14
  ------------------------------------------------------------------------------------------
  slack (VIOLATED)                                             -0.04


  Startpoint: in[5] (input port)
  Endpoint: out[15] (output port)
  Path Group: default
  Path Type: max

  Des/Clust/Port     Wire Load Model       Library
  ------------------------------------------------
  decoder_6bit_ref   5K_hvratio_1_1        NangateOpenCellLibrary

Attributes:
    d - dont_touch
    u - dont_use
   mo - map_only
   so - size_only
    i - ideal_net or ideal_network
  inf - infeasible path

  Point                        Fanout     Trans      Incr       Path      Attributes
  ------------------------------------------------------------------------------------------
  input external delay                               0.00       0.00 f
  in[5] (in)                               0.00      0.00       0.00 f
  in[5] (net)                   11                   0.00       0.00 f
  U128/ZN (NOR2_X1)                        0.03      0.05       0.05 r
  n21 (net)                      2                   0.00       0.05 r
  U230/ZN (NAND2_X1)                       0.02      0.05       0.10 f
  n34 (net)                      4                   0.00       0.10 f
  U194/ZN (NOR2_X1)                        0.01      0.04       0.14 r
  out[15] (net)                  1                   0.00       0.14 r
  out[15] (out)                            0.01      0.00       0.14 r
  data arrival time                                             0.14

  max_delay                                          0.10       0.10
  output external delay                              0.00       0.10
  data required time                                            0.10
  ------------------------------------------------------------------------------------------
  data required time                                            0.10
  data arrival time                                            -0.14
  ------------------------------------------------------------------------------------------
  slack (VIOLATED)                                             -0.04


  Startpoint: in[5] (input port)
  Endpoint: out[14] (output port)
  Path Group: default
  Path Type: max

  Des/Clust/Port     Wire Load Model       Library
  ------------------------------------------------
  decoder_6bit_ref   5K_hvratio_1_1        NangateOpenCellLibrary

Attributes:
    d - dont_touch
    u - dont_use
   mo - map_only
   so - size_only
    i - ideal_net or ideal_network
  inf - infeasible path

  Point                        Fanout     Trans      Incr       Path      Attributes
  ------------------------------------------------------------------------------------------
  input external delay                               0.00       0.00 f
  in[5] (in)                               0.00      0.00       0.00 f
  in[5] (net)                   11                   0.00       0.00 f
  U128/ZN (NOR2_X1)                        0.03      0.05       0.05 r
  n21 (net)                      2                   0.00       0.05 r
  U230/ZN (NAND2_X1)                       0.02      0.05       0.10 f
  n34 (net)                      4                   0.00       0.10 f
  U195/ZN (NOR2_X1)                        0.01      0.04       0.14 r
  out[14] (net)                  1                   0.00       0.14 r
  out[14] (out)                            0.01      0.00       0.14 r
  data arrival time                                             0.14

  max_delay                                          0.10       0.10
  output external delay                              0.00       0.10
  data required time                                            0.10
  ------------------------------------------------------------------------------------------
  data required time                                            0.10
  data arrival time                                            -0.14
  ------------------------------------------------------------------------------------------
  slack (VIOLATED)                                             -0.04


  Startpoint: in[5] (input port)
  Endpoint: out[13] (output port)
  Path Group: default
  Path Type: max

  Des/Clust/Port     Wire Load Model       Library
  ------------------------------------------------
  decoder_6bit_ref   5K_hvratio_1_1        NangateOpenCellLibrary

Attributes:
    d - dont_touch
    u - dont_use
   mo - map_only
   so - size_only
    i - ideal_net or ideal_network
  inf - infeasible path

  Point                        Fanout     Trans      Incr       Path      Attributes
  ------------------------------------------------------------------------------------------
  input external delay                               0.00       0.00 f
  in[5] (in)                               0.00      0.00       0.00 f
  in[5] (net)                   11                   0.00       0.00 f
  U128/ZN (NOR2_X1)                        0.03      0.05       0.05 r
  n21 (net)                      2                   0.00       0.05 r
  U230/ZN (NAND2_X1)                       0.02      0.05       0.10 f
  n34 (net)                      4                   0.00       0.10 f
  U196/ZN (NOR2_X1)                        0.01      0.04       0.14 r
  out[13] (net)                  1                   0.00       0.14 r
  out[13] (out)                            0.01      0.00       0.14 r
  data arrival time                                             0.14

  max_delay                                          0.10       0.10
  output external delay                              0.00       0.10
  data required time                                            0.10
  ------------------------------------------------------------------------------------------
  data required time                                            0.10
  data arrival time                                            -0.14
  ------------------------------------------------------------------------------------------
  slack (VIOLATED)                                             -0.04


  Startpoint: in[5] (input port)
  Endpoint: out[12] (output port)
  Path Group: default
  Path Type: max

  Des/Clust/Port     Wire Load Model       Library
  ------------------------------------------------
  decoder_6bit_ref   5K_hvratio_1_1        NangateOpenCellLibrary

Attributes:
    d - dont_touch
    u - dont_use
   mo - map_only
   so - size_only
    i - ideal_net or ideal_network
  inf - infeasible path

  Point                        Fanout     Trans      Incr       Path      Attributes
  ------------------------------------------------------------------------------------------
  input external delay                               0.00       0.00 f
  in[5] (in)                               0.00      0.00       0.00 f
  in[5] (net)                   11                   0.00       0.00 f
  U128/ZN (NOR2_X1)                        0.03      0.05       0.05 r
  n21 (net)                      2                   0.00       0.05 r
  U230/ZN (NAND2_X1)                       0.02      0.05       0.10 f
  n34 (net)                      4                   0.00       0.10 f
  U197/ZN (NOR2_X1)                        0.01      0.04       0.14 r
  out[12] (net)                  1                   0.00       0.14 r
  out[12] (out)                            0.01      0.00       0.14 r
  data arrival time                                             0.14

  max_delay                                          0.10       0.10
  output external delay                              0.00       0.10
  data required time                                            0.10
  ------------------------------------------------------------------------------------------
  data required time                                            0.10
  data arrival time                                            -0.14
  ------------------------------------------------------------------------------------------
  slack (VIOLATED)                                             -0.04


  Startpoint: in[4] (input port)
  Endpoint: out[46] (output port)
  Path Group: default
  Path Type: max

  Des/Clust/Port     Wire Load Model       Library
  ------------------------------------------------
  decoder_6bit_ref   5K_hvratio_1_1        NangateOpenCellLibrary

Attributes:
    d - dont_touch
    u - dont_use
   mo - map_only
   so - size_only
    i - ideal_net or ideal_network
  inf - infeasible path

  Point                        Fanout     Trans      Incr       Path      Attributes
  ------------------------------------------------------------------------------------------
  input external delay                               0.00       0.00 f
  in[4] (in)                               0.00      0.00       0.00 f
  in[4] (net)                   11                   0.00       0.00 f
  U141/ZN (INV_X1)                         0.01      0.02       0.02 r
  n65 (net)                      1                   0.00       0.02 r
  U125/ZN (AND2_X1)                        0.01      0.04       0.06 r
  n55 (net)                      1                   0.00       0.06 r
  U228/ZN (NAND2_X1)                       0.02      0.04       0.10 f
  n23 (net)                      4                   0.00       0.10 f
  U205/ZN (NOR2_X1)                        0.01      0.04       0.14 r
  out[46] (net)                  1                   0.00       0.14 r
  out[46] (out)                            0.01      0.00       0.14 r
  data arrival time                                             0.14

  max_delay                                          0.10       0.10
  output external delay                              0.00       0.10
  data required time                                            0.10
  ------------------------------------------------------------------------------------------
  data required time                                            0.10
  data arrival time                                            -0.14
  ------------------------------------------------------------------------------------------
  slack (VIOLATED)                                             -0.04


  Startpoint: in[4] (input port)
  Endpoint: out[45] (output port)
  Path Group: default
  Path Type: max

  Des/Clust/Port     Wire Load Model       Library
  ------------------------------------------------
  decoder_6bit_ref   5K_hvratio_1_1        NangateOpenCellLibrary

Attributes:
    d - dont_touch
    u - dont_use
   mo - map_only
   so - size_only
    i - ideal_net or ideal_network
  inf - infeasible path

  Point                        Fanout     Trans      Incr       Path      Attributes
  ------------------------------------------------------------------------------------------
  input external delay                               0.00       0.00 f
  in[4] (in)                               0.00      0.00       0.00 f
  in[4] (net)                   11                   0.00       0.00 f
  U141/ZN (INV_X1)                         0.01      0.02       0.02 r
  n65 (net)                      1                   0.00       0.02 r
  U125/ZN (AND2_X1)                        0.01      0.04       0.06 r
  n55 (net)                      1                   0.00       0.06 r
  U228/ZN (NAND2_X1)                       0.02      0.04       0.10 f
  n23 (net)                      4                   0.00       0.10 f
  U206/ZN (NOR2_X1)                        0.01      0.04       0.14 r
  out[45] (net)                  1                   0.00       0.14 r
  out[45] (out)                            0.01      0.00       0.14 r
  data arrival time                                             0.14

  max_delay                                          0.10       0.10
  output external delay                              0.00       0.10
  data required time                                            0.10
  ------------------------------------------------------------------------------------------
  data required time                                            0.10
  data arrival time                                            -0.14
  ------------------------------------------------------------------------------------------
  slack (VIOLATED)                                             -0.04


  Startpoint: in[4] (input port)
  Endpoint: out[44] (output port)
  Path Group: default
  Path Type: max

  Des/Clust/Port     Wire Load Model       Library
  ------------------------------------------------
  decoder_6bit_ref   5K_hvratio_1_1        NangateOpenCellLibrary

Attributes:
    d - dont_touch
    u - dont_use
   mo - map_only
   so - size_only
    i - ideal_net or ideal_network
  inf - infeasible path

  Point                        Fanout     Trans      Incr       Path      Attributes
  ------------------------------------------------------------------------------------------
  input external delay                               0.00       0.00 f
  in[4] (in)                               0.00      0.00       0.00 f
  in[4] (net)                   11                   0.00       0.00 f
  U141/ZN (INV_X1)                         0.01      0.02       0.02 r
  n65 (net)                      1                   0.00       0.02 r
  U125/ZN (AND2_X1)                        0.01      0.04       0.06 r
  n55 (net)                      1                   0.00       0.06 r
  U228/ZN (NAND2_X1)                       0.02      0.04       0.10 f
  n23 (net)                      4                   0.00       0.10 f
  U207/ZN (NOR2_X1)                        0.01      0.04       0.14 r
  out[44] (net)                  1                   0.00       0.14 r
  out[44] (out)                            0.01      0.00       0.14 r
  data arrival time                                             0.14

  max_delay                                          0.10       0.10
  output external delay                              0.00       0.10
  data required time                                            0.10
  ------------------------------------------------------------------------------------------
  data required time                                            0.10
  data arrival time                                            -0.14
  ------------------------------------------------------------------------------------------
  slack (VIOLATED)                                             -0.04


1
