 
****************************************
Report : timing
        -path full
        -delay max
        -nets
        -max_paths 10
        -transition_time
Design : add_sub
Version: T-2022.03-SP2
Date   : Wed May 14 19:02:24 2025
****************************************

Operating Conditions: typical   Library: NangateOpenCellLibrary
Wire Load Model Mode: top

  Startpoint: a[0] (input port)
  Endpoint: result[7] (output port)
  Path Group: default
  Path Type: max

  Des/Clust/Port     Wire Load Model       Library
  ------------------------------------------------
  add_sub            5K_hvratio_1_1        NangateOpenCellLibrary

Attributes:
    d - dont_touch
    u - dont_use
   mo - map_only
   so - size_only
    i - ideal_net or ideal_network
  inf - infeasible path

  Point                        Fanout     Trans      Incr       Path      Attributes
  ------------------------------------------------------------------------------------------
  input external delay                               0.00       0.00 f
  a[0] (in)                                0.00      0.00       0.00 f
  a[0] (net)                     9                   0.00       0.00 f
  sub_11_U29/ZN (INV_X1)                   0.01      0.03       0.03 r
  sub_11_n22 (net)               1                   0.00       0.03 r
  sub_11_U88/ZN (NAND2_X1)                 0.01      0.03       0.05 f
  sub_11_n44 (net)               2                   0.00       0.05 f
  sub_11_U87/ZN (AND2_X1)                  0.01      0.04       0.09 f
  sub_11_n224 (net)              1                   0.00       0.09 f
  sub_11_U254/ZN (NAND3_X1)                0.01      0.02       0.12 r
  sub_11_n103 (net)              1                   0.00       0.12 r
  sub_11_U203/ZN (AND2_X1)                 0.01      0.04       0.16 r
  sub_11_n91 (net)               1                   0.00       0.16 r
  sub_11_U181/ZN (NAND2_X1)                0.01      0.03       0.18 f
  sub_11_n81 (net)               2                   0.00       0.18 f
  sub_11_U198/ZN (NAND2_X1)                0.01      0.03       0.21 r
  sub_11_n79 (net)               2                   0.00       0.21 r
  sub_11_U137/ZN (AND2_X1)                 0.01      0.04       0.25 r
  sub_11_n67 (net)               1                   0.00       0.25 r
  sub_11_U206/ZN (OAI21_X1)                0.01      0.03       0.28 f
  sub_11_n63 (net)               1                   0.00       0.28 f
  sub_11_U217/ZN (XNOR2_X1)                0.01      0.05       0.34 f
  N26 (net)                      1                   0.00       0.34 f
  U61/ZN (AOI22_X1)                        0.03      0.05       0.39 r
  n50 (net)                      1                   0.00       0.39 r
  U62/ZN (INV_X1)                          0.01      0.02       0.41 f
  result[7] (net)                1                   0.00       0.41 f
  result[7] (out)                          0.01      0.00       0.41 f
  data arrival time                                             0.41

  max_delay                                          0.10       0.10
  output external delay                              0.00       0.10
  data required time                                            0.10
  ------------------------------------------------------------------------------------------
  data required time                                            0.10
  data arrival time                                            -0.41
  ------------------------------------------------------------------------------------------
  slack (VIOLATED)                                             -0.31


  Startpoint: a[0] (input port)
  Endpoint: result[6] (output port)
  Path Group: default
  Path Type: max

  Des/Clust/Port     Wire Load Model       Library
  ------------------------------------------------
  add_sub            5K_hvratio_1_1        NangateOpenCellLibrary

Attributes:
    d - dont_touch
    u - dont_use
   mo - map_only
   so - size_only
    i - ideal_net or ideal_network
  inf - infeasible path

  Point                        Fanout     Trans      Incr       Path      Attributes
  ------------------------------------------------------------------------------------------
  input external delay                               0.00       0.00 f
  a[0] (in)                                0.00      0.00       0.00 f
  a[0] (net)                     9                   0.00       0.00 f
  sub_11_U29/ZN (INV_X1)                   0.01      0.03       0.03 r
  sub_11_n22 (net)               1                   0.00       0.03 r
  sub_11_U88/ZN (NAND2_X1)                 0.01      0.03       0.05 f
  sub_11_n44 (net)               2                   0.00       0.05 f
  sub_11_U87/ZN (AND2_X1)                  0.01      0.04       0.09 f
  sub_11_n224 (net)              1                   0.00       0.09 f
  sub_11_U254/ZN (NAND3_X1)                0.01      0.02       0.12 r
  sub_11_n103 (net)              1                   0.00       0.12 r
  sub_11_U203/ZN (AND2_X1)                 0.01      0.04       0.16 r
  sub_11_n91 (net)               1                   0.00       0.16 r
  sub_11_U181/ZN (NAND2_X1)                0.01      0.03       0.18 f
  sub_11_n81 (net)               2                   0.00       0.18 f
  sub_11_U198/ZN (NAND2_X1)                0.01      0.03       0.21 r
  sub_11_n79 (net)               2                   0.00       0.21 r
  sub_11_U33/ZN (AND2_X1)                  0.01      0.04       0.25 r
  sub_11_n25 (net)               1                   0.00       0.25 r
  sub_11_U209/ZN (OAI21_X1)                0.01      0.03       0.28 f
  sub_11_n76 (net)               1                   0.00       0.28 f
  sub_11_U220/ZN (XNOR2_X1)                0.01      0.05       0.34 f
  N25 (net)                      1                   0.00       0.34 f
  U59/ZN (AOI22_X1)                        0.03      0.05       0.39 r
  n49 (net)                      1                   0.00       0.39 r
  U60/ZN (INV_X1)                          0.01      0.02       0.41 f
  result[6] (net)                1                   0.00       0.41 f
  result[6] (out)                          0.01      0.00       0.41 f
  data arrival time                                             0.41

  max_delay                                          0.10       0.10
  output external delay                              0.00       0.10
  data required time                                            0.10
  ------------------------------------------------------------------------------------------
  data required time                                            0.10
  data arrival time                                            -0.41
  ------------------------------------------------------------------------------------------
  slack (VIOLATED)                                             -0.31


  Startpoint: b[2] (input port)
  Endpoint: result[12] (output port)
  Path Group: default
  Path Type: max

  Des/Clust/Port     Wire Load Model       Library
  ------------------------------------------------
  add_sub            5K_hvratio_1_1        NangateOpenCellLibrary

Attributes:
    d - dont_touch
    u - dont_use
   mo - map_only
   so - size_only
    i - ideal_net or ideal_network
  inf - infeasible path

  Point                        Fanout     Trans      Incr       Path      Attributes
  ------------------------------------------------------------------------------------------
  input external delay                               0.00       0.00 r
  b[2] (in)                                0.00      0.00       0.00 r
  b[2] (net)                     6                   0.00       0.00 r
  add_9_U157/ZN (NOR2_X1)                  0.00      0.02       0.02 f
  add_9_n173 (net)               1                   0.00       0.02 f
  add_9_U19/ZN (NOR2_X1)                   0.03      0.05       0.07 r
  add_9_n12 (net)                2                   0.00       0.07 r
  add_9_U148/ZN (NAND2_X1)                 0.01      0.03       0.10 f
  add_9_n46 (net)                1                   0.00       0.10 f
  add_9_U25/ZN (NOR2_X1)                   0.02      0.04       0.14 r
  add_9_n167 (net)               1                   0.00       0.14 r
  add_9_U158/ZN (NOR2_X1)                  0.01      0.02       0.16 f
  add_9_n166 (net)               1                   0.00       0.16 f
  add_9_U156/ZN (AOI21_X1)                 0.03      0.04       0.20 r
  add_9_n164 (net)               2                   0.00       0.20 r
  add_9_U17/ZN (OR2_X1)                    0.01      0.04       0.25 r
  add_9_n11 (net)                2                   0.00       0.25 r
  add_9_U162/ZN (NAND2_X1)                 0.01      0.03       0.27 f
  add_9_n143 (net)               1                   0.00       0.27 f
  add_9_U138/ZN (NAND2_X1)                 0.01      0.03       0.30 r
  add_9_n141 (net)               1                   0.00       0.30 r
  add_9_U145/ZN (XNOR2_X1)                 0.02      0.05       0.36 r
  N15 (net)                      1                   0.00       0.36 r
  U39/ZN (NAND2_X1)                        0.01      0.03       0.38 f
  n40 (net)                      1                   0.00       0.38 f
  U41/ZN (NAND2_X1)                        0.01      0.02       0.41 r
  result[12] (net)               1                   0.00       0.41 r
  result[12] (out)                         0.01      0.00       0.41 r
  data arrival time                                             0.41

  max_delay                                          0.10       0.10
  output external delay                              0.00       0.10
  data required time                                            0.10
  ------------------------------------------------------------------------------------------
  data required time                                            0.10
  data arrival time                                            -0.41
  ------------------------------------------------------------------------------------------
  slack (VIOLATED)                                             -0.31


  Startpoint: b[2] (input port)
  Endpoint: result[11] (output port)
  Path Group: default
  Path Type: max

  Des/Clust/Port     Wire Load Model       Library
  ------------------------------------------------
  add_sub            5K_hvratio_1_1        NangateOpenCellLibrary

Attributes:
    d - dont_touch
    u - dont_use
   mo - map_only
   so - size_only
    i - ideal_net or ideal_network
  inf - infeasible path

  Point                        Fanout     Trans      Incr       Path      Attributes
  ------------------------------------------------------------------------------------------
  input external delay                               0.00       0.00 r
  b[2] (in)                                0.00      0.00       0.00 r
  b[2] (net)                     6                   0.00       0.00 r
  add_9_U157/ZN (NOR2_X1)                  0.00      0.02       0.02 f
  add_9_n173 (net)               1                   0.00       0.02 f
  add_9_U19/ZN (NOR2_X1)                   0.03      0.05       0.07 r
  add_9_n12 (net)                2                   0.00       0.07 r
  add_9_U148/ZN (NAND2_X1)                 0.01      0.03       0.10 f
  add_9_n46 (net)                1                   0.00       0.10 f
  add_9_U25/ZN (NOR2_X1)                   0.02      0.04       0.14 r
  add_9_n167 (net)               1                   0.00       0.14 r
  add_9_U158/ZN (NOR2_X1)                  0.01      0.02       0.16 f
  add_9_n166 (net)               1                   0.00       0.16 f
  add_9_U156/ZN (AOI21_X1)                 0.03      0.04       0.20 r
  add_9_n164 (net)               2                   0.00       0.20 r
  add_9_U17/ZN (OR2_X1)                    0.01      0.04       0.25 r
  add_9_n11 (net)                2                   0.00       0.25 r
  add_9_U161/ZN (AOI21_X1)                 0.01      0.03       0.28 f
  add_9_n154 (net)               1                   0.00       0.28 f
  add_9_U139/ZN (XNOR2_X1)                 0.01      0.05       0.33 f
  N14 (net)                      1                   0.00       0.33 f
  U65/ZN (AOI22_X1)                        0.03      0.05       0.39 r
  n52 (net)                      1                   0.00       0.39 r
  U66/ZN (INV_X1)                          0.01      0.02       0.40 f
  result[11] (net)               1                   0.00       0.40 f
  result[11] (out)                         0.01      0.00       0.41 f
  data arrival time                                             0.41

  max_delay                                          0.10       0.10
  output external delay                              0.00       0.10
  data required time                                            0.10
  ------------------------------------------------------------------------------------------
  data required time                                            0.10
  data arrival time                                            -0.41
  ------------------------------------------------------------------------------------------
  slack (VIOLATED)                                             -0.31


  Startpoint: b[2] (input port)
  Endpoint: result[9] (output port)
  Path Group: default
  Path Type: max

  Des/Clust/Port     Wire Load Model       Library
  ------------------------------------------------
  add_sub            5K_hvratio_1_1        NangateOpenCellLibrary

Attributes:
    d - dont_touch
    u - dont_use
   mo - map_only
   so - size_only
    i - ideal_net or ideal_network
  inf - infeasible path

  Point                        Fanout     Trans      Incr       Path      Attributes
  ------------------------------------------------------------------------------------------
  input external delay                               0.00       0.00 r
  b[2] (in)                                0.00      0.00       0.00 r
  b[2] (net)                     6                   0.00       0.00 r
  add_9_U157/ZN (NOR2_X1)                  0.00      0.02       0.02 f
  add_9_n173 (net)               1                   0.00       0.02 f
  add_9_U19/ZN (NOR2_X1)                   0.03      0.05       0.07 r
  add_9_n12 (net)                2                   0.00       0.07 r
  add_9_U148/ZN (NAND2_X1)                 0.01      0.03       0.10 f
  add_9_n46 (net)                1                   0.00       0.10 f
  add_9_U25/ZN (NOR2_X1)                   0.02      0.04       0.14 r
  add_9_n167 (net)               1                   0.00       0.14 r
  add_9_U158/ZN (NOR2_X1)                  0.01      0.02       0.16 f
  add_9_n166 (net)               1                   0.00       0.16 f
  add_9_U156/ZN (AOI21_X1)                 0.03      0.04       0.20 r
  add_9_n164 (net)               2                   0.00       0.20 r
  add_9_U9/Z (BUF_X1)                      0.01      0.04       0.24 r
  add_9_n15 (net)                2                   0.00       0.24 r
  add_9_U11/ZN (NOR2_X1)                   0.01      0.02       0.27 f
  add_9_n7 (net)                 1                   0.00       0.27 f
  add_9_U12/ZN (NOR2_X1)                   0.02      0.04       0.30 r
  add_9_n22 (net)                1                   0.00       0.30 r
  add_9_U146/ZN (XNOR2_X1)                 0.02      0.06       0.36 r
  N12 (net)                      1                   0.00       0.36 r
  U38/Z (MUX2_X1)                          0.01      0.04       0.40 r
  result[9] (net)                1                   0.00       0.40 r
  result[9] (out)                          0.01      0.00       0.40 r
  data arrival time                                             0.40

  max_delay                                          0.10       0.10
  output external delay                              0.00       0.10
  data required time                                            0.10
  ------------------------------------------------------------------------------------------
  data required time                                            0.10
  data arrival time                                            -0.40
  ------------------------------------------------------------------------------------------
  slack (VIOLATED)                                             -0.30


  Startpoint: a[0] (input port)
  Endpoint: result[5] (output port)
  Path Group: default
  Path Type: max

  Des/Clust/Port     Wire Load Model       Library
  ------------------------------------------------
  add_sub            5K_hvratio_1_1        NangateOpenCellLibrary

Attributes:
    d - dont_touch
    u - dont_use
   mo - map_only
   so - size_only
    i - ideal_net or ideal_network
  inf - infeasible path

  Point                        Fanout     Trans      Incr       Path      Attributes
  ------------------------------------------------------------------------------------------
  input external delay                               0.00       0.00 f
  a[0] (in)                                0.00      0.00       0.00 f
  a[0] (net)                     9                   0.00       0.00 f
  sub_11_U29/ZN (INV_X1)                   0.01      0.03       0.03 r
  sub_11_n22 (net)               1                   0.00       0.03 r
  sub_11_U88/ZN (NAND2_X1)                 0.01      0.03       0.05 f
  sub_11_n44 (net)               2                   0.00       0.05 f
  sub_11_U87/ZN (AND2_X1)                  0.01      0.04       0.09 f
  sub_11_n224 (net)              1                   0.00       0.09 f
  sub_11_U254/ZN (NAND3_X1)                0.01      0.02       0.12 r
  sub_11_n103 (net)              1                   0.00       0.12 r
  sub_11_U203/ZN (AND2_X1)                 0.01      0.04       0.16 r
  sub_11_n91 (net)               1                   0.00       0.16 r
  sub_11_U181/ZN (NAND2_X1)                0.01      0.03       0.18 f
  sub_11_n81 (net)               2                   0.00       0.18 f
  sub_11_U32/Z (CLKBUF_X1)                 0.01      0.05       0.23 f
  sub_11_n49 (net)               2                   0.00       0.23 f
  sub_11_U199/ZN (NAND2_X1)                0.01      0.03       0.26 r
  sub_11_n87 (net)               1                   0.00       0.26 r
  sub_11_U153/ZN (NAND2_X1)                0.01      0.03       0.29 f
  sub_11_n83 (net)               1                   0.00       0.29 f
  sub_11_U108/ZN (XNOR2_X1)                0.01      0.05       0.34 f
  N24 (net)                      1                   0.00       0.34 f
  U57/Z (MUX2_X1)                          0.01      0.06       0.40 f
  result[5] (net)                1                   0.00       0.40 f
  result[5] (out)                          0.01      0.00       0.40 f
  data arrival time                                             0.40

  max_delay                                          0.10       0.10
  output external delay                              0.00       0.10
  data required time                                            0.10
  ------------------------------------------------------------------------------------------
  data required time                                            0.10
  data arrival time                                            -0.40
  ------------------------------------------------------------------------------------------
  slack (VIOLATED)                                             -0.30


  Startpoint: b[5] (input port)
  Endpoint: result[10] (output port)
  Path Group: default
  Path Type: max

  Des/Clust/Port     Wire Load Model       Library
  ------------------------------------------------
  add_sub            5K_hvratio_1_1        NangateOpenCellLibrary

Attributes:
    d - dont_touch
    u - dont_use
   mo - map_only
   so - size_only
    i - ideal_net or ideal_network
  inf - infeasible path

  Point                        Fanout     Trans      Incr       Path      Attributes
  ------------------------------------------------------------------------------------------
  input external delay                               0.00       0.00 f
  b[5] (in)                                0.00      0.00       0.00 f
  b[5] (net)                     8                   0.00       0.00 f
  add_9_U89/ZN (NAND2_X1)                  0.01      0.03       0.03 r
  add_9_n37 (net)                2                   0.00       0.03 r
  add_9_U152/ZN (OAI211_X1)                0.01      0.04       0.08 f
  add_9_n182 (net)               1                   0.00       0.08 f
  add_9_U206/ZN (INV_X1)                   0.01      0.03       0.11 r
  add_9_n127 (net)               2                   0.00       0.11 r
  add_9_U50/ZN (OAI21_X1)                  0.01      0.03       0.14 f
  add_9_n165 (net)               2                   0.00       0.14 f
  add_9_U151/ZN (INV_X1)                   0.01      0.03       0.17 r
  add_9_n181 (net)               1                   0.00       0.17 r
  add_9_U51/ZN (NAND2_X1)                  0.01      0.02       0.20 f
  add_9_n180 (net)               1                   0.00       0.20 f
  add_9_U49/ZN (AOI21_X1)                  0.02      0.05       0.25 r
  add_9_n176 (net)               1                   0.00       0.25 r
  add_9_U149/ZN (OAI21_X1)                 0.01      0.03       0.28 f
  add_9_n174 (net)               1                   0.00       0.28 f
  add_9_U128/ZN (XNOR2_X1)                 0.01      0.05       0.33 f
  N13 (net)                      1                   0.00       0.33 f
  U64/Z (MUX2_X1)                          0.01      0.06       0.39 f
  result[10] (net)               1                   0.00       0.39 f
  result[10] (out)                         0.01      0.00       0.40 f
  data arrival time                                             0.40

  max_delay                                          0.10       0.10
  output external delay                              0.00       0.10
  data required time                                            0.10
  ------------------------------------------------------------------------------------------
  data required time                                            0.10
  data arrival time                                            -0.40
  ------------------------------------------------------------------------------------------
  slack (VIOLATED)                                             -0.30


  Startpoint: a[5] (input port)
  Endpoint: result[15] (output port)
  Path Group: default
  Path Type: max

  Des/Clust/Port     Wire Load Model       Library
  ------------------------------------------------
  add_sub            5K_hvratio_1_1        NangateOpenCellLibrary

Attributes:
    d - dont_touch
    u - dont_use
   mo - map_only
   so - size_only
    i - ideal_net or ideal_network
  inf - infeasible path

  Point                        Fanout     Trans      Incr       Path      Attributes
  ------------------------------------------------------------------------------------------
  input external delay                               0.00       0.00 r
  a[5] (in)                                0.00      0.00       0.00 r
  a[5] (net)                     6                   0.00       0.00 r
  sub_11_U30/ZN (INV_X1)                   0.00      0.03       0.03 f
  sub_11_n23 (net)               2                   0.00       0.03 f
  sub_11_U193/ZN (NAND2_X1)                0.01      0.03       0.06 r
  sub_11_n236 (net)              2                   0.00       0.06 r
  sub_11_U141/ZN (NAND4_X1)                0.02      0.05       0.10 f
  sub_11_n192 (net)              2                   0.00       0.10 f
  sub_11_U258/ZN (INV_X1)                  0.01      0.04       0.14 r
  sub_11_n168 (net)              2                   0.00       0.14 r
  sub_11_U66/ZN (NAND2_X1)                 0.01      0.04       0.18 f
  sub_11_n128 (net)              3                   0.00       0.18 f
  sub_11_U161/ZN (NOR2_X1)                 0.02      0.04       0.22 r
  sub_11_n127 (net)              1                   0.00       0.22 r
  sub_11_U229/ZN (NAND3_X1)                0.01      0.03       0.25 f
  sub_11_n118 (net)              1                   0.00       0.25 f
  sub_11_U228/ZN (NAND3_X1)                0.01      0.03       0.28 r
  sub_11_n116 (net)              1                   0.00       0.28 r
  sub_11_U227/ZN (XNOR2_X1)                0.02      0.06       0.34 r
  N34 (net)                      1                   0.00       0.34 r
  U49/ZN (NAND2_X1)                        0.01      0.03       0.37 f
  n47 (net)                      1                   0.00       0.37 f
  U51/ZN (NAND2_X1)                        0.01      0.02       0.39 r
  result[15] (net)               1                   0.00       0.39 r
  result[15] (out)                         0.01      0.00       0.39 r
  data arrival time                                             0.39

  max_delay                                          0.10       0.10
  output external delay                              0.00       0.10
  data required time                                            0.10
  ------------------------------------------------------------------------------------------
  data required time                                            0.10
  data arrival time                                            -0.39
  ------------------------------------------------------------------------------------------
  slack (VIOLATED)                                             -0.29


  Startpoint: b[2] (input port)
  Endpoint: result[8] (output port)
  Path Group: default
  Path Type: max

  Des/Clust/Port     Wire Load Model       Library
  ------------------------------------------------
  add_sub            5K_hvratio_1_1        NangateOpenCellLibrary

Attributes:
    d - dont_touch
    u - dont_use
   mo - map_only
   so - size_only
    i - ideal_net or ideal_network
  inf - infeasible path

  Point                        Fanout     Trans      Incr       Path      Attributes
  ------------------------------------------------------------------------------------------
  input external delay                               0.00       0.00 f
  b[2] (in)                                0.00      0.00       0.00 f
  b[2] (net)                     6                   0.00       0.00 f
  add_9_U157/ZN (NOR2_X1)                  0.02      0.04       0.04 r
  add_9_n173 (net)               1                   0.00       0.04 r
  add_9_U19/ZN (NOR2_X1)                   0.01      0.03       0.07 f
  add_9_n12 (net)                2                   0.00       0.07 f
  add_9_U148/ZN (NAND2_X1)                 0.01      0.03       0.10 r
  add_9_n46 (net)                1                   0.00       0.10 r
  add_9_U25/ZN (NOR2_X1)                   0.01      0.02       0.12 f
  add_9_n167 (net)               1                   0.00       0.12 f
  add_9_U158/ZN (NOR2_X1)                  0.02      0.03       0.15 r
  add_9_n166 (net)               1                   0.00       0.15 r
  add_9_U156/ZN (AOI21_X1)                 0.01      0.03       0.18 f
  add_9_n164 (net)               2                   0.00       0.18 f
  add_9_U9/Z (BUF_X1)                      0.01      0.04       0.22 f
  add_9_n15 (net)                2                   0.00       0.22 f
  add_9_U23/ZN (OR2_X1)                    0.01      0.05       0.28 f
  add_9_n16 (net)                1                   0.00       0.28 f
  add_9_U159/ZN (XNOR2_X1)                 0.01      0.05       0.33 f
  N11 (net)                      1                   0.00       0.33 f
  U63/Z (MUX2_X1)                          0.01      0.06       0.39 f
  result[8] (net)                1                   0.00       0.39 f
  result[8] (out)                          0.01      0.00       0.39 f
  data arrival time                                             0.39

  max_delay                                          0.10       0.10
  output external delay                              0.00       0.10
  data required time                                            0.10
  ------------------------------------------------------------------------------------------
  data required time                                            0.10
  data arrival time                                            -0.39
  ------------------------------------------------------------------------------------------
  slack (VIOLATED)                                             -0.29


  Startpoint: a[5] (input port)
  Endpoint: result[14] (output port)
  Path Group: default
  Path Type: max

  Des/Clust/Port     Wire Load Model       Library
  ------------------------------------------------
  add_sub            5K_hvratio_1_1        NangateOpenCellLibrary

Attributes:
    d - dont_touch
    u - dont_use
   mo - map_only
   so - size_only
    i - ideal_net or ideal_network
  inf - infeasible path

  Point                        Fanout     Trans      Incr       Path      Attributes
  ------------------------------------------------------------------------------------------
  input external delay                               0.00       0.00 r
  a[5] (in)                                0.00      0.00       0.00 r
  a[5] (net)                     6                   0.00       0.00 r
  sub_11_U30/ZN (INV_X1)                   0.00      0.03       0.03 f
  sub_11_n23 (net)               2                   0.00       0.03 f
  sub_11_U193/ZN (NAND2_X1)                0.01      0.03       0.06 r
  sub_11_n236 (net)              2                   0.00       0.06 r
  sub_11_U141/ZN (NAND4_X1)                0.02      0.05       0.10 f
  sub_11_n192 (net)              2                   0.00       0.10 f
  sub_11_U258/ZN (INV_X1)                  0.01      0.04       0.14 r
  sub_11_n168 (net)              2                   0.00       0.14 r
  sub_11_U66/ZN (NAND2_X1)                 0.01      0.04       0.18 f
  sub_11_n128 (net)              3                   0.00       0.18 f
  sub_11_U51/ZN (NOR2_X1)                  0.02      0.04       0.22 r
  sub_11_n148 (net)              1                   0.00       0.22 r
  sub_11_U237/ZN (NAND3_X1)                0.01      0.03       0.25 f
  sub_11_n141 (net)              1                   0.00       0.25 f
  sub_11_U235/ZN (NAND3_X1)                0.01      0.03       0.28 r
  sub_11_n136 (net)              1                   0.00       0.28 r
  sub_11_U234/ZN (XNOR2_X1)                0.02      0.06       0.34 r
  N33 (net)                      1                   0.00       0.34 r
  U42/ZN (NAND2_X1)                        0.01      0.03       0.37 f
  n43 (net)                      1                   0.00       0.37 f
  U44/ZN (NAND2_X1)                        0.01      0.02       0.39 r
  result[14] (net)               1                   0.00       0.39 r
  result[14] (out)                         0.01      0.00       0.39 r
  data arrival time                                             0.39

  max_delay                                          0.10       0.10
  output external delay                              0.00       0.10
  data required time                                            0.10
  ------------------------------------------------------------------------------------------
  data required time                                            0.10
  data arrival time                                            -0.39
  ------------------------------------------------------------------------------------------
  slack (VIOLATED)                                             -0.29


1
