 
****************************************
Report : timing
        -path full
        -delay max
        -nets
        -max_paths 10
        -transition_time
Design : divider_8bit_ref
Version: T-2022.03-SP2
Date   : Mon May 12 02:40:40 2025
****************************************

Operating Conditions: typical   Library: NangateOpenCellLibrary
Wire Load Model Mode: top

  Startpoint: B[0] (input port)
  Endpoint: odd[1] (output port)
  Path Group: default
  Path Type: max

  Des/Clust/Port     Wire Load Model       Library
  ------------------------------------------------
  divider_8bit_ref   5K_hvratio_1_1        NangateOpenCellLibrary

Attributes:
    d - dont_touch
    u - dont_use
   mo - map_only
   so - size_only
    i - ideal_net or ideal_network
  inf - infeasible path

  Point                        Fanout     Trans      Incr       Path      Attributes
  ------------------------------------------------------------------------------------------
  input external delay                               0.00       0.00 r
  B[0] (in)                                0.00      0.00       0.00 r
  B[0] (net)                    11                   0.00       0.00 r
  U588/ZN (INV_X1)                         0.00      0.02       0.02 f
  n530 (net)                     1                   0.00       0.02 f
  U639/ZN (AOI21_X1)                       0.02      0.05       0.07 r
  n540 (net)                     1                   0.00       0.07 r
  U640/ZN (NAND3_X1)                       0.02      0.04       0.11 f
  n541 (net)                     2                   0.00       0.11 f
  U641/ZN (NAND2_X1)                       0.01      0.04       0.15 r
  n582 (net)                     2                   0.00       0.15 r
  U697/ZN (AOI211_X1)                      0.02      0.03       0.18 f
  n584 (net)                     2                   0.00       0.18 f
  U579/ZN (AND2_X1)                        0.01      0.04       0.22 f
  n509 (net)                     1                   0.00       0.22 f
  U446/ZN (AOI211_X1)                      0.04      0.08       0.30 r
  n593 (net)                     1                   0.00       0.30 r
  U539/ZN (XNOR2_X1)                       0.03      0.07       0.37 r
  n481 (net)                     2                   0.00       0.37 r
  U706/ZN (OAI21_X1)                       0.02      0.04       0.41 f
  n643 (net)                     2                   0.00       0.41 f
  U710/ZN (OAI221_X1)                      0.05      0.06       0.48 r
  n906 (net)                     2                   0.00       0.48 r
  U744/ZN (INV_X1)                         0.01      0.03       0.51 f
  n883 (net)                     3                   0.00       0.51 f
  U515/ZN (AND2_X1)                        0.01      0.04       0.55 f
  n468 (net)                     2                   0.00       0.55 f
  U516/ZN (OAI21_X1)                       0.02      0.04       0.59 r
  n469 (net)                     1                   0.00       0.59 r
  U779/ZN (NAND2_X1)                       0.01      0.03       0.62 f
  n757 (net)                     2                   0.00       0.62 f
  U827/ZN (OAI211_X1)                      0.03      0.06       0.69 r
  n784 (net)                     3                   0.00       0.69 r
  U454/ZN (AND2_X1)                        0.01      0.05       0.74 r
  n422 (net)                     1                   0.00       0.74 r
  U594/ZN (XNOR2_X1)                       0.03      0.06       0.80 r
  n760 (net)                     2                   0.00       0.80 r
  U409/ZN (NAND2_X1)                       0.01      0.03       0.83 f
  n390 (net)                     2                   0.00       0.83 f
  U858/ZN (NAND3_X1)                       0.02      0.04       0.87 r
  n809 (net)                     3                   0.00       0.87 r
  U413/ZN (OAI211_X1)                      0.02      0.05       0.92 f
  n393 (net)                     1                   0.00       0.92 f
  U414/ZN (INV_X1)                         0.01      0.03       0.95 r
  n450 (net)                     1                   0.00       0.95 r
  U863/ZN (NAND2_X1)                       0.01      0.02       0.97 f
  n799 (net)                     1                   0.00       0.97 f
  U412/ZN (AOI22_X1)                       0.03      0.05       1.02 r
  n815 (net)                     2                   0.00       1.02 r
  U876/ZN (NAND4_X1)                       0.02      0.05       1.07 f
  n832 (net)                     1                   0.00       1.07 f
  U888/ZN (OAI21_X1)                       0.02      0.04       1.11 r
  n836 (net)                     1                   0.00       1.11 r
  U892/ZN (AOI22_X1)                       0.02      0.03       1.14 f
  n843 (net)                     1                   0.00       1.14 f
  U894/Z (XOR2_X1)                         0.01      0.07       1.20 f
  odd[1] (net)                   1                   0.00       1.20 f
  odd[1] (out)                             0.01      0.00       1.20 f
  data arrival time                                             1.20

  max_delay                                          0.10       0.10
  output external delay                              0.00       0.10
  data required time                                            0.10
  ------------------------------------------------------------------------------------------
  data required time                                            0.10
  data arrival time                                            -1.20
  ------------------------------------------------------------------------------------------
  slack (VIOLATED)                                             -1.10


  Startpoint: B[0] (input port)
  Endpoint: odd[2] (output port)
  Path Group: default
  Path Type: max

  Des/Clust/Port     Wire Load Model       Library
  ------------------------------------------------
  divider_8bit_ref   5K_hvratio_1_1        NangateOpenCellLibrary

Attributes:
    d - dont_touch
    u - dont_use
   mo - map_only
   so - size_only
    i - ideal_net or ideal_network
  inf - infeasible path

  Point                        Fanout     Trans      Incr       Path      Attributes
  ------------------------------------------------------------------------------------------
  input external delay                               0.00       0.00 r
  B[0] (in)                                0.00      0.00       0.00 r
  B[0] (net)                    11                   0.00       0.00 r
  U588/ZN (INV_X1)                         0.00      0.02       0.02 f
  n530 (net)                     1                   0.00       0.02 f
  U639/ZN (AOI21_X1)                       0.02      0.05       0.07 r
  n540 (net)                     1                   0.00       0.07 r
  U640/ZN (NAND3_X1)                       0.02      0.04       0.11 f
  n541 (net)                     2                   0.00       0.11 f
  U641/ZN (NAND2_X1)                       0.01      0.04       0.15 r
  n582 (net)                     2                   0.00       0.15 r
  U697/ZN (AOI211_X1)                      0.02      0.03       0.18 f
  n584 (net)                     2                   0.00       0.18 f
  U579/ZN (AND2_X1)                        0.01      0.04       0.22 f
  n509 (net)                     1                   0.00       0.22 f
  U446/ZN (AOI211_X1)                      0.04      0.08       0.30 r
  n593 (net)                     1                   0.00       0.30 r
  U539/ZN (XNOR2_X1)                       0.03      0.07       0.37 r
  n481 (net)                     2                   0.00       0.37 r
  U706/ZN (OAI21_X1)                       0.02      0.04       0.41 f
  n643 (net)                     2                   0.00       0.41 f
  U710/ZN (OAI221_X1)                      0.05      0.06       0.48 r
  n906 (net)                     2                   0.00       0.48 r
  U744/ZN (INV_X1)                         0.01      0.03       0.51 f
  n883 (net)                     3                   0.00       0.51 f
  U515/ZN (AND2_X1)                        0.01      0.04       0.55 f
  n468 (net)                     2                   0.00       0.55 f
  U516/ZN (OAI21_X1)                       0.02      0.04       0.59 r
  n469 (net)                     1                   0.00       0.59 r
  U779/ZN (NAND2_X1)                       0.01      0.03       0.62 f
  n757 (net)                     2                   0.00       0.62 f
  U827/ZN (OAI211_X1)                      0.03      0.06       0.69 r
  n784 (net)                     3                   0.00       0.69 r
  U454/ZN (AND2_X1)                        0.01      0.05       0.74 r
  n422 (net)                     1                   0.00       0.74 r
  U594/ZN (XNOR2_X1)                       0.03      0.06       0.80 r
  n760 (net)                     2                   0.00       0.80 r
  U409/ZN (NAND2_X1)                       0.01      0.03       0.83 f
  n390 (net)                     2                   0.00       0.83 f
  U858/ZN (NAND3_X1)                       0.02      0.04       0.87 r
  n809 (net)                     3                   0.00       0.87 r
  U413/ZN (OAI211_X1)                      0.02      0.05       0.92 f
  n393 (net)                     1                   0.00       0.92 f
  U414/ZN (INV_X1)                         0.01      0.03       0.95 r
  n450 (net)                     1                   0.00       0.95 r
  U863/ZN (NAND2_X1)                       0.01      0.02       0.97 f
  n799 (net)                     1                   0.00       0.97 f
  U412/ZN (AOI22_X1)                       0.03      0.05       1.02 r
  n815 (net)                     2                   0.00       1.02 r
  U380/ZN (NAND4_X1)                       0.02      0.05       1.07 f
  n370 (net)                     1                   0.00       1.07 f
  U884/ZN (OAI211_X1)                      0.04      0.05       1.11 r
  n912 (net)                     3                   0.00       1.11 r
  U613/ZN (NAND2_X1)                       0.01      0.04       1.15 f
  n856 (net)                     1                   0.00       1.15 f
  U605/ZN (XNOR2_X1)                       0.01      0.05       1.20 f
  odd[2] (net)                   1                   0.00       1.20 f
  odd[2] (out)                             0.01      0.00       1.20 f
  data arrival time                                             1.20

  max_delay                                          0.10       0.10
  output external delay                              0.00       0.10
  data required time                                            0.10
  ------------------------------------------------------------------------------------------
  data required time                                            0.10
  data arrival time                                            -1.20
  ------------------------------------------------------------------------------------------
  slack (VIOLATED)                                             -1.10


  Startpoint: B[0] (input port)
  Endpoint: odd[0] (output port)
  Path Group: default
  Path Type: max

  Des/Clust/Port     Wire Load Model       Library
  ------------------------------------------------
  divider_8bit_ref   5K_hvratio_1_1        NangateOpenCellLibrary

Attributes:
    d - dont_touch
    u - dont_use
   mo - map_only
   so - size_only
    i - ideal_net or ideal_network
  inf - infeasible path

  Point                        Fanout     Trans      Incr       Path      Attributes
  ------------------------------------------------------------------------------------------
  input external delay                               0.00       0.00 r
  B[0] (in)                                0.00      0.00       0.00 r
  B[0] (net)                    11                   0.00       0.00 r
  U588/ZN (INV_X1)                         0.00      0.02       0.02 f
  n530 (net)                     1                   0.00       0.02 f
  U639/ZN (AOI21_X1)                       0.02      0.05       0.07 r
  n540 (net)                     1                   0.00       0.07 r
  U640/ZN (NAND3_X1)                       0.02      0.04       0.11 f
  n541 (net)                     2                   0.00       0.11 f
  U641/ZN (NAND2_X1)                       0.01      0.04       0.15 r
  n582 (net)                     2                   0.00       0.15 r
  U697/ZN (AOI211_X1)                      0.02      0.03       0.18 f
  n584 (net)                     2                   0.00       0.18 f
  U579/ZN (AND2_X1)                        0.01      0.04       0.22 f
  n509 (net)                     1                   0.00       0.22 f
  U446/ZN (AOI211_X1)                      0.04      0.08       0.30 r
  n593 (net)                     1                   0.00       0.30 r
  U539/ZN (XNOR2_X1)                       0.03      0.07       0.37 r
  n481 (net)                     2                   0.00       0.37 r
  U706/ZN (OAI21_X1)                       0.02      0.04       0.41 f
  n643 (net)                     2                   0.00       0.41 f
  U710/ZN (OAI221_X1)                      0.05      0.06       0.48 r
  n906 (net)                     2                   0.00       0.48 r
  U744/ZN (INV_X1)                         0.01      0.03       0.51 f
  n883 (net)                     3                   0.00       0.51 f
  U515/ZN (AND2_X1)                        0.01      0.04       0.55 f
  n468 (net)                     2                   0.00       0.55 f
  U516/ZN (OAI21_X1)                       0.02      0.04       0.59 r
  n469 (net)                     1                   0.00       0.59 r
  U779/ZN (NAND2_X1)                       0.01      0.03       0.62 f
  n757 (net)                     2                   0.00       0.62 f
  U827/ZN (OAI211_X1)                      0.03      0.06       0.69 r
  n784 (net)                     3                   0.00       0.69 r
  U454/ZN (AND2_X1)                        0.01      0.05       0.74 r
  n422 (net)                     1                   0.00       0.74 r
  U594/ZN (XNOR2_X1)                       0.03      0.06       0.80 r
  n760 (net)                     2                   0.00       0.80 r
  U409/ZN (NAND2_X1)                       0.01      0.03       0.83 f
  n390 (net)                     2                   0.00       0.83 f
  U858/ZN (NAND3_X1)                       0.02      0.04       0.87 r
  n809 (net)                     3                   0.00       0.87 r
  U413/ZN (OAI211_X1)                      0.02      0.05       0.92 f
  n393 (net)                     1                   0.00       0.92 f
  U414/ZN (INV_X1)                         0.01      0.03       0.95 r
  n450 (net)                     1                   0.00       0.95 r
  U863/ZN (NAND2_X1)                       0.01      0.02       0.97 f
  n799 (net)                     1                   0.00       0.97 f
  U412/ZN (AOI22_X1)                       0.03      0.05       1.02 r
  n815 (net)                     2                   0.00       1.02 r
  U380/ZN (NAND4_X1)                       0.02      0.05       1.07 f
  n370 (net)                     1                   0.00       1.07 f
  U884/ZN (OAI211_X1)                      0.04      0.05       1.11 r
  n912 (net)                     3                   0.00       1.11 r
  U601/ZN (AND2_X1)                        0.01      0.05       1.17 r
  n830 (net)                     1                   0.00       1.17 r
  U608/ZN (OAI22_X1)                       0.01      0.03       1.19 f
  odd[0] (net)                   1                   0.00       1.19 f
  odd[0] (out)                             0.01      0.00       1.19 f
  data arrival time                                             1.19

  max_delay                                          0.10       0.10
  output external delay                              0.00       0.10
  data required time                                            0.10
  ------------------------------------------------------------------------------------------
  data required time                                            0.10
  data arrival time                                            -1.19
  ------------------------------------------------------------------------------------------
  slack (VIOLATED)                                             -1.09


  Startpoint: B[0] (input port)
  Endpoint: result[0] (output port)
  Path Group: default
  Path Type: max

  Des/Clust/Port     Wire Load Model       Library
  ------------------------------------------------
  divider_8bit_ref   5K_hvratio_1_1        NangateOpenCellLibrary

Attributes:
    d - dont_touch
    u - dont_use
   mo - map_only
   so - size_only
    i - ideal_net or ideal_network
  inf - infeasible path

  Point                        Fanout     Trans      Incr       Path      Attributes
  ------------------------------------------------------------------------------------------
  input external delay                               0.00       0.00 r
  B[0] (in)                                0.00      0.00       0.00 r
  B[0] (net)                    11                   0.00       0.00 r
  U588/ZN (INV_X1)                         0.00      0.02       0.02 f
  n530 (net)                     1                   0.00       0.02 f
  U639/ZN (AOI21_X1)                       0.02      0.05       0.07 r
  n540 (net)                     1                   0.00       0.07 r
  U640/ZN (NAND3_X1)                       0.02      0.04       0.11 f
  n541 (net)                     2                   0.00       0.11 f
  U641/ZN (NAND2_X1)                       0.01      0.04       0.15 r
  n582 (net)                     2                   0.00       0.15 r
  U697/ZN (AOI211_X1)                      0.02      0.03       0.18 f
  n584 (net)                     2                   0.00       0.18 f
  U579/ZN (AND2_X1)                        0.01      0.04       0.22 f
  n509 (net)                     1                   0.00       0.22 f
  U446/ZN (AOI211_X1)                      0.04      0.08       0.30 r
  n593 (net)                     1                   0.00       0.30 r
  U539/ZN (XNOR2_X1)                       0.03      0.07       0.37 r
  n481 (net)                     2                   0.00       0.37 r
  U706/ZN (OAI21_X1)                       0.02      0.04       0.41 f
  n643 (net)                     2                   0.00       0.41 f
  U710/ZN (OAI221_X1)                      0.05      0.06       0.48 r
  n906 (net)                     2                   0.00       0.48 r
  U744/ZN (INV_X1)                         0.01      0.03       0.51 f
  n883 (net)                     3                   0.00       0.51 f
  U515/ZN (AND2_X1)                        0.01      0.04       0.55 f
  n468 (net)                     2                   0.00       0.55 f
  U516/ZN (OAI21_X1)                       0.02      0.04       0.59 r
  n469 (net)                     1                   0.00       0.59 r
  U779/ZN (NAND2_X1)                       0.01      0.03       0.62 f
  n757 (net)                     2                   0.00       0.62 f
  U827/ZN (OAI211_X1)                      0.03      0.06       0.69 r
  n784 (net)                     3                   0.00       0.69 r
  U454/ZN (AND2_X1)                        0.01      0.05       0.74 r
  n422 (net)                     1                   0.00       0.74 r
  U594/ZN (XNOR2_X1)                       0.03      0.06       0.80 r
  n760 (net)                     2                   0.00       0.80 r
  U409/ZN (NAND2_X1)                       0.01      0.03       0.83 f
  n390 (net)                     2                   0.00       0.83 f
  U858/ZN (NAND3_X1)                       0.02      0.04       0.87 r
  n809 (net)                     3                   0.00       0.87 r
  U413/ZN (OAI211_X1)                      0.02      0.05       0.92 f
  n393 (net)                     1                   0.00       0.92 f
  U414/ZN (INV_X1)                         0.01      0.03       0.95 r
  n450 (net)                     1                   0.00       0.95 r
  U863/ZN (NAND2_X1)                       0.01      0.02       0.97 f
  n799 (net)                     1                   0.00       0.97 f
  U412/ZN (AOI22_X1)                       0.03      0.05       1.02 r
  n815 (net)                     2                   0.00       1.02 r
  U380/ZN (NAND4_X1)                       0.02      0.05       1.07 f
  n370 (net)                     1                   0.00       1.07 f
  U884/ZN (OAI211_X1)                      0.04      0.05       1.11 r
  n912 (net)                     3                   0.00       1.11 r
  U885/ZN (INV_X1)                         0.01      0.03       1.15 f
  n829 (net)                     2                   0.00       1.15 f
  U420/ZN (INV_X1)                         0.01      0.02       1.17 r
  result[0] (net)                1                   0.00       1.17 r
  result[0] (out)                          0.01      0.00       1.17 r
  data arrival time                                             1.17

  max_delay                                          0.10       0.10
  output external delay                              0.00       0.10
  data required time                                            0.10
  ------------------------------------------------------------------------------------------
  data required time                                            0.10
  data arrival time                                            -1.17
  ------------------------------------------------------------------------------------------
  slack (VIOLATED)                                             -1.07


  Startpoint: B[0] (input port)
  Endpoint: odd[3] (output port)
  Path Group: default
  Path Type: max

  Des/Clust/Port     Wire Load Model       Library
  ------------------------------------------------
  divider_8bit_ref   5K_hvratio_1_1        NangateOpenCellLibrary

Attributes:
    d - dont_touch
    u - dont_use
   mo - map_only
   so - size_only
    i - ideal_net or ideal_network
  inf - infeasible path

  Point                        Fanout     Trans      Incr       Path      Attributes
  ------------------------------------------------------------------------------------------
  input external delay                               0.00       0.00 r
  B[0] (in)                                0.00      0.00       0.00 r
  B[0] (net)                    11                   0.00       0.00 r
  U588/ZN (INV_X1)                         0.00      0.02       0.02 f
  n530 (net)                     1                   0.00       0.02 f
  U639/ZN (AOI21_X1)                       0.02      0.05       0.07 r
  n540 (net)                     1                   0.00       0.07 r
  U640/ZN (NAND3_X1)                       0.02      0.04       0.11 f
  n541 (net)                     2                   0.00       0.11 f
  U641/ZN (NAND2_X1)                       0.01      0.04       0.15 r
  n582 (net)                     2                   0.00       0.15 r
  U697/ZN (AOI211_X1)                      0.02      0.03       0.18 f
  n584 (net)                     2                   0.00       0.18 f
  U579/ZN (AND2_X1)                        0.01      0.04       0.22 f
  n509 (net)                     1                   0.00       0.22 f
  U446/ZN (AOI211_X1)                      0.04      0.08       0.30 r
  n593 (net)                     1                   0.00       0.30 r
  U539/ZN (XNOR2_X1)                       0.03      0.07       0.37 r
  n481 (net)                     2                   0.00       0.37 r
  U706/ZN (OAI21_X1)                       0.02      0.04       0.41 f
  n643 (net)                     2                   0.00       0.41 f
  U710/ZN (OAI221_X1)                      0.05      0.06       0.48 r
  n906 (net)                     2                   0.00       0.48 r
  U744/ZN (INV_X1)                         0.01      0.03       0.51 f
  n883 (net)                     3                   0.00       0.51 f
  U515/ZN (AND2_X1)                        0.01      0.04       0.55 f
  n468 (net)                     2                   0.00       0.55 f
  U516/ZN (OAI21_X1)                       0.02      0.04       0.59 r
  n469 (net)                     1                   0.00       0.59 r
  U779/ZN (NAND2_X1)                       0.01      0.03       0.62 f
  n757 (net)                     2                   0.00       0.62 f
  U827/ZN (OAI211_X1)                      0.03      0.06       0.69 r
  n784 (net)                     3                   0.00       0.69 r
  U454/ZN (AND2_X1)                        0.01      0.05       0.74 r
  n422 (net)                     1                   0.00       0.74 r
  U594/ZN (XNOR2_X1)                       0.03      0.06       0.80 r
  n760 (net)                     2                   0.00       0.80 r
  U409/ZN (NAND2_X1)                       0.01      0.03       0.83 f
  n390 (net)                     2                   0.00       0.83 f
  U473/ZN (AND2_X1)                        0.01      0.04       0.87 f
  n440 (net)                     1                   0.00       0.87 f
  U832/ZN (OAI21_X1)                       0.03      0.04       0.91 r
  n885 (net)                     2                   0.00       0.91 r
  U833/ZN (INV_X1)                         0.01      0.03       0.94 f
  n773 (net)                     2                   0.00       0.94 f
  U844/ZN (OAI21_X1)                       0.03      0.05       0.99 r
  n834 (net)                     2                   0.00       0.99 r
  U890/ZN (NAND3_X1)                       0.02      0.04       1.03 f
  n861 (net)                     2                   0.00       1.03 f
  U891/ZN (OAI21_X1)                       0.03      0.04       1.08 r
  n868 (net)                     2                   0.00       1.08 r
  U907/ZN (NAND4_X1)                       0.02      0.04       1.12 f
  n870 (net)                     1                   0.00       1.12 f
  U908/ZN (OAI211_X1)                      0.01      0.03       1.15 r
  odd[3] (net)                   1                   0.00       1.15 r
  odd[3] (out)                             0.01      0.00       1.16 r
  data arrival time                                             1.16

  max_delay                                          0.10       0.10
  output external delay                              0.00       0.10
  data required time                                            0.10
  ------------------------------------------------------------------------------------------
  data required time                                            0.10
  data arrival time                                            -1.16
  ------------------------------------------------------------------------------------------
  slack (VIOLATED)                                             -1.06


  Startpoint: B[0] (input port)
  Endpoint: odd[4] (output port)
  Path Group: default
  Path Type: max

  Des/Clust/Port     Wire Load Model       Library
  ------------------------------------------------
  divider_8bit_ref   5K_hvratio_1_1        NangateOpenCellLibrary

Attributes:
    d - dont_touch
    u - dont_use
   mo - map_only
   so - size_only
    i - ideal_net or ideal_network
  inf - infeasible path

  Point                        Fanout     Trans      Incr       Path      Attributes
  ------------------------------------------------------------------------------------------
  input external delay                               0.00       0.00 r
  B[0] (in)                                0.00      0.00       0.00 r
  B[0] (net)                    11                   0.00       0.00 r
  U588/ZN (INV_X1)                         0.00      0.02       0.02 f
  n530 (net)                     1                   0.00       0.02 f
  U639/ZN (AOI21_X1)                       0.02      0.05       0.07 r
  n540 (net)                     1                   0.00       0.07 r
  U640/ZN (NAND3_X1)                       0.02      0.04       0.11 f
  n541 (net)                     2                   0.00       0.11 f
  U641/ZN (NAND2_X1)                       0.01      0.04       0.15 r
  n582 (net)                     2                   0.00       0.15 r
  U697/ZN (AOI211_X1)                      0.02      0.03       0.18 f
  n584 (net)                     2                   0.00       0.18 f
  U579/ZN (AND2_X1)                        0.01      0.04       0.22 f
  n509 (net)                     1                   0.00       0.22 f
  U446/ZN (AOI211_X1)                      0.04      0.08       0.30 r
  n593 (net)                     1                   0.00       0.30 r
  U539/ZN (XNOR2_X1)                       0.03      0.07       0.37 r
  n481 (net)                     2                   0.00       0.37 r
  U706/ZN (OAI21_X1)                       0.02      0.04       0.41 f
  n643 (net)                     2                   0.00       0.41 f
  U710/ZN (OAI221_X1)                      0.05      0.06       0.48 r
  n906 (net)                     2                   0.00       0.48 r
  U748/ZN (NAND2_X1)                       0.02      0.05       0.52 f
  n704 (net)                     3                   0.00       0.52 f
  U778/ZN (INV_X1)                         0.01      0.04       0.56 r
  n692 (net)                     2                   0.00       0.56 r
  U516/ZN (OAI21_X1)                       0.01      0.03       0.59 f
  n469 (net)                     1                   0.00       0.59 f
  U779/ZN (NAND2_X1)                       0.01      0.03       0.62 r
  n757 (net)                     2                   0.00       0.62 r
  U780/ZN (INV_X1)                         0.01      0.03       0.65 f
  n701 (net)                     2                   0.00       0.65 f
  U791/ZN (NAND2_X1)                       0.01      0.03       0.68 r
  n705 (net)                     1                   0.00       0.68 r
  U792/ZN (NAND2_X1)                       0.01      0.03       0.71 f
  result[2] (net)                3                   0.00       0.71 f
  U504/ZN (AND2_X1)                        0.01      0.04       0.75 f
  n460 (net)                     1                   0.00       0.75 f
  U841/ZN (OAI21_X1)                       0.02      0.04       0.79 r
  n877 (net)                     1                   0.00       0.79 r
  U842/ZN (INV_X1)                         0.01      0.03       0.82 f
  n818 (net)                     3                   0.00       0.82 f
  U402/ZN (OR2_X1)                         0.01      0.06       0.88 f
  n399 (net)                     2                   0.00       0.88 f
  U370/ZN (AND2_X1)                        0.01      0.04       0.92 f
  n363 (net)                     2                   0.00       0.92 f
  U422/ZN (OAI211_X1)                      0.02      0.04       0.96 r
  n398 (net)                     1                   0.00       0.96 r
  U879/ZN (NAND2_X1)                       0.01      0.03       0.99 f
  n874 (net)                     2                   0.00       0.99 f
  U909/ZN (NOR2_X1)                        0.01      0.03       1.02 r
  odd[4] (net)                   1                   0.00       1.02 r
  odd[4] (out)                             0.01      0.00       1.03 r
  data arrival time                                             1.03

  max_delay                                          0.10       0.10
  output external delay                              0.00       0.10
  data required time                                            0.10
  ------------------------------------------------------------------------------------------
  data required time                                            0.10
  data arrival time                                            -1.03
  ------------------------------------------------------------------------------------------
  slack (VIOLATED)                                             -0.93


  Startpoint: B[0] (input port)
  Endpoint: result[1] (output port)
  Path Group: default
  Path Type: max

  Des/Clust/Port     Wire Load Model       Library
  ------------------------------------------------
  divider_8bit_ref   5K_hvratio_1_1        NangateOpenCellLibrary

Attributes:
    d - dont_touch
    u - dont_use
   mo - map_only
   so - size_only
    i - ideal_net or ideal_network
  inf - infeasible path

  Point                        Fanout     Trans      Incr       Path      Attributes
  ------------------------------------------------------------------------------------------
  input external delay                               0.00       0.00 r
  B[0] (in)                                0.00      0.00       0.00 r
  B[0] (net)                    11                   0.00       0.00 r
  U588/ZN (INV_X1)                         0.00      0.02       0.02 f
  n530 (net)                     1                   0.00       0.02 f
  U639/ZN (AOI21_X1)                       0.02      0.05       0.07 r
  n540 (net)                     1                   0.00       0.07 r
  U640/ZN (NAND3_X1)                       0.02      0.04       0.11 f
  n541 (net)                     2                   0.00       0.11 f
  U641/ZN (NAND2_X1)                       0.01      0.04       0.15 r
  n582 (net)                     2                   0.00       0.15 r
  U697/ZN (AOI211_X1)                      0.02      0.03       0.18 f
  n584 (net)                     2                   0.00       0.18 f
  U579/ZN (AND2_X1)                        0.01      0.04       0.22 f
  n509 (net)                     1                   0.00       0.22 f
  U446/ZN (AOI211_X1)                      0.04      0.08       0.30 r
  n593 (net)                     1                   0.00       0.30 r
  U539/ZN (XNOR2_X1)                       0.03      0.07       0.37 r
  n481 (net)                     2                   0.00       0.37 r
  U706/ZN (OAI21_X1)                       0.02      0.04       0.41 f
  n643 (net)                     2                   0.00       0.41 f
  U710/ZN (OAI221_X1)                      0.05      0.06       0.48 r
  n906 (net)                     2                   0.00       0.48 r
  U744/ZN (INV_X1)                         0.01      0.03       0.51 f
  n883 (net)                     3                   0.00       0.51 f
  U515/ZN (AND2_X1)                        0.01      0.04       0.55 f
  n468 (net)                     2                   0.00       0.55 f
  U516/ZN (OAI21_X1)                       0.02      0.04       0.59 r
  n469 (net)                     1                   0.00       0.59 r
  U779/ZN (NAND2_X1)                       0.01      0.03       0.62 f
  n757 (net)                     2                   0.00       0.62 f
  U827/ZN (OAI211_X1)                      0.03      0.06       0.69 r
  n784 (net)                     3                   0.00       0.69 r
  U454/ZN (AND2_X1)                        0.01      0.05       0.74 r
  n422 (net)                     1                   0.00       0.74 r
  U594/ZN (XNOR2_X1)                       0.03      0.06       0.80 r
  n760 (net)                     2                   0.00       0.80 r
  U409/ZN (NAND2_X1)                       0.01      0.03       0.83 f
  n390 (net)                     2                   0.00       0.83 f
  U473/ZN (AND2_X1)                        0.01      0.04       0.87 f
  n440 (net)                     1                   0.00       0.87 f
  U832/ZN (OAI21_X1)                       0.03      0.04       0.91 r
  n885 (net)                     2                   0.00       0.91 r
  U833/ZN (INV_X1)                         0.01      0.03       0.94 f
  n773 (net)                     2                   0.00       0.94 f
  U383/ZN (INV_X1)                         0.01      0.03       0.96 r
  n372 (net)                     1                   0.00       0.96 r
  U915/ZN (NAND2_X1)                       0.00      0.02       0.99 f
  result[1] (net)                1                   0.00       0.99 f
  result[1] (out)                          0.00      0.00       0.99 f
  data arrival time                                             0.99

  max_delay                                          0.10       0.10
  output external delay                              0.00       0.10
  data required time                                            0.10
  ------------------------------------------------------------------------------------------
  data required time                                            0.10
  data arrival time                                            -0.99
  ------------------------------------------------------------------------------------------
  slack (VIOLATED)                                             -0.89


  Startpoint: B[0] (input port)
  Endpoint: odd[5] (output port)
  Path Group: default
  Path Type: max

  Des/Clust/Port     Wire Load Model       Library
  ------------------------------------------------
  divider_8bit_ref   5K_hvratio_1_1        NangateOpenCellLibrary

Attributes:
    d - dont_touch
    u - dont_use
   mo - map_only
   so - size_only
    i - ideal_net or ideal_network
  inf - infeasible path

  Point                        Fanout     Trans      Incr       Path      Attributes
  ------------------------------------------------------------------------------------------
  input external delay                               0.00       0.00 r
  B[0] (in)                                0.00      0.00       0.00 r
  B[0] (net)                    11                   0.00       0.00 r
  U588/ZN (INV_X1)                         0.00      0.02       0.02 f
  n530 (net)                     1                   0.00       0.02 f
  U639/ZN (AOI21_X1)                       0.02      0.05       0.07 r
  n540 (net)                     1                   0.00       0.07 r
  U640/ZN (NAND3_X1)                       0.02      0.04       0.11 f
  n541 (net)                     2                   0.00       0.11 f
  U489/ZN (NAND2_X1)                       0.01      0.04       0.15 r
  n451 (net)                     2                   0.00       0.15 r
  U642/ZN (NAND2_X1)                       0.01      0.03       0.18 f
  n597 (net)                     1                   0.00       0.18 f
  U648/ZN (OAI211_X1)                      0.03      0.04       0.22 r
  n612 (net)                     2                   0.00       0.22 r
  U654/ZN (NAND2_X1)                       0.01      0.04       0.26 f
  n562 (net)                     2                   0.00       0.26 f
  U530/ZN (NAND2_X1)                       0.01      0.03       0.29 r
  n477 (net)                     1                   0.00       0.29 r
  U533/ZN (AND3_X1)                        0.01      0.05       0.34 r
  n613 (net)                     1                   0.00       0.34 r
  U522/ZN (NAND2_X1)                       0.01      0.03       0.37 f
  n639 (net)                     2                   0.00       0.37 f
  U573/ZN (AOI22_X1)                       0.03      0.05       0.41 r
  n640 (net)                     1                   0.00       0.41 r
  U739/Z (MUX2_X1)                         0.02      0.06       0.48 r
  n652 (net)                     3                   0.00       0.48 r
  U750/ZN (INV_X1)                         0.01      0.03       0.50 f
  n653 (net)                     2                   0.00       0.50 f
  U751/ZN (OAI21_X1)                       0.02      0.05       0.55 r
  n655 (net)                     1                   0.00       0.55 r
  U450/ZN (NAND2_X1)                       0.01      0.04       0.59 f
  n416 (net)                     3                   0.00       0.59 f
  U753/ZN (NAND2_X1)                       0.01      0.04       0.63 r
  n756 (net)                     2                   0.00       0.63 r
  U827/ZN (OAI211_X1)                      0.02      0.05       0.68 f
  n784 (net)                     3                   0.00       0.68 f
  U454/ZN (AND2_X1)                        0.01      0.05       0.72 f
  n422 (net)                     1                   0.00       0.72 f
  U594/ZN (XNOR2_X1)                       0.02      0.06       0.78 f
  n760 (net)                     2                   0.00       0.78 f
  U829/ZN (NAND2_X1)                       0.01      0.04       0.82 r
  n875 (net)                     2                   0.00       0.82 r
  U910/ZN (INV_X1)                         0.01      0.02       0.84 f
  n876 (net)                     1                   0.00       0.84 f
  U911/ZN (NOR4_X1)                        0.03      0.07       0.91 r
  odd[5] (net)                   1                   0.00       0.91 r
  odd[5] (out)                             0.03      0.00       0.92 r
  data arrival time                                             0.92

  max_delay                                          0.10       0.10
  output external delay                              0.00       0.10
  data required time                                            0.10
  ------------------------------------------------------------------------------------------
  data required time                                            0.10
  data arrival time                                            -0.92
  ------------------------------------------------------------------------------------------
  slack (VIOLATED)                                             -0.82


  Startpoint: B[0] (input port)
  Endpoint: result[2] (output port)
  Path Group: default
  Path Type: max

  Des/Clust/Port     Wire Load Model       Library
  ------------------------------------------------
  divider_8bit_ref   5K_hvratio_1_1        NangateOpenCellLibrary

Attributes:
    d - dont_touch
    u - dont_use
   mo - map_only
   so - size_only
    i - ideal_net or ideal_network
  inf - infeasible path

  Point                        Fanout     Trans      Incr       Path      Attributes
  ------------------------------------------------------------------------------------------
  input external delay                               0.00       0.00 r
  B[0] (in)                                0.00      0.00       0.00 r
  B[0] (net)                    11                   0.00       0.00 r
  U588/ZN (INV_X1)                         0.00      0.02       0.02 f
  n530 (net)                     1                   0.00       0.02 f
  U639/ZN (AOI21_X1)                       0.02      0.05       0.07 r
  n540 (net)                     1                   0.00       0.07 r
  U640/ZN (NAND3_X1)                       0.02      0.04       0.11 f
  n541 (net)                     2                   0.00       0.11 f
  U641/ZN (NAND2_X1)                       0.01      0.04       0.15 r
  n582 (net)                     2                   0.00       0.15 r
  U697/ZN (AOI211_X1)                      0.02      0.03       0.18 f
  n584 (net)                     2                   0.00       0.18 f
  U579/ZN (AND2_X1)                        0.01      0.04       0.22 f
  n509 (net)                     1                   0.00       0.22 f
  U446/ZN (AOI211_X1)                      0.04      0.08       0.30 r
  n593 (net)                     1                   0.00       0.30 r
  U539/ZN (XNOR2_X1)                       0.03      0.07       0.37 r
  n481 (net)                     2                   0.00       0.37 r
  U706/ZN (OAI21_X1)                       0.02      0.04       0.41 f
  n643 (net)                     2                   0.00       0.41 f
  U710/ZN (OAI221_X1)                      0.05      0.06       0.48 r
  n906 (net)                     2                   0.00       0.48 r
  U744/ZN (INV_X1)                         0.01      0.03       0.51 f
  n883 (net)                     3                   0.00       0.51 f
  U745/ZN (NAND2_X1)                       0.01      0.04       0.54 r
  n703 (net)                     2                   0.00       0.54 r
  U386/ZN (AND3_X2)                        0.02      0.06       0.61 r
  n418 (net)                     4                   0.00       0.61 r
  U431/ZN (NAND2_X1)                       0.01      0.03       0.64 f
  n404 (net)                     1                   0.00       0.64 f
  U754/ZN (NAND2_X1)                       0.01      0.03       0.67 r
  n767 (net)                     2                   0.00       0.67 r
  U755/ZN (INV_X1)                         0.01      0.02       0.69 f
  n702 (net)                     1                   0.00       0.69 f
  U792/ZN (NAND2_X1)                       0.01      0.03       0.72 r
  result[2] (net)                3                   0.00       0.72 r
  result[2] (out)                          0.01      0.00       0.72 r
  data arrival time                                             0.72

  max_delay                                          0.10       0.10
  output external delay                              0.00       0.10
  data required time                                            0.10
  ------------------------------------------------------------------------------------------
  data required time                                            0.10
  data arrival time                                            -0.72
  ------------------------------------------------------------------------------------------
  slack (VIOLATED)                                             -0.62


  Startpoint: B[1] (input port)
  Endpoint: odd[6] (output port)
  Path Group: default
  Path Type: max

  Des/Clust/Port     Wire Load Model       Library
  ------------------------------------------------
  divider_8bit_ref   5K_hvratio_1_1        NangateOpenCellLibrary

Attributes:
    d - dont_touch
    u - dont_use
   mo - map_only
   so - size_only
    i - ideal_net or ideal_network
  inf - infeasible path

  Point                        Fanout     Trans      Incr       Path      Attributes
  ------------------------------------------------------------------------------------------
  input external delay                               0.00       0.00 f
  B[1] (in)                                0.00      0.00       0.00 f
  B[1] (net)                    12                   0.00       0.00 f
  U443/Z (BUF_X2)                          0.01      0.05       0.05 f
  n413 (net)                     5                   0.00       0.05 f
  U696/Z (XOR2_X1)                         0.01      0.08       0.13 f
  n580 (net)                     1                   0.00       0.13 f
  U697/ZN (AOI211_X1)                      0.05      0.09       0.22 r
  n584 (net)                     2                   0.00       0.22 r
  U698/ZN (NAND2_X1)                       0.02      0.04       0.25 f
  n602 (net)                     2                   0.00       0.25 f
  U713/ZN (NAND2_X1)                       0.03      0.05       0.30 r
  n664 (net)                     3                   0.00       0.30 r
  U738/S (FA_X1)                           0.01      0.12       0.42 f
  n641 (net)                     1                   0.00       0.42 f
  U739/Z (MUX2_X1)                         0.01      0.08       0.50 f
  n652 (net)                     3                   0.00       0.50 f
  U750/ZN (INV_X1)                         0.01      0.04       0.53 r
  n653 (net)                     2                   0.00       0.53 r
  U751/ZN (OAI21_X1)                       0.01      0.03       0.56 f
  n655 (net)                     1                   0.00       0.56 f
  U450/ZN (NAND2_X1)                       0.02      0.04       0.60 r
  n416 (net)                     3                   0.00       0.60 r
  U912/ZN (INV_X1)                         0.01      0.03       0.63 f
  n884 (net)                     1                   0.00       0.63 f
  U914/ZN (NOR4_X1)                        0.03      0.04       0.67 r
  odd[6] (net)                   1                   0.00       0.67 r
  odd[6] (out)                             0.03      0.00       0.67 r
  data arrival time                                             0.67

  max_delay                                          0.10       0.10
  output external delay                              0.00       0.10
  data required time                                            0.10
  ------------------------------------------------------------------------------------------
  data required time                                            0.10
  data arrival time                                            -0.67
  ------------------------------------------------------------------------------------------
  slack (VIOLATED)                                             -0.57


1
