 
****************************************
Report : timing
        -path full
        -delay max
        -nets
        -max_paths 10
        -transition_time
Design : mux_4to1_16bit
Version: T-2022.03-SP2
Date   : Mon May 12 03:09:45 2025
****************************************

Operating Conditions: typical   Library: NangateOpenCellLibrary
Wire Load Model Mode: top

  Startpoint: sel[0] (input port)
  Endpoint: out[12] (output port)
  Path Group: default
  Path Type: max

  Des/Clust/Port     Wire Load Model       Library
  ------------------------------------------------
  mux_4to1_16bit     5K_hvratio_1_1        NangateOpenCellLibrary

Attributes:
    d - dont_touch
    u - dont_use
   mo - map_only
   so - size_only
    i - ideal_net or ideal_network
  inf - infeasible path

  Point                        Fanout     Trans      Incr       Path      Attributes
  ------------------------------------------------------------------------------------------
  input external delay                               0.00       0.00 f
  sel[0] (in)                              0.00      0.00       0.00 f
  sel[0] (net)                  11                   0.00       0.00 f
  U79/ZN (INV_X1)                          0.01      0.03       0.03 r
  n59 (net)                      1                   0.00       0.03 r
  U73/ZN (AND2_X2)                         0.02      0.06       0.09 r
  n57 (net)                      8                   0.00       0.09 r
  U116/ZN (AOI22_X1)                       0.01      0.04       0.13 f
  n87 (net)                      1                   0.00       0.13 f
  U118/ZN (NAND2_X1)                       0.01      0.03       0.15 r
  out[12] (net)                  1                   0.00       0.15 r
  out[12] (out)                            0.01      0.00       0.15 r
  data arrival time                                             0.15

  max_delay                                          0.10       0.10
  output external delay                              0.00       0.10
  data required time                                            0.10
  ------------------------------------------------------------------------------------------
  data required time                                            0.10
  data arrival time                                            -0.15
  ------------------------------------------------------------------------------------------
  slack (VIOLATED)                                             -0.05


  Startpoint: sel[0] (input port)
  Endpoint: out[11] (output port)
  Path Group: default
  Path Type: max

  Des/Clust/Port     Wire Load Model       Library
  ------------------------------------------------
  mux_4to1_16bit     5K_hvratio_1_1        NangateOpenCellLibrary

Attributes:
    d - dont_touch
    u - dont_use
   mo - map_only
   so - size_only
    i - ideal_net or ideal_network
  inf - infeasible path

  Point                        Fanout     Trans      Incr       Path      Attributes
  ------------------------------------------------------------------------------------------
  input external delay                               0.00       0.00 f
  sel[0] (in)                              0.00      0.00       0.00 f
  sel[0] (net)                  11                   0.00       0.00 f
  U61/ZN (INV_X1)                          0.01      0.03       0.03 r
  n39 (net)                      1                   0.00       0.03 r
  U72/ZN (AND2_X2)                         0.02      0.06       0.09 r
  n53 (net)                      8                   0.00       0.09 r
  U114/ZN (AOI22_X1)                       0.01      0.04       0.13 f
  n85 (net)                      1                   0.00       0.13 f
  U115/ZN (NAND2_X1)                       0.01      0.03       0.15 r
  out[11] (net)                  1                   0.00       0.15 r
  out[11] (out)                            0.01      0.00       0.15 r
  data arrival time                                             0.15

  max_delay                                          0.10       0.10
  output external delay                              0.00       0.10
  data required time                                            0.10
  ------------------------------------------------------------------------------------------
  data required time                                            0.10
  data arrival time                                            -0.15
  ------------------------------------------------------------------------------------------
  slack (VIOLATED)                                             -0.05


  Startpoint: sel[0] (input port)
  Endpoint: out[10] (output port)
  Path Group: default
  Path Type: max

  Des/Clust/Port     Wire Load Model       Library
  ------------------------------------------------
  mux_4to1_16bit     5K_hvratio_1_1        NangateOpenCellLibrary

Attributes:
    d - dont_touch
    u - dont_use
   mo - map_only
   so - size_only
    i - ideal_net or ideal_network
  inf - infeasible path

  Point                        Fanout     Trans      Incr       Path      Attributes
  ------------------------------------------------------------------------------------------
  input external delay                               0.00       0.00 f
  sel[0] (in)                              0.00      0.00       0.00 f
  sel[0] (net)                  11                   0.00       0.00 f
  U79/ZN (INV_X1)                          0.01      0.03       0.03 r
  n59 (net)                      1                   0.00       0.03 r
  U73/ZN (AND2_X2)                         0.02      0.06       0.09 r
  n57 (net)                      8                   0.00       0.09 r
  U111/ZN (AOI22_X1)                       0.01      0.04       0.13 f
  n83 (net)                      1                   0.00       0.13 f
  U113/ZN (NAND2_X1)                       0.01      0.03       0.15 r
  out[10] (net)                  1                   0.00       0.15 r
  out[10] (out)                            0.01      0.00       0.15 r
  data arrival time                                             0.15

  max_delay                                          0.10       0.10
  output external delay                              0.00       0.10
  data required time                                            0.10
  ------------------------------------------------------------------------------------------
  data required time                                            0.10
  data arrival time                                            -0.15
  ------------------------------------------------------------------------------------------
  slack (VIOLATED)                                             -0.05


  Startpoint: sel[0] (input port)
  Endpoint: out[9] (output port)
  Path Group: default
  Path Type: max

  Des/Clust/Port     Wire Load Model       Library
  ------------------------------------------------
  mux_4to1_16bit     5K_hvratio_1_1        NangateOpenCellLibrary

Attributes:
    d - dont_touch
    u - dont_use
   mo - map_only
   so - size_only
    i - ideal_net or ideal_network
  inf - infeasible path

  Point                        Fanout     Trans      Incr       Path      Attributes
  ------------------------------------------------------------------------------------------
  input external delay                               0.00       0.00 f
  sel[0] (in)                              0.00      0.00       0.00 f
  sel[0] (net)                  11                   0.00       0.00 f
  U61/ZN (INV_X1)                          0.01      0.03       0.03 r
  n39 (net)                      1                   0.00       0.03 r
  U72/ZN (AND2_X2)                         0.02      0.06       0.09 r
  n53 (net)                      8                   0.00       0.09 r
  U108/ZN (AOI22_X1)                       0.01      0.04       0.13 f
  n81 (net)                      1                   0.00       0.13 f
  U110/ZN (NAND2_X1)                       0.01      0.03       0.15 r
  out[9] (net)                   1                   0.00       0.15 r
  out[9] (out)                             0.01      0.00       0.15 r
  data arrival time                                             0.15

  max_delay                                          0.10       0.10
  output external delay                              0.00       0.10
  data required time                                            0.10
  ------------------------------------------------------------------------------------------
  data required time                                            0.10
  data arrival time                                            -0.15
  ------------------------------------------------------------------------------------------
  slack (VIOLATED)                                             -0.05


  Startpoint: sel[0] (input port)
  Endpoint: out[7] (output port)
  Path Group: default
  Path Type: max

  Des/Clust/Port     Wire Load Model       Library
  ------------------------------------------------
  mux_4to1_16bit     5K_hvratio_1_1        NangateOpenCellLibrary

Attributes:
    d - dont_touch
    u - dont_use
   mo - map_only
   so - size_only
    i - ideal_net or ideal_network
  inf - infeasible path

  Point                        Fanout     Trans      Incr       Path      Attributes
  ------------------------------------------------------------------------------------------
  input external delay                               0.00       0.00 f
  sel[0] (in)                              0.00      0.00       0.00 f
  sel[0] (net)                  11                   0.00       0.00 f
  U61/ZN (INV_X1)                          0.01      0.03       0.03 r
  n39 (net)                      1                   0.00       0.03 r
  U72/ZN (AND2_X2)                         0.02      0.06       0.09 r
  n53 (net)                      8                   0.00       0.09 r
  U102/ZN (AOI22_X1)                       0.01      0.04       0.13 f
  n77 (net)                      1                   0.00       0.13 f
  U104/ZN (NAND2_X1)                       0.01      0.03       0.15 r
  out[7] (net)                   1                   0.00       0.15 r
  out[7] (out)                             0.01      0.00       0.15 r
  data arrival time                                             0.15

  max_delay                                          0.10       0.10
  output external delay                              0.00       0.10
  data required time                                            0.10
  ------------------------------------------------------------------------------------------
  data required time                                            0.10
  data arrival time                                            -0.15
  ------------------------------------------------------------------------------------------
  slack (VIOLATED)                                             -0.05


  Startpoint: sel[0] (input port)
  Endpoint: out[6] (output port)
  Path Group: default
  Path Type: max

  Des/Clust/Port     Wire Load Model       Library
  ------------------------------------------------
  mux_4to1_16bit     5K_hvratio_1_1        NangateOpenCellLibrary

Attributes:
    d - dont_touch
    u - dont_use
   mo - map_only
   so - size_only
    i - ideal_net or ideal_network
  inf - infeasible path

  Point                        Fanout     Trans      Incr       Path      Attributes
  ------------------------------------------------------------------------------------------
  input external delay                               0.00       0.00 f
  sel[0] (in)                              0.00      0.00       0.00 f
  sel[0] (net)                  11                   0.00       0.00 f
  U79/ZN (INV_X1)                          0.01      0.03       0.03 r
  n59 (net)                      1                   0.00       0.03 r
  U73/ZN (AND2_X2)                         0.02      0.06       0.09 r
  n57 (net)                      8                   0.00       0.09 r
  U99/ZN (AOI22_X1)                        0.01      0.04       0.13 f
  n75 (net)                      1                   0.00       0.13 f
  U101/ZN (NAND2_X1)                       0.01      0.03       0.15 r
  out[6] (net)                   1                   0.00       0.15 r
  out[6] (out)                             0.01      0.00       0.15 r
  data arrival time                                             0.15

  max_delay                                          0.10       0.10
  output external delay                              0.00       0.10
  data required time                                            0.10
  ------------------------------------------------------------------------------------------
  data required time                                            0.10
  data arrival time                                            -0.15
  ------------------------------------------------------------------------------------------
  slack (VIOLATED)                                             -0.05


  Startpoint: sel[0] (input port)
  Endpoint: out[5] (output port)
  Path Group: default
  Path Type: max

  Des/Clust/Port     Wire Load Model       Library
  ------------------------------------------------
  mux_4to1_16bit     5K_hvratio_1_1        NangateOpenCellLibrary

Attributes:
    d - dont_touch
    u - dont_use
   mo - map_only
   so - size_only
    i - ideal_net or ideal_network
  inf - infeasible path

  Point                        Fanout     Trans      Incr       Path      Attributes
  ------------------------------------------------------------------------------------------
  input external delay                               0.00       0.00 f
  sel[0] (in)                              0.00      0.00       0.00 f
  sel[0] (net)                  11                   0.00       0.00 f
  U61/ZN (INV_X1)                          0.01      0.03       0.03 r
  n39 (net)                      1                   0.00       0.03 r
  U72/ZN (AND2_X2)                         0.02      0.06       0.09 r
  n53 (net)                      8                   0.00       0.09 r
  U96/ZN (AOI22_X1)                        0.01      0.04       0.13 f
  n73 (net)                      1                   0.00       0.13 f
  U98/ZN (NAND2_X1)                        0.01      0.03       0.15 r
  out[5] (net)                   1                   0.00       0.15 r
  out[5] (out)                             0.01      0.00       0.15 r
  data arrival time                                             0.15

  max_delay                                          0.10       0.10
  output external delay                              0.00       0.10
  data required time                                            0.10
  ------------------------------------------------------------------------------------------
  data required time                                            0.10
  data arrival time                                            -0.15
  ------------------------------------------------------------------------------------------
  slack (VIOLATED)                                             -0.05


  Startpoint: sel[0] (input port)
  Endpoint: out[3] (output port)
  Path Group: default
  Path Type: max

  Des/Clust/Port     Wire Load Model       Library
  ------------------------------------------------
  mux_4to1_16bit     5K_hvratio_1_1        NangateOpenCellLibrary

Attributes:
    d - dont_touch
    u - dont_use
   mo - map_only
   so - size_only
    i - ideal_net or ideal_network
  inf - infeasible path

  Point                        Fanout     Trans      Incr       Path      Attributes
  ------------------------------------------------------------------------------------------
  input external delay                               0.00       0.00 f
  sel[0] (in)                              0.00      0.00       0.00 f
  sel[0] (net)                  11                   0.00       0.00 f
  U61/ZN (INV_X1)                          0.01      0.03       0.03 r
  n39 (net)                      1                   0.00       0.03 r
  U72/ZN (AND2_X2)                         0.02      0.06       0.09 r
  n53 (net)                      8                   0.00       0.09 r
  U90/ZN (AOI22_X1)                        0.01      0.04       0.13 f
  n69 (net)                      1                   0.00       0.13 f
  U92/ZN (NAND2_X1)                        0.01      0.03       0.15 r
  out[3] (net)                   1                   0.00       0.15 r
  out[3] (out)                             0.01      0.00       0.15 r
  data arrival time                                             0.15

  max_delay                                          0.10       0.10
  output external delay                              0.00       0.10
  data required time                                            0.10
  ------------------------------------------------------------------------------------------
  data required time                                            0.10
  data arrival time                                            -0.15
  ------------------------------------------------------------------------------------------
  slack (VIOLATED)                                             -0.05


  Startpoint: sel[0] (input port)
  Endpoint: out[2] (output port)
  Path Group: default
  Path Type: max

  Des/Clust/Port     Wire Load Model       Library
  ------------------------------------------------
  mux_4to1_16bit     5K_hvratio_1_1        NangateOpenCellLibrary

Attributes:
    d - dont_touch
    u - dont_use
   mo - map_only
   so - size_only
    i - ideal_net or ideal_network
  inf - infeasible path

  Point                        Fanout     Trans      Incr       Path      Attributes
  ------------------------------------------------------------------------------------------
  input external delay                               0.00       0.00 f
  sel[0] (in)                              0.00      0.00       0.00 f
  sel[0] (net)                  11                   0.00       0.00 f
  U79/ZN (INV_X1)                          0.01      0.03       0.03 r
  n59 (net)                      1                   0.00       0.03 r
  U73/ZN (AND2_X2)                         0.02      0.06       0.09 r
  n57 (net)                      8                   0.00       0.09 r
  U87/ZN (AOI22_X1)                        0.01      0.04       0.13 f
  n67 (net)                      1                   0.00       0.13 f
  U89/ZN (NAND2_X1)                        0.01      0.03       0.15 r
  out[2] (net)                   1                   0.00       0.15 r
  out[2] (out)                             0.01      0.00       0.15 r
  data arrival time                                             0.15

  max_delay                                          0.10       0.10
  output external delay                              0.00       0.10
  data required time                                            0.10
  ------------------------------------------------------------------------------------------
  data required time                                            0.10
  data arrival time                                            -0.15
  ------------------------------------------------------------------------------------------
  slack (VIOLATED)                                             -0.05


  Startpoint: sel[0] (input port)
  Endpoint: out[0] (output port)
  Path Group: default
  Path Type: max

  Des/Clust/Port     Wire Load Model       Library
  ------------------------------------------------
  mux_4to1_16bit     5K_hvratio_1_1        NangateOpenCellLibrary

Attributes:
    d - dont_touch
    u - dont_use
   mo - map_only
   so - size_only
    i - ideal_net or ideal_network
  inf - infeasible path

  Point                        Fanout     Trans      Incr       Path      Attributes
  ------------------------------------------------------------------------------------------
  input external delay                               0.00       0.00 f
  sel[0] (in)                              0.00      0.00       0.00 f
  sel[0] (net)                  11                   0.00       0.00 f
  U79/ZN (INV_X1)                          0.01      0.03       0.03 r
  n59 (net)                      1                   0.00       0.03 r
  U73/ZN (AND2_X2)                         0.02      0.06       0.09 r
  n57 (net)                      8                   0.00       0.09 r
  U80/ZN (AOI22_X1)                        0.01      0.04       0.13 f
  n63 (net)                      1                   0.00       0.13 f
  U83/ZN (NAND2_X1)                        0.01      0.03       0.15 r
  out[0] (net)                   1                   0.00       0.15 r
  out[0] (out)                             0.01      0.00       0.15 r
  data arrival time                                             0.15

  max_delay                                          0.10       0.10
  output external delay                              0.00       0.10
  data required time                                            0.10
  ------------------------------------------------------------------------------------------
  data required time                                            0.10
  data arrival time                                            -0.15
  ------------------------------------------------------------------------------------------
  slack (VIOLATED)                                             -0.05


1
