 
****************************************
Report : area
Design : mux_4to1_64bit_ref
Version: T-2022.03-SP2
Date   : Mon May 12 03:08:11 2025
****************************************

Library(s) Used:

    NangateOpenCellLibrary (File: /temp2tb/luyao/lib/NangateOpenCellLibrary_PDKv1_3_v2010_12/db/typical.db)

Number of ports:                          322
Number of nets:                           490
Number of cells:                          232
Number of combinational cells:            232
Number of sequential cells:                 0
Number of macros/black boxes:               0
Number of buf/inv:                         29
Number of references:                      13

Combinational area:                260.680005
Buf/Inv area:                       23.408000
Noncombinational area:               0.000000
Macro/Black Box area:                0.000000
Net Interconnect area:      undefined  (Wire load has zero net area)

Total cell area:                   260.680005
Total area:                 undefined

Hierarchical area distribution
------------------------------

                                  Global cell area          Local cell area
                                  ------------------  --------------------------- 
Hierarchical cell                 Absolute   Percent  Combi-    Noncombi-  Black-
                                  Total      Total    national  national   boxes   Design
--------------------------------  ---------  -------  --------  ---------  ------  ---------
mux_4to1_64bit_ref                 260.6800    100.0  260.6800     0.0000  0.0000  mux_4to1_64bit_ref
--------------------------------  ---------  -------  --------  ---------  ------  ---------
Total                                                 260.6800     0.0000  0.0000

1
