Information: Updating design information... (UID-85)
 
****************************************
Report : qor
Design : mux_4to1_64bit_ref
Version: T-2022.03-SP2
Date   : Mon May 12 03:08:11 2025
****************************************


  Timing Path Group 'default'
  -----------------------------------
  Levels of Logic:               5.00
  Critical Path Length:          0.20
  Critical Path Slack:          -0.10
  Critical Path Clk Period:       n/a
  Total Negative Slack:         -6.32
  No. of Violating Paths:       64.00
  Worst Hold Violation:          0.00
  Total Hold Violation:          0.00
  No. of Hold Violations:        0.00
  -----------------------------------


  Cell Count
  -----------------------------------
  Hierarchical Cell Count:          0
  Hierarchical Port Count:          0
  Leaf Cell Count:                232
  Buf/Inv Cell Count:              29
  Buf Cell Count:                  17
  Inv Cell Count:                  12
  CT Buf/Inv Cell Count:            0
  Combinational Cell Count:       232
  Sequential Cell Count:            0
  Macro Count:                      0
  -----------------------------------


  Area
  -----------------------------------
  Combinational Area:      260.680005
  Noncombinational Area:     0.000000
  Buf/Inv Area:             23.408000
  Total Buffer Area:            17.02
  Total Inverter Area:           6.38
  Macro/Black Box Area:      0.000000
  Net Area:                  0.000000
  -----------------------------------
  Cell Area:               260.680005
  Design Area:             260.680005


  Design Rules
  -----------------------------------
  Total Number of Nets:           490
  Nets With Violations:             0
  Max Trans Violations:             0
  Max Cap Violations:               0
  -----------------------------------


  Hostname: acf3030

  Compile CPU Statistics
  -----------------------------------------
  Resource Sharing:                    0.03
  Logic Optimization:                  1.81
  Mapping Optimization:                2.59
  -----------------------------------------
  Overall Compile Time:                4.85
  Overall Compile Wall Clock Time:     5.08

  --------------------------------------------------------------------

  Design  WNS: 0.10  TNS: 6.32  Number of Violating Paths: 64


  Design (Hold)  WNS: 0.00  TNS: 0.00  Number of Violating Paths: 0

  --------------------------------------------------------------------


1
