 
****************************************
Report : area
Design : adder_carry_ref
Version: T-2022.03-SP2
Date   : Mon May 12 02:38:46 2025
****************************************

Library(s) Used:

    NangateOpenCellLibrary (File: /temp2tb/luyao/lib/NangateOpenCellLibrary_PDKv1_3_v2010_12/db/typical.db)

Number of ports:                           26
Number of nets:                            67
Number of cells:                           50
Number of combinational cells:             50
Number of sequential cells:                 0
Number of macros/black boxes:               0
Number of buf/inv:                         17
Number of references:                       9

Combinational area:                 53.997999
Buf/Inv area:                       10.640000
Noncombinational area:               0.000000
Macro/Black Box area:                0.000000
Net Interconnect area:      undefined  (Wire load has zero net area)

Total cell area:                    53.997999
Total area:                 undefined

Hierarchical area distribution
------------------------------

                                  Global cell area          Local cell area
                                  ------------------  --------------------------- 
Hierarchical cell                 Absolute   Percent  Combi-    Noncombi-  Black-
                                  Total      Total    national  national   boxes   Design
--------------------------------  ---------  -------  --------  ---------  ------  ---------
adder_carry_ref                     53.9980    100.0   53.9980     0.0000  0.0000  adder_carry_ref
--------------------------------  ---------  -------  --------  ---------  ------  ---------
Total                                                  53.9980     0.0000  0.0000

1
