Information: Updating design information... (UID-85)
 
****************************************
Report : qor
Design : adder_carry_ref
Version: T-2022.03-SP2
Date   : Mon May 12 02:38:46 2025
****************************************


  Timing Path Group 'default'
  -----------------------------------
  Levels of Logic:              14.00
  Critical Path Length:          0.50
  Critical Path Slack:          -0.40
  Critical Path Clk Period:       n/a
  Total Negative Slack:         -2.26
  No. of Violating Paths:        9.00
  Worst Hold Violation:          0.00
  Total Hold Violation:          0.00
  No. of Hold Violations:        0.00
  -----------------------------------


  Cell Count
  -----------------------------------
  Hierarchical Cell Count:          0
  Hierarchical Port Count:          0
  Leaf Cell Count:                 50
  Buf/Inv Cell Count:              17
  Buf Cell Count:                   6
  Inv Cell Count:                  11
  CT Buf/Inv Cell Count:            0
  Combinational Cell Count:        50
  Sequential Cell Count:            0
  Macro Count:                      0
  -----------------------------------


  Area
  -----------------------------------
  Combinational Area:       53.997999
  Noncombinational Area:     0.000000
  Buf/Inv Area:             10.640000
  Total Buffer Area:             4.79
  Total Inverter Area:           5.85
  Macro/Black Box Area:      0.000000
  Net Area:                  0.000000
  -----------------------------------
  Cell Area:                53.997999
  Design Area:              53.997999


  Design Rules
  -----------------------------------
  Total Number of Nets:            67
  Nets With Violations:             0
  Max Trans Violations:             0
  Max Cap Violations:               0
  -----------------------------------


  Hostname: acf3030

  Compile CPU Statistics
  -----------------------------------------
  Resource Sharing:                    0.00
  Logic Optimization:                  0.14
  Mapping Optimization:                0.28
  -----------------------------------------
  Overall Compile Time:                0.80
  Overall Compile Wall Clock Time:     1.00

  --------------------------------------------------------------------

  Design  WNS: 0.40  TNS: 2.26  Number of Violating Paths: 9


  Design (Hold)  WNS: 0.00  TNS: 0.00  Number of Violating Paths: 0

  --------------------------------------------------------------------


1
