Information: Updating design information... (UID-85)
 
****************************************
Report : qor
Design : comparator_4bit
Version: T-2022.03-SP2
Date   : Mon May 12 01:43:39 2025
****************************************


  Timing Path Group 'default'
  -----------------------------------
  Levels of Logic:               4.00
  Critical Path Length:          0.16
  Critical Path Slack:          -0.06
  Critical Path Clk Period:       n/a
  Total Negative Slack:         -0.15
  No. of Violating Paths:        3.00
  Worst Hold Violation:          0.00
  Total Hold Violation:          0.00
  No. of Hold Violations:        0.00
  -----------------------------------


  Cell Count
  -----------------------------------
  Hierarchical Cell Count:          0
  Hierarchical Port Count:          0
  Leaf Cell Count:                 25
  Buf/Inv Cell Count:               8
  Buf Cell Count:                   0
  Inv Cell Count:                   8
  CT Buf/Inv Cell Count:            0
  Combinational Cell Count:        25
  Sequential Cell Count:            0
  Macro Count:                      0
  -----------------------------------


  Area
  -----------------------------------
  Combinational Area:       25.802000
  Noncombinational Area:     0.000000
  Buf/Inv Area:              4.256000
  Total Buffer Area:             0.00
  Total Inverter Area:           4.26
  Macro/Black Box Area:      0.000000
  Net Area:                  0.000000
  -----------------------------------
  Cell Area:                25.802000
  Design Area:              25.802000


  Design Rules
  -----------------------------------
  Total Number of Nets:            33
  Nets With Violations:             0
  Max Trans Violations:             0
  Max Cap Violations:               0
  -----------------------------------


  Hostname: acf3030

  Compile CPU Statistics
  -----------------------------------------
  Resource Sharing:                    0.00
  Logic Optimization:                  0.09
  Mapping Optimization:                0.12
  -----------------------------------------
  Overall Compile Time:                0.61
  Overall Compile Wall Clock Time:     0.83

  --------------------------------------------------------------------

  Design  WNS: 0.06  TNS: 0.15  Number of Violating Paths: 3


  Design (Hold)  WNS: 0.00  TNS: 0.00  Number of Violating Paths: 0

  --------------------------------------------------------------------


1
