Loading db file '/temp2tb/luyao/lib/NangateOpenCellLibrary_PDKv1_3_v2010_12/db/typical.db'
Information: Propagating switching activity (low effort zero delay simulation). (PWR-6)
Warning: Design has unannotated primary inputs. (PWR-414)
Warning: Design has unannotated sequential cell outputs. (PWR-415)
 
****************************************
Report : power
        -analysis_effort low
Design : selector_ref
Version: T-2022.03-SP2
Date   : Mon May 12 02:41:51 2025
****************************************


Library(s) Used:

    NangateOpenCellLibrary (File: /temp2tb/luyao/lib/NangateOpenCellLibrary_PDKv1_3_v2010_12/db/typical.db)


Operating Conditions: typical   Library: NangateOpenCellLibrary
Wire Load Model Mode: top

Design        Wire Load Model            Library
------------------------------------------------
selector_ref           5K_hvratio_1_1    NangateOpenCellLibrary


Global Operating Voltage = 1.1  
Power-specific unit information :
    Voltage Units = 1V
    Capacitance Units = 1.000000ff
    Time Units = 1ns
    Dynamic Power Units = 1uW    (derived from V,C,T units)
    Leakage Power Units = 1nW


Attributes
----------
i - Including register clock pin internal power


  Cell Internal Power  = 357.2231 uW   (89%)
  Net Switching Power  =  42.0878 uW   (11%)
                         ---------
Total Dynamic Power    = 399.3109 uW  (100%)

Cell Leakage Power     =   1.0701 uW


                 Internal         Switching           Leakage            Total
Power Group      Power            Power               Power              Power   (   %    )  Attrs
--------------------------------------------------------------------------------------------------
io_pad             0.0000            0.0000            0.0000            0.0000  (   0.00%)
memory             0.0000            0.0000            0.0000            0.0000  (   0.00%)
black_box          0.0000            0.0000            0.0000            0.0000  (   0.00%)
clock_network    218.1135            0.0000            0.0000            0.0000  (   0.00%)  i
register          83.1828            1.6682          474.5179          303.4390  (  75.79%)
sequential         0.0000            0.0000            0.0000            0.0000  (   0.00%)
combinational     55.9268           40.4195          595.6083           96.9420  (  24.21%)
--------------------------------------------------------------------------------------------------
Total            357.2231 uW        42.0878 uW     1.0701e+03 nW       400.3810 uW
1
