Information: Updating design information... (UID-85)
 
****************************************
Report : qor
Design : selector_ref
Version: T-2022.03-SP2
Date   : Mon May 12 02:41:50 2025
****************************************


  Timing Path Group 'clk'
  -----------------------------------
  Levels of Logic:               3.00
  Critical Path Length:          0.14
  Critical Path Slack:          -0.08
  Critical Path Clk Period:      0.10
  Total Negative Slack:         -0.24
  No. of Violating Paths:        4.00
  Worst Hold Violation:          0.00
  Total Hold Violation:          0.00
  No. of Hold Violations:        0.00
  -----------------------------------

  Timing Path Group 'default'
  -----------------------------------
  Levels of Logic:               0.00
  Critical Path Length:          0.08
  Critical Path Slack:           0.02
  Critical Path Clk Period:       n/a
  Total Negative Slack:          0.00
  No. of Violating Paths:        0.00
  Worst Hold Violation:          0.00
  Total Hold Violation:          0.00
  No. of Hold Violations:        0.00
  -----------------------------------


  Cell Count
  -----------------------------------
  Hierarchical Cell Count:          0
  Hierarchical Port Count:          0
  Leaf Cell Count:                 30
  Buf/Inv Cell Count:              14
  Buf Cell Count:                   3
  Inv Cell Count:                  11
  CT Buf/Inv Cell Count:            0
  Combinational Cell Count:        24
  Sequential Cell Count:            6
  Macro Count:                      0
  -----------------------------------


  Area
  -----------------------------------
  Combinational Area:       22.610000
  Noncombinational Area:    27.131999
  Buf/Inv Area:              8.778000
  Total Buffer Area:             2.93
  Total Inverter Area:           5.85
  Macro/Black Box Area:      0.000000
  Net Area:                  0.000000
  -----------------------------------
  Cell Area:                49.741999
  Design Area:              49.741999


  Design Rules
  -----------------------------------
  Total Number of Nets:            36
  Nets With Violations:             0
  Max Trans Violations:             0
  Max Cap Violations:               0
  -----------------------------------


  Hostname: acf3030

  Compile CPU Statistics
  -----------------------------------------
  Resource Sharing:                    0.01
  Logic Optimization:                  0.11
  Mapping Optimization:                0.14
  -----------------------------------------
  Overall Compile Time:                0.67
  Overall Compile Wall Clock Time:     0.86

  --------------------------------------------------------------------

  Design  WNS: 0.08  TNS: 0.24  Number of Violating Paths: 4


  Design (Hold)  WNS: 0.00  TNS: 0.00  Number of Violating Paths: 0

  --------------------------------------------------------------------


1
