 
****************************************
Report : timing
        -path full
        -delay max
        -nets
        -max_paths 10
        -transition_time
Design : selector_ref
Version: T-2022.03-SP2
Date   : Mon May 12 02:41:50 2025
****************************************

Operating Conditions: typical   Library: NangateOpenCellLibrary
Wire Load Model Mode: top

  Startpoint: sel[2] (input port)
  Endpoint: dout_reg_3_
            (rising edge-triggered flip-flop clocked by clk)
  Path Group: clk
  Path Type: max

  Des/Clust/Port     Wire Load Model       Library
  ------------------------------------------------
  selector_ref       5K_hvratio_1_1        NangateOpenCellLibrary

Attributes:
    d - dont_touch
    u - dont_use
   mo - map_only
   so - size_only
    i - ideal_net or ideal_network
  inf - infeasible path

  Point                        Fanout     Trans      Incr       Path      Attributes
  ------------------------------------------------------------------------------------------
  input external delay                               0.00       0.00 r
  sel[2] (in)                              0.00      0.00       0.00 r
  sel[2] (net)                   4                   0.00       0.00 r
  U31/ZN (INV_X1)                          0.00      0.02       0.02 f
  n23 (net)                      1                   0.00       0.02 f
  U46/ZN (OAI33_X1)                        0.06      0.08       0.10 r
  n32 (net)                      1                   0.00       0.10 r
  U47/ZN (OAI21_X1)                        0.02      0.03       0.13 f
  N65 (net)                      1                   0.00       0.13 f
  dout_reg_3_/D (DFF_X1)                   0.02      0.01       0.14 f
  data arrival time                                             0.14

  max_delay                                          0.10       0.10
  library setup time                                -0.04       0.06
  data required time                                            0.06
  ------------------------------------------------------------------------------------------
  data required time                                            0.06
  data arrival time                                            -0.14
  ------------------------------------------------------------------------------------------
  slack (VIOLATED)                                             -0.08


  Startpoint: sel[2] (input port)
  Endpoint: dout_reg_4_
            (rising edge-triggered flip-flop clocked by clk)
  Path Group: clk
  Path Type: max

  Des/Clust/Port     Wire Load Model       Library
  ------------------------------------------------
  selector_ref       5K_hvratio_1_1        NangateOpenCellLibrary

Attributes:
    d - dont_touch
    u - dont_use
   mo - map_only
   so - size_only
    i - ideal_net or ideal_network
  inf - infeasible path

  Point                        Fanout     Trans      Incr       Path      Attributes
  ------------------------------------------------------------------------------------------
  input external delay                               0.00       0.00 f
  sel[2] (in)                              0.00      0.00       0.00 f
  sel[2] (net)                   4                   0.00       0.00 f
  U30/Z (BUF_X2)                           0.01      0.04       0.04 f
  n22 (net)                      4                   0.00       0.04 f
  U42/ZN (OAI221_X1)                       0.04      0.04       0.08 r
  n34 (net)                      1                   0.00       0.08 r
  U48/ZN (OAI221_X1)                       0.02      0.05       0.13 f
  N66 (net)                      1                   0.00       0.13 f
  dout_reg_4_/D (DFF_X1)                   0.02      0.01       0.14 f
  data arrival time                                             0.14

  max_delay                                          0.10       0.10
  library setup time                                -0.04       0.06
  data required time                                            0.06
  ------------------------------------------------------------------------------------------
  data required time                                            0.06
  data arrival time                                            -0.14
  ------------------------------------------------------------------------------------------
  slack (VIOLATED)                                             -0.08


  Startpoint: sel[3] (input port)
  Endpoint: dout_reg_2_
            (rising edge-triggered flip-flop clocked by clk)
  Path Group: clk
  Path Type: max

  Des/Clust/Port     Wire Load Model       Library
  ------------------------------------------------
  selector_ref       5K_hvratio_1_1        NangateOpenCellLibrary

Attributes:
    d - dont_touch
    u - dont_use
   mo - map_only
   so - size_only
    i - ideal_net or ideal_network
  inf - infeasible path

  Point                        Fanout     Trans      Incr       Path      Attributes
  ------------------------------------------------------------------------------------------
  input external delay                               0.00       0.00 r
  sel[3] (in)                              0.00      0.00       0.00 r
  sel[3] (net)                   5                   0.00       0.00 r
  U25/Z (BUF_X2)                           0.01      0.04       0.04 r
  n21 (net)                      3                   0.00       0.04 r
  U40/ZN (NAND4_X1)                        0.02      0.05       0.09 f
  n31 (net)                      2                   0.00       0.09 f
  U43/ZN (OAI211_X1)                       0.02      0.04       0.13 r
  N64 (net)                      1                   0.00       0.13 r
  dout_reg_2_/D (DFF_X1)                   0.02      0.01       0.14 r
  data arrival time                                             0.14

  max_delay                                          0.10       0.10
  library setup time                                -0.03       0.07
  data required time                                            0.07
  ------------------------------------------------------------------------------------------
  data required time                                            0.07
  data arrival time                                            -0.14
  ------------------------------------------------------------------------------------------
  slack (VIOLATED)                                             -0.07


  Startpoint: sel[1] (input port)
  Endpoint: dout_reg_1_
            (rising edge-triggered flip-flop clocked by clk)
  Path Group: clk
  Path Type: max

  Des/Clust/Port     Wire Load Model       Library
  ------------------------------------------------
  selector_ref       5K_hvratio_1_1        NangateOpenCellLibrary

Attributes:
    d - dont_touch
    u - dont_use
   mo - map_only
   so - size_only
    i - ideal_net or ideal_network
  inf - infeasible path

  Point                        Fanout     Trans      Incr       Path      Attributes
  ------------------------------------------------------------------------------------------
  input external delay                               0.00       0.00 f
  sel[1] (in)                              0.00      0.00       0.00 f
  sel[1] (net)                  10                   0.00       0.00 f
  U28/ZN (XNOR2_X1)                        0.01      0.06       0.06 f
  N63 (net)                      1                   0.00       0.06 f
  dout_reg_1_/D (DFF_X1)                   0.01      0.01       0.07 f
  data arrival time                                             0.07

  max_delay                                          0.10       0.10
  library setup time                                -0.04       0.06
  data required time                                            0.06
  ------------------------------------------------------------------------------------------
  data required time                                            0.06
  data arrival time                                            -0.07
  ------------------------------------------------------------------------------------------
  slack (VIOLATED)                                             -0.01


  Startpoint: sel[3] (input port)
  Endpoint: dout_reg_5_
            (rising edge-triggered flip-flop clocked by clk)
  Path Group: clk
  Path Type: max

  Des/Clust/Port     Wire Load Model       Library
  ------------------------------------------------
  selector_ref       5K_hvratio_1_1        NangateOpenCellLibrary

Attributes:
    d - dont_touch
    u - dont_use
   mo - map_only
   so - size_only
    i - ideal_net or ideal_network
  inf - infeasible path

  Point                        Fanout     Trans      Incr       Path      Attributes
  ------------------------------------------------------------------------------------------
  input external delay                               0.00       0.00 f
  sel[3] (in)                              0.00      0.00       0.00 f
  sel[3] (net)                   5                   0.00       0.00 f
  U25/Z (BUF_X2)                           0.01      0.04       0.04 f
  n21 (net)                      3                   0.00       0.04 f
  dout_reg_5_/D (DFF_X1)                   0.01      0.01       0.05 f
  data arrival time                                             0.05

  max_delay                                          0.10       0.10
  library setup time                                -0.04       0.06
  data required time                                            0.06
  ------------------------------------------------------------------------------------------
  data required time                                            0.06
  data arrival time                                            -0.05
  ------------------------------------------------------------------------------------------
  slack (MET)                                                   0.01


  Startpoint: sel[0] (input port)
  Endpoint: dout_reg_0_
            (rising edge-triggered flip-flop clocked by clk)
  Path Group: clk
  Path Type: max

  Des/Clust/Port     Wire Load Model       Library
  ------------------------------------------------
  selector_ref       5K_hvratio_1_1        NangateOpenCellLibrary

Attributes:
    d - dont_touch
    u - dont_use
   mo - map_only
   so - size_only
    i - ideal_net or ideal_network
  inf - infeasible path

  Point                        Fanout     Trans      Incr       Path      Attributes
  ------------------------------------------------------------------------------------------
  input external delay                               0.00       0.00 f
  sel[0] (in)                              0.00      0.00       0.00 f
  sel[0] (net)                   6                   0.00       0.00 f
  dout_reg_0_/D (DFF_X1)                   0.00      0.01       0.01 f
  data arrival time                                             0.01

  max_delay                                          0.10       0.10
  library setup time                                -0.04       0.06
  data required time                                            0.06
  ------------------------------------------------------------------------------------------
  data required time                                            0.06
  data arrival time                                            -0.01
  ------------------------------------------------------------------------------------------
  slack (MET)                                                   0.05


  Startpoint: dout_reg_5_
              (rising edge-triggered flip-flop clocked by clk)
  Endpoint: dout[5] (output port)
  Path Group: default
  Path Type: max

  Des/Clust/Port     Wire Load Model       Library
  ------------------------------------------------
  selector_ref       5K_hvratio_1_1        NangateOpenCellLibrary

Attributes:
    d - dont_touch
    u - dont_use
   mo - map_only
   so - size_only
    i - ideal_net or ideal_network
  inf - infeasible path

  Point                        Fanout     Trans      Incr       Path      Attributes
  ------------------------------------------------------------------------------------------
  dout_reg_5_/CK (DFF_X1)                  0.00      0.00       0.00 r
  dout_reg_5_/Q (DFF_X1)                   0.01      0.08       0.08 r
  dout[5] (net)                  1                   0.00       0.08 r
  dout[5] (out)                            0.01      0.00       0.08 r
  data arrival time                                             0.08

  max_delay                                          0.10       0.10
  output external delay                              0.00       0.10
  data required time                                            0.10
  ------------------------------------------------------------------------------------------
  data required time                                            0.10
  data arrival time                                            -0.08
  ------------------------------------------------------------------------------------------
  slack (MET)                                                   0.02


  Startpoint: dout_reg_4_
              (rising edge-triggered flip-flop clocked by clk)
  Endpoint: dout[4] (output port)
  Path Group: default
  Path Type: max

  Des/Clust/Port     Wire Load Model       Library
  ------------------------------------------------
  selector_ref       5K_hvratio_1_1        NangateOpenCellLibrary

Attributes:
    d - dont_touch
    u - dont_use
   mo - map_only
   so - size_only
    i - ideal_net or ideal_network
  inf - infeasible path

  Point                        Fanout     Trans      Incr       Path      Attributes
  ------------------------------------------------------------------------------------------
  dout_reg_4_/CK (DFF_X1)                  0.00      0.00       0.00 r
  dout_reg_4_/Q (DFF_X1)                   0.01      0.08       0.08 r
  dout[4] (net)                  1                   0.00       0.08 r
  dout[4] (out)                            0.01      0.00       0.08 r
  data arrival time                                             0.08

  max_delay                                          0.10       0.10
  output external delay                              0.00       0.10
  data required time                                            0.10
  ------------------------------------------------------------------------------------------
  data required time                                            0.10
  data arrival time                                            -0.08
  ------------------------------------------------------------------------------------------
  slack (MET)                                                   0.02


  Startpoint: dout_reg_3_
              (rising edge-triggered flip-flop clocked by clk)
  Endpoint: dout[3] (output port)
  Path Group: default
  Path Type: max

  Des/Clust/Port     Wire Load Model       Library
  ------------------------------------------------
  selector_ref       5K_hvratio_1_1        NangateOpenCellLibrary

Attributes:
    d - dont_touch
    u - dont_use
   mo - map_only
   so - size_only
    i - ideal_net or ideal_network
  inf - infeasible path

  Point                        Fanout     Trans      Incr       Path      Attributes
  ------------------------------------------------------------------------------------------
  dout_reg_3_/CK (DFF_X1)                  0.00      0.00       0.00 r
  dout_reg_3_/Q (DFF_X1)                   0.01      0.08       0.08 r
  dout[3] (net)                  1                   0.00       0.08 r
  dout[3] (out)                            0.01      0.00       0.08 r
  data arrival time                                             0.08

  max_delay                                          0.10       0.10
  output external delay                              0.00       0.10
  data required time                                            0.10
  ------------------------------------------------------------------------------------------
  data required time                                            0.10
  data arrival time                                            -0.08
  ------------------------------------------------------------------------------------------
  slack (MET)                                                   0.02


  Startpoint: dout_reg_2_
              (rising edge-triggered flip-flop clocked by clk)
  Endpoint: dout[2] (output port)
  Path Group: default
  Path Type: max

  Des/Clust/Port     Wire Load Model       Library
  ------------------------------------------------
  selector_ref       5K_hvratio_1_1        NangateOpenCellLibrary

Attributes:
    d - dont_touch
    u - dont_use
   mo - map_only
   so - size_only
    i - ideal_net or ideal_network
  inf - infeasible path

  Point                        Fanout     Trans      Incr       Path      Attributes
  ------------------------------------------------------------------------------------------
  dout_reg_2_/CK (DFF_X1)                  0.00      0.00       0.00 r
  dout_reg_2_/Q (DFF_X1)                   0.01      0.08       0.08 r
  dout[2] (net)                  1                   0.00       0.08 r
  dout[2] (out)                            0.01      0.00       0.08 r
  data arrival time                                             0.08

  max_delay                                          0.10       0.10
  output external delay                              0.00       0.10
  data required time                                            0.10
  ------------------------------------------------------------------------------------------
  data required time                                            0.10
  data arrival time                                            -0.08
  ------------------------------------------------------------------------------------------
  slack (MET)                                                   0.02


  Startpoint: dout_reg_1_
              (rising edge-triggered flip-flop clocked by clk)
  Endpoint: dout[1] (output port)
  Path Group: default
  Path Type: max

  Des/Clust/Port     Wire Load Model       Library
  ------------------------------------------------
  selector_ref       5K_hvratio_1_1        NangateOpenCellLibrary

Attributes:
    d - dont_touch
    u - dont_use
   mo - map_only
   so - size_only
    i - ideal_net or ideal_network
  inf - infeasible path

  Point                        Fanout     Trans      Incr       Path      Attributes
  ------------------------------------------------------------------------------------------
  dout_reg_1_/CK (DFF_X1)                  0.00      0.00       0.00 r
  dout_reg_1_/Q (DFF_X1)                   0.01      0.08       0.08 r
  dout[1] (net)                  1                   0.00       0.08 r
  dout[1] (out)                            0.01      0.00       0.08 r
  data arrival time                                             0.08

  max_delay                                          0.10       0.10
  output external delay                              0.00       0.10
  data required time                                            0.10
  ------------------------------------------------------------------------------------------
  data required time                                            0.10
  data arrival time                                            -0.08
  ------------------------------------------------------------------------------------------
  slack (MET)                                                   0.02


  Startpoint: dout_reg_0_
              (rising edge-triggered flip-flop clocked by clk)
  Endpoint: dout[0] (output port)
  Path Group: default
  Path Type: max

  Des/Clust/Port     Wire Load Model       Library
  ------------------------------------------------
  selector_ref       5K_hvratio_1_1        NangateOpenCellLibrary

Attributes:
    d - dont_touch
    u - dont_use
   mo - map_only
   so - size_only
    i - ideal_net or ideal_network
  inf - infeasible path

  Point                        Fanout     Trans      Incr       Path      Attributes
  ------------------------------------------------------------------------------------------
  dout_reg_0_/CK (DFF_X1)                  0.00      0.00       0.00 r
  dout_reg_0_/Q (DFF_X1)                   0.01      0.08       0.08 r
  dout[0] (net)                  1                   0.00       0.08 r
  dout[0] (out)                            0.01      0.00       0.08 r
  data arrival time                                             0.08

  max_delay                                          0.10       0.10
  output external delay                              0.00       0.10
  data required time                                            0.10
  ------------------------------------------------------------------------------------------
  data required time                                            0.10
  data arrival time                                            -0.08
  ------------------------------------------------------------------------------------------
  slack (MET)                                                   0.02


1
