 
****************************************
Report : area
Design : divider_8bit
Version: T-2022.03-SP2
Date   : Mon May 12 01:44:54 2025
****************************************

Library(s) Used:

    NangateOpenCellLibrary (File: /temp2tb/luyao/lib/NangateOpenCellLibrary_PDKv1_3_v2010_12/db/typical.db)

Number of ports:                           28
Number of nets:                           756
Number of cells:                          744
Number of combinational cells:            744
Number of sequential cells:                 0
Number of macros/black boxes:               0
Number of buf/inv:                        213
Number of references:                      32

Combinational area:                731.765997
Buf/Inv area:                      126.882000
Noncombinational area:               0.000000
Macro/Black Box area:                0.000000
Net Interconnect area:      undefined  (Wire load has zero net area)

Total cell area:                   731.765997
Total area:                 undefined

Hierarchical area distribution
------------------------------

                                  Global cell area          Local cell area
                                  ------------------  --------------------------- 
Hierarchical cell                 Absolute   Percent  Combi-    Noncombi-  Black-
                                  Total      Total    national  national   boxes   Design
--------------------------------  ---------  -------  --------  ---------  ------  ---------
divider_8bit                       731.7660    100.0  731.7660     0.0000  0.0000  divider_8bit
--------------------------------  ---------  -------  --------  ---------  ------  ---------
Total                                                 731.7660     0.0000  0.0000

1
