 
****************************************
check_design summary:
Version:     T-2022.03-SP2
Date:        Mon May 12 01:44:28 2025
****************************************

                   Name                                            Total
--------------------------------------------------------------------------------
Cells                                                              15
    Cells do not drive (LINT-1)                                    15
--------------------------------------------------------------------------------

Warning: In design 'divider_8bit', cell 'B_14' does not drive any nets. (LINT-1)
Warning: In design 'divider_8bit', cell 'B_15' does not drive any nets. (LINT-1)
Warning: In design 'divider_8bit', cell 'B_16' does not drive any nets. (LINT-1)
Warning: In design 'divider_8bit', cell 'B_17' does not drive any nets. (LINT-1)
Warning: In design 'divider_8bit', cell 'B_18' does not drive any nets. (LINT-1)
Warning: In design 'divider_8bit', cell 'B_19' does not drive any nets. (LINT-1)
Warning: In design 'divider_8bit', cell 'B_20' does not drive any nets. (LINT-1)
Warning: In design 'divider_8bit', cell 'B_21' does not drive any nets. (LINT-1)
Warning: In design 'divider_8bit', cell 'B_22' does not drive any nets. (LINT-1)
Warning: In design 'divider_8bit', cell 'B_23' does not drive any nets. (LINT-1)
Warning: In design 'divider_8bit', cell 'B_24' does not drive any nets. (LINT-1)
Warning: In design 'divider_8bit', cell 'B_25' does not drive any nets. (LINT-1)
Warning: In design 'divider_8bit', cell 'B_26' does not drive any nets. (LINT-1)
Warning: In design 'divider_8bit', cell 'B_27' does not drive any nets. (LINT-1)
Warning: In design 'divider_8bit', cell 'C183' does not drive any nets. (LINT-1)
1
