Loading db file '/temp2tb/luyao/lib/NangateOpenCellLibrary_PDKv1_3_v2010_12/db/typical.db'
Information: Propagating switching activity (low effort zero delay simulation). (PWR-6)
Warning: Design has unannotated primary inputs. (PWR-414)
Warning: Design has unannotated sequential cell outputs. (PWR-415)
 
****************************************
Report : power
        -analysis_effort low
Design : register_ref
Version: T-2022.03-SP2
Date   : Wed May 14 19:08:52 2025
****************************************


Library(s) Used:

    NangateOpenCellLibrary (File: /temp2tb/luyao/lib/NangateOpenCellLibrary_PDKv1_3_v2010_12/db/typical.db)


Operating Conditions: typical   Library: NangateOpenCellLibrary
Wire Load Model Mode: top

Design        Wire Load Model            Library
------------------------------------------------
register_ref           5K_hvratio_1_1    NangateOpenCellLibrary


Global Operating Voltage = 1.1  
Power-specific unit information :
    Voltage Units = 1V
    Capacitance Units = 1.000000ff
    Time Units = 1ns
    Dynamic Power Units = 1uW    (derived from V,C,T units)
    Leakage Power Units = 1nW


Attributes
----------
i - Including register clock pin internal power


  Cell Internal Power  =  72.4991 mW   (93%)
  Net Switching Power  =   5.3742 mW    (7%)
                         ---------
Total Dynamic Power    =  77.8733 mW  (100%)

Cell Leakage Power     = 175.5691 uW


                 Internal         Switching           Leakage            Total
Power Group      Power            Power               Power              Power   (   %    )  Attrs
--------------------------------------------------------------------------------------------------
io_pad             0.0000            0.0000            0.0000            0.0000  (   0.00%)
memory             0.0000            0.0000            0.0000            0.0000  (   0.00%)
black_box          0.0000            0.0000            0.0000            0.0000  (   0.00%)
clock_network  7.0102e+04            0.0000            0.0000            0.0000  (   0.00%)  i
register         608.0156          151.4294        7.9300e+04        7.0941e+04  (  90.89%)
sequential         0.0000            0.0000            0.0000            0.0000  (   0.00%)
combinational  1.7887e+03        5.2227e+03        9.6269e+04        7.1077e+03  (   9.11%)
--------------------------------------------------------------------------------------------------
Total          7.2499e+04 uW     5.3742e+03 uW     1.7557e+05 nW     7.8049e+04 uW
1
