 
****************************************
Report : area
Design : sub_16bit
Version: T-2022.03-SP2
Date   : Mon May 12 23:43:42 2025
****************************************

Library(s) Used:

    NangateOpenCellLibrary (File: /temp2tb/luyao/lib/NangateOpenCellLibrary_PDKv1_3_v2010_12/db/typical.db)

Number of ports:                           49
Number of nets:                           333
Number of cells:                          302
Number of combinational cells:            301
Number of sequential cells:                 0
Number of macros/black boxes:               0
Number of buf/inv:                         79
Number of references:                      21

Combinational area:                263.073998
Buf/Inv area:                       45.752000
Noncombinational area:               0.000000
Macro/Black Box area:                0.000000
Net Interconnect area:      undefined  (Wire load has zero net area)

Total cell area:                   263.073998
Total area:                 undefined

Hierarchical area distribution
------------------------------

                                  Global cell area          Local cell area
                                  ------------------  --------------------------- 
Hierarchical cell                 Absolute   Percent  Combi-    Noncombi-  Black-
                                  Total      Total    national  national   boxes   Design
--------------------------------  ---------  -------  --------  ---------  ------  ---------
sub_16bit                          263.0740    100.0  263.0740     0.0000  0.0000  sub_16bit
--------------------------------  ---------  -------  --------  ---------  ------  ---------
Total                                                 263.0740     0.0000  0.0000

1
