 
****************************************
Report : timing
        -path full
        -delay max
        -nets
        -max_paths 10
        -transition_time
Design : mul_const
Version: T-2022.03-SP2
Date   : Mon May 12 01:45:26 2025
****************************************

Operating Conditions: typical   Library: NangateOpenCellLibrary
Wire Load Model Mode: top

  Startpoint: b[6] (input port)
  Endpoint: s2[6] (output port)
  Path Group: default
  Path Type: max

  Des/Clust/Port     Wire Load Model       Library
  ------------------------------------------------
  mul_const          5K_hvratio_1_1        NangateOpenCellLibrary

Attributes:
    d - dont_touch
    u - dont_use
   mo - map_only
   so - size_only
    i - ideal_net or ideal_network
  inf - infeasible path

  Point                        Fanout     Trans      Incr       Path      Attributes
  ------------------------------------------------------------------------------------------
  input external delay                               0.00       0.00 f
  b[6] (in)                                0.00      0.00       0.00 f
  b[6] (net)                     4                   0.00       0.00 f
  mult_14_U2/S (FA_X1)                     0.02      0.12       0.12 f
  mult_14_n20 (net)              2                   0.00       0.12 f
  mult_14_U28/ZN (OR2_X1)                  0.01      0.06       0.18 f
  mult_14_n61 (net)              1                   0.00       0.18 f
  mult_14_U55/ZN (NAND2_X1)                0.01      0.03       0.21 r
  mult_14_n49 (net)              2                   0.00       0.21 r
  mult_14_U61/ZN (OAI211_X1)               0.01      0.04       0.25 f
  mult_14_n47 (net)              1                   0.00       0.25 f
  mult_14_U62/ZN (OAI211_X1)               0.01      0.03       0.28 r
  s2[6] (net)                    1                   0.00       0.28 r
  s2[6] (out)                              0.01      0.00       0.29 r
  data arrival time                                             0.29

  max_delay                                          0.10       0.10
  output external delay                              0.00       0.10
  data required time                                            0.10
  ------------------------------------------------------------------------------------------
  data required time                                            0.10
  data arrival time                                            -0.29
  ------------------------------------------------------------------------------------------
  slack (VIOLATED)                                             -0.19


  Startpoint: b[6] (input port)
  Endpoint: s2[7] (output port)
  Path Group: default
  Path Type: max

  Des/Clust/Port     Wire Load Model       Library
  ------------------------------------------------
  mul_const          5K_hvratio_1_1        NangateOpenCellLibrary

Attributes:
    d - dont_touch
    u - dont_use
   mo - map_only
   so - size_only
    i - ideal_net or ideal_network
  inf - infeasible path

  Point                        Fanout     Trans      Incr       Path      Attributes
  ------------------------------------------------------------------------------------------
  input external delay                               0.00       0.00 f
  b[6] (in)                                0.00      0.00       0.00 f
  b[6] (net)                     4                   0.00       0.00 f
  mult_14_IN16_6/CO (FA_X1)                0.01      0.10       0.10 f    mo 
  mult_14_add0_7_ (net)          1                   0.00       0.10 f
  mult_14_U42/ZN (XNOR2_X1)                0.02      0.07       0.17 f
  mult_14_n50 (net)              4                   0.00       0.17 f
  mult_14_U25/ZN (NAND2_X1)                0.01      0.04       0.21 r
  mult_14_n22 (net)              1                   0.00       0.21 r
  mult_14_U27/ZN (AND3_X1)                 0.01      0.05       0.26 r
  mult_14_n64 (net)              1                   0.00       0.26 r
  mult_14_U68/ZN (NAND3_X1)                0.01      0.03       0.28 f
  s2[7] (net)                    1                   0.00       0.28 f
  s2[7] (out)                              0.01      0.00       0.29 f
  data arrival time                                             0.29

  max_delay                                          0.10       0.10
  output external delay                              0.00       0.10
  data required time                                            0.10
  ------------------------------------------------------------------------------------------
  data required time                                            0.10
  data arrival time                                            -0.29
  ------------------------------------------------------------------------------------------
  slack (VIOLATED)                                             -0.19


  Startpoint: c[3] (input port)
  Endpoint: s3[7] (output port)
  Path Group: default
  Path Type: max

  Des/Clust/Port     Wire Load Model       Library
  ------------------------------------------------
  mul_const          5K_hvratio_1_1        NangateOpenCellLibrary

Attributes:
    d - dont_touch
    u - dont_use
   mo - map_only
   so - size_only
    i - ideal_net or ideal_network
  inf - infeasible path

  Point                        Fanout     Trans      Incr       Path      Attributes
  ------------------------------------------------------------------------------------------
  input external delay                               0.00       0.00 r
  c[3] (in)                                0.00      0.00       0.00 r
  c[3] (net)                     4                   0.00       0.00 r
  U12/Z (XOR2_X1)                          0.03      0.07       0.07 r
  n8 (net)                       1                   0.00       0.07 r
  U11/ZN (XNOR2_X1)                        0.04      0.07       0.14 r
  n32 (net)                      3                   0.00       0.14 r
  U14/ZN (NOR2_X1)                         0.01      0.03       0.17 f
  n10 (net)                      2                   0.00       0.17 f
  U40/ZN (AOI21_X1)                        0.03      0.06       0.23 r
  n36 (net)                      1                   0.00       0.23 r
  U15/ZN (XNOR2_X1)                        0.01      0.05       0.28 r
  s3[7] (net)                    1                   0.00       0.28 r
  s3[7] (out)                              0.01      0.00       0.28 r
  data arrival time                                             0.28

  max_delay                                          0.10       0.10
  output external delay                              0.00       0.10
  data required time                                            0.10
  ------------------------------------------------------------------------------------------
  data required time                                            0.10
  data arrival time                                            -0.28
  ------------------------------------------------------------------------------------------
  slack (VIOLATED)                                             -0.18


  Startpoint: c[3] (input port)
  Endpoint: s3[6] (output port)
  Path Group: default
  Path Type: max

  Des/Clust/Port     Wire Load Model       Library
  ------------------------------------------------
  mul_const          5K_hvratio_1_1        NangateOpenCellLibrary

Attributes:
    d - dont_touch
    u - dont_use
   mo - map_only
   so - size_only
    i - ideal_net or ideal_network
  inf - infeasible path

  Point                        Fanout     Trans      Incr       Path      Attributes
  ------------------------------------------------------------------------------------------
  input external delay                               0.00       0.00 r
  c[3] (in)                                0.00      0.00       0.00 r
  c[3] (net)                     4                   0.00       0.00 r
  U12/Z (XOR2_X1)                          0.03      0.07       0.07 r
  n8 (net)                       1                   0.00       0.07 r
  U11/ZN (XNOR2_X1)                        0.04      0.07       0.14 r
  n32 (net)                      3                   0.00       0.14 r
  U14/ZN (NOR2_X1)                         0.01      0.03       0.17 f
  n10 (net)                      2                   0.00       0.17 f
  U8/ZN (OR2_X1)                           0.01      0.06       0.23 f
  n5 (net)                       1                   0.00       0.23 f
  U7/ZN (XNOR2_X1)                         0.01      0.05       0.28 f
  s3[6] (net)                    1                   0.00       0.28 f
  s3[6] (out)                              0.01      0.00       0.28 f
  data arrival time                                             0.28

  max_delay                                          0.10       0.10
  output external delay                              0.00       0.10
  data required time                                            0.10
  ------------------------------------------------------------------------------------------
  data required time                                            0.10
  data arrival time                                            -0.28
  ------------------------------------------------------------------------------------------
  slack (VIOLATED)                                             -0.18


  Startpoint: b[2] (input port)
  Endpoint: s2[5] (output port)
  Path Group: default
  Path Type: max

  Des/Clust/Port     Wire Load Model       Library
  ------------------------------------------------
  mul_const          5K_hvratio_1_1        NangateOpenCellLibrary

Attributes:
    d - dont_touch
    u - dont_use
   mo - map_only
   so - size_only
    i - ideal_net or ideal_network
  inf - infeasible path

  Point                        Fanout     Trans      Incr       Path      Attributes
  ------------------------------------------------------------------------------------------
  input external delay                               0.00       0.00 f
  b[2] (in)                                0.00      0.00       0.00 f
  b[2] (net)                     4                   0.00       0.00 f
  mult_14_U32/Z (XOR2_X1)                  0.01      0.08       0.08 f
  mult_14_n26 (net)              2                   0.00       0.08 f
  mult_14_U7/ZN (OR2_X1)                   0.01      0.06       0.13 f
  mult_14_n40 (net)              2                   0.00       0.13 f
  mult_14_U52/ZN (NAND2_X1)                0.02      0.04       0.17 r
  mult_14_n44 (net)              3                   0.00       0.17 r
  mult_14_U30/ZN (AND2_X1)                 0.01      0.05       0.22 r
  mult_14_n25 (net)              1                   0.00       0.22 r
  mult_14_U29/ZN (XNOR2_X1)                0.01      0.05       0.27 r
  s2[5] (net)                    1                   0.00       0.27 r
  s2[5] (out)                              0.01      0.00       0.27 r
  data arrival time                                             0.27

  max_delay                                          0.10       0.10
  output external delay                              0.00       0.10
  data required time                                            0.10
  ------------------------------------------------------------------------------------------
  data required time                                            0.10
  data arrival time                                            -0.27
  ------------------------------------------------------------------------------------------
  slack (VIOLATED)                                             -0.17


  Startpoint: b[2] (input port)
  Endpoint: s2[4] (output port)
  Path Group: default
  Path Type: max

  Des/Clust/Port     Wire Load Model       Library
  ------------------------------------------------
  mul_const          5K_hvratio_1_1        NangateOpenCellLibrary

Attributes:
    d - dont_touch
    u - dont_use
   mo - map_only
   so - size_only
    i - ideal_net or ideal_network
  inf - infeasible path

  Point                        Fanout     Trans      Incr       Path      Attributes
  ------------------------------------------------------------------------------------------
  input external delay                               0.00       0.00 f
  b[2] (in)                                0.00      0.00       0.00 f
  b[2] (net)                     4                   0.00       0.00 f
  mult_14_U32/Z (XOR2_X1)                  0.01      0.08       0.08 f
  mult_14_n26 (net)              2                   0.00       0.08 f
  mult_14_U7/ZN (OR2_X1)                   0.01      0.06       0.13 f
  mult_14_n40 (net)              2                   0.00       0.13 f
  mult_14_U9/ZN (AND2_X1)                  0.01      0.04       0.17 f
  mult_14_n39 (net)              1                   0.00       0.17 f
  mult_14_U51/Z (XOR2_X1)                  0.01      0.07       0.24 f
  s2[4] (net)                    1                   0.00       0.24 f
  s2[4] (out)                              0.01      0.00       0.24 f
  data arrival time                                             0.24

  max_delay                                          0.10       0.10
  output external delay                              0.00       0.10
  data required time                                            0.10
  ------------------------------------------------------------------------------------------
  data required time                                            0.10
  data arrival time                                            -0.24
  ------------------------------------------------------------------------------------------
  slack (VIOLATED)                                             -0.14


  Startpoint: b[1] (input port)
  Endpoint: s2[3] (output port)
  Path Group: default
  Path Type: max

  Des/Clust/Port     Wire Load Model       Library
  ------------------------------------------------
  mul_const          5K_hvratio_1_1        NangateOpenCellLibrary

Attributes:
    d - dont_touch
    u - dont_use
   mo - map_only
   so - size_only
    i - ideal_net or ideal_network
  inf - infeasible path

  Point                        Fanout     Trans      Incr       Path      Attributes
  ------------------------------------------------------------------------------------------
  input external delay                               0.00       0.00 f
  b[1] (in)                                0.00      0.00       0.00 f
  b[1] (net)                     4                   0.00       0.00 f
  mult_14_U33/Z (XOR2_X1)                  0.01      0.07       0.07 f
  mult_14_n27 (net)              1                   0.00       0.07 f
  mult_14_U47/ZN (NAND2_X1)                0.02      0.04       0.11 r
  mult_14_n37 (net)              3                   0.00       0.11 r
  mult_14_U48/ZN (INV_X1)                  0.01      0.03       0.15 f
  mult_14_n41 (net)              2                   0.00       0.15 f
  mult_14_U49/ZN (AOI21_X1)                0.01      0.04       0.19 r
  s2[3] (net)                    1                   0.00       0.19 r
  s2[3] (out)                              0.01      0.00       0.19 r
  data arrival time                                             0.19

  max_delay                                          0.10       0.10
  output external delay                              0.00       0.10
  data required time                                            0.10
  ------------------------------------------------------------------------------------------
  data required time                                            0.10
  data arrival time                                            -0.19
  ------------------------------------------------------------------------------------------
  slack (VIOLATED)                                             -0.09


  Startpoint: c[4] (input port)
  Endpoint: s3[5] (output port)
  Path Group: default
  Path Type: max

  Des/Clust/Port     Wire Load Model       Library
  ------------------------------------------------
  mul_const          5K_hvratio_1_1        NangateOpenCellLibrary

Attributes:
    d - dont_touch
    u - dont_use
   mo - map_only
   so - size_only
    i - ideal_net or ideal_network
  inf - infeasible path

  Point                        Fanout     Trans      Incr       Path      Attributes
  ------------------------------------------------------------------------------------------
  input external delay                               0.00       0.00 r
  c[4] (in)                                0.00      0.00       0.00 r
  c[4] (net)                     3                   0.00       0.00 r
  U20/Z (XOR2_X1)                          0.04      0.09       0.09 r
  n15 (net)                      3                   0.00       0.09 r
  U19/ZN (AND3_X2)                         0.01      0.07       0.16 r
  n14 (net)                      3                   0.00       0.16 r
  U36/ZN (AOI21_X1)                        0.01      0.03       0.19 f
  s3[5] (net)                    1                   0.00       0.19 f
  s3[5] (out)                              0.01      0.00       0.19 f
  data arrival time                                             0.19

  max_delay                                          0.10       0.10
  output external delay                              0.00       0.10
  data required time                                            0.10
  ------------------------------------------------------------------------------------------
  data required time                                            0.10
  data arrival time                                            -0.19
  ------------------------------------------------------------------------------------------
  slack (VIOLATED)                                             -0.09


  Startpoint: c[4] (input port)
  Endpoint: s3[4] (output port)
  Path Group: default
  Path Type: max

  Des/Clust/Port     Wire Load Model       Library
  ------------------------------------------------
  mul_const          5K_hvratio_1_1        NangateOpenCellLibrary

Attributes:
    d - dont_touch
    u - dont_use
   mo - map_only
   so - size_only
    i - ideal_net or ideal_network
  inf - infeasible path

  Point                        Fanout     Trans      Incr       Path      Attributes
  ------------------------------------------------------------------------------------------
  input external delay                               0.00       0.00 r
  c[4] (in)                                0.00      0.00       0.00 r
  c[4] (net)                     3                   0.00       0.00 r
  U20/Z (XOR2_X1)                          0.04      0.09       0.09 r
  n15 (net)                      3                   0.00       0.09 r
  U31/Z (XOR2_X1)                          0.01      0.07       0.15 r
  s3[4] (net)                    1                   0.00       0.15 r
  s3[4] (out)                              0.01      0.00       0.16 r
  data arrival time                                             0.16

  max_delay                                          0.10       0.10
  output external delay                              0.00       0.10
  data required time                                            0.10
  ------------------------------------------------------------------------------------------
  data required time                                            0.10
  data arrival time                                            -0.16
  ------------------------------------------------------------------------------------------
  slack (VIOLATED)                                             -0.06


  Startpoint: c[3] (input port)
  Endpoint: s3[3] (output port)
  Path Group: default
  Path Type: max

  Des/Clust/Port     Wire Load Model       Library
  ------------------------------------------------
  mul_const          5K_hvratio_1_1        NangateOpenCellLibrary

Attributes:
    d - dont_touch
    u - dont_use
   mo - map_only
   so - size_only
    i - ideal_net or ideal_network
  inf - infeasible path

  Point                        Fanout     Trans      Incr       Path      Attributes
  ------------------------------------------------------------------------------------------
  input external delay                               0.00       0.00 f
  c[3] (in)                                0.00      0.00       0.00 f
  c[3] (net)                     4                   0.00       0.00 f
  U9/Z (BUF_X1)                            0.01      0.04       0.04 f
  n6 (net)                       2                   0.00       0.04 f
  U43/Z (XOR2_X1)                          0.01      0.07       0.11 f
  s3[3] (net)                    1                   0.00       0.11 f
  s3[3] (out)                              0.01      0.00       0.11 f
  data arrival time                                             0.11

  max_delay                                          0.10       0.10
  output external delay                              0.00       0.10
  data required time                                            0.10
  ------------------------------------------------------------------------------------------
  data required time                                            0.10
  data arrival time                                            -0.11
  ------------------------------------------------------------------------------------------
  slack (VIOLATED)                                             -0.01


1
