 
****************************************
Report : area
Design : fsm_encode_ref
Version: T-2022.03-SP2
Date   : Mon May 12 03:07:47 2025
****************************************

Library(s) Used:

    NangateOpenCellLibrary (File: /temp2tb/luyao/lib/NangateOpenCellLibrary_PDKv1_3_v2010_12/db/typical.db)

Number of ports:                           20
Number of nets:                           363
Number of cells:                          334
Number of combinational cells:            304
Number of sequential cells:                28
Number of macros/black boxes:               0
Number of buf/inv:                        121
Number of references:                      26

Combinational area:                277.171999
Buf/Inv area:                       69.692000
Noncombinational area:             149.492005
Macro/Black Box area:                0.000000
Net Interconnect area:      undefined  (Wire load has zero net area)

Total cell area:                   426.664004
Total area:                 undefined

Hierarchical area distribution
------------------------------

                                  Global cell area          Local cell area
                                  ------------------  --------------------------- 
Hierarchical cell                 Absolute   Percent  Combi-    Noncombi-  Black-
                                  Total      Total    national  national   boxes   Design
--------------------------------  ---------  -------  --------  ---------  ------  ---------
fsm_encode_ref                     426.6640    100.0  277.1720   149.4920  0.0000  fsm_encode_ref
--------------------------------  ---------  -------  --------  ---------  ------  ---------
Total                                                 277.1720   149.4920  0.0000

1
