 
****************************************
Report : area
Design : mux_encode
Version: T-2022.03-SP2
Date   : Mon May 12 01:45:46 2025
****************************************

Library(s) Used:

    NangateOpenCellLibrary (File: /temp2tb/luyao/lib/NangateOpenCellLibrary_PDKv1_3_v2010_12/db/typical.db)

Number of ports:                           75
Number of nets:                           192
Number of cells:                          125
Number of combinational cells:            125
Number of sequential cells:                 0
Number of macros/black boxes:               0
Number of buf/inv:                         37
Number of references:                       7

Combinational area:                140.714002
Buf/Inv area:                       23.940000
Noncombinational area:               0.000000
Macro/Black Box area:                0.000000
Net Interconnect area:      undefined  (Wire load has zero net area)

Total cell area:                   140.714002
Total area:                 undefined

Hierarchical area distribution
------------------------------

                                  Global cell area          Local cell area
                                  ------------------  --------------------------- 
Hierarchical cell                 Absolute   Percent  Combi-    Noncombi-  Black-
                                  Total      Total    national  national   boxes   Design
--------------------------------  ---------  -------  --------  ---------  ------  ---------
mux_encode                         140.7140    100.0  140.7140     0.0000  0.0000  mux_encode
--------------------------------  ---------  -------  --------  ---------  ------  ---------
Total                                                 140.7140     0.0000  0.0000

1
