 
****************************************
Report : timing
        -path full
        -delay max
        -nets
        -max_paths 10
        -transition_time
Design : mux_encode
Version: T-2022.03-SP2
Date   : Mon May 12 01:45:46 2025
****************************************

Operating Conditions: typical   Library: NangateOpenCellLibrary
Wire Load Model Mode: top

  Startpoint: sel[1] (input port)
  Endpoint: out[3] (output port)
  Path Group: default
  Path Type: max

  Des/Clust/Port     Wire Load Model       Library
  ------------------------------------------------
  mux_encode         5K_hvratio_1_1        NangateOpenCellLibrary

Attributes:
    d - dont_touch
    u - dont_use
   mo - map_only
   so - size_only
    i - ideal_net or ideal_network
  inf - infeasible path

  Point                        Fanout     Trans      Incr       Path      Attributes
  ------------------------------------------------------------------------------------------
  input external delay                               0.00       0.00 f
  sel[1] (in)                              0.00      0.00       0.00 f
  sel[1] (net)                  11                   0.00       0.00 f
  U62/Z (BUF_X2)                           0.01      0.05       0.05 f
  n52 (net)                      6                   0.00       0.05 f
  U142/ZN (NAND4_X1)                       0.02      0.04       0.08 r
  n122 (net)                     1                   0.00       0.08 r
  U100/ZN (NAND4_X1)                       0.01      0.04       0.12 f
  n78 (net)                      1                   0.00       0.12 f
  U99/ZN (OR2_X1)                          0.01      0.05       0.17 f
  out[3] (net)                   1                   0.00       0.17 f
  out[3] (out)                             0.01      0.00       0.17 f
  data arrival time                                             0.17

  max_delay                                          0.10       0.10
  output external delay                              0.00       0.10
  data required time                                            0.10
  ------------------------------------------------------------------------------------------
  data required time                                            0.10
  data arrival time                                            -0.17
  ------------------------------------------------------------------------------------------
  slack (VIOLATED)                                             -0.07


  Startpoint: sel[1] (input port)
  Endpoint: out[4] (output port)
  Path Group: default
  Path Type: max

  Des/Clust/Port     Wire Load Model       Library
  ------------------------------------------------
  mux_encode         5K_hvratio_1_1        NangateOpenCellLibrary

Attributes:
    d - dont_touch
    u - dont_use
   mo - map_only
   so - size_only
    i - ideal_net or ideal_network
  inf - infeasible path

  Point                        Fanout     Trans      Incr       Path      Attributes
  ------------------------------------------------------------------------------------------
  input external delay                               0.00       0.00 f
  sel[1] (in)                              0.00      0.00       0.00 f
  sel[1] (net)                  11                   0.00       0.00 f
  U110/Z (BUF_X2)                          0.01      0.05       0.05 f
  n86 (net)                      6                   0.00       0.05 f
  U148/ZN (NAND4_X1)                       0.01      0.04       0.08 r
  n131 (net)                     1                   0.00       0.08 r
  U97/ZN (AND4_X1)                         0.01      0.07       0.15 r
  n76 (net)                      1                   0.00       0.15 r
  U96/ZN (NAND2_X1)                        0.01      0.02       0.17 f
  out[4] (net)                   1                   0.00       0.17 f
  out[4] (out)                             0.01      0.00       0.17 f
  data arrival time                                             0.17

  max_delay                                          0.10       0.10
  output external delay                              0.00       0.10
  data required time                                            0.10
  ------------------------------------------------------------------------------------------
  data required time                                            0.10
  data arrival time                                            -0.17
  ------------------------------------------------------------------------------------------
  slack (VIOLATED)                                             -0.07


  Startpoint: sel[1] (input port)
  Endpoint: out[6] (output port)
  Path Group: default
  Path Type: max

  Des/Clust/Port     Wire Load Model       Library
  ------------------------------------------------
  mux_encode         5K_hvratio_1_1        NangateOpenCellLibrary

Attributes:
    d - dont_touch
    u - dont_use
   mo - map_only
   so - size_only
    i - ideal_net or ideal_network
  inf - infeasible path

  Point                        Fanout     Trans      Incr       Path      Attributes
  ------------------------------------------------------------------------------------------
  input external delay                               0.00       0.00 f
  sel[1] (in)                              0.00      0.00       0.00 f
  sel[1] (net)                  11                   0.00       0.00 f
  U89/Z (BUF_X2)                           0.01      0.04       0.04 f
  n71 (net)                      5                   0.00       0.04 f
  U166/ZN (NAND4_X1)                       0.01      0.04       0.08 r
  n151 (net)                     1                   0.00       0.08 r
  U109/ZN (AND4_X1)                        0.01      0.07       0.15 r
  n85 (net)                      1                   0.00       0.15 r
  U107/ZN (NAND2_X1)                       0.01      0.02       0.17 f
  out[6] (net)                   1                   0.00       0.17 f
  out[6] (out)                             0.01      0.00       0.17 f
  data arrival time                                             0.17

  max_delay                                          0.10       0.10
  output external delay                              0.00       0.10
  data required time                                            0.10
  ------------------------------------------------------------------------------------------
  data required time                                            0.10
  data arrival time                                            -0.17
  ------------------------------------------------------------------------------------------
  slack (VIOLATED)                                             -0.07


  Startpoint: sel[1] (input port)
  Endpoint: out[0] (output port)
  Path Group: default
  Path Type: max

  Des/Clust/Port     Wire Load Model       Library
  ------------------------------------------------
  mux_encode         5K_hvratio_1_1        NangateOpenCellLibrary

Attributes:
    d - dont_touch
    u - dont_use
   mo - map_only
   so - size_only
    i - ideal_net or ideal_network
  inf - infeasible path

  Point                        Fanout     Trans      Incr       Path      Attributes
  ------------------------------------------------------------------------------------------
  input external delay                               0.00       0.00 f
  sel[1] (in)                              0.00      0.00       0.00 f
  sel[1] (net)                  11                   0.00       0.00 f
  U62/Z (BUF_X2)                           0.01      0.05       0.05 f
  n52 (net)                      6                   0.00       0.05 f
  U123/ZN (NAND4_X1)                       0.01      0.04       0.08 r
  n102 (net)                     1                   0.00       0.08 r
  U95/ZN (AND4_X1)                         0.01      0.06       0.15 r
  n75 (net)                      1                   0.00       0.15 r
  U93/ZN (NAND2_X1)                        0.01      0.02       0.17 f
  out[0] (net)                   1                   0.00       0.17 f
  out[0] (out)                             0.01      0.00       0.17 f
  data arrival time                                             0.17

  max_delay                                          0.10       0.10
  output external delay                              0.00       0.10
  data required time                                            0.10
  ------------------------------------------------------------------------------------------
  data required time                                            0.10
  data arrival time                                            -0.17
  ------------------------------------------------------------------------------------------
  slack (VIOLATED)                                             -0.07


  Startpoint: sel[1] (input port)
  Endpoint: out[1] (output port)
  Path Group: default
  Path Type: max

  Des/Clust/Port     Wire Load Model       Library
  ------------------------------------------------
  mux_encode         5K_hvratio_1_1        NangateOpenCellLibrary

Attributes:
    d - dont_touch
    u - dont_use
   mo - map_only
   so - size_only
    i - ideal_net or ideal_network
  inf - infeasible path

  Point                        Fanout     Trans      Incr       Path      Attributes
  ------------------------------------------------------------------------------------------
  input external delay                               0.00       0.00 f
  sel[1] (in)                              0.00      0.00       0.00 f
  sel[1] (net)                  11                   0.00       0.00 f
  U59/Z (BUF_X2)                           0.01      0.05       0.05 f
  n59 (net)                      6                   0.00       0.05 f
  U131/ZN (NAND4_X1)                       0.01      0.04       0.08 r
  n110 (net)                     1                   0.00       0.08 r
  U71/ZN (AND4_X1)                         0.01      0.06       0.15 r
  n58 (net)                      1                   0.00       0.15 r
  U69/ZN (NAND2_X1)                        0.01      0.02       0.17 f
  out[1] (net)                   1                   0.00       0.17 f
  out[1] (out)                             0.01      0.00       0.17 f
  data arrival time                                             0.17

  max_delay                                          0.10       0.10
  output external delay                              0.00       0.10
  data required time                                            0.10
  ------------------------------------------------------------------------------------------
  data required time                                            0.10
  data arrival time                                            -0.17
  ------------------------------------------------------------------------------------------
  slack (VIOLATED)                                             -0.07


  Startpoint: sel[1] (input port)
  Endpoint: out[5] (output port)
  Path Group: default
  Path Type: max

  Des/Clust/Port     Wire Load Model       Library
  ------------------------------------------------
  mux_encode         5K_hvratio_1_1        NangateOpenCellLibrary

Attributes:
    d - dont_touch
    u - dont_use
   mo - map_only
   so - size_only
    i - ideal_net or ideal_network
  inf - infeasible path

  Point                        Fanout     Trans      Incr       Path      Attributes
  ------------------------------------------------------------------------------------------
  input external delay                               0.00       0.00 f
  sel[1] (in)                              0.00      0.00       0.00 f
  sel[1] (net)                  11                   0.00       0.00 f
  U106/ZN (INV_X2)                         0.02      0.05       0.05 r
  n95 (net)                      7                   0.00       0.05 r
  U158/ZN (NAND4_X1)                       0.01      0.05       0.10 f
  n137 (net)                     1                   0.00       0.10 f
  U80/ZN (AND4_X1)                         0.01      0.05       0.15 f
  n64 (net)                      1                   0.00       0.15 f
  U79/ZN (NAND2_X1)                        0.01      0.02       0.17 r
  out[5] (net)                   1                   0.00       0.17 r
  out[5] (out)                             0.01      0.00       0.17 r
  data arrival time                                             0.17

  max_delay                                          0.10       0.10
  output external delay                              0.00       0.10
  data required time                                            0.10
  ------------------------------------------------------------------------------------------
  data required time                                            0.10
  data arrival time                                            -0.17
  ------------------------------------------------------------------------------------------
  slack (VIOLATED)                                             -0.07


  Startpoint: sel[0] (input port)
  Endpoint: out[7] (output port)
  Path Group: default
  Path Type: max

  Des/Clust/Port     Wire Load Model       Library
  ------------------------------------------------
  mux_encode         5K_hvratio_1_1        NangateOpenCellLibrary

Attributes:
    d - dont_touch
    u - dont_use
   mo - map_only
   so - size_only
    i - ideal_net or ideal_network
  inf - infeasible path

  Point                        Fanout     Trans      Incr       Path      Attributes
  ------------------------------------------------------------------------------------------
  input external delay                               0.00       0.00 r
  sel[0] (in)                              0.00      0.00       0.00 r
  sel[0] (net)                  45                   0.00       0.00 r
  U61/ZN (INV_X1)                          0.01      0.05       0.05 f
  n51 (net)                      3                   0.00       0.05 f
  U114/ZN (NAND4_X1)                       0.01      0.04       0.08 r
  n158 (net)                     1                   0.00       0.08 r
  U74/ZN (AND4_X1)                         0.01      0.06       0.15 r
  n60 (net)                      1                   0.00       0.15 r
  U73/ZN (NAND2_X1)                        0.01      0.02       0.17 f
  out[7] (net)                   1                   0.00       0.17 f
  out[7] (out)                             0.01      0.00       0.17 f
  data arrival time                                             0.17

  max_delay                                          0.10       0.10
  output external delay                              0.00       0.10
  data required time                                            0.10
  ------------------------------------------------------------------------------------------
  data required time                                            0.10
  data arrival time                                            -0.17
  ------------------------------------------------------------------------------------------
  slack (VIOLATED)                                             -0.07


  Startpoint: sel[0] (input port)
  Endpoint: out[2] (output port)
  Path Group: default
  Path Type: max

  Des/Clust/Port     Wire Load Model       Library
  ------------------------------------------------
  mux_encode         5K_hvratio_1_1        NangateOpenCellLibrary

Attributes:
    d - dont_touch
    u - dont_use
   mo - map_only
   so - size_only
    i - ideal_net or ideal_network
  inf - infeasible path

  Point                        Fanout     Trans      Incr       Path      Attributes
  ------------------------------------------------------------------------------------------
  input external delay                               0.00       0.00 r
  sel[0] (in)                              0.00      0.00       0.00 r
  sel[0] (net)                  45                   0.00       0.00 r
  U61/ZN (INV_X1)                          0.01      0.05       0.05 f
  n51 (net)                      3                   0.00       0.05 f
  U135/ZN (NAND4_X1)                       0.01      0.04       0.08 r
  n114 (net)                     1                   0.00       0.08 r
  U77/ZN (AND4_X1)                         0.01      0.06       0.15 r
  n62 (net)                      1                   0.00       0.15 r
  U76/ZN (NAND2_X1)                        0.01      0.02       0.17 f
  out[2] (net)                   1                   0.00       0.17 f
  out[2] (out)                             0.01      0.00       0.17 f
  data arrival time                                             0.17

  max_delay                                          0.10       0.10
  output external delay                              0.00       0.10
  data required time                                            0.10
  ------------------------------------------------------------------------------------------
  data required time                                            0.10
  data arrival time                                            -0.17
  ------------------------------------------------------------------------------------------
  slack (VIOLATED)                                             -0.07


1
