 
****************************************
Report : area
Design : mux_encode_ref
Version: T-2022.03-SP2
Date   : Mon May 12 02:41:42 2025
****************************************

Library(s) Used:

    NangateOpenCellLibrary (File: /temp2tb/luyao/lib/NangateOpenCellLibrary_PDKv1_3_v2010_12/db/typical.db)

Number of ports:                           75
Number of nets:                            61
Number of cells:                           34
Number of combinational cells:             34
Number of sequential cells:                 0
Number of macros/black boxes:               0
Number of buf/inv:                         15
Number of references:                       8

Combinational area:                 36.176000
Buf/Inv area:                        8.512000
Noncombinational area:               0.000000
Macro/Black Box area:                0.000000
Net Interconnect area:      undefined  (Wire load has zero net area)

Total cell area:                    36.176000
Total area:                 undefined

Hierarchical area distribution
------------------------------

                                  Global cell area          Local cell area
                                  ------------------  --------------------------- 
Hierarchical cell                 Absolute   Percent  Combi-    Noncombi-  Black-
                                  Total      Total    national  national   boxes   Design
--------------------------------  ---------  -------  --------  ---------  ------  ---------
mux_encode_ref                      36.1760    100.0   36.1760     0.0000  0.0000  mux_encode_ref
--------------------------------  ---------  -------  --------  ---------  ------  ---------
Total                                                  36.1760     0.0000  0.0000

1
