 
****************************************
Report : timing
        -path full
        -delay max
        -nets
        -max_paths 10
        -transition_time
Design : mux_encode_ref
Version: T-2022.03-SP2
Date   : Mon May 12 02:41:42 2025
****************************************

Operating Conditions: typical   Library: NangateOpenCellLibrary
Wire Load Model Mode: top

  Startpoint: sel[2] (input port)
  Endpoint: out[3] (output port)
  Path Group: default
  Path Type: max

  Des/Clust/Port     Wire Load Model       Library
  ------------------------------------------------
  mux_encode_ref     5K_hvratio_1_1        NangateOpenCellLibrary

Attributes:
    d - dont_touch
    u - dont_use
   mo - map_only
   so - size_only
    i - ideal_net or ideal_network
  inf - infeasible path

  Point                        Fanout     Trans      Incr       Path      Attributes
  ------------------------------------------------------------------------------------------
  input external delay                               0.00       0.00 r
  sel[2] (in)                              0.00      0.00       0.00 r
  sel[2] (net)                  11                   0.00       0.00 r
  U41/ZN (INV_X1)                          0.00      0.02       0.02 f
  n40 (net)                      1                   0.00       0.02 f
  U35/ZN (AND2_X1)                         0.01      0.04       0.06 f
  n33 (net)                      2                   0.00       0.06 f
  U49/ZN (AOI222_X1)                       0.05      0.10       0.16 r
  n44 (net)                      1                   0.00       0.16 r
  U50/ZN (INV_X1)                          0.01      0.02       0.18 f
  out[3] (net)                   1                   0.00       0.18 f
  out[3] (out)                             0.01      0.00       0.18 f
  data arrival time                                             0.18

  max_delay                                          0.10       0.10
  output external delay                              0.00       0.10
  data required time                                            0.10
  ------------------------------------------------------------------------------------------
  data required time                                            0.10
  data arrival time                                            -0.18
  ------------------------------------------------------------------------------------------
  slack (VIOLATED)                                             -0.08


  Startpoint: sel[2] (input port)
  Endpoint: out[1] (output port)
  Path Group: default
  Path Type: max

  Des/Clust/Port     Wire Load Model       Library
  ------------------------------------------------
  mux_encode_ref     5K_hvratio_1_1        NangateOpenCellLibrary

Attributes:
    d - dont_touch
    u - dont_use
   mo - map_only
   so - size_only
    i - ideal_net or ideal_network
  inf - infeasible path

  Point                        Fanout     Trans      Incr       Path      Attributes
  ------------------------------------------------------------------------------------------
  input external delay                               0.00       0.00 r
  sel[2] (in)                              0.00      0.00       0.00 r
  sel[2] (net)                  11                   0.00       0.00 r
  U41/ZN (INV_X1)                          0.00      0.02       0.02 f
  n40 (net)                      1                   0.00       0.02 f
  U35/ZN (AND2_X1)                         0.01      0.04       0.06 f
  n33 (net)                      2                   0.00       0.06 f
  U45/ZN (AOI222_X1)                       0.05      0.10       0.16 r
  n42 (net)                      1                   0.00       0.16 r
  U46/ZN (INV_X1)                          0.01      0.02       0.18 f
  out[1] (net)                   1                   0.00       0.18 f
  out[1] (out)                             0.01      0.00       0.18 f
  data arrival time                                             0.18

  max_delay                                          0.10       0.10
  output external delay                              0.00       0.10
  data required time                                            0.10
  ------------------------------------------------------------------------------------------
  data required time                                            0.10
  data arrival time                                            -0.18
  ------------------------------------------------------------------------------------------
  slack (VIOLATED)                                             -0.08


  Startpoint: sel[2] (input port)
  Endpoint: out[5] (output port)
  Path Group: default
  Path Type: max

  Des/Clust/Port     Wire Load Model       Library
  ------------------------------------------------
  mux_encode_ref     5K_hvratio_1_1        NangateOpenCellLibrary

Attributes:
    d - dont_touch
    u - dont_use
   mo - map_only
   so - size_only
    i - ideal_net or ideal_network
  inf - infeasible path

  Point                        Fanout     Trans      Incr       Path      Attributes
  ------------------------------------------------------------------------------------------
  input external delay                               0.00       0.00 r
  sel[2] (in)                              0.00      0.00       0.00 r
  sel[2] (net)                  11                   0.00       0.00 r
  U24/ZN (INV_X1)                          0.00      0.02       0.02 f
  n22 (net)                      1                   0.00       0.02 f
  U36/ZN (AND2_X1)                         0.01      0.04       0.06 f
  n38 (net)                      2                   0.00       0.06 f
  U53/ZN (AOI222_X1)                       0.05      0.10       0.16 r
  n46 (net)                      1                   0.00       0.16 r
  U54/ZN (INV_X1)                          0.01      0.02       0.18 f
  out[5] (net)                   1                   0.00       0.18 f
  out[5] (out)                             0.01      0.00       0.18 f
  data arrival time                                             0.18

  max_delay                                          0.10       0.10
  output external delay                              0.00       0.10
  data required time                                            0.10
  ------------------------------------------------------------------------------------------
  data required time                                            0.10
  data arrival time                                            -0.18
  ------------------------------------------------------------------------------------------
  slack (VIOLATED)                                             -0.08


  Startpoint: sel[2] (input port)
  Endpoint: out[6] (output port)
  Path Group: default
  Path Type: max

  Des/Clust/Port     Wire Load Model       Library
  ------------------------------------------------
  mux_encode_ref     5K_hvratio_1_1        NangateOpenCellLibrary

Attributes:
    d - dont_touch
    u - dont_use
   mo - map_only
   so - size_only
    i - ideal_net or ideal_network
  inf - infeasible path

  Point                        Fanout     Trans      Incr       Path      Attributes
  ------------------------------------------------------------------------------------------
  input external delay                               0.00       0.00 r
  sel[2] (in)                              0.00      0.00       0.00 r
  sel[2] (net)                  11                   0.00       0.00 r
  U39/ZN (INV_X1)                          0.00      0.02       0.02 f
  n35 (net)                      2                   0.00       0.02 f
  U38/ZN (AND2_X1)                         0.01      0.03       0.06 f
  n37 (net)                      1                   0.00       0.06 f
  U55/ZN (AOI222_X1)                       0.05      0.10       0.16 r
  n47 (net)                      1                   0.00       0.16 r
  U56/ZN (INV_X1)                          0.01      0.02       0.17 f
  out[6] (net)                   1                   0.00       0.17 f
  out[6] (out)                             0.01      0.00       0.17 f
  data arrival time                                             0.17

  max_delay                                          0.10       0.10
  output external delay                              0.00       0.10
  data required time                                            0.10
  ------------------------------------------------------------------------------------------
  data required time                                            0.10
  data arrival time                                            -0.17
  ------------------------------------------------------------------------------------------
  slack (VIOLATED)                                             -0.07


  Startpoint: sel[2] (input port)
  Endpoint: out[4] (output port)
  Path Group: default
  Path Type: max

  Des/Clust/Port     Wire Load Model       Library
  ------------------------------------------------
  mux_encode_ref     5K_hvratio_1_1        NangateOpenCellLibrary

Attributes:
    d - dont_touch
    u - dont_use
   mo - map_only
   so - size_only
    i - ideal_net or ideal_network
  inf - infeasible path

  Point                        Fanout     Trans      Incr       Path      Attributes
  ------------------------------------------------------------------------------------------
  input external delay                               0.00       0.00 r
  sel[2] (in)                              0.00      0.00       0.00 r
  sel[2] (net)                  11                   0.00       0.00 r
  U39/ZN (INV_X1)                          0.00      0.02       0.02 f
  n35 (net)                      2                   0.00       0.02 f
  U25/ZN (AND2_X1)                         0.01      0.03       0.06 f
  n23 (net)                      1                   0.00       0.06 f
  U51/ZN (AOI222_X1)                       0.05      0.10       0.16 r
  n45 (net)                      1                   0.00       0.16 r
  U52/ZN (INV_X1)                          0.01      0.02       0.17 f
  out[4] (net)                   1                   0.00       0.17 f
  out[4] (out)                             0.01      0.00       0.17 f
  data arrival time                                             0.17

  max_delay                                          0.10       0.10
  output external delay                              0.00       0.10
  data required time                                            0.10
  ------------------------------------------------------------------------------------------
  data required time                                            0.10
  data arrival time                                            -0.17
  ------------------------------------------------------------------------------------------
  slack (VIOLATED)                                             -0.07


  Startpoint: sel[2] (input port)
  Endpoint: out[2] (output port)
  Path Group: default
  Path Type: max

  Des/Clust/Port     Wire Load Model       Library
  ------------------------------------------------
  mux_encode_ref     5K_hvratio_1_1        NangateOpenCellLibrary

Attributes:
    d - dont_touch
    u - dont_use
   mo - map_only
   so - size_only
    i - ideal_net or ideal_network
  inf - infeasible path

  Point                        Fanout     Trans      Incr       Path      Attributes
  ------------------------------------------------------------------------------------------
  input external delay                               0.00       0.00 r
  sel[2] (in)                              0.00      0.00       0.00 r
  sel[2] (net)                  11                   0.00       0.00 r
  U28/ZN (INV_X1)                          0.00      0.02       0.02 f
  n26 (net)                      2                   0.00       0.02 f
  U27/ZN (AND2_X1)                         0.01      0.03       0.06 f
  n25 (net)                      1                   0.00       0.06 f
  U47/ZN (AOI222_X1)                       0.05      0.10       0.16 r
  n43 (net)                      1                   0.00       0.16 r
  U48/ZN (INV_X1)                          0.01      0.02       0.17 f
  out[2] (net)                   1                   0.00       0.17 f
  out[2] (out)                             0.01      0.00       0.17 f
  data arrival time                                             0.17

  max_delay                                          0.10       0.10
  output external delay                              0.00       0.10
  data required time                                            0.10
  ------------------------------------------------------------------------------------------
  data required time                                            0.10
  data arrival time                                            -0.17
  ------------------------------------------------------------------------------------------
  slack (VIOLATED)                                             -0.07


  Startpoint: sel[2] (input port)
  Endpoint: out[0] (output port)
  Path Group: default
  Path Type: max

  Des/Clust/Port     Wire Load Model       Library
  ------------------------------------------------
  mux_encode_ref     5K_hvratio_1_1        NangateOpenCellLibrary

Attributes:
    d - dont_touch
    u - dont_use
   mo - map_only
   so - size_only
    i - ideal_net or ideal_network
  inf - infeasible path

  Point                        Fanout     Trans      Incr       Path      Attributes
  ------------------------------------------------------------------------------------------
  input external delay                               0.00       0.00 r
  sel[2] (in)                              0.00      0.00       0.00 r
  sel[2] (net)                  11                   0.00       0.00 r
  U28/ZN (INV_X1)                          0.00      0.02       0.02 f
  n26 (net)                      2                   0.00       0.02 f
  U37/ZN (AND2_X1)                         0.01      0.03       0.06 f
  n34 (net)                      1                   0.00       0.06 f
  U43/ZN (AOI222_X1)                       0.05      0.10       0.16 r
  n41 (net)                      1                   0.00       0.16 r
  U44/ZN (INV_X1)                          0.01      0.02       0.17 f
  out[0] (net)                   1                   0.00       0.17 f
  out[0] (out)                             0.01      0.00       0.17 f
  data arrival time                                             0.17

  max_delay                                          0.10       0.10
  output external delay                              0.00       0.10
  data required time                                            0.10
  ------------------------------------------------------------------------------------------
  data required time                                            0.10
  data arrival time                                            -0.17
  ------------------------------------------------------------------------------------------
  slack (VIOLATED)                                             -0.07


  Startpoint: sel[1] (input port)
  Endpoint: out[7] (output port)
  Path Group: default
  Path Type: max

  Des/Clust/Port     Wire Load Model       Library
  ------------------------------------------------
  mux_encode_ref     5K_hvratio_1_1        NangateOpenCellLibrary

Attributes:
    d - dont_touch
    u - dont_use
   mo - map_only
   so - size_only
    i - ideal_net or ideal_network
  inf - infeasible path

  Point                        Fanout     Trans      Incr       Path      Attributes
  ------------------------------------------------------------------------------------------
  input external delay                               0.00       0.00 f
  sel[1] (in)                              0.00      0.00       0.00 f
  sel[1] (net)                   7                   0.00       0.00 f
  U42/ZN (INV_X1)                          0.01      0.03       0.03 r
  n39 (net)                      2                   0.00       0.03 r
  U30/ZN (AND3_X2)                         0.02      0.06       0.09 r
  n28 (net)                      4                   0.00       0.09 r
  U31/ZN (NAND2_X1)                        0.01      0.03       0.13 f
  n29 (net)                      1                   0.00       0.13 f
  U34/ZN (NAND3_X1)                        0.01      0.02       0.15 r
  out[7] (net)                   1                   0.00       0.15 r
  out[7] (out)                             0.01      0.00       0.15 r
  data arrival time                                             0.15

  max_delay                                          0.10       0.10
  output external delay                              0.00       0.10
  data required time                                            0.10
  ------------------------------------------------------------------------------------------
  data required time                                            0.10
  data arrival time                                            -0.15
  ------------------------------------------------------------------------------------------
  slack (VIOLATED)                                             -0.05


1
