 
****************************************
Report : area
Design : mul_ref
Version: T-2022.03-SP2
Date   : Mon May 12 03:07:58 2025
****************************************

Library(s) Used:

    NangateOpenCellLibrary (File: /temp2tb/luyao/lib/NangateOpenCellLibrary_PDKv1_3_v2010_12/db/typical.db)

Number of ports:                           25
Number of nets:                           323
Number of cells:                          270
Number of combinational cells:            259
Number of sequential cells:                 8
Number of macros/black boxes:               0
Number of buf/inv:                         47
Number of references:                      23

Combinational area:                390.221999
Buf/Inv area:                       28.994000
Noncombinational area:              36.175999
Macro/Black Box area:                0.000000
Net Interconnect area:      undefined  (Wire load has zero net area)

Total cell area:                   426.397998
Total area:                 undefined

Hierarchical area distribution
------------------------------

                                  Global cell area          Local cell area
                                  ------------------  --------------------------- 
Hierarchical cell                 Absolute   Percent  Combi-    Noncombi-  Black-
                                  Total      Total    national  national   boxes   Design
--------------------------------  ---------  -------  --------  ---------  ------  ---------
mul_ref                            426.3980    100.0  390.2220    36.1760  0.0000  mul_ref
--------------------------------  ---------  -------  --------  ---------  ------  ---------
Total                                                 390.2220    36.1760  0.0000

1
