 
****************************************
Report : area
Design : mul_subexpression_ref
Version: T-2022.03-SP2
Date   : Mon May 12 02:41:19 2025
****************************************

Library(s) Used:

    NangateOpenCellLibrary (File: /temp2tb/luyao/lib/NangateOpenCellLibrary_PDKv1_3_v2010_12/db/typical.db)

Number of ports:                           32
Number of nets:                           628
Number of cells:                          614
Number of combinational cells:            612
Number of sequential cells:                 0
Number of macros/black boxes:               0
Number of buf/inv:                        173
Number of references:                      28

Combinational area:                603.819995
Buf/Inv area:                      100.016000
Noncombinational area:               0.000000
Macro/Black Box area:                0.000000
Net Interconnect area:      undefined  (Wire load has zero net area)

Total cell area:                   603.819995
Total area:                 undefined

Hierarchical area distribution
------------------------------

                                  Global cell area          Local cell area
                                  ------------------  --------------------------- 
Hierarchical cell                 Absolute   Percent  Combi-    Noncombi-  Black-
                                  Total      Total    national  national   boxes   Design
--------------------------------  ---------  -------  --------  ---------  ------  ---------
mul_subexpression_ref              603.8200    100.0  603.8200     0.0000  0.0000  mul_subexpression_ref
--------------------------------  ---------  -------  --------  ---------  ------  ---------
Total                                                 603.8200     0.0000  0.0000

1
