 
****************************************
Report : area
Design : mux_dead
Version: T-2022.03-SP2
Date   : Mon May 12 03:09:55 2025
****************************************

Library(s) Used:

    NangateOpenCellLibrary (File: /temp2tb/luyao/lib/NangateOpenCellLibrary_PDKv1_3_v2010_12/db/typical.db)

Number of ports:                           26
Number of nets:                            57
Number of cells:                           40
Number of combinational cells:             40
Number of sequential cells:                 0
Number of macros/black boxes:               0
Number of buf/inv:                         16
Number of references:                       4

Combinational area:                 38.304000
Buf/Inv area:                        8.512000
Noncombinational area:               0.000000
Macro/Black Box area:                0.000000
Net Interconnect area:      undefined  (Wire load has zero net area)

Total cell area:                    38.304000
Total area:                 undefined

Hierarchical area distribution
------------------------------

                                  Global cell area          Local cell area
                                  ------------------  --------------------------- 
Hierarchical cell                 Absolute   Percent  Combi-    Noncombi-  Black-
                                  Total      Total    national  national   boxes   Design
--------------------------------  ---------  -------  --------  ---------  ------  ---------
mux_dead                            38.3040    100.0   38.3040     0.0000  0.0000  mux_dead
--------------------------------  ---------  -------  --------  ---------  ------  ---------
Total                                                  38.3040     0.0000  0.0000

1
