 
****************************************
Report : timing
        -path full
        -delay max
        -nets
        -max_paths 10
        -transition_time
Design : mux_dead
Version: T-2022.03-SP2
Date   : Mon May 12 03:09:55 2025
****************************************

Operating Conditions: typical   Library: NangateOpenCellLibrary
Wire Load Model Mode: top

  Startpoint: b[7] (input port)
  Endpoint: result[7] (output port)
  Path Group: default
  Path Type: max

  Des/Clust/Port     Wire Load Model       Library
  ------------------------------------------------
  mux_dead           5K_hvratio_1_1        NangateOpenCellLibrary

Attributes:
    d - dont_touch
    u - dont_use
   mo - map_only
   so - size_only
    i - ideal_net or ideal_network
  inf - infeasible path

  Point                        Fanout     Trans      Incr       Path      Attributes
  ------------------------------------------------------------------------------------------
  input external delay                               0.00       0.00 f
  b[7] (in)                                0.00      0.00       0.00 f
  b[7] (net)                     2                   0.00       0.00 f
  or_module_U24/ZN (INV_X1)                0.01      0.02       0.02 r
  or_module_n16 (net)            1                   0.00       0.02 r
  or_module_U22/ZN (NAND2_X1)              0.01      0.02       0.05 f
  or_result[7] (net)             1                   0.00       0.05 f
  U25/Z (MUX2_X1)                          0.01      0.06       0.11 f
  result[7] (net)                1                   0.00       0.11 f
  result[7] (out)                          0.01      0.00       0.11 f
  data arrival time                                             0.11

  max_delay                                          0.10       0.10
  output external delay                              0.00       0.10
  data required time                                            0.10
  ------------------------------------------------------------------------------------------
  data required time                                            0.10
  data arrival time                                            -0.11
  ------------------------------------------------------------------------------------------
  slack (VIOLATED)                                             -0.01


  Startpoint: b[6] (input port)
  Endpoint: result[6] (output port)
  Path Group: default
  Path Type: max

  Des/Clust/Port     Wire Load Model       Library
  ------------------------------------------------
  mux_dead           5K_hvratio_1_1        NangateOpenCellLibrary

Attributes:
    d - dont_touch
    u - dont_use
   mo - map_only
   so - size_only
    i - ideal_net or ideal_network
  inf - infeasible path

  Point                        Fanout     Trans      Incr       Path      Attributes
  ------------------------------------------------------------------------------------------
  input external delay                               0.00       0.00 f
  b[6] (in)                                0.00      0.00       0.00 f
  b[6] (net)                     2                   0.00       0.00 f
  or_module_U21/ZN (INV_X1)                0.01      0.02       0.02 r
  or_module_n14 (net)            1                   0.00       0.02 r
  or_module_U19/ZN (NAND2_X1)              0.01      0.02       0.05 f
  or_result[6] (net)             1                   0.00       0.05 f
  U24/Z (MUX2_X1)                          0.01      0.06       0.11 f
  result[6] (net)                1                   0.00       0.11 f
  result[6] (out)                          0.01      0.00       0.11 f
  data arrival time                                             0.11

  max_delay                                          0.10       0.10
  output external delay                              0.00       0.10
  data required time                                            0.10
  ------------------------------------------------------------------------------------------
  data required time                                            0.10
  data arrival time                                            -0.11
  ------------------------------------------------------------------------------------------
  slack (VIOLATED)                                             -0.01


  Startpoint: b[5] (input port)
  Endpoint: result[5] (output port)
  Path Group: default
  Path Type: max

  Des/Clust/Port     Wire Load Model       Library
  ------------------------------------------------
  mux_dead           5K_hvratio_1_1        NangateOpenCellLibrary

Attributes:
    d - dont_touch
    u - dont_use
   mo - map_only
   so - size_only
    i - ideal_net or ideal_network
  inf - infeasible path

  Point                        Fanout     Trans      Incr       Path      Attributes
  ------------------------------------------------------------------------------------------
  input external delay                               0.00       0.00 f
  b[5] (in)                                0.00      0.00       0.00 f
  b[5] (net)                     2                   0.00       0.00 f
  or_module_U18/ZN (INV_X1)                0.01      0.02       0.02 r
  or_module_n12 (net)            1                   0.00       0.02 r
  or_module_U16/ZN (NAND2_X1)              0.01      0.02       0.05 f
  or_result[5] (net)             1                   0.00       0.05 f
  U22/Z (MUX2_X1)                          0.01      0.06       0.11 f
  result[5] (net)                1                   0.00       0.11 f
  result[5] (out)                          0.01      0.00       0.11 f
  data arrival time                                             0.11

  max_delay                                          0.10       0.10
  output external delay                              0.00       0.10
  data required time                                            0.10
  ------------------------------------------------------------------------------------------
  data required time                                            0.10
  data arrival time                                            -0.11
  ------------------------------------------------------------------------------------------
  slack (VIOLATED)                                             -0.01


  Startpoint: b[4] (input port)
  Endpoint: result[4] (output port)
  Path Group: default
  Path Type: max

  Des/Clust/Port     Wire Load Model       Library
  ------------------------------------------------
  mux_dead           5K_hvratio_1_1        NangateOpenCellLibrary

Attributes:
    d - dont_touch
    u - dont_use
   mo - map_only
   so - size_only
    i - ideal_net or ideal_network
  inf - infeasible path

  Point                        Fanout     Trans      Incr       Path      Attributes
  ------------------------------------------------------------------------------------------
  input external delay                               0.00       0.00 f
  b[4] (in)                                0.00      0.00       0.00 f
  b[4] (net)                     2                   0.00       0.00 f
  or_module_U15/ZN (INV_X1)                0.01      0.02       0.02 r
  or_module_n10 (net)            1                   0.00       0.02 r
  or_module_U13/ZN (NAND2_X1)              0.01      0.02       0.05 f
  or_result[4] (net)             1                   0.00       0.05 f
  U23/Z (MUX2_X1)                          0.01      0.06       0.11 f
  result[4] (net)                1                   0.00       0.11 f
  result[4] (out)                          0.01      0.00       0.11 f
  data arrival time                                             0.11

  max_delay                                          0.10       0.10
  output external delay                              0.00       0.10
  data required time                                            0.10
  ------------------------------------------------------------------------------------------
  data required time                                            0.10
  data arrival time                                            -0.11
  ------------------------------------------------------------------------------------------
  slack (VIOLATED)                                             -0.01


  Startpoint: b[3] (input port)
  Endpoint: result[3] (output port)
  Path Group: default
  Path Type: max

  Des/Clust/Port     Wire Load Model       Library
  ------------------------------------------------
  mux_dead           5K_hvratio_1_1        NangateOpenCellLibrary

Attributes:
    d - dont_touch
    u - dont_use
   mo - map_only
   so - size_only
    i - ideal_net or ideal_network
  inf - infeasible path

  Point                        Fanout     Trans      Incr       Path      Attributes
  ------------------------------------------------------------------------------------------
  input external delay                               0.00       0.00 f
  b[3] (in)                                0.00      0.00       0.00 f
  b[3] (net)                     2                   0.00       0.00 f
  or_module_U12/ZN (INV_X1)                0.01      0.02       0.02 r
  or_module_n8 (net)             1                   0.00       0.02 r
  or_module_U10/ZN (NAND2_X1)              0.01      0.02       0.05 f
  or_result[3] (net)             1                   0.00       0.05 f
  U21/Z (MUX2_X1)                          0.01      0.06       0.11 f
  result[3] (net)                1                   0.00       0.11 f
  result[3] (out)                          0.01      0.00       0.11 f
  data arrival time                                             0.11

  max_delay                                          0.10       0.10
  output external delay                              0.00       0.10
  data required time                                            0.10
  ------------------------------------------------------------------------------------------
  data required time                                            0.10
  data arrival time                                            -0.11
  ------------------------------------------------------------------------------------------
  slack (VIOLATED)                                             -0.01


  Startpoint: b[2] (input port)
  Endpoint: result[2] (output port)
  Path Group: default
  Path Type: max

  Des/Clust/Port     Wire Load Model       Library
  ------------------------------------------------
  mux_dead           5K_hvratio_1_1        NangateOpenCellLibrary

Attributes:
    d - dont_touch
    u - dont_use
   mo - map_only
   so - size_only
    i - ideal_net or ideal_network
  inf - infeasible path

  Point                        Fanout     Trans      Incr       Path      Attributes
  ------------------------------------------------------------------------------------------
  input external delay                               0.00       0.00 f
  b[2] (in)                                0.00      0.00       0.00 f
  b[2] (net)                     2                   0.00       0.00 f
  or_module_U9/ZN (INV_X1)                 0.01      0.02       0.02 r
  or_module_n6 (net)             1                   0.00       0.02 r
  or_module_U7/ZN (NAND2_X1)               0.01      0.02       0.05 f
  or_result[2] (net)             1                   0.00       0.05 f
  U20/Z (MUX2_X1)                          0.01      0.06       0.11 f
  result[2] (net)                1                   0.00       0.11 f
  result[2] (out)                          0.01      0.00       0.11 f
  data arrival time                                             0.11

  max_delay                                          0.10       0.10
  output external delay                              0.00       0.10
  data required time                                            0.10
  ------------------------------------------------------------------------------------------
  data required time                                            0.10
  data arrival time                                            -0.11
  ------------------------------------------------------------------------------------------
  slack (VIOLATED)                                             -0.01


  Startpoint: b[1] (input port)
  Endpoint: result[1] (output port)
  Path Group: default
  Path Type: max

  Des/Clust/Port     Wire Load Model       Library
  ------------------------------------------------
  mux_dead           5K_hvratio_1_1        NangateOpenCellLibrary

Attributes:
    d - dont_touch
    u - dont_use
   mo - map_only
   so - size_only
    i - ideal_net or ideal_network
  inf - infeasible path

  Point                        Fanout     Trans      Incr       Path      Attributes
  ------------------------------------------------------------------------------------------
  input external delay                               0.00       0.00 f
  b[1] (in)                                0.00      0.00       0.00 f
  b[1] (net)                     2                   0.00       0.00 f
  or_module_U6/ZN (INV_X1)                 0.01      0.02       0.02 r
  or_module_n4 (net)             1                   0.00       0.02 r
  or_module_U4/ZN (NAND2_X1)               0.01      0.02       0.05 f
  or_result[1] (net)             1                   0.00       0.05 f
  U19/Z (MUX2_X1)                          0.01      0.06       0.11 f
  result[1] (net)                1                   0.00       0.11 f
  result[1] (out)                          0.01      0.00       0.11 f
  data arrival time                                             0.11

  max_delay                                          0.10       0.10
  output external delay                              0.00       0.10
  data required time                                            0.10
  ------------------------------------------------------------------------------------------
  data required time                                            0.10
  data arrival time                                            -0.11
  ------------------------------------------------------------------------------------------
  slack (VIOLATED)                                             -0.01


  Startpoint: b[0] (input port)
  Endpoint: result[0] (output port)
  Path Group: default
  Path Type: max

  Des/Clust/Port     Wire Load Model       Library
  ------------------------------------------------
  mux_dead           5K_hvratio_1_1        NangateOpenCellLibrary

Attributes:
    d - dont_touch
    u - dont_use
   mo - map_only
   so - size_only
    i - ideal_net or ideal_network
  inf - infeasible path

  Point                        Fanout     Trans      Incr       Path      Attributes
  ------------------------------------------------------------------------------------------
  input external delay                               0.00       0.00 f
  b[0] (in)                                0.00      0.00       0.00 f
  b[0] (net)                     2                   0.00       0.00 f
  or_module_U3/ZN (INV_X1)                 0.01      0.02       0.02 r
  or_module_n2 (net)             1                   0.00       0.02 r
  or_module_U1/ZN (NAND2_X1)               0.01      0.02       0.05 f
  or_result[0] (net)             1                   0.00       0.05 f
  U18/Z (MUX2_X1)                          0.01      0.06       0.11 f
  result[0] (net)                1                   0.00       0.11 f
  result[0] (out)                          0.01      0.00       0.11 f
  data arrival time                                             0.11

  max_delay                                          0.10       0.10
  output external delay                              0.00       0.10
  data required time                                            0.10
  ------------------------------------------------------------------------------------------
  data required time                                            0.10
  data arrival time                                            -0.11
  ------------------------------------------------------------------------------------------
  slack (VIOLATED)                                             -0.01


1
