 
****************************************
Report : area
Design : alu_8bit_ref
Version: T-2022.03-SP2
Date   : Mon May 12 02:39:13 2025
****************************************

Library(s) Used:

    NangateOpenCellLibrary (File: /temp2tb/luyao/lib/NangateOpenCellLibrary_PDKv1_3_v2010_12/db/typical.db)

Number of ports:                           27
Number of nets:                           263
Number of cells:                          244
Number of combinational cells:            244
Number of sequential cells:                 0
Number of macros/black boxes:               0
Number of buf/inv:                         72
Number of references:                      23

Combinational area:                245.783999
Buf/Inv area:                       43.092000
Noncombinational area:               0.000000
Macro/Black Box area:                0.000000
Net Interconnect area:      undefined  (Wire load has zero net area)

Total cell area:                   245.783999
Total area:                 undefined

Hierarchical area distribution
------------------------------

                                  Global cell area          Local cell area
                                  ------------------  --------------------------- 
Hierarchical cell                 Absolute   Percent  Combi-    Noncombi-  Black-
                                  Total      Total    national  national   boxes   Design
--------------------------------  ---------  -------  --------  ---------  ------  ---------
alu_8bit_ref                       245.7840    100.0  245.7840     0.0000  0.0000  alu_8bit_ref
--------------------------------  ---------  -------  --------  ---------  ------  ---------
Total                                                 245.7840     0.0000  0.0000

1
