Information: Updating design information... (UID-85)
 
****************************************
Report : qor
Design : alu_8bit_ref
Version: T-2022.03-SP2
Date   : Mon May 12 02:39:13 2025
****************************************


  Timing Path Group 'default'
  -----------------------------------
  Levels of Logic:              12.00
  Critical Path Length:          0.50
  Critical Path Slack:          -0.40
  Critical Path Clk Period:       n/a
  Total Negative Slack:         -2.92
  No. of Violating Paths:        8.00
  Worst Hold Violation:          0.00
  Total Hold Violation:          0.00
  No. of Hold Violations:        0.00
  -----------------------------------


  Cell Count
  -----------------------------------
  Hierarchical Cell Count:          0
  Hierarchical Port Count:          0
  Leaf Cell Count:                244
  Buf/Inv Cell Count:              72
  Buf Cell Count:                  17
  Inv Cell Count:                  55
  CT Buf/Inv Cell Count:            0
  Combinational Cell Count:       244
  Sequential Cell Count:            0
  Macro Count:                      0
  -----------------------------------


  Area
  -----------------------------------
  Combinational Area:      245.783999
  Noncombinational Area:     0.000000
  Buf/Inv Area:             43.092000
  Total Buffer Area:            13.57
  Total Inverter Area:          29.53
  Macro/Black Box Area:      0.000000
  Net Area:                  0.000000
  -----------------------------------
  Cell Area:               245.783999
  Design Area:             245.783999


  Design Rules
  -----------------------------------
  Total Number of Nets:           263
  Nets With Violations:             0
  Max Trans Violations:             0
  Max Cap Violations:               0
  -----------------------------------


  Hostname: acf3030

  Compile CPU Statistics
  -----------------------------------------
  Resource Sharing:                    0.06
  Logic Optimization:                  0.76
  Mapping Optimization:                1.02
  -----------------------------------------
  Overall Compile Time:                2.22
  Overall Compile Wall Clock Time:     2.42

  --------------------------------------------------------------------

  Design  WNS: 0.40  TNS: 2.92  Number of Violating Paths: 8


  Design (Hold)  WNS: 0.00  TNS: 0.00  Number of Violating Paths: 0

  --------------------------------------------------------------------


1
