 
****************************************
Report : area
Design : mult_if
Version: T-2022.03-SP2
Date   : Wed May 14 19:02:42 2025
****************************************

Library(s) Used:

    NangateOpenCellLibrary (File: /temp2tb/luyao/lib/NangateOpenCellLibrary_PDKv1_3_v2010_12/db/typical.db)

Number of ports:                           15
Number of nets:                            29
Number of cells:                           17
Number of combinational cells:             17
Number of sequential cells:                 0
Number of macros/black boxes:               0
Number of buf/inv:                          7
Number of references:                       8

Combinational area:                 15.960000
Buf/Inv area:                        3.724000
Noncombinational area:               0.000000
Macro/Black Box area:                0.000000
Net Interconnect area:      undefined  (Wire load has zero net area)

Total cell area:                    15.960000
Total area:                 undefined

Hierarchical area distribution
------------------------------

                                  Global cell area          Local cell area
                                  ------------------  --------------------------- 
Hierarchical cell                 Absolute   Percent  Combi-    Noncombi-  Black-
                                  Total      Total    national  national   boxes   Design
--------------------------------  ---------  -------  --------  ---------  ------  ---------
mult_if                             15.9600    100.0   15.9600     0.0000  0.0000  mult_if
--------------------------------  ---------  -------  --------  ---------  ------  ---------
Total                                                  15.9600     0.0000  0.0000

1
