Information: Updating design information... (UID-85)
 
****************************************
Report : qor
Design : mult_if
Version: T-2022.03-SP2
Date   : Wed May 14 19:02:42 2025
****************************************


  Timing Path Group 'default'
  -----------------------------------
  Levels of Logic:               4.00
  Critical Path Length:          0.15
  Critical Path Slack:          -0.05
  Critical Path Clk Period:       n/a
  Total Negative Slack:         -0.05
  No. of Violating Paths:        1.00
  Worst Hold Violation:          0.00
  Total Hold Violation:          0.00
  No. of Hold Violations:        0.00
  -----------------------------------


  Cell Count
  -----------------------------------
  Hierarchical Cell Count:          0
  Hierarchical Port Count:          0
  Leaf Cell Count:                 17
  Buf/Inv Cell Count:               7
  Buf Cell Count:                   0
  Inv Cell Count:                   7
  CT Buf/Inv Cell Count:            0
  Combinational Cell Count:        17
  Sequential Cell Count:            0
  Macro Count:                      0
  -----------------------------------


  Area
  -----------------------------------
  Combinational Area:       15.960000
  Noncombinational Area:     0.000000
  Buf/Inv Area:              3.724000
  Total Buffer Area:             0.00
  Total Inverter Area:           3.72
  Macro/Black Box Area:      0.000000
  Net Area:                  0.000000
  -----------------------------------
  Cell Area:                15.960000
  Design Area:              15.960000


  Design Rules
  -----------------------------------
  Total Number of Nets:            29
  Nets With Violations:             0
  Max Trans Violations:             0
  Max Cap Violations:               0
  -----------------------------------


  Hostname: acf3030

  Compile CPU Statistics
  -----------------------------------------
  Resource Sharing:                    0.01
  Logic Optimization:                  0.09
  Mapping Optimization:                0.09
  -----------------------------------------
  Overall Compile Time:                0.56
  Overall Compile Wall Clock Time:     0.75

  --------------------------------------------------------------------

  Design  WNS: 0.05  TNS: 0.05  Number of Violating Paths: 1


  Design (Hold)  WNS: 0.00  TNS: 0.00  Number of Violating Paths: 0

  --------------------------------------------------------------------


1
