 
****************************************
Report : area
Design : divider_32bit
Version: T-2022.03-SP2
Date   : Mon May 12 23:55:23 2025
****************************************

Library(s) Used:

    NangateOpenCellLibrary (File: /temp2tb/luyao/lib/NangateOpenCellLibrary_PDKv1_3_v2010_12/db/typical.db)

Number of ports:                          112
Number of nets:                         21332
Number of cells:                        21348
Number of combinational cells:          21254
Number of sequential cells:                 0
Number of macros/black boxes:               0
Number of buf/inv:                       6610
Number of references:                      49

Combinational area:              19848.919840
Buf/Inv area:                     4049.051999
Noncombinational area:               0.000000
Macro/Black Box area:                0.000000
Net Interconnect area:      undefined  (Wire load has zero net area)

Total cell area:                 19848.919840
Total area:                 undefined

Hierarchical area distribution
------------------------------

                                  Global cell area            Local cell area
                                  -------------------  ----------------------------- 
Hierarchical cell                 Absolute    Percent  Combi-      Noncombi-  Black-
                                  Total       Total    national    national   boxes   Design
--------------------------------  ----------  -------  ----------  ---------  ------  ---------
divider_32bit                     19848.9198    100.0  19848.9198     0.0000  0.0000  divider_32bit
--------------------------------  ----------  -------  ----------  ---------  ------  ---------
Total                                                  19848.9198     0.0000  0.0000

1
