 
****************************************
Report : area
Design : saturating_add
Version: T-2022.03-SP2
Date   : Mon May 12 01:45:50 2025
****************************************

Library(s) Used:

    NangateOpenCellLibrary (File: /temp2tb/luyao/lib/NangateOpenCellLibrary_PDKv1_3_v2010_12/db/typical.db)

Number of ports:                           25
Number of nets:                           175
Number of cells:                          159
Number of combinational cells:            148
Number of sequential cells:                10
Number of macros/black boxes:               0
Number of buf/inv:                         36
Number of references:                      20

Combinational area:                131.403999
Buf/Inv area:                       19.684000
Noncombinational area:              45.219998
Macro/Black Box area:                0.000000
Net Interconnect area:      undefined  (Wire load has zero net area)

Total cell area:                   176.623998
Total area:                 undefined

Hierarchical area distribution
------------------------------

                                  Global cell area          Local cell area
                                  ------------------  --------------------------- 
Hierarchical cell                 Absolute   Percent  Combi-    Noncombi-  Black-
                                  Total      Total    national  national   boxes   Design
--------------------------------  ---------  -------  --------  ---------  ------  ---------
saturating_add                     176.6240    100.0  131.4040    45.2200  0.0000  saturating_add
--------------------------------  ---------  -------  --------  ---------  ------  ---------
Total                                                 131.4040    45.2200  0.0000

1
