 
****************************************
Report : timing
        -path full
        -delay max
        -nets
        -max_paths 10
        -transition_time
Design : saturating_add
Version: T-2022.03-SP2
Date   : Mon May 12 01:45:50 2025
****************************************

Operating Conditions: typical   Library: NangateOpenCellLibrary
Wire Load Model Mode: top

  Startpoint: b[5] (input port)
  Endpoint: z_reg_7_ (rising edge-triggered flip-flop clocked by clk)
  Path Group: clk
  Path Type: max

  Des/Clust/Port     Wire Load Model       Library
  ------------------------------------------------
  saturating_add     5K_hvratio_1_1        NangateOpenCellLibrary

Attributes:
    d - dont_touch
    u - dont_use
   mo - map_only
   so - size_only
    i - ideal_net or ideal_network
  inf - infeasible path

  Point                        Fanout     Trans      Incr       Path      Attributes
  ------------------------------------------------------------------------------------------
  input external delay                               0.00       0.00 f
  b[5] (in)                                0.00      0.00       0.00 f
  b[5] (net)                     4                   0.00       0.00 f
  add_7_U86/ZN (OAI211_X1)                 0.02      0.05       0.05 r
  add_7_n89 (net)                1                   0.00       0.05 r
  add_7_U70/ZN (NAND2_X1)                  0.01      0.03       0.08 f
  add_7_n75 (net)                2                   0.00       0.08 f
  add_7_U99/ZN (NAND2_X1)                  0.01      0.03       0.11 r
  add_7_n74 (net)                1                   0.00       0.11 r
  add_7_U84/ZN (NAND2_X1)                  0.01      0.02       0.13 f
  add_7_n73 (net)                1                   0.00       0.13 f
  add_7_U83/ZN (AOI21_X1)                  0.02      0.05       0.18 r
  add_7_n70 (net)                1                   0.00       0.18 r
  add_7_U100/ZN (NAND2_X1)                 0.01      0.03       0.21 f
  add_7_n68 (net)                1                   0.00       0.21 f
  add_7_U105/ZN (XNOR2_X1)                 0.01      0.05       0.27 f
  sum[7] (net)                   1                   0.00       0.27 f
  U25/ZN (INV_X1)                          0.01      0.03       0.29 r
  n13 (net)                      1                   0.00       0.29 r
  U24/ZN (AOI21_X1)                        0.01      0.02       0.32 f
  N12 (net)                      1                   0.00       0.32 f
  z_reg_7_/D (DFF_X1)                      0.01      0.01       0.33 f
  data arrival time                                             0.33

  max_delay                                          0.10       0.10
  library setup time                                -0.04       0.06
  data required time                                            0.06
  ------------------------------------------------------------------------------------------
  data required time                                            0.06
  data arrival time                                            -0.33
  ------------------------------------------------------------------------------------------
  slack (VIOLATED)                                             -0.27


  Startpoint: b[5] (input port)
  Endpoint: overflow_reg
            (rising edge-triggered flip-flop clocked by clk)
  Path Group: clk
  Path Type: max

  Des/Clust/Port     Wire Load Model       Library
  ------------------------------------------------
  saturating_add     5K_hvratio_1_1        NangateOpenCellLibrary

Attributes:
    d - dont_touch
    u - dont_use
   mo - map_only
   so - size_only
    i - ideal_net or ideal_network
  inf - infeasible path

  Point                        Fanout     Trans      Incr       Path      Attributes
  ------------------------------------------------------------------------------------------
  input external delay                               0.00       0.00 f
  b[5] (in)                                0.00      0.00       0.00 f
  b[5] (net)                     4                   0.00       0.00 f
  add_7_U103/ZN (INV_X1)                   0.01      0.03       0.03 r
  add_7_n92 (net)                2                   0.00       0.03 r
  add_7_U41/ZN (AND2_X1)                   0.01      0.05       0.08 r
  add_7_n32 (net)                2                   0.00       0.08 r
  add_7_U115/ZN (NOR2_X1)                  0.01      0.02       0.10 f
  add_7_n58 (net)                1                   0.00       0.10 f
  add_7_U114/ZN (NAND3_X1)                 0.01      0.03       0.13 r
  add_7_n50 (net)                1                   0.00       0.13 r
  add_7_U111/ZN (OAI211_X1)                0.01      0.03       0.16 f
  add_7_n42 (net)                1                   0.00       0.16 f
  add_7_U101/ZN (NOR2_X1)                  0.02      0.04       0.20 r
  add_7_n41 (net)                1                   0.00       0.20 r
  add_7_U106/Z (MUX2_X1)                   0.01      0.08       0.27 f
  sum[8] (net)                   2                   0.00       0.27 f
  U28/ZN (AND3_X1)                         0.01      0.04       0.31 f
  N1 (net)                       1                   0.00       0.31 f
  overflow_reg/D (DFF_X1)                  0.01      0.01       0.32 f
  data arrival time                                             0.32

  max_delay                                          0.10       0.10
  library setup time                                -0.04       0.06
  data required time                                            0.06
  ------------------------------------------------------------------------------------------
  data required time                                            0.06
  data arrival time                                            -0.32
  ------------------------------------------------------------------------------------------
  slack (VIOLATED)                                             -0.26


  Startpoint: b[3] (input port)
  Endpoint: z_reg_6_ (rising edge-triggered flip-flop clocked by clk)
  Path Group: clk
  Path Type: max

  Des/Clust/Port     Wire Load Model       Library
  ------------------------------------------------
  saturating_add     5K_hvratio_1_1        NangateOpenCellLibrary

Attributes:
    d - dont_touch
    u - dont_use
   mo - map_only
   so - size_only
    i - ideal_net or ideal_network
  inf - infeasible path

  Point                        Fanout     Trans      Incr       Path      Attributes
  ------------------------------------------------------------------------------------------
  input external delay                               0.00       0.00 f
  b[3] (in)                                0.00      0.00       0.00 f
  b[3] (net)                     7                   0.00       0.00 f
  add_7_U54/ZN (NOR2_X1)                   0.02      0.05       0.05 r
  add_7_n104 (net)               1                   0.00       0.05 r
  add_7_U53/ZN (NOR2_X1)                   0.01      0.03       0.07 f
  add_7_n103 (net)               2                   0.00       0.07 f
  add_7_U56/ZN (AOI21_X1)                  0.02      0.05       0.12 r
  add_7_n100 (net)               1                   0.00       0.12 r
  add_7_U39/ZN (AND2_X1)                   0.01      0.05       0.17 r
  add_7_n29 (net)                2                   0.00       0.17 r
  add_7_U121/ZN (OAI21_X1)                 0.01      0.03       0.20 f
  add_7_n84 (net)                1                   0.00       0.20 f
  add_7_U120/ZN (XNOR2_X1)                 0.01      0.05       0.25 f
  sum[6] (net)                   1                   0.00       0.25 f
  U43/ZN (AOI21_X1)                        0.02      0.04       0.29 r
  n24 (net)                      1                   0.00       0.29 r
  U44/ZN (INV_X1)                          0.01      0.02       0.31 f
  N11 (net)                      1                   0.00       0.31 f
  z_reg_6_/D (DFF_X1)                      0.01      0.01       0.32 f
  data arrival time                                             0.32

  max_delay                                          0.10       0.10
  library setup time                                -0.04       0.06
  data required time                                            0.06
  ------------------------------------------------------------------------------------------
  data required time                                            0.06
  data arrival time                                            -0.32
  ------------------------------------------------------------------------------------------
  slack (VIOLATED)                                             -0.26


  Startpoint: b[3] (input port)
  Endpoint: z_reg_5_ (rising edge-triggered flip-flop clocked by clk)
  Path Group: clk
  Path Type: max

  Des/Clust/Port     Wire Load Model       Library
  ------------------------------------------------
  saturating_add     5K_hvratio_1_1        NangateOpenCellLibrary

Attributes:
    d - dont_touch
    u - dont_use
   mo - map_only
   so - size_only
    i - ideal_net or ideal_network
  inf - infeasible path

  Point                        Fanout     Trans      Incr       Path      Attributes
  ------------------------------------------------------------------------------------------
  input external delay                               0.00       0.00 f
  b[3] (in)                                0.00      0.00       0.00 f
  b[3] (net)                     7                   0.00       0.00 f
  add_7_U54/ZN (NOR2_X1)                   0.02      0.05       0.05 r
  add_7_n104 (net)               1                   0.00       0.05 r
  add_7_U53/ZN (NOR2_X1)                   0.01      0.03       0.07 f
  add_7_n103 (net)               2                   0.00       0.07 f
  add_7_U56/ZN (AOI21_X1)                  0.02      0.05       0.12 r
  add_7_n100 (net)               1                   0.00       0.12 r
  add_7_U39/ZN (AND2_X1)                   0.01      0.05       0.17 r
  add_7_n29 (net)                2                   0.00       0.17 r
  add_7_U124/ZN (OAI21_X1)                 0.01      0.03       0.20 f
  add_7_n96 (net)                1                   0.00       0.20 f
  add_7_U123/ZN (XNOR2_X1)                 0.01      0.05       0.25 f
  sum[5] (net)                   1                   0.00       0.25 f
  U41/ZN (AOI21_X1)                        0.02      0.04       0.29 r
  n22 (net)                      1                   0.00       0.29 r
  U42/ZN (INV_X1)                          0.01      0.02       0.31 f
  N10 (net)                      1                   0.00       0.31 f
  z_reg_5_/D (DFF_X1)                      0.01      0.01       0.32 f
  data arrival time                                             0.32

  max_delay                                          0.10       0.10
  library setup time                                -0.04       0.06
  data required time                                            0.06
  ------------------------------------------------------------------------------------------
  data required time                                            0.06
  data arrival time                                            -0.32
  ------------------------------------------------------------------------------------------
  slack (VIOLATED)                                             -0.26


  Startpoint: b[5] (input port)
  Endpoint: underflow_reg
            (rising edge-triggered flip-flop clocked by clk)
  Path Group: clk
  Path Type: max

  Des/Clust/Port     Wire Load Model       Library
  ------------------------------------------------
  saturating_add     5K_hvratio_1_1        NangateOpenCellLibrary

Attributes:
    d - dont_touch
    u - dont_use
   mo - map_only
   so - size_only
    i - ideal_net or ideal_network
  inf - infeasible path

  Point                        Fanout     Trans      Incr       Path      Attributes
  ------------------------------------------------------------------------------------------
  input external delay                               0.00       0.00 f
  b[5] (in)                                0.00      0.00       0.00 f
  b[5] (net)                     4                   0.00       0.00 f
  add_7_U103/ZN (INV_X1)                   0.01      0.03       0.03 r
  add_7_n92 (net)                2                   0.00       0.03 r
  add_7_U41/ZN (AND2_X1)                   0.01      0.05       0.08 r
  add_7_n32 (net)                2                   0.00       0.08 r
  add_7_U115/ZN (NOR2_X1)                  0.01      0.02       0.10 f
  add_7_n58 (net)                1                   0.00       0.10 f
  add_7_U114/ZN (NAND3_X1)                 0.01      0.03       0.13 r
  add_7_n50 (net)                1                   0.00       0.13 r
  add_7_U111/ZN (OAI211_X1)                0.01      0.03       0.16 f
  add_7_n42 (net)                1                   0.00       0.16 f
  add_7_U101/ZN (NOR2_X1)                  0.02      0.04       0.20 r
  add_7_n41 (net)                1                   0.00       0.20 r
  add_7_U106/Z (MUX2_X1)                   0.01      0.08       0.27 f
  sum[8] (net)                   2                   0.00       0.27 f
  U27/ZN (NOR2_X1)                         0.01      0.04       0.31 r
  N2 (net)                       1                   0.00       0.31 r
  underflow_reg/D (DFF_X1)                 0.01      0.01       0.32 r
  data arrival time                                             0.32

  max_delay                                          0.10       0.10
  library setup time                                -0.03       0.07
  data required time                                            0.07
  ------------------------------------------------------------------------------------------
  data required time                                            0.07
  data arrival time                                            -0.32
  ------------------------------------------------------------------------------------------
  slack (VIOLATED)                                             -0.25


  Startpoint: a[1] (input port)
  Endpoint: z_reg_3_ (rising edge-triggered flip-flop clocked by clk)
  Path Group: clk
  Path Type: max

  Des/Clust/Port     Wire Load Model       Library
  ------------------------------------------------
  saturating_add     5K_hvratio_1_1        NangateOpenCellLibrary

Attributes:
    d - dont_touch
    u - dont_use
   mo - map_only
   so - size_only
    i - ideal_net or ideal_network
  inf - infeasible path

  Point                        Fanout     Trans      Incr       Path      Attributes
  ------------------------------------------------------------------------------------------
  input external delay                               0.00       0.00 f
  a[1] (in)                                0.00      0.00       0.00 f
  a[1] (net)                     6                   0.00       0.00 f
  add_7_U59/ZN (OR2_X2)                    0.01      0.06       0.06 f
  add_7_n77 (net)                3                   0.00       0.06 f
  add_7_U128/ZN (NAND3_X1)                 0.02      0.04       0.10 r
  add_7_n117 (net)               2                   0.00       0.10 r
  add_7_U7/ZN (AND2_X1)                    0.01      0.04       0.14 r
  add_7_n4 (net)                 1                   0.00       0.14 r
  add_7_U127/ZN (OAI21_X1)                 0.01      0.03       0.17 f
  add_7_n114 (net)               1                   0.00       0.17 f
  add_7_U8/ZN (XNOR2_X1)                   0.01      0.05       0.22 f
  sum[3] (net)                   1                   0.00       0.22 f
  U37/ZN (AOI21_X1)                        0.02      0.04       0.26 r
  n20 (net)                      1                   0.00       0.26 r
  U38/ZN (INV_X1)                          0.01      0.02       0.28 f
  N8 (net)                       1                   0.00       0.28 f
  z_reg_3_/D (DFF_X1)                      0.01      0.01       0.29 f
  data arrival time                                             0.29

  max_delay                                          0.10       0.10
  library setup time                                -0.04       0.06
  data required time                                            0.06
  ------------------------------------------------------------------------------------------
  data required time                                            0.06
  data arrival time                                            -0.29
  ------------------------------------------------------------------------------------------
  slack (VIOLATED)                                             -0.23


  Startpoint: a[3] (input port)
  Endpoint: z_reg_4_ (rising edge-triggered flip-flop clocked by clk)
  Path Group: clk
  Path Type: max

  Des/Clust/Port     Wire Load Model       Library
  ------------------------------------------------
  saturating_add     5K_hvratio_1_1        NangateOpenCellLibrary

Attributes:
    d - dont_touch
    u - dont_use
   mo - map_only
   so - size_only
    i - ideal_net or ideal_network
  inf - infeasible path

  Point                        Fanout     Trans      Incr       Path      Attributes
  ------------------------------------------------------------------------------------------
  input external delay                               0.00       0.00 f
  a[3] (in)                                0.00      0.00       0.00 f
  a[3] (net)                     7                   0.00       0.00 f
  add_7_U68/ZN (NAND2_X1)                  0.02      0.04       0.04 r
  add_7_n57 (net)                3                   0.00       0.04 r
  add_7_U49/ZN (INV_X1)                    0.01      0.03       0.07 f
  add_7_n81 (net)                2                   0.00       0.07 f
  add_7_U55/ZN (AOI21_X1)                  0.02      0.05       0.12 r
  add_7_n99 (net)                1                   0.00       0.12 r
  add_7_U5/ZN (AND2_X1)                    0.01      0.04       0.17 r
  add_7_n2 (net)                 1                   0.00       0.17 r
  add_7_U4/ZN (XNOR2_X1)                   0.02      0.05       0.22 r
  sum[4] (net)                   1                   0.00       0.22 r
  U39/ZN (AOI21_X1)                        0.01      0.03       0.25 f
  n21 (net)                      1                   0.00       0.25 f
  U40/ZN (INV_X1)                          0.01      0.03       0.28 r
  N9 (net)                       1                   0.00       0.28 r
  z_reg_4_/D (DFF_X1)                      0.01      0.01       0.29 r
  data arrival time                                             0.29

  max_delay                                          0.10       0.10
  library setup time                                -0.03       0.07
  data required time                                            0.07
  ------------------------------------------------------------------------------------------
  data required time                                            0.07
  data arrival time                                            -0.29
  ------------------------------------------------------------------------------------------
  slack (VIOLATED)                                             -0.22


  Startpoint: a[1] (input port)
  Endpoint: z_reg_2_ (rising edge-triggered flip-flop clocked by clk)
  Path Group: clk
  Path Type: max

  Des/Clust/Port     Wire Load Model       Library
  ------------------------------------------------
  saturating_add     5K_hvratio_1_1        NangateOpenCellLibrary

Attributes:
    d - dont_touch
    u - dont_use
   mo - map_only
   so - size_only
    i - ideal_net or ideal_network
  inf - infeasible path

  Point                        Fanout     Trans      Incr       Path      Attributes
  ------------------------------------------------------------------------------------------
  input external delay                               0.00       0.00 f
  a[1] (in)                                0.00      0.00       0.00 f
  a[1] (net)                     6                   0.00       0.00 f
  add_7_U59/ZN (OR2_X2)                    0.01      0.06       0.06 f
  add_7_n77 (net)                3                   0.00       0.06 f
  add_7_U128/ZN (NAND3_X1)                 0.02      0.04       0.10 r
  add_7_n117 (net)               2                   0.00       0.10 r
  add_7_U72/ZN (NAND2_X1)                  0.01      0.03       0.13 f
  add_7_n116 (net)               1                   0.00       0.13 f
  add_7_U75/Z (XOR2_X1)                    0.01      0.07       0.19 f
  sum[2] (net)                   1                   0.00       0.19 f
  U35/ZN (AOI21_X1)                        0.02      0.04       0.23 r
  n19 (net)                      1                   0.00       0.23 r
  U36/ZN (INV_X1)                          0.01      0.02       0.26 f
  N7 (net)                       1                   0.00       0.26 f
  z_reg_2_/D (DFF_X1)                      0.01      0.01       0.26 f
  data arrival time                                             0.26

  max_delay                                          0.10       0.10
  library setup time                                -0.04       0.06
  data required time                                            0.06
  ------------------------------------------------------------------------------------------
  data required time                                            0.06
  data arrival time                                            -0.26
  ------------------------------------------------------------------------------------------
  slack (VIOLATED)                                             -0.20


  Startpoint: a[1] (input port)
  Endpoint: z_reg_1_ (rising edge-triggered flip-flop clocked by clk)
  Path Group: clk
  Path Type: max

  Des/Clust/Port     Wire Load Model       Library
  ------------------------------------------------
  saturating_add     5K_hvratio_1_1        NangateOpenCellLibrary

Attributes:
    d - dont_touch
    u - dont_use
   mo - map_only
   so - size_only
    i - ideal_net or ideal_network
  inf - infeasible path

  Point                        Fanout     Trans      Incr       Path      Attributes
  ------------------------------------------------------------------------------------------
  input external delay                               0.00       0.00 f
  a[1] (in)                                0.00      0.00       0.00 f
  a[1] (net)                     6                   0.00       0.00 f
  add_7_U73/ZN (NAND2_X1)                  0.02      0.04       0.04 r
  add_7_n61 (net)                4                   0.00       0.04 r
  add_7_U50/ZN (NAND2_X1)                  0.01      0.04       0.08 f
  add_7_n118 (net)               1                   0.00       0.08 f
  add_7_U77/Z (XOR2_X1)                    0.01      0.07       0.15 f
  sum[1] (net)                   1                   0.00       0.15 f
  U33/ZN (AOI21_X1)                        0.02      0.04       0.19 r
  n18 (net)                      1                   0.00       0.19 r
  U34/ZN (INV_X1)                          0.01      0.02       0.21 f
  N6 (net)                       1                   0.00       0.21 f
  z_reg_1_/D (DFF_X1)                      0.01      0.01       0.22 f
  data arrival time                                             0.22

  max_delay                                          0.10       0.10
  library setup time                                -0.04       0.06
  data required time                                            0.06
  ------------------------------------------------------------------------------------------
  data required time                                            0.06
  data arrival time                                            -0.22
  ------------------------------------------------------------------------------------------
  slack (VIOLATED)                                             -0.16


  Startpoint: overflow_reg
              (rising edge-triggered flip-flop clocked by clk)
  Endpoint: z_reg_0_ (rising edge-triggered flip-flop clocked by clk)
  Path Group: clk
  Path Type: max

  Des/Clust/Port     Wire Load Model       Library
  ------------------------------------------------
  saturating_add     5K_hvratio_1_1        NangateOpenCellLibrary

Attributes:
    d - dont_touch
    u - dont_use
   mo - map_only
   so - size_only
    i - ideal_net or ideal_network
  inf - infeasible path

  Point                        Fanout     Trans      Incr       Path      Attributes
  ------------------------------------------------------------------------------------------
  clock clk (rise edge)                              0.00       0.00
  clock network delay (ideal)                        0.00       0.00
  overflow_reg/CK (DFF_X1)                 0.00      0.00       0.00 r
  overflow_reg/Q (DFF_X1)                  0.02      0.10       0.10 f
  overflow (net)                 8                   0.00       0.10 f
  U31/ZN (AOI21_X1)                        0.02      0.07       0.17 r
  n17 (net)                      1                   0.00       0.17 r
  U32/ZN (INV_X1)                          0.01      0.02       0.19 f
  N5 (net)                       1                   0.00       0.19 f
  z_reg_0_/D (DFF_X1)                      0.01      0.01       0.20 f
  data arrival time                                             0.20

  clock clk (rise edge)                              0.10       0.10
  clock network delay (ideal)                        0.00       0.10
  z_reg_0_/CK (DFF_X1)                               0.00       0.10 r
  library setup time                                -0.04       0.06
  data required time                                            0.06
  ------------------------------------------------------------------------------------------
  data required time                                            0.06
  data arrival time                                            -0.20
  ------------------------------------------------------------------------------------------
  slack (VIOLATED)                                             -0.13


  Startpoint: z_reg_7_ (rising edge-triggered flip-flop clocked by clk)
  Endpoint: z[7] (output port)
  Path Group: default
  Path Type: max

  Des/Clust/Port     Wire Load Model       Library
  ------------------------------------------------
  saturating_add     5K_hvratio_1_1        NangateOpenCellLibrary

Attributes:
    d - dont_touch
    u - dont_use
   mo - map_only
   so - size_only
    i - ideal_net or ideal_network
  inf - infeasible path

  Point                        Fanout     Trans      Incr       Path      Attributes
  ------------------------------------------------------------------------------------------
  z_reg_7_/CK (DFF_X1)                     0.00      0.00       0.00 r
  z_reg_7_/Q (DFF_X1)                      0.01      0.08       0.08 r
  z[7] (net)                     1                   0.00       0.08 r
  z[7] (out)                               0.01      0.00       0.08 r
  data arrival time                                             0.08

  max_delay                                          0.10       0.10
  output external delay                              0.00       0.10
  data required time                                            0.10
  ------------------------------------------------------------------------------------------
  data required time                                            0.10
  data arrival time                                            -0.08
  ------------------------------------------------------------------------------------------
  slack (MET)                                                   0.02


  Startpoint: z_reg_6_ (rising edge-triggered flip-flop clocked by clk)
  Endpoint: z[6] (output port)
  Path Group: default
  Path Type: max

  Des/Clust/Port     Wire Load Model       Library
  ------------------------------------------------
  saturating_add     5K_hvratio_1_1        NangateOpenCellLibrary

Attributes:
    d - dont_touch
    u - dont_use
   mo - map_only
   so - size_only
    i - ideal_net or ideal_network
  inf - infeasible path

  Point                        Fanout     Trans      Incr       Path      Attributes
  ------------------------------------------------------------------------------------------
  z_reg_6_/CK (DFF_X1)                     0.00      0.00       0.00 r
  z_reg_6_/Q (DFF_X1)                      0.01      0.08       0.08 r
  z[6] (net)                     1                   0.00       0.08 r
  z[6] (out)                               0.01      0.00       0.08 r
  data arrival time                                             0.08

  max_delay                                          0.10       0.10
  output external delay                              0.00       0.10
  data required time                                            0.10
  ------------------------------------------------------------------------------------------
  data required time                                            0.10
  data arrival time                                            -0.08
  ------------------------------------------------------------------------------------------
  slack (MET)                                                   0.02


  Startpoint: z_reg_5_ (rising edge-triggered flip-flop clocked by clk)
  Endpoint: z[5] (output port)
  Path Group: default
  Path Type: max

  Des/Clust/Port     Wire Load Model       Library
  ------------------------------------------------
  saturating_add     5K_hvratio_1_1        NangateOpenCellLibrary

Attributes:
    d - dont_touch
    u - dont_use
   mo - map_only
   so - size_only
    i - ideal_net or ideal_network
  inf - infeasible path

  Point                        Fanout     Trans      Incr       Path      Attributes
  ------------------------------------------------------------------------------------------
  z_reg_5_/CK (DFF_X1)                     0.00      0.00       0.00 r
  z_reg_5_/Q (DFF_X1)                      0.01      0.08       0.08 r
  z[5] (net)                     1                   0.00       0.08 r
  z[5] (out)                               0.01      0.00       0.08 r
  data arrival time                                             0.08

  max_delay                                          0.10       0.10
  output external delay                              0.00       0.10
  data required time                                            0.10
  ------------------------------------------------------------------------------------------
  data required time                                            0.10
  data arrival time                                            -0.08
  ------------------------------------------------------------------------------------------
  slack (MET)                                                   0.02


  Startpoint: z_reg_4_ (rising edge-triggered flip-flop clocked by clk)
  Endpoint: z[4] (output port)
  Path Group: default
  Path Type: max

  Des/Clust/Port     Wire Load Model       Library
  ------------------------------------------------
  saturating_add     5K_hvratio_1_1        NangateOpenCellLibrary

Attributes:
    d - dont_touch
    u - dont_use
   mo - map_only
   so - size_only
    i - ideal_net or ideal_network
  inf - infeasible path

  Point                        Fanout     Trans      Incr       Path      Attributes
  ------------------------------------------------------------------------------------------
  z_reg_4_/CK (DFF_X1)                     0.00      0.00       0.00 r
  z_reg_4_/Q (DFF_X1)                      0.01      0.08       0.08 r
  z[4] (net)                     1                   0.00       0.08 r
  z[4] (out)                               0.01      0.00       0.08 r
  data arrival time                                             0.08

  max_delay                                          0.10       0.10
  output external delay                              0.00       0.10
  data required time                                            0.10
  ------------------------------------------------------------------------------------------
  data required time                                            0.10
  data arrival time                                            -0.08
  ------------------------------------------------------------------------------------------
  slack (MET)                                                   0.02


  Startpoint: z_reg_3_ (rising edge-triggered flip-flop clocked by clk)
  Endpoint: z[3] (output port)
  Path Group: default
  Path Type: max

  Des/Clust/Port     Wire Load Model       Library
  ------------------------------------------------
  saturating_add     5K_hvratio_1_1        NangateOpenCellLibrary

Attributes:
    d - dont_touch
    u - dont_use
   mo - map_only
   so - size_only
    i - ideal_net or ideal_network
  inf - infeasible path

  Point                        Fanout     Trans      Incr       Path      Attributes
  ------------------------------------------------------------------------------------------
  z_reg_3_/CK (DFF_X1)                     0.00      0.00       0.00 r
  z_reg_3_/Q (DFF_X1)                      0.01      0.08       0.08 r
  z[3] (net)                     1                   0.00       0.08 r
  z[3] (out)                               0.01      0.00       0.08 r
  data arrival time                                             0.08

  max_delay                                          0.10       0.10
  output external delay                              0.00       0.10
  data required time                                            0.10
  ------------------------------------------------------------------------------------------
  data required time                                            0.10
  data arrival time                                            -0.08
  ------------------------------------------------------------------------------------------
  slack (MET)                                                   0.02


  Startpoint: z_reg_2_ (rising edge-triggered flip-flop clocked by clk)
  Endpoint: z[2] (output port)
  Path Group: default
  Path Type: max

  Des/Clust/Port     Wire Load Model       Library
  ------------------------------------------------
  saturating_add     5K_hvratio_1_1        NangateOpenCellLibrary

Attributes:
    d - dont_touch
    u - dont_use
   mo - map_only
   so - size_only
    i - ideal_net or ideal_network
  inf - infeasible path

  Point                        Fanout     Trans      Incr       Path      Attributes
  ------------------------------------------------------------------------------------------
  z_reg_2_/CK (DFF_X1)                     0.00      0.00       0.00 r
  z_reg_2_/Q (DFF_X1)                      0.01      0.08       0.08 r
  z[2] (net)                     1                   0.00       0.08 r
  z[2] (out)                               0.01      0.00       0.08 r
  data arrival time                                             0.08

  max_delay                                          0.10       0.10
  output external delay                              0.00       0.10
  data required time                                            0.10
  ------------------------------------------------------------------------------------------
  data required time                                            0.10
  data arrival time                                            -0.08
  ------------------------------------------------------------------------------------------
  slack (MET)                                                   0.02


  Startpoint: z_reg_1_ (rising edge-triggered flip-flop clocked by clk)
  Endpoint: z[1] (output port)
  Path Group: default
  Path Type: max

  Des/Clust/Port     Wire Load Model       Library
  ------------------------------------------------
  saturating_add     5K_hvratio_1_1        NangateOpenCellLibrary

Attributes:
    d - dont_touch
    u - dont_use
   mo - map_only
   so - size_only
    i - ideal_net or ideal_network
  inf - infeasible path

  Point                        Fanout     Trans      Incr       Path      Attributes
  ------------------------------------------------------------------------------------------
  z_reg_1_/CK (DFF_X1)                     0.00      0.00       0.00 r
  z_reg_1_/Q (DFF_X1)                      0.01      0.08       0.08 r
  z[1] (net)                     1                   0.00       0.08 r
  z[1] (out)                               0.01      0.00       0.08 r
  data arrival time                                             0.08

  max_delay                                          0.10       0.10
  output external delay                              0.00       0.10
  data required time                                            0.10
  ------------------------------------------------------------------------------------------
  data required time                                            0.10
  data arrival time                                            -0.08
  ------------------------------------------------------------------------------------------
  slack (MET)                                                   0.02


  Startpoint: z_reg_0_ (rising edge-triggered flip-flop clocked by clk)
  Endpoint: z[0] (output port)
  Path Group: default
  Path Type: max

  Des/Clust/Port     Wire Load Model       Library
  ------------------------------------------------
  saturating_add     5K_hvratio_1_1        NangateOpenCellLibrary

Attributes:
    d - dont_touch
    u - dont_use
   mo - map_only
   so - size_only
    i - ideal_net or ideal_network
  inf - infeasible path

  Point                        Fanout     Trans      Incr       Path      Attributes
  ------------------------------------------------------------------------------------------
  z_reg_0_/CK (DFF_X1)                     0.00      0.00       0.00 r
  z_reg_0_/Q (DFF_X1)                      0.01      0.08       0.08 r
  z[0] (net)                     1                   0.00       0.08 r
  z[0] (out)                               0.01      0.00       0.08 r
  data arrival time                                             0.08

  max_delay                                          0.10       0.10
  output external delay                              0.00       0.10
  data required time                                            0.10
  ------------------------------------------------------------------------------------------
  data required time                                            0.10
  data arrival time                                            -0.08
  ------------------------------------------------------------------------------------------
  slack (MET)                                                   0.02


1
