 
****************************************
Report : area
Design : gray
Version: T-2022.03-SP2
Date   : Mon May 12 03:09:35 2025
****************************************

Library(s) Used:

    NangateOpenCellLibrary (File: /temp2tb/luyao/lib/NangateOpenCellLibrary_PDKv1_3_v2010_12/db/typical.db)

Number of ports:                           14
Number of nets:                           110
Number of cells:                          100
Number of combinational cells:             96
Number of sequential cells:                 4
Number of macros/black boxes:               0
Number of buf/inv:                         40
Number of references:                      21

Combinational area:                 87.780000
Buf/Inv area:                       25.270000
Noncombinational area:              21.280001
Macro/Black Box area:                0.000000
Net Interconnect area:      undefined  (Wire load has zero net area)

Total cell area:                   109.060001
Total area:                 undefined

Hierarchical area distribution
------------------------------

                                  Global cell area          Local cell area
                                  ------------------  --------------------------- 
Hierarchical cell                 Absolute   Percent  Combi-    Noncombi-  Black-
                                  Total      Total    national  national   boxes   Design
--------------------------------  ---------  -------  --------  ---------  ------  ---------
gray                               109.0600    100.0   87.7800    21.2800  0.0000  gray
--------------------------------  ---------  -------  --------  ---------  ------  ---------
Total                                                  87.7800    21.2800  0.0000

1
