 
****************************************
Report : area
Design : mult_if_ref
Version: T-2022.03-SP2
Date   : Wed May 14 19:07:37 2025
****************************************

Library(s) Used:

    NangateOpenCellLibrary (File: /temp2tb/luyao/lib/NangateOpenCellLibrary_PDKv1_3_v2010_12/db/typical.db)

Number of ports:                           15
Number of nets:                            27
Number of cells:                           15
Number of combinational cells:             15
Number of sequential cells:                 0
Number of macros/black boxes:               0
Number of buf/inv:                          4
Number of references:                      11

Combinational area:                 14.896000
Buf/Inv area:                        2.128000
Noncombinational area:               0.000000
Macro/Black Box area:                0.000000
Net Interconnect area:      undefined  (Wire load has zero net area)

Total cell area:                    14.896000
Total area:                 undefined

Hierarchical area distribution
------------------------------

                                  Global cell area          Local cell area
                                  ------------------  --------------------------- 
Hierarchical cell                 Absolute   Percent  Combi-    Noncombi-  Black-
                                  Total      Total    national  national   boxes   Design
--------------------------------  ---------  -------  --------  ---------  ------  ---------
mult_if_ref                         14.8960    100.0   14.8960     0.0000  0.0000  mult_if_ref
--------------------------------  ---------  -------  --------  ---------  ------  ---------
Total                                                  14.8960     0.0000  0.0000

1
