 
****************************************
Report : timing
        -path full
        -delay max
        -nets
        -max_paths 10
        -transition_time
Design : mult_if_ref
Version: T-2022.03-SP2
Date   : Wed May 14 19:07:37 2025
****************************************

Operating Conditions: typical   Library: NangateOpenCellLibrary
Wire Load Model Mode: top

  Startpoint: C[3] (input port)
  Endpoint: Z (output port)
  Path Group: default
  Path Type: max

  Des/Clust/Port     Wire Load Model       Library
  ------------------------------------------------
  mult_if_ref        5K_hvratio_1_1        NangateOpenCellLibrary

Attributes:
    d - dont_touch
    u - dont_use
   mo - map_only
   so - size_only
    i - ideal_net or ideal_network
  inf - infeasible path

  Point                        Fanout     Trans      Incr       Path      Attributes
  ------------------------------------------------------------------------------------------
  input external delay                               0.00       0.00 r
  C[3] (in)                                0.00      0.00       0.00 r
  C[3] (net)                     2                   0.00       0.00 r
  U17/ZN (INV_X1)                          0.00      0.02       0.02 f
  n16 (net)                      1                   0.00       0.02 f
  U16/ZN (NOR2_X1)                         0.02      0.03       0.05 r
  n18 (net)                      1                   0.00       0.05 r
  U25/ZN (NOR4_X1)                         0.01      0.03       0.08 f
  n27 (net)                      1                   0.00       0.08 f
  U30/ZN (AOI221_X1)                       0.04      0.08       0.16 r
  n28 (net)                      1                   0.00       0.16 r
  U19/ZN (NAND2_X1)                        0.01      0.02       0.18 f
  Z (net)                        1                   0.00       0.18 f
  Z (out)                                  0.01      0.00       0.19 f
  data arrival time                                             0.19

  max_delay                                          0.10       0.10
  output external delay                              0.00       0.10
  data required time                                            0.10
  ------------------------------------------------------------------------------------------
  data required time                                            0.10
  data arrival time                                            -0.19
  ------------------------------------------------------------------------------------------
  slack (VIOLATED)                                             -0.09


1
