Information: Updating design information... (UID-85)
 
****************************************
Report : qor
Design : fsm_ref
Version: T-2022.03-SP2
Date   : Mon May 12 02:40:46 2025
****************************************


  Timing Path Group 'clk'
  -----------------------------------
  Levels of Logic:               2.00
  Critical Path Length:          0.24
  Critical Path Slack:          -0.19
  Critical Path Clk Period:      0.10
  Total Negative Slack:         -0.72
  No. of Violating Paths:        4.00
  Worst Hold Violation:          0.00
  Total Hold Violation:          0.00
  No. of Hold Violations:        0.00
  -----------------------------------

  Timing Path Group 'default'
  -----------------------------------
  Levels of Logic:               4.00
  Critical Path Length:          0.34
  Critical Path Slack:          -0.24
  Critical Path Clk Period:       n/a
  Total Negative Slack:         -1.98
  No. of Violating Paths:        9.00
  Worst Hold Violation:          0.00
  Total Hold Violation:          0.00
  No. of Hold Violations:        0.00
  -----------------------------------


  Cell Count
  -----------------------------------
  Hierarchical Cell Count:          0
  Hierarchical Port Count:          0
  Leaf Cell Count:                106
  Buf/Inv Cell Count:              25
  Buf Cell Count:                   7
  Inv Cell Count:                  18
  CT Buf/Inv Cell Count:            0
  Combinational Cell Count:       102
  Sequential Cell Count:            4
  Macro Count:                      0
  -----------------------------------


  Area
  -----------------------------------
  Combinational Area:      108.527999
  Noncombinational Area:    21.280001
  Buf/Inv Area:             15.162000
  Total Buffer Area:             5.59
  Total Inverter Area:           9.58
  Macro/Black Box Area:      0.000000
  Net Area:                  0.000000
  -----------------------------------
  Cell Area:               129.807999
  Design Area:             129.807999


  Design Rules
  -----------------------------------
  Total Number of Nets:           121
  Nets With Violations:             0
  Max Trans Violations:             0
  Max Cap Violations:               0
  -----------------------------------


  Hostname: acf3030

  Compile CPU Statistics
  -----------------------------------------
  Resource Sharing:                    0.05
  Logic Optimization:                  0.88
  Mapping Optimization:                0.88
  -----------------------------------------
  Overall Compile Time:                2.24
  Overall Compile Wall Clock Time:     2.48

  --------------------------------------------------------------------

  Design  WNS: 0.24  TNS: 2.70  Number of Violating Paths: 13


  Design (Hold)  WNS: 0.00  TNS: 0.00  Number of Violating Paths: 0

  --------------------------------------------------------------------


1
