 
****************************************
Report : timing
        -path full
        -delay max
        -nets
        -max_paths 10
        -transition_time
Design : mux_4to1_64bit
Version: T-2022.03-SP2
Date   : Mon May 12 03:09:52 2025
****************************************

Operating Conditions: typical   Library: NangateOpenCellLibrary
Wire Load Model Mode: top

  Startpoint: sel[1] (input port)
  Endpoint: out[60] (output port)
  Path Group: default
  Path Type: max

  Des/Clust/Port     Wire Load Model       Library
  ------------------------------------------------
  mux_4to1_64bit     5K_hvratio_1_1        NangateOpenCellLibrary

Attributes:
    d - dont_touch
    u - dont_use
   mo - map_only
   so - size_only
    i - ideal_net or ideal_network
  inf - infeasible path

  Point                        Fanout     Trans      Incr       Path      Attributes
  ------------------------------------------------------------------------------------------
  input external delay                               0.00       0.00 r
  sel[1] (in)                              0.00      0.00       0.00 r
  sel[1] (net)                   7                   0.00       0.00 r
  U232/ZN (INV_X1)                         0.00      0.03       0.03 f
  n162 (net)                     2                   0.00       0.03 f
  U210/ZN (AND2_X1)                        0.01      0.04       0.06 f
  n144 (net)                     2                   0.00       0.06 f
  U231/Z (BUF_X2)                          0.01      0.05       0.12 f
  n161 (net)                    10                   0.00       0.12 f
  U427/ZN (AOI22_X1)                       0.03      0.07       0.18 r
  n301 (net)                     1                   0.00       0.18 r
  U428/ZN (NAND2_X1)                       0.01      0.02       0.21 f
  out[60] (net)                  1                   0.00       0.21 f
  out[60] (out)                            0.01      0.00       0.21 f
  data arrival time                                             0.21

  max_delay                                          0.10       0.10
  output external delay                              0.00       0.10
  data required time                                            0.10
  ------------------------------------------------------------------------------------------
  data required time                                            0.10
  data arrival time                                            -0.21
  ------------------------------------------------------------------------------------------
  slack (VIOLATED)                                             -0.11


  Startpoint: sel[1] (input port)
  Endpoint: out[56] (output port)
  Path Group: default
  Path Type: max

  Des/Clust/Port     Wire Load Model       Library
  ------------------------------------------------
  mux_4to1_64bit     5K_hvratio_1_1        NangateOpenCellLibrary

Attributes:
    d - dont_touch
    u - dont_use
   mo - map_only
   so - size_only
    i - ideal_net or ideal_network
  inf - infeasible path

  Point                        Fanout     Trans      Incr       Path      Attributes
  ------------------------------------------------------------------------------------------
  input external delay                               0.00       0.00 r
  sel[1] (in)                              0.00      0.00       0.00 r
  sel[1] (net)                   7                   0.00       0.00 r
  U232/ZN (INV_X1)                         0.00      0.03       0.03 f
  n162 (net)                     2                   0.00       0.03 f
  U210/ZN (AND2_X1)                        0.01      0.04       0.06 f
  n144 (net)                     2                   0.00       0.06 f
  U231/Z (BUF_X2)                          0.01      0.05       0.12 f
  n161 (net)                    10                   0.00       0.12 f
  U415/ZN (AOI22_X1)                       0.03      0.07       0.18 r
  n293 (net)                     1                   0.00       0.18 r
  U416/ZN (NAND2_X1)                       0.01      0.02       0.21 f
  out[56] (net)                  1                   0.00       0.21 f
  out[56] (out)                            0.01      0.00       0.21 f
  data arrival time                                             0.21

  max_delay                                          0.10       0.10
  output external delay                              0.00       0.10
  data required time                                            0.10
  ------------------------------------------------------------------------------------------
  data required time                                            0.10
  data arrival time                                            -0.21
  ------------------------------------------------------------------------------------------
  slack (VIOLATED)                                             -0.11


  Startpoint: sel[1] (input port)
  Endpoint: out[45] (output port)
  Path Group: default
  Path Type: max

  Des/Clust/Port     Wire Load Model       Library
  ------------------------------------------------
  mux_4to1_64bit     5K_hvratio_1_1        NangateOpenCellLibrary

Attributes:
    d - dont_touch
    u - dont_use
   mo - map_only
   so - size_only
    i - ideal_net or ideal_network
  inf - infeasible path

  Point                        Fanout     Trans      Incr       Path      Attributes
  ------------------------------------------------------------------------------------------
  input external delay                               0.00       0.00 r
  sel[1] (in)                              0.00      0.00       0.00 r
  sel[1] (net)                   7                   0.00       0.00 r
  U232/ZN (INV_X1)                         0.00      0.03       0.03 f
  n162 (net)                     2                   0.00       0.03 f
  U210/ZN (AND2_X1)                        0.01      0.04       0.06 f
  n144 (net)                     2                   0.00       0.06 f
  U231/Z (BUF_X2)                          0.01      0.05       0.12 f
  n161 (net)                    10                   0.00       0.12 f
  U382/ZN (AOI22_X1)                       0.03      0.07       0.18 r
  n271 (net)                     1                   0.00       0.18 r
  U383/ZN (NAND2_X1)                       0.01      0.02       0.21 f
  out[45] (net)                  1                   0.00       0.21 f
  out[45] (out)                            0.01      0.00       0.21 f
  data arrival time                                             0.21

  max_delay                                          0.10       0.10
  output external delay                              0.00       0.10
  data required time                                            0.10
  ------------------------------------------------------------------------------------------
  data required time                                            0.10
  data arrival time                                            -0.21
  ------------------------------------------------------------------------------------------
  slack (VIOLATED)                                             -0.11


  Startpoint: sel[1] (input port)
  Endpoint: out[15] (output port)
  Path Group: default
  Path Type: max

  Des/Clust/Port     Wire Load Model       Library
  ------------------------------------------------
  mux_4to1_64bit     5K_hvratio_1_1        NangateOpenCellLibrary

Attributes:
    d - dont_touch
    u - dont_use
   mo - map_only
   so - size_only
    i - ideal_net or ideal_network
  inf - infeasible path

  Point                        Fanout     Trans      Incr       Path      Attributes
  ------------------------------------------------------------------------------------------
  input external delay                               0.00       0.00 r
  sel[1] (in)                              0.00      0.00       0.00 r
  sel[1] (net)                   7                   0.00       0.00 r
  U232/ZN (INV_X1)                         0.00      0.03       0.03 f
  n162 (net)                     2                   0.00       0.03 f
  U210/ZN (AND2_X1)                        0.01      0.04       0.06 f
  n144 (net)                     2                   0.00       0.06 f
  U231/Z (BUF_X2)                          0.01      0.05       0.12 f
  n161 (net)                    10                   0.00       0.12 f
  U292/ZN (AOI22_X1)                       0.03      0.07       0.18 r
  n211 (net)                     1                   0.00       0.18 r
  U293/ZN (NAND2_X1)                       0.01      0.02       0.21 f
  out[15] (net)                  1                   0.00       0.21 f
  out[15] (out)                            0.01      0.00       0.21 f
  data arrival time                                             0.21

  max_delay                                          0.10       0.10
  output external delay                              0.00       0.10
  data required time                                            0.10
  ------------------------------------------------------------------------------------------
  data required time                                            0.10
  data arrival time                                            -0.21
  ------------------------------------------------------------------------------------------
  slack (VIOLATED)                                             -0.11


  Startpoint: sel[1] (input port)
  Endpoint: out[8] (output port)
  Path Group: default
  Path Type: max

  Des/Clust/Port     Wire Load Model       Library
  ------------------------------------------------
  mux_4to1_64bit     5K_hvratio_1_1        NangateOpenCellLibrary

Attributes:
    d - dont_touch
    u - dont_use
   mo - map_only
   so - size_only
    i - ideal_net or ideal_network
  inf - infeasible path

  Point                        Fanout     Trans      Incr       Path      Attributes
  ------------------------------------------------------------------------------------------
  input external delay                               0.00       0.00 r
  sel[1] (in)                              0.00      0.00       0.00 r
  sel[1] (net)                   7                   0.00       0.00 r
  U232/ZN (INV_X1)                         0.00      0.03       0.03 f
  n162 (net)                     2                   0.00       0.03 f
  U210/ZN (AND2_X1)                        0.01      0.04       0.06 f
  n144 (net)                     2                   0.00       0.06 f
  U231/Z (BUF_X2)                          0.01      0.05       0.12 f
  n161 (net)                    10                   0.00       0.12 f
  U271/ZN (AOI22_X1)                       0.03      0.07       0.18 r
  n197 (net)                     1                   0.00       0.18 r
  U272/ZN (NAND2_X1)                       0.01      0.02       0.21 f
  out[8] (net)                   1                   0.00       0.21 f
  out[8] (out)                             0.01      0.00       0.21 f
  data arrival time                                             0.21

  max_delay                                          0.10       0.10
  output external delay                              0.00       0.10
  data required time                                            0.10
  ------------------------------------------------------------------------------------------
  data required time                                            0.10
  data arrival time                                            -0.21
  ------------------------------------------------------------------------------------------
  slack (VIOLATED)                                             -0.11


  Startpoint: sel[1] (input port)
  Endpoint: out[3] (output port)
  Path Group: default
  Path Type: max

  Des/Clust/Port     Wire Load Model       Library
  ------------------------------------------------
  mux_4to1_64bit     5K_hvratio_1_1        NangateOpenCellLibrary

Attributes:
    d - dont_touch
    u - dont_use
   mo - map_only
   so - size_only
    i - ideal_net or ideal_network
  inf - infeasible path

  Point                        Fanout     Trans      Incr       Path      Attributes
  ------------------------------------------------------------------------------------------
  input external delay                               0.00       0.00 f
  sel[1] (in)                              0.00      0.00       0.00 f
  sel[1] (net)                   7                   0.00       0.00 f
  U232/ZN (INV_X1)                         0.01      0.03       0.03 r
  n162 (net)                     2                   0.00       0.03 r
  U210/ZN (AND2_X1)                        0.01      0.05       0.08 r
  n144 (net)                     2                   0.00       0.08 r
  U231/Z (BUF_X2)                          0.03      0.06       0.14 r
  n161 (net)                    10                   0.00       0.14 r
  U256/ZN (AOI22_X1)                       0.02      0.04       0.18 f
  n187 (net)                     1                   0.00       0.18 f
  U257/ZN (NAND2_X1)                       0.01      0.03       0.21 r
  out[3] (net)                   1                   0.00       0.21 r
  out[3] (out)                             0.01      0.00       0.21 r
  data arrival time                                             0.21

  max_delay                                          0.10       0.10
  output external delay                              0.00       0.10
  data required time                                            0.10
  ------------------------------------------------------------------------------------------
  data required time                                            0.10
  data arrival time                                            -0.21
  ------------------------------------------------------------------------------------------
  slack (VIOLATED)                                             -0.11


  Startpoint: sel[1] (input port)
  Endpoint: out[11] (output port)
  Path Group: default
  Path Type: max

  Des/Clust/Port     Wire Load Model       Library
  ------------------------------------------------
  mux_4to1_64bit     5K_hvratio_1_1        NangateOpenCellLibrary

Attributes:
    d - dont_touch
    u - dont_use
   mo - map_only
   so - size_only
    i - ideal_net or ideal_network
  inf - infeasible path

  Point                        Fanout     Trans      Incr       Path      Attributes
  ------------------------------------------------------------------------------------------
  input external delay                               0.00       0.00 r
  sel[1] (in)                              0.00      0.00       0.00 r
  sel[1] (net)                   7                   0.00       0.00 r
  U202/ZN (INV_X1)                         0.00      0.03       0.03 f
  n136 (net)                     2                   0.00       0.03 f
  U222/ZN (AND2_X1)                        0.01      0.04       0.06 f
  n176 (net)                     2                   0.00       0.06 f
  U229/Z (BUF_X2)                          0.01      0.05       0.12 f
  n158 (net)                    11                   0.00       0.12 f
  U280/ZN (AOI22_X1)                       0.03      0.07       0.18 r
  n203 (net)                     1                   0.00       0.18 r
  U281/ZN (NAND2_X1)                       0.01      0.02       0.21 f
  out[11] (net)                  1                   0.00       0.21 f
  out[11] (out)                            0.01      0.00       0.21 f
  data arrival time                                             0.21

  max_delay                                          0.10       0.10
  output external delay                              0.00       0.10
  data required time                                            0.10
  ------------------------------------------------------------------------------------------
  data required time                                            0.10
  data arrival time                                            -0.21
  ------------------------------------------------------------------------------------------
  slack (VIOLATED)                                             -0.11


  Startpoint: sel[1] (input port)
  Endpoint: out[10] (output port)
  Path Group: default
  Path Type: max

  Des/Clust/Port     Wire Load Model       Library
  ------------------------------------------------
  mux_4to1_64bit     5K_hvratio_1_1        NangateOpenCellLibrary

Attributes:
    d - dont_touch
    u - dont_use
   mo - map_only
   so - size_only
    i - ideal_net or ideal_network
  inf - infeasible path

  Point                        Fanout     Trans      Incr       Path      Attributes
  ------------------------------------------------------------------------------------------
  input external delay                               0.00       0.00 r
  sel[1] (in)                              0.00      0.00       0.00 r
  sel[1] (net)                   7                   0.00       0.00 r
  U202/ZN (INV_X1)                         0.00      0.03       0.03 f
  n136 (net)                     2                   0.00       0.03 f
  U222/ZN (AND2_X1)                        0.01      0.04       0.06 f
  n176 (net)                     2                   0.00       0.06 f
  U229/Z (BUF_X2)                          0.01      0.05       0.12 f
  n158 (net)                    11                   0.00       0.12 f
  U277/ZN (AOI22_X1)                       0.03      0.07       0.18 r
  n201 (net)                     1                   0.00       0.18 r
  U278/ZN (NAND2_X1)                       0.01      0.02       0.21 f
  out[10] (net)                  1                   0.00       0.21 f
  out[10] (out)                            0.01      0.00       0.21 f
  data arrival time                                             0.21

  max_delay                                          0.10       0.10
  output external delay                              0.00       0.10
  data required time                                            0.10
  ------------------------------------------------------------------------------------------
  data required time                                            0.10
  data arrival time                                            -0.21
  ------------------------------------------------------------------------------------------
  slack (VIOLATED)                                             -0.11


  Startpoint: sel[1] (input port)
  Endpoint: out[6] (output port)
  Path Group: default
  Path Type: max

  Des/Clust/Port     Wire Load Model       Library
  ------------------------------------------------
  mux_4to1_64bit     5K_hvratio_1_1        NangateOpenCellLibrary

Attributes:
    d - dont_touch
    u - dont_use
   mo - map_only
   so - size_only
    i - ideal_net or ideal_network
  inf - infeasible path

  Point                        Fanout     Trans      Incr       Path      Attributes
  ------------------------------------------------------------------------------------------
  input external delay                               0.00       0.00 r
  sel[1] (in)                              0.00      0.00       0.00 r
  sel[1] (net)                   7                   0.00       0.00 r
  U202/ZN (INV_X1)                         0.00      0.03       0.03 f
  n136 (net)                     2                   0.00       0.03 f
  U222/ZN (AND2_X1)                        0.01      0.04       0.06 f
  n176 (net)                     2                   0.00       0.06 f
  U229/Z (BUF_X2)                          0.01      0.05       0.12 f
  n158 (net)                    11                   0.00       0.12 f
  U265/ZN (AOI22_X1)                       0.03      0.07       0.18 r
  n193 (net)                     1                   0.00       0.18 r
  U266/ZN (NAND2_X1)                       0.01      0.02       0.21 f
  out[6] (net)                   1                   0.00       0.21 f
  out[6] (out)                             0.01      0.00       0.21 f
  data arrival time                                             0.21

  max_delay                                          0.10       0.10
  output external delay                              0.00       0.10
  data required time                                            0.10
  ------------------------------------------------------------------------------------------
  data required time                                            0.10
  data arrival time                                            -0.21
  ------------------------------------------------------------------------------------------
  slack (VIOLATED)                                             -0.11


  Startpoint: sel[1] (input port)
  Endpoint: out[4] (output port)
  Path Group: default
  Path Type: max

  Des/Clust/Port     Wire Load Model       Library
  ------------------------------------------------
  mux_4to1_64bit     5K_hvratio_1_1        NangateOpenCellLibrary

Attributes:
    d - dont_touch
    u - dont_use
   mo - map_only
   so - size_only
    i - ideal_net or ideal_network
  inf - infeasible path

  Point                        Fanout     Trans      Incr       Path      Attributes
  ------------------------------------------------------------------------------------------
  input external delay                               0.00       0.00 r
  sel[1] (in)                              0.00      0.00       0.00 r
  sel[1] (net)                   7                   0.00       0.00 r
  U202/ZN (INV_X1)                         0.00      0.03       0.03 f
  n136 (net)                     2                   0.00       0.03 f
  U222/ZN (AND2_X1)                        0.01      0.04       0.06 f
  n176 (net)                     2                   0.00       0.06 f
  U228/Z (BUF_X2)                          0.01      0.05       0.12 f
  n157 (net)                    11                   0.00       0.12 f
  U259/ZN (AOI22_X1)                       0.03      0.07       0.18 r
  n189 (net)                     1                   0.00       0.18 r
  U260/ZN (NAND2_X1)                       0.01      0.02       0.21 f
  out[4] (net)                   1                   0.00       0.21 f
  out[4] (out)                             0.01      0.00       0.21 f
  data arrival time                                             0.21

  max_delay                                          0.10       0.10
  output external delay                              0.00       0.10
  data required time                                            0.10
  ------------------------------------------------------------------------------------------
  data required time                                            0.10
  data arrival time                                            -0.21
  ------------------------------------------------------------------------------------------
  slack (VIOLATED)                                             -0.11


1
