 
****************************************
Report : area
Design : adder
Version: T-2022.03-SP2
Date   : Mon May 12 01:42:49 2025
****************************************

Library(s) Used:

    NangateOpenCellLibrary (File: /temp2tb/luyao/lib/NangateOpenCellLibrary_PDKv1_3_v2010_12/db/typical.db)

Number of ports:                           99
Number of nets:                           692
Number of cells:                          626
Number of combinational cells:            593
Number of sequential cells:                32
Number of macros/black boxes:               0
Number of buf/inv:                        151
Number of references:                      26

Combinational area:                543.703998
Buf/Inv area:                       92.036000
Noncombinational area:             144.703995
Macro/Black Box area:                0.000000
Net Interconnect area:      undefined  (Wire load has zero net area)

Total cell area:                   688.407993
Total area:                 undefined

Hierarchical area distribution
------------------------------

                                  Global cell area          Local cell area
                                  ------------------  --------------------------- 
Hierarchical cell                 Absolute   Percent  Combi-    Noncombi-  Black-
                                  Total      Total    national  national   boxes   Design
--------------------------------  ---------  -------  --------  ---------  ------  ---------
adder                              688.4080    100.0  543.7040   144.7040  0.0000  adder
--------------------------------  ---------  -------  --------  ---------  ------  ---------
Total                                                 543.7040   144.7040  0.0000

1
