Information: Updating design information... (UID-85)
 
****************************************
Report : qor
Design : adder
Version: T-2022.03-SP2
Date   : Mon May 12 01:42:49 2025
****************************************


  Timing Path Group 'clk'
  -----------------------------------
  Levels of Logic:              15.00
  Critical Path Length:          0.62
  Critical Path Slack:          -0.57
  Critical Path Clk Period:      0.10
  Total Negative Slack:        -16.07
  No. of Violating Paths:       32.00
  Worst Hold Violation:          0.00
  Total Hold Violation:          0.00
  No. of Hold Violations:        0.00
  -----------------------------------

  Timing Path Group 'default'
  -----------------------------------
  Levels of Logic:               0.00
  Critical Path Length:          0.08
  Critical Path Slack:           0.02
  Critical Path Clk Period:       n/a
  Total Negative Slack:          0.00
  No. of Violating Paths:        0.00
  Worst Hold Violation:          0.00
  Total Hold Violation:          0.00
  No. of Hold Violations:        0.00
  -----------------------------------


  Cell Count
  -----------------------------------
  Hierarchical Cell Count:          0
  Hierarchical Port Count:          0
  Leaf Cell Count:                625
  Buf/Inv Cell Count:             151
  Buf Cell Count:                  35
  Inv Cell Count:                 116
  CT Buf/Inv Cell Count:            0
  Combinational Cell Count:       593
  Sequential Cell Count:           32
  Macro Count:                      0
  -----------------------------------


  Area
  -----------------------------------
  Combinational Area:      543.703998
  Noncombinational Area:   144.703995
  Buf/Inv Area:             92.036000
  Total Buffer Area:            30.06
  Total Inverter Area:          61.98
  Macro/Black Box Area:      0.000000
  Net Area:                  0.000000
  -----------------------------------
  Cell Area:               688.407993
  Design Area:             688.407993


  Design Rules
  -----------------------------------
  Total Number of Nets:           692
  Nets With Violations:             0
  Max Trans Violations:             0
  Max Cap Violations:               0
  -----------------------------------


  Hostname: acf3030

  Compile CPU Statistics
  -----------------------------------------
  Resource Sharing:                    0.10
  Logic Optimization:                  1.68
  Mapping Optimization:                2.26
  -----------------------------------------
  Overall Compile Time:                4.49
  Overall Compile Wall Clock Time:     4.74

  --------------------------------------------------------------------

  Design  WNS: 0.57  TNS: 16.07  Number of Violating Paths: 32


  Design (Hold)  WNS: 0.00  TNS: 0.00  Number of Violating Paths: 0

  --------------------------------------------------------------------


1
