 
****************************************
Report : timing
        -path full
        -delay max
        -nets
        -max_paths 10
        -transition_time
Design : adder
Version: T-2022.03-SP2
Date   : Mon May 12 01:42:49 2025
****************************************

Operating Conditions: typical   Library: NangateOpenCellLibrary
Wire Load Model Mode: top

  Startpoint: SEL_0 (input port)
  Endpoint: reg_0_reg_31_
            (rising edge-triggered flip-flop clocked by clk)
  Path Group: clk
  Path Type: max

  Des/Clust/Port     Wire Load Model       Library
  ------------------------------------------------
  adder              5K_hvratio_1_1        NangateOpenCellLibrary

Attributes:
    d - dont_touch
    u - dont_use
   mo - map_only
   so - size_only
    i - ideal_net or ideal_network
  inf - infeasible path

  Point                        Fanout     Trans      Incr       Path      Attributes
  ------------------------------------------------------------------------------------------
  input external delay                               0.00       0.00 f
  SEL_0 (in)                               0.00      0.00       0.00 f
  SEL_0 (net)                    6                   0.00       0.00 f
  U206/ZN (INV_X1)                         0.01      0.03       0.03 r
  n106 (net)                     2                   0.00       0.03 r
  U226/ZN (AND2_X2)                        0.02      0.05       0.09 r
  n131 (net)                     5                   0.00       0.09 r
  U302/ZN (NOR2_X1)                        0.01      0.04       0.12 f
  iso_DATA_1[9] (net)            4                   0.00       0.12 f
  add_13_U289/ZN (OAI22_X1)                0.04      0.07       0.19 r
  add_13_n244 (net)              2                   0.00       0.19 r
  add_13_U223/ZN (NOR2_X1)                 0.01      0.03       0.22 f
  add_13_n241 (net)              1                   0.00       0.22 f
  add_13_U197/ZN (OAI21_X1)                0.02      0.04       0.26 r
  add_13_n240 (net)              1                   0.00       0.26 r
  add_13_U276/ZN (NOR2_X1)                 0.01      0.03       0.29 f
  add_13_n238 (net)              2                   0.00       0.29 f
  add_13_U62/ZN (AOI21_X1)                 0.02      0.05       0.34 r
  add_13_n235 (net)              1                   0.00       0.34 r
  add_13_U70/ZN (AND2_X2)                  0.02      0.06       0.40 r
  add_13_n46 (net)               6                   0.00       0.40 r
  add_13_U72/ZN (NOR2_X1)                  0.01      0.03       0.43 f
  add_13_n109 (net)              1                   0.00       0.43 f
  add_13_U85/ZN (NOR2_X1)                  0.02      0.03       0.46 r
  add_13_n103 (net)              1                   0.00       0.46 r
  add_13_U83/ZN (OAI21_X1)                 0.01      0.03       0.49 f
  add_13_n101 (net)              1                   0.00       0.49 f
  add_13_U282/ZN (XNOR2_X1)                0.01      0.05       0.54 f
  Add_0[31] (net)                1                   0.00       0.54 f
  U439/ZN (AOI22_X1)                       0.03      0.04       0.59 r
  n244 (net)                     1                   0.00       0.59 r
  U233/ZN (NAND2_X1)                       0.01      0.03       0.62 f
  mux_1[31] (net)                1                   0.00       0.62 f
  reg_0_reg_31_/D (DFF_X1)                 0.01      0.01       0.62 f
  data arrival time                                             0.62

  max_delay                                          0.10       0.10
  library setup time                                -0.04       0.06
  data required time                                            0.06
  ------------------------------------------------------------------------------------------
  data required time                                            0.06
  data arrival time                                            -0.62
  ------------------------------------------------------------------------------------------
  slack (VIOLATED)                                             -0.57


  Startpoint: SEL_0 (input port)
  Endpoint: reg_0_reg_25_
            (rising edge-triggered flip-flop clocked by clk)
  Path Group: clk
  Path Type: max

  Des/Clust/Port     Wire Load Model       Library
  ------------------------------------------------
  adder              5K_hvratio_1_1        NangateOpenCellLibrary

Attributes:
    d - dont_touch
    u - dont_use
   mo - map_only
   so - size_only
    i - ideal_net or ideal_network
  inf - infeasible path

  Point                        Fanout     Trans      Incr       Path      Attributes
  ------------------------------------------------------------------------------------------
  input external delay                               0.00       0.00 r
  SEL_0 (in)                               0.00      0.00       0.00 r
  SEL_0 (net)                    6                   0.00       0.00 r
  U206/ZN (INV_X1)                         0.01      0.03       0.03 f
  n106 (net)                     2                   0.00       0.03 f
  U226/ZN (AND2_X2)                        0.01      0.04       0.07 f
  n131 (net)                     5                   0.00       0.07 f
  U302/ZN (NOR2_X1)                        0.04      0.06       0.13 r
  iso_DATA_1[9] (net)            4                   0.00       0.13 r
  add_13_U335/ZN (NAND2_X1)                0.01      0.03       0.17 f
  add_13_n245 (net)              1                   0.00       0.17 f
  add_13_U188/ZN (AND2_X1)                 0.01      0.04       0.20 f
  add_13_n57 (net)               1                   0.00       0.20 f
  add_13_U223/ZN (NOR2_X1)                 0.02      0.03       0.24 r
  add_13_n241 (net)              1                   0.00       0.24 r
  add_13_U197/ZN (OAI21_X1)                0.01      0.03       0.27 f
  add_13_n240 (net)              1                   0.00       0.27 f
  add_13_U276/ZN (NOR2_X1)                 0.03      0.05       0.31 r
  add_13_n238 (net)              2                   0.00       0.31 r
  add_13_U55/ZN (AOI21_X1)                 0.01      0.03       0.34 f
  add_13_n38 (net)               1                   0.00       0.34 f
  add_13_U64/ZN (NAND2_X1)                 0.02      0.04       0.39 r
  add_13_n111 (net)              4                   0.00       0.39 r
  add_13_U285/ZN (NAND2_X1)                0.01      0.04       0.42 f
  add_13_n178 (net)              2                   0.00       0.42 f
  add_13_U78/ZN (NAND2_X1)                 0.02      0.04       0.46 r
  add_13_n170 (net)              2                   0.00       0.46 r
  add_13_U96/ZN (AOI21_X1)                 0.01      0.03       0.49 f
  add_13_n171 (net)              1                   0.00       0.49 f
  add_13_U156/ZN (XNOR2_X1)                0.01      0.05       0.55 f
  Add_0[25] (net)                1                   0.00       0.55 f
  U432/ZN (AOI22_X1)                       0.03      0.04       0.59 r
  n228 (net)                     1                   0.00       0.59 r
  U218/ZN (NAND2_X1)                       0.01      0.03       0.62 f
  mux_1[25] (net)                1                   0.00       0.62 f
  reg_0_reg_25_/D (DFF_X1)                 0.01      0.01       0.62 f
  data arrival time                                             0.62

  max_delay                                          0.10       0.10
  library setup time                                -0.04       0.06
  data required time                                            0.06
  ------------------------------------------------------------------------------------------
  data required time                                            0.06
  data arrival time                                            -0.62
  ------------------------------------------------------------------------------------------
  slack (VIOLATED)                                             -0.57


  Startpoint: SEL_0 (input port)
  Endpoint: reg_0_reg_27_
            (rising edge-triggered flip-flop clocked by clk)
  Path Group: clk
  Path Type: max

  Des/Clust/Port     Wire Load Model       Library
  ------------------------------------------------
  adder              5K_hvratio_1_1        NangateOpenCellLibrary

Attributes:
    d - dont_touch
    u - dont_use
   mo - map_only
   so - size_only
    i - ideal_net or ideal_network
  inf - infeasible path

  Point                        Fanout     Trans      Incr       Path      Attributes
  ------------------------------------------------------------------------------------------
  input external delay                               0.00       0.00 f
  SEL_0 (in)                               0.00      0.00       0.00 f
  SEL_0 (net)                    6                   0.00       0.00 f
  U206/ZN (INV_X1)                         0.01      0.03       0.03 r
  n106 (net)                     2                   0.00       0.03 r
  U226/ZN (AND2_X2)                        0.02      0.05       0.09 r
  n131 (net)                     5                   0.00       0.09 r
  U302/ZN (NOR2_X1)                        0.01      0.04       0.12 f
  iso_DATA_1[9] (net)            4                   0.00       0.12 f
  add_13_U289/ZN (OAI22_X1)                0.04      0.07       0.19 r
  add_13_n244 (net)              2                   0.00       0.19 r
  add_13_U223/ZN (NOR2_X1)                 0.01      0.03       0.22 f
  add_13_n241 (net)              1                   0.00       0.22 f
  add_13_U197/ZN (OAI21_X1)                0.02      0.04       0.26 r
  add_13_n240 (net)              1                   0.00       0.26 r
  add_13_U276/ZN (NOR2_X1)                 0.01      0.03       0.29 f
  add_13_n238 (net)              2                   0.00       0.29 f
  add_13_U62/ZN (AOI21_X1)                 0.02      0.05       0.34 r
  add_13_n235 (net)              1                   0.00       0.34 r
  add_13_U70/ZN (AND2_X2)                  0.02      0.06       0.40 r
  add_13_n46 (net)               6                   0.00       0.40 r
  add_13_U71/ZN (NOR2_X1)                  0.01      0.03       0.43 f
  add_13_n164 (net)              1                   0.00       0.43 f
  add_13_U74/ZN (NOR2_X1)                  0.02      0.03       0.46 r
  add_13_n158 (net)              1                   0.00       0.46 r
  add_13_U73/ZN (OAI21_X1)                 0.01      0.03       0.49 f
  add_13_n156 (net)              1                   0.00       0.49 f
  add_13_U271/ZN (XNOR2_X1)                0.01      0.05       0.54 f
  Add_0[27] (net)                1                   0.00       0.54 f
  U434/ZN (AOI22_X1)                       0.03      0.04       0.59 r
  n233 (net)                     1                   0.00       0.59 r
  U235/ZN (NAND2_X1)                       0.01      0.03       0.62 f
  mux_1[27] (net)                1                   0.00       0.62 f
  reg_0_reg_27_/D (DFF_X1)                 0.01      0.01       0.62 f
  data arrival time                                             0.62

  max_delay                                          0.10       0.10
  library setup time                                -0.04       0.06
  data required time                                            0.06
  ------------------------------------------------------------------------------------------
  data required time                                            0.06
  data arrival time                                            -0.62
  ------------------------------------------------------------------------------------------
  slack (VIOLATED)                                             -0.56


  Startpoint: SEL_0 (input port)
  Endpoint: reg_0_reg_30_
            (rising edge-triggered flip-flop clocked by clk)
  Path Group: clk
  Path Type: max

  Des/Clust/Port     Wire Load Model       Library
  ------------------------------------------------
  adder              5K_hvratio_1_1        NangateOpenCellLibrary

Attributes:
    d - dont_touch
    u - dont_use
   mo - map_only
   so - size_only
    i - ideal_net or ideal_network
  inf - infeasible path

  Point                        Fanout     Trans      Incr       Path      Attributes
  ------------------------------------------------------------------------------------------
  input external delay                               0.00       0.00 r
  SEL_0 (in)                               0.00      0.00       0.00 r
  SEL_0 (net)                    6                   0.00       0.00 r
  U206/ZN (INV_X1)                         0.01      0.03       0.03 f
  n106 (net)                     2                   0.00       0.03 f
  U226/ZN (AND2_X2)                        0.01      0.04       0.07 f
  n131 (net)                     5                   0.00       0.07 f
  U302/ZN (NOR2_X1)                        0.04      0.06       0.13 r
  iso_DATA_1[9] (net)            4                   0.00       0.13 r
  add_13_U335/ZN (NAND2_X1)                0.01      0.03       0.17 f
  add_13_n245 (net)              1                   0.00       0.17 f
  add_13_U188/ZN (AND2_X1)                 0.01      0.04       0.20 f
  add_13_n57 (net)               1                   0.00       0.20 f
  add_13_U223/ZN (NOR2_X1)                 0.02      0.03       0.24 r
  add_13_n241 (net)              1                   0.00       0.24 r
  add_13_U197/ZN (OAI21_X1)                0.01      0.03       0.27 f
  add_13_n240 (net)              1                   0.00       0.27 f
  add_13_U276/ZN (NOR2_X1)                 0.03      0.05       0.31 r
  add_13_n238 (net)              2                   0.00       0.31 r
  add_13_U62/ZN (AOI21_X1)                 0.01      0.03       0.34 f
  add_13_n235 (net)              1                   0.00       0.34 f
  add_13_U70/ZN (AND2_X2)                  0.01      0.05       0.39 f
  add_13_n46 (net)               6                   0.00       0.39 f
  add_13_U287/ZN (OAI211_X1)               0.02      0.05       0.44 r
  add_13_n119 (net)              1                   0.00       0.44 r
  add_13_U304/ZN (INV_X1)                  0.01      0.03       0.47 f
  add_13_n117 (net)              2                   0.00       0.47 f
  add_13_U302/ZN (OAI21_X1)                0.02      0.04       0.51 r
  add_13_n115 (net)              1                   0.00       0.51 r
  add_13_U301/ZN (XNOR2_X1)                0.02      0.06       0.57 r
  Add_0[30] (net)                1                   0.00       0.57 r
  U438/ZN (NAND2_X1)                       0.01      0.03       0.60 f
  n239 (net)                     1                   0.00       0.60 f
  U248/ZN (NAND3_X1)                       0.01      0.03       0.62 r
  mux_1[30] (net)                1                   0.00       0.62 r
  reg_0_reg_30_/D (DFF_X1)                 0.01      0.01       0.63 r
  data arrival time                                             0.63

  max_delay                                          0.10       0.10
  library setup time                                -0.03       0.07
  data required time                                            0.07
  ------------------------------------------------------------------------------------------
  data required time                                            0.07
  data arrival time                                            -0.63
  ------------------------------------------------------------------------------------------
  slack (VIOLATED)                                             -0.56


  Startpoint: SEL_0 (input port)
  Endpoint: reg_0_reg_19_
            (rising edge-triggered flip-flop clocked by clk)
  Path Group: clk
  Path Type: max

  Des/Clust/Port     Wire Load Model       Library
  ------------------------------------------------
  adder              5K_hvratio_1_1        NangateOpenCellLibrary

Attributes:
    d - dont_touch
    u - dont_use
   mo - map_only
   so - size_only
    i - ideal_net or ideal_network
  inf - infeasible path

  Point                        Fanout     Trans      Incr       Path      Attributes
  ------------------------------------------------------------------------------------------
  input external delay                               0.00       0.00 r
  SEL_0 (in)                               0.00      0.00       0.00 r
  SEL_0 (net)                    6                   0.00       0.00 r
  U206/ZN (INV_X1)                         0.01      0.03       0.03 f
  n106 (net)                     2                   0.00       0.03 f
  U226/ZN (AND2_X2)                        0.01      0.04       0.07 f
  n131 (net)                     5                   0.00       0.07 f
  U302/ZN (NOR2_X1)                        0.04      0.06       0.13 r
  iso_DATA_1[9] (net)            4                   0.00       0.13 r
  add_13_U335/ZN (NAND2_X1)                0.01      0.03       0.17 f
  add_13_n245 (net)              1                   0.00       0.17 f
  add_13_U188/ZN (AND2_X1)                 0.01      0.04       0.20 f
  add_13_n57 (net)               1                   0.00       0.20 f
  add_13_U223/ZN (NOR2_X1)                 0.02      0.03       0.24 r
  add_13_n241 (net)              1                   0.00       0.24 r
  add_13_U197/ZN (OAI21_X1)                0.01      0.03       0.27 f
  add_13_n240 (net)              1                   0.00       0.27 f
  add_13_U276/ZN (NOR2_X1)                 0.03      0.05       0.31 r
  add_13_n238 (net)              2                   0.00       0.31 r
  add_13_U62/ZN (AOI21_X1)                 0.01      0.03       0.34 f
  add_13_n235 (net)              1                   0.00       0.34 f
  add_13_U70/ZN (AND2_X2)                  0.01      0.05       0.39 f
  add_13_n46 (net)               6                   0.00       0.39 f
  add_13_U286/ZN (OAI21_X1)                0.02      0.05       0.44 r
  add_13_n224 (net)              1                   0.00       0.44 r
  add_13_U329/ZN (INV_X1)                  0.01      0.03       0.46 f
  add_13_n222 (net)              2                   0.00       0.46 f
  add_13_U327/ZN (OAI21_X1)                0.02      0.04       0.51 r
  add_13_n220 (net)              1                   0.00       0.51 r
  add_13_U326/ZN (XNOR2_X1)                0.02      0.06       0.57 r
  Add_0[19] (net)                1                   0.00       0.57 r
  U423/ZN (NAND2_X1)                       0.01      0.03       0.59 f
  n213 (net)                     1                   0.00       0.59 f
  U225/ZN (NAND3_X1)                       0.01      0.03       0.62 r
  mux_1[19] (net)                1                   0.00       0.62 r
  reg_0_reg_19_/D (DFF_X1)                 0.01      0.01       0.63 r
  data arrival time                                             0.63

  max_delay                                          0.10       0.10
  library setup time                                -0.03       0.07
  data required time                                            0.07
  ------------------------------------------------------------------------------------------
  data required time                                            0.07
  data arrival time                                            -0.63
  ------------------------------------------------------------------------------------------
  slack (VIOLATED)                                             -0.56


  Startpoint: SEL_0 (input port)
  Endpoint: reg_0_reg_22_
            (rising edge-triggered flip-flop clocked by clk)
  Path Group: clk
  Path Type: max

  Des/Clust/Port     Wire Load Model       Library
  ------------------------------------------------
  adder              5K_hvratio_1_1        NangateOpenCellLibrary

Attributes:
    d - dont_touch
    u - dont_use
   mo - map_only
   so - size_only
    i - ideal_net or ideal_network
  inf - infeasible path

  Point                        Fanout     Trans      Incr       Path      Attributes
  ------------------------------------------------------------------------------------------
  input external delay                               0.00       0.00 r
  SEL_0 (in)                               0.00      0.00       0.00 r
  SEL_0 (net)                    6                   0.00       0.00 r
  U206/ZN (INV_X1)                         0.01      0.03       0.03 f
  n106 (net)                     2                   0.00       0.03 f
  U226/ZN (AND2_X2)                        0.01      0.04       0.07 f
  n131 (net)                     5                   0.00       0.07 f
  U302/ZN (NOR2_X1)                        0.04      0.06       0.13 r
  iso_DATA_1[9] (net)            4                   0.00       0.13 r
  add_13_U335/ZN (NAND2_X1)                0.01      0.03       0.17 f
  add_13_n245 (net)              1                   0.00       0.17 f
  add_13_U188/ZN (AND2_X1)                 0.01      0.04       0.20 f
  add_13_n57 (net)               1                   0.00       0.20 f
  add_13_U223/ZN (NOR2_X1)                 0.02      0.03       0.24 r
  add_13_n241 (net)              1                   0.00       0.24 r
  add_13_U197/ZN (OAI21_X1)                0.01      0.03       0.27 f
  add_13_n240 (net)              1                   0.00       0.27 f
  add_13_U276/ZN (NOR2_X1)                 0.03      0.05       0.31 r
  add_13_n238 (net)              2                   0.00       0.31 r
  add_13_U62/ZN (AOI21_X1)                 0.01      0.03       0.34 f
  add_13_n235 (net)              1                   0.00       0.34 f
  add_13_U70/ZN (AND2_X2)                  0.01      0.05       0.39 f
  add_13_n46 (net)               6                   0.00       0.39 f
  add_13_U291/ZN (OAI21_X1)                0.02      0.05       0.44 r
  add_13_n202 (net)              1                   0.00       0.44 r
  add_13_U320/ZN (INV_X1)                  0.01      0.03       0.46 f
  add_13_n200 (net)              2                   0.00       0.46 f
  add_13_U318/ZN (OAI21_X1)                0.02      0.04       0.51 r
  add_13_n198 (net)              1                   0.00       0.51 r
  add_13_U317/ZN (XNOR2_X1)                0.02      0.06       0.57 r
  Add_0[22] (net)                1                   0.00       0.57 r
  U428/ZN (NAND2_X1)                       0.01      0.03       0.59 f
  n220 (net)                     1                   0.00       0.59 f
  U242/ZN (NAND3_X1)                       0.01      0.03       0.62 r
  mux_1[22] (net)                1                   0.00       0.62 r
  reg_0_reg_22_/D (DFF_X1)                 0.01      0.01       0.63 r
  data arrival time                                             0.63

  max_delay                                          0.10       0.10
  library setup time                                -0.03       0.07
  data required time                                            0.07
  ------------------------------------------------------------------------------------------
  data required time                                            0.07
  data arrival time                                            -0.63
  ------------------------------------------------------------------------------------------
  slack (VIOLATED)                                             -0.56


  Startpoint: SEL_0 (input port)
  Endpoint: reg_0_reg_17_
            (rising edge-triggered flip-flop clocked by clk)
  Path Group: clk
  Path Type: max

  Des/Clust/Port     Wire Load Model       Library
  ------------------------------------------------
  adder              5K_hvratio_1_1        NangateOpenCellLibrary

Attributes:
    d - dont_touch
    u - dont_use
   mo - map_only
   so - size_only
    i - ideal_net or ideal_network
  inf - infeasible path

  Point                        Fanout     Trans      Incr       Path      Attributes
  ------------------------------------------------------------------------------------------
  input external delay                               0.00       0.00 f
  SEL_0 (in)                               0.00      0.00       0.00 f
  SEL_0 (net)                    6                   0.00       0.00 f
  U206/ZN (INV_X1)                         0.01      0.03       0.03 r
  n106 (net)                     2                   0.00       0.03 r
  U226/ZN (AND2_X2)                        0.02      0.05       0.09 r
  n131 (net)                     5                   0.00       0.09 r
  U302/ZN (NOR2_X1)                        0.01      0.04       0.12 f
  iso_DATA_1[9] (net)            4                   0.00       0.12 f
  add_13_U289/ZN (OAI22_X1)                0.04      0.07       0.19 r
  add_13_n244 (net)              2                   0.00       0.19 r
  add_13_U223/ZN (NOR2_X1)                 0.01      0.03       0.22 f
  add_13_n241 (net)              1                   0.00       0.22 f
  add_13_U197/ZN (OAI21_X1)                0.02      0.04       0.26 r
  add_13_n240 (net)              1                   0.00       0.26 r
  add_13_U276/ZN (NOR2_X1)                 0.01      0.03       0.29 f
  add_13_n238 (net)              2                   0.00       0.29 f
  add_13_U62/ZN (AOI21_X1)                 0.02      0.05       0.34 r
  add_13_n235 (net)              1                   0.00       0.34 r
  add_13_U70/ZN (AND2_X2)                  0.02      0.06       0.40 r
  add_13_n46 (net)               6                   0.00       0.40 r
  add_13_U54/Z (CLKBUF_X1)                 0.01      0.05       0.45 r
  add_13_n37 (net)               2                   0.00       0.45 r
  add_13_U332/ZN (OAI21_X1)                0.01      0.03       0.48 f
  add_13_n230 (net)              1                   0.00       0.48 f
  add_13_U331/ZN (XNOR2_X1)                0.01      0.05       0.53 f
  Add_0[17] (net)                1                   0.00       0.53 f
  U419/ZN (AOI22_X1)                       0.03      0.04       0.58 r
  n209 (net)                     1                   0.00       0.58 r
  U420/ZN (OAI21_X1)                       0.01      0.03       0.61 f
  mux_1[17] (net)                1                   0.00       0.61 f
  reg_0_reg_17_/D (DFF_X1)                 0.01      0.01       0.62 f
  data arrival time                                             0.62

  max_delay                                          0.10       0.10
  library setup time                                -0.04       0.06
  data required time                                            0.06
  ------------------------------------------------------------------------------------------
  data required time                                            0.06
  data arrival time                                            -0.62
  ------------------------------------------------------------------------------------------
  slack (VIOLATED)                                             -0.56


  Startpoint: SEL_0 (input port)
  Endpoint: reg_0_reg_20_
            (rising edge-triggered flip-flop clocked by clk)
  Path Group: clk
  Path Type: max

  Des/Clust/Port     Wire Load Model       Library
  ------------------------------------------------
  adder              5K_hvratio_1_1        NangateOpenCellLibrary

Attributes:
    d - dont_touch
    u - dont_use
   mo - map_only
   so - size_only
    i - ideal_net or ideal_network
  inf - infeasible path

  Point                        Fanout     Trans      Incr       Path      Attributes
  ------------------------------------------------------------------------------------------
  input external delay                               0.00       0.00 f
  SEL_0 (in)                               0.00      0.00       0.00 f
  SEL_0 (net)                    6                   0.00       0.00 f
  U206/ZN (INV_X1)                         0.01      0.03       0.03 r
  n106 (net)                     2                   0.00       0.03 r
  U226/ZN (AND2_X2)                        0.02      0.05       0.09 r
  n131 (net)                     5                   0.00       0.09 r
  U302/ZN (NOR2_X1)                        0.01      0.04       0.12 f
  iso_DATA_1[9] (net)            4                   0.00       0.12 f
  add_13_U289/ZN (OAI22_X1)                0.04      0.07       0.19 r
  add_13_n244 (net)              2                   0.00       0.19 r
  add_13_U223/ZN (NOR2_X1)                 0.01      0.03       0.22 f
  add_13_n241 (net)              1                   0.00       0.22 f
  add_13_U197/ZN (OAI21_X1)                0.02      0.04       0.26 r
  add_13_n240 (net)              1                   0.00       0.26 r
  add_13_U276/ZN (NOR2_X1)                 0.01      0.03       0.29 f
  add_13_n238 (net)              2                   0.00       0.29 f
  add_13_U62/ZN (AOI21_X1)                 0.02      0.05       0.34 r
  add_13_n235 (net)              1                   0.00       0.34 r
  add_13_U70/ZN (AND2_X2)                  0.02      0.06       0.40 r
  add_13_n46 (net)               6                   0.00       0.40 r
  add_13_U54/Z (CLKBUF_X1)                 0.01      0.05       0.45 r
  add_13_n37 (net)               2                   0.00       0.45 r
  add_13_U324/ZN (OAI21_X1)                0.01      0.03       0.48 f
  add_13_n207 (net)              1                   0.00       0.48 f
  add_13_U323/ZN (XNOR2_X1)                0.01      0.05       0.53 f
  Add_0[20] (net)                1                   0.00       0.53 f
  U424/ZN (AOI22_X1)                       0.03      0.04       0.58 r
  n216 (net)                     1                   0.00       0.58 r
  U425/ZN (OAI21_X1)                       0.01      0.03       0.61 f
  mux_1[20] (net)                1                   0.00       0.61 f
  reg_0_reg_20_/D (DFF_X1)                 0.01      0.01       0.62 f
  data arrival time                                             0.62

  max_delay                                          0.10       0.10
  library setup time                                -0.04       0.06
  data required time                                            0.06
  ------------------------------------------------------------------------------------------
  data required time                                            0.06
  data arrival time                                            -0.62
  ------------------------------------------------------------------------------------------
  slack (VIOLATED)                                             -0.56


  Startpoint: SEL_0 (input port)
  Endpoint: reg_0_reg_7_
            (rising edge-triggered flip-flop clocked by clk)
  Path Group: clk
  Path Type: max

  Des/Clust/Port     Wire Load Model       Library
  ------------------------------------------------
  adder              5K_hvratio_1_1        NangateOpenCellLibrary

Attributes:
    d - dont_touch
    u - dont_use
   mo - map_only
   so - size_only
    i - ideal_net or ideal_network
  inf - infeasible path

  Point                        Fanout     Trans      Incr       Path      Attributes
  ------------------------------------------------------------------------------------------
  input external delay                               0.00       0.00 r
  SEL_0 (in)                               0.00      0.00       0.00 r
  SEL_0 (net)                    6                   0.00       0.00 r
  U216/ZN (INV_X2)                         0.01      0.04       0.04 f
  n133 (net)                     8                   0.00       0.04 f
  U378/ZN (AOI21_X1)                       0.04      0.07       0.11 r
  iso_DATA_2[2] (net)            3                   0.00       0.11 r
  add_13_U3/Z (CLKBUF_X1)                  0.02      0.06       0.17 r
  add_13_n31 (net)               3                   0.00       0.17 r
  add_13_U251/ZN (OAI211_X1)               0.02      0.04       0.21 f
  add_13_n93 (net)               2                   0.00       0.21 f
  add_13_U61/ZN (AND3_X1)                  0.01      0.05       0.26 f
  add_13_n44 (net)               1                   0.00       0.26 f
  add_13_U102/ZN (OAI21_X1)                0.03      0.05       0.31 r
  add_13_n88 (net)               2                   0.00       0.31 r
  add_13_U203/ZN (NAND2_X1)                0.01      0.04       0.35 f
  add_13_n86 (net)               2                   0.00       0.35 f
  add_13_U30/ZN (AND2_X1)                  0.01      0.04       0.38 f
  add_13_n17 (net)               1                   0.00       0.38 f
  add_13_U21/ZN (OAI21_X1)                 0.03      0.05       0.44 r
  add_13_n81 (net)               2                   0.00       0.44 r
  add_13_U295/ZN (INV_X1)                  0.01      0.02       0.46 f
  add_13_n78 (net)               1                   0.00       0.46 f
  add_13_U293/ZN (OAI21_X1)                0.02      0.04       0.50 r
  add_13_n74 (net)               1                   0.00       0.50 r
  add_13_U292/ZN (XNOR2_X1)                0.02      0.06       0.56 r
  Add_0[7] (net)                 1                   0.00       0.56 r
  U400/ZN (AOI22_X1)                       0.01      0.03       0.59 f
  n188 (net)                     1                   0.00       0.59 f
  U214/ZN (NAND2_X1)                       0.01      0.03       0.62 r
  mux_1[7] (net)                 1                   0.00       0.62 r
  reg_0_reg_7_/D (DFF_X1)                  0.01      0.01       0.63 r
  data arrival time                                             0.63

  max_delay                                          0.10       0.10
  library setup time                                -0.03       0.07
  data required time                                            0.07
  ------------------------------------------------------------------------------------------
  data required time                                            0.07
  data arrival time                                            -0.63
  ------------------------------------------------------------------------------------------
  slack (VIOLATED)                                             -0.56


  Startpoint: SEL_0 (input port)
  Endpoint: reg_0_reg_15_
            (rising edge-triggered flip-flop clocked by clk)
  Path Group: clk
  Path Type: max

  Des/Clust/Port     Wire Load Model       Library
  ------------------------------------------------
  adder              5K_hvratio_1_1        NangateOpenCellLibrary

Attributes:
    d - dont_touch
    u - dont_use
   mo - map_only
   so - size_only
    i - ideal_net or ideal_network
  inf - infeasible path

  Point                        Fanout     Trans      Incr       Path      Attributes
  ------------------------------------------------------------------------------------------
  input external delay                               0.00       0.00 f
  SEL_0 (in)                               0.00      0.00       0.00 f
  SEL_0 (net)                    6                   0.00       0.00 f
  U206/ZN (INV_X1)                         0.01      0.03       0.03 r
  n106 (net)                     2                   0.00       0.03 r
  U226/ZN (AND2_X2)                        0.02      0.05       0.09 r
  n131 (net)                     5                   0.00       0.09 r
  U302/ZN (NOR2_X1)                        0.01      0.04       0.12 f
  iso_DATA_1[9] (net)            4                   0.00       0.12 f
  add_13_U289/ZN (OAI22_X1)                0.04      0.07       0.19 r
  add_13_n244 (net)              2                   0.00       0.19 r
  add_13_U4/Z (BUF_X1)                     0.01      0.04       0.23 r
  add_13_n3 (net)                1                   0.00       0.23 r
  add_13_U224/ZN (AOI21_X1)                0.01      0.02       0.25 f
  add_13_n293 (net)              1                   0.00       0.25 f
  add_13_U116/ZN (OAI21_X1)                0.04      0.06       0.31 r
  add_13_n283 (net)              3                   0.00       0.31 r
  add_13_U344/ZN (NAND3_X1)                0.01      0.04       0.35 f
  add_13_n282 (net)              1                   0.00       0.35 f
  add_13_U217/ZN (NAND2_X1)                0.01      0.03       0.39 r
  add_13_n275 (net)              2                   0.00       0.39 r
  add_13_U112/ZN (NAND2_X1)                0.01      0.03       0.42 f
  add_13_n277 (net)              2                   0.00       0.42 f
  add_13_U341/ZN (NAND3_X1)                0.01      0.03       0.45 r
  add_13_n271 (net)              1                   0.00       0.45 r
  add_13_U340/ZN (NAND3_X1)                0.01      0.03       0.48 f
  add_13_n268 (net)              1                   0.00       0.48 f
  add_13_U215/ZN (XNOR2_X1)                0.01      0.05       0.54 f
  Add_0[15] (net)                1                   0.00       0.54 f
  U415/ZN (NAND2_X1)                       0.01      0.03       0.56 r
  n204 (net)                     1                   0.00       0.56 r
  U416/ZN (OAI221_X1)                      0.02      0.04       0.61 f
  mux_1[15] (net)                1                   0.00       0.61 f
  reg_0_reg_15_/D (DFF_X1)                 0.02      0.01       0.61 f
  data arrival time                                             0.61

  max_delay                                          0.10       0.10
  library setup time                                -0.04       0.06
  data required time                                            0.06
  ------------------------------------------------------------------------------------------
  data required time                                            0.06
  data arrival time                                            -0.61
  ------------------------------------------------------------------------------------------
  slack (VIOLATED)                                             -0.56


  Startpoint: reg_0_reg_9_
              (rising edge-triggered flip-flop clocked by clk)
  Endpoint: reg_0[9] (output port)
  Path Group: default
  Path Type: max

  Des/Clust/Port     Wire Load Model       Library
  ------------------------------------------------
  adder              5K_hvratio_1_1        NangateOpenCellLibrary

Attributes:
    d - dont_touch
    u - dont_use
   mo - map_only
   so - size_only
    i - ideal_net or ideal_network
  inf - infeasible path

  Point                        Fanout     Trans      Incr       Path      Attributes
  ------------------------------------------------------------------------------------------
  reg_0_reg_9_/CK (DFF_X1)                 0.00      0.00       0.00 r
  reg_0_reg_9_/Q (DFF_X1)                  0.01      0.08       0.08 r
  reg_0[9] (net)                 1                   0.00       0.08 r
  reg_0[9] (out)                           0.01      0.00       0.08 r
  data arrival time                                             0.08

  max_delay                                          0.10       0.10
  output external delay                              0.00       0.10
  data required time                                            0.10
  ------------------------------------------------------------------------------------------
  data required time                                            0.10
  data arrival time                                            -0.08
  ------------------------------------------------------------------------------------------
  slack (MET)                                                   0.02


  Startpoint: reg_0_reg_8_
              (rising edge-triggered flip-flop clocked by clk)
  Endpoint: reg_0[8] (output port)
  Path Group: default
  Path Type: max

  Des/Clust/Port     Wire Load Model       Library
  ------------------------------------------------
  adder              5K_hvratio_1_1        NangateOpenCellLibrary

Attributes:
    d - dont_touch
    u - dont_use
   mo - map_only
   so - size_only
    i - ideal_net or ideal_network
  inf - infeasible path

  Point                        Fanout     Trans      Incr       Path      Attributes
  ------------------------------------------------------------------------------------------
  reg_0_reg_8_/CK (DFF_X1)                 0.00      0.00       0.00 r
  reg_0_reg_8_/Q (DFF_X1)                  0.01      0.08       0.08 r
  reg_0[8] (net)                 1                   0.00       0.08 r
  reg_0[8] (out)                           0.01      0.00       0.08 r
  data arrival time                                             0.08

  max_delay                                          0.10       0.10
  output external delay                              0.00       0.10
  data required time                                            0.10
  ------------------------------------------------------------------------------------------
  data required time                                            0.10
  data arrival time                                            -0.08
  ------------------------------------------------------------------------------------------
  slack (MET)                                                   0.02


  Startpoint: reg_0_reg_7_
              (rising edge-triggered flip-flop clocked by clk)
  Endpoint: reg_0[7] (output port)
  Path Group: default
  Path Type: max

  Des/Clust/Port     Wire Load Model       Library
  ------------------------------------------------
  adder              5K_hvratio_1_1        NangateOpenCellLibrary

Attributes:
    d - dont_touch
    u - dont_use
   mo - map_only
   so - size_only
    i - ideal_net or ideal_network
  inf - infeasible path

  Point                        Fanout     Trans      Incr       Path      Attributes
  ------------------------------------------------------------------------------------------
  reg_0_reg_7_/CK (DFF_X1)                 0.00      0.00       0.00 r
  reg_0_reg_7_/Q (DFF_X1)                  0.01      0.08       0.08 r
  reg_0[7] (net)                 1                   0.00       0.08 r
  reg_0[7] (out)                           0.01      0.00       0.08 r
  data arrival time                                             0.08

  max_delay                                          0.10       0.10
  output external delay                              0.00       0.10
  data required time                                            0.10
  ------------------------------------------------------------------------------------------
  data required time                                            0.10
  data arrival time                                            -0.08
  ------------------------------------------------------------------------------------------
  slack (MET)                                                   0.02


  Startpoint: reg_0_reg_6_
              (rising edge-triggered flip-flop clocked by clk)
  Endpoint: reg_0[6] (output port)
  Path Group: default
  Path Type: max

  Des/Clust/Port     Wire Load Model       Library
  ------------------------------------------------
  adder              5K_hvratio_1_1        NangateOpenCellLibrary

Attributes:
    d - dont_touch
    u - dont_use
   mo - map_only
   so - size_only
    i - ideal_net or ideal_network
  inf - infeasible path

  Point                        Fanout     Trans      Incr       Path      Attributes
  ------------------------------------------------------------------------------------------
  reg_0_reg_6_/CK (DFF_X1)                 0.00      0.00       0.00 r
  reg_0_reg_6_/Q (DFF_X1)                  0.01      0.08       0.08 r
  reg_0[6] (net)                 1                   0.00       0.08 r
  reg_0[6] (out)                           0.01      0.00       0.08 r
  data arrival time                                             0.08

  max_delay                                          0.10       0.10
  output external delay                              0.00       0.10
  data required time                                            0.10
  ------------------------------------------------------------------------------------------
  data required time                                            0.10
  data arrival time                                            -0.08
  ------------------------------------------------------------------------------------------
  slack (MET)                                                   0.02


  Startpoint: reg_0_reg_5_
              (rising edge-triggered flip-flop clocked by clk)
  Endpoint: reg_0[5] (output port)
  Path Group: default
  Path Type: max

  Des/Clust/Port     Wire Load Model       Library
  ------------------------------------------------
  adder              5K_hvratio_1_1        NangateOpenCellLibrary

Attributes:
    d - dont_touch
    u - dont_use
   mo - map_only
   so - size_only
    i - ideal_net or ideal_network
  inf - infeasible path

  Point                        Fanout     Trans      Incr       Path      Attributes
  ------------------------------------------------------------------------------------------
  reg_0_reg_5_/CK (DFF_X1)                 0.00      0.00       0.00 r
  reg_0_reg_5_/Q (DFF_X1)                  0.01      0.08       0.08 r
  reg_0[5] (net)                 1                   0.00       0.08 r
  reg_0[5] (out)                           0.01      0.00       0.08 r
  data arrival time                                             0.08

  max_delay                                          0.10       0.10
  output external delay                              0.00       0.10
  data required time                                            0.10
  ------------------------------------------------------------------------------------------
  data required time                                            0.10
  data arrival time                                            -0.08
  ------------------------------------------------------------------------------------------
  slack (MET)                                                   0.02


  Startpoint: reg_0_reg_4_
              (rising edge-triggered flip-flop clocked by clk)
  Endpoint: reg_0[4] (output port)
  Path Group: default
  Path Type: max

  Des/Clust/Port     Wire Load Model       Library
  ------------------------------------------------
  adder              5K_hvratio_1_1        NangateOpenCellLibrary

Attributes:
    d - dont_touch
    u - dont_use
   mo - map_only
   so - size_only
    i - ideal_net or ideal_network
  inf - infeasible path

  Point                        Fanout     Trans      Incr       Path      Attributes
  ------------------------------------------------------------------------------------------
  reg_0_reg_4_/CK (DFF_X1)                 0.00      0.00       0.00 r
  reg_0_reg_4_/Q (DFF_X1)                  0.01      0.08       0.08 r
  reg_0[4] (net)                 1                   0.00       0.08 r
  reg_0[4] (out)                           0.01      0.00       0.08 r
  data arrival time                                             0.08

  max_delay                                          0.10       0.10
  output external delay                              0.00       0.10
  data required time                                            0.10
  ------------------------------------------------------------------------------------------
  data required time                                            0.10
  data arrival time                                            -0.08
  ------------------------------------------------------------------------------------------
  slack (MET)                                                   0.02


  Startpoint: reg_0_reg_3_
              (rising edge-triggered flip-flop clocked by clk)
  Endpoint: reg_0[3] (output port)
  Path Group: default
  Path Type: max

  Des/Clust/Port     Wire Load Model       Library
  ------------------------------------------------
  adder              5K_hvratio_1_1        NangateOpenCellLibrary

Attributes:
    d - dont_touch
    u - dont_use
   mo - map_only
   so - size_only
    i - ideal_net or ideal_network
  inf - infeasible path

  Point                        Fanout     Trans      Incr       Path      Attributes
  ------------------------------------------------------------------------------------------
  reg_0_reg_3_/CK (DFF_X1)                 0.00      0.00       0.00 r
  reg_0_reg_3_/Q (DFF_X1)                  0.01      0.08       0.08 r
  reg_0[3] (net)                 1                   0.00       0.08 r
  reg_0[3] (out)                           0.01      0.00       0.08 r
  data arrival time                                             0.08

  max_delay                                          0.10       0.10
  output external delay                              0.00       0.10
  data required time                                            0.10
  ------------------------------------------------------------------------------------------
  data required time                                            0.10
  data arrival time                                            -0.08
  ------------------------------------------------------------------------------------------
  slack (MET)                                                   0.02


  Startpoint: reg_0_reg_2_
              (rising edge-triggered flip-flop clocked by clk)
  Endpoint: reg_0[2] (output port)
  Path Group: default
  Path Type: max

  Des/Clust/Port     Wire Load Model       Library
  ------------------------------------------------
  adder              5K_hvratio_1_1        NangateOpenCellLibrary

Attributes:
    d - dont_touch
    u - dont_use
   mo - map_only
   so - size_only
    i - ideal_net or ideal_network
  inf - infeasible path

  Point                        Fanout     Trans      Incr       Path      Attributes
  ------------------------------------------------------------------------------------------
  reg_0_reg_2_/CK (DFF_X1)                 0.00      0.00       0.00 r
  reg_0_reg_2_/Q (DFF_X1)                  0.01      0.08       0.08 r
  reg_0[2] (net)                 1                   0.00       0.08 r
  reg_0[2] (out)                           0.01      0.00       0.08 r
  data arrival time                                             0.08

  max_delay                                          0.10       0.10
  output external delay                              0.00       0.10
  data required time                                            0.10
  ------------------------------------------------------------------------------------------
  data required time                                            0.10
  data arrival time                                            -0.08
  ------------------------------------------------------------------------------------------
  slack (MET)                                                   0.02


  Startpoint: reg_0_reg_1_
              (rising edge-triggered flip-flop clocked by clk)
  Endpoint: reg_0[1] (output port)
  Path Group: default
  Path Type: max

  Des/Clust/Port     Wire Load Model       Library
  ------------------------------------------------
  adder              5K_hvratio_1_1        NangateOpenCellLibrary

Attributes:
    d - dont_touch
    u - dont_use
   mo - map_only
   so - size_only
    i - ideal_net or ideal_network
  inf - infeasible path

  Point                        Fanout     Trans      Incr       Path      Attributes
  ------------------------------------------------------------------------------------------
  reg_0_reg_1_/CK (DFF_X1)                 0.00      0.00       0.00 r
  reg_0_reg_1_/Q (DFF_X1)                  0.01      0.08       0.08 r
  reg_0[1] (net)                 1                   0.00       0.08 r
  reg_0[1] (out)                           0.01      0.00       0.08 r
  data arrival time                                             0.08

  max_delay                                          0.10       0.10
  output external delay                              0.00       0.10
  data required time                                            0.10
  ------------------------------------------------------------------------------------------
  data required time                                            0.10
  data arrival time                                            -0.08
  ------------------------------------------------------------------------------------------
  slack (MET)                                                   0.02


  Startpoint: reg_0_reg_0_
              (rising edge-triggered flip-flop clocked by clk)
  Endpoint: reg_0[0] (output port)
  Path Group: default
  Path Type: max

  Des/Clust/Port     Wire Load Model       Library
  ------------------------------------------------
  adder              5K_hvratio_1_1        NangateOpenCellLibrary

Attributes:
    d - dont_touch
    u - dont_use
   mo - map_only
   so - size_only
    i - ideal_net or ideal_network
  inf - infeasible path

  Point                        Fanout     Trans      Incr       Path      Attributes
  ------------------------------------------------------------------------------------------
  reg_0_reg_0_/CK (DFF_X1)                 0.00      0.00       0.00 r
  reg_0_reg_0_/Q (DFF_X1)                  0.01      0.08       0.08 r
  reg_0[0] (net)                 1                   0.00       0.08 r
  reg_0[0] (out)                           0.01      0.00       0.08 r
  data arrival time                                             0.08

  max_delay                                          0.10       0.10
  output external delay                              0.00       0.10
  data required time                                            0.10
  ------------------------------------------------------------------------------------------
  data required time                                            0.10
  data arrival time                                            -0.08
  ------------------------------------------------------------------------------------------
  slack (MET)                                                   0.02


1
