 
****************************************
Report : area
Design : sub_4bit_ref
Version: T-2022.03-SP2
Date   : Mon May 12 03:10:03 2025
****************************************

Library(s) Used:

    NangateOpenCellLibrary (File: /temp2tb/luyao/lib/NangateOpenCellLibrary_PDKv1_3_v2010_12/db/typical.db)

Number of ports:                           13
Number of nets:                            39
Number of cells:                           31
Number of combinational cells:             31
Number of sequential cells:                 0
Number of macros/black boxes:               0
Number of buf/inv:                         11
Number of references:                      10

Combinational area:                 29.792000
Buf/Inv area:                        6.118000
Noncombinational area:               0.000000
Macro/Black Box area:                0.000000
Net Interconnect area:      undefined  (Wire load has zero net area)

Total cell area:                    29.792000
Total area:                 undefined

Hierarchical area distribution
------------------------------

                                  Global cell area          Local cell area
                                  ------------------  --------------------------- 
Hierarchical cell                 Absolute   Percent  Combi-    Noncombi-  Black-
                                  Total      Total    national  national   boxes   Design
--------------------------------  ---------  -------  --------  ---------  ------  ---------
sub_4bit_ref                        29.7920    100.0   29.7920     0.0000  0.0000  sub_4bit_ref
--------------------------------  ---------  -------  --------  ---------  ------  ---------
Total                                                  29.7920     0.0000  0.0000

1
