Information: Updating design information... (UID-85)
 
****************************************
Report : qor
Design : sub_4bit_ref
Version: T-2022.03-SP2
Date   : Mon May 12 03:10:03 2025
****************************************


  Timing Path Group 'default'
  -----------------------------------
  Levels of Logic:               6.00
  Critical Path Length:          0.23
  Critical Path Slack:          -0.13
  Critical Path Clk Period:       n/a
  Total Negative Slack:         -0.40
  No. of Violating Paths:        4.00
  Worst Hold Violation:          0.00
  Total Hold Violation:          0.00
  No. of Hold Violations:        0.00
  -----------------------------------


  Cell Count
  -----------------------------------
  Hierarchical Cell Count:          0
  Hierarchical Port Count:          0
  Leaf Cell Count:                 31
  Buf/Inv Cell Count:              11
  Buf Cell Count:                   1
  Inv Cell Count:                  10
  CT Buf/Inv Cell Count:            0
  Combinational Cell Count:        31
  Sequential Cell Count:            0
  Macro Count:                      0
  -----------------------------------


  Area
  -----------------------------------
  Combinational Area:       29.792000
  Noncombinational Area:     0.000000
  Buf/Inv Area:              6.118000
  Total Buffer Area:             0.80
  Total Inverter Area:           5.32
  Macro/Black Box Area:      0.000000
  Net Area:                  0.000000
  -----------------------------------
  Cell Area:                29.792000
  Design Area:              29.792000


  Design Rules
  -----------------------------------
  Total Number of Nets:            39
  Nets With Violations:             0
  Max Trans Violations:             0
  Max Cap Violations:               0
  -----------------------------------


  Hostname: acf3030

  Compile CPU Statistics
  -----------------------------------------
  Resource Sharing:                    0.03
  Logic Optimization:                  0.09
  Mapping Optimization:                0.14
  -----------------------------------------
  Overall Compile Time:                0.64
  Overall Compile Wall Clock Time:     0.87

  --------------------------------------------------------------------

  Design  WNS: 0.13  TNS: 0.40  Number of Violating Paths: 4


  Design (Hold)  WNS: 0.00  TNS: 0.00  Number of Violating Paths: 0

  --------------------------------------------------------------------


1
