 
****************************************
Report : timing
        -path full
        -delay max
        -nets
        -max_paths 10
        -transition_time
Design : sub_4bit_ref
Version: T-2022.03-SP2
Date   : Mon May 12 03:10:03 2025
****************************************

Operating Conditions: typical   Library: NangateOpenCellLibrary
Wire Load Model Mode: top

  Startpoint: b[1] (input port)
  Endpoint: overflow (output port)
  Path Group: default
  Path Type: max

  Des/Clust/Port     Wire Load Model       Library
  ------------------------------------------------
  sub_4bit_ref       5K_hvratio_1_1        NangateOpenCellLibrary

Attributes:
    d - dont_touch
    u - dont_use
   mo - map_only
   so - size_only
    i - ideal_net or ideal_network
  inf - infeasible path

  Point                        Fanout     Trans      Incr       Path      Attributes
  ------------------------------------------------------------------------------------------
  input external delay                               0.00       0.00 r
  b[1] (in)                                0.00      0.00       0.00 r
  b[1] (net)                     2                   0.00       0.00 r
  U22/ZN (INV_X1)                          0.00      0.02       0.02 f
  n10 (net)                      1                   0.00       0.02 f
  U21/ZN (OAI22_X1)                        0.03      0.05       0.07 r
  n14 (net)                      1                   0.00       0.07 r
  U20/ZN (NAND2_X1)                        0.01      0.04       0.10 f
  n27 (net)                      3                   0.00       0.10 f
  U30/ZN (NAND3_X1)                        0.01      0.03       0.14 r
  n17 (net)                      1                   0.00       0.14 r
  U8/ZN (NAND3_X1)                         0.01      0.03       0.17 f
  n22 (net)                      1                   0.00       0.17 f
  U23/ZN (XNOR2_X1)                        0.01      0.05       0.23 f
  overflow (net)                 1                   0.00       0.23 f
  overflow (out)                           0.01      0.00       0.23 f
  data arrival time                                             0.23

  max_delay                                          0.10       0.10
  output external delay                              0.00       0.10
  data required time                                            0.10
  ------------------------------------------------------------------------------------------
  data required time                                            0.10
  data arrival time                                            -0.23
  ------------------------------------------------------------------------------------------
  slack (VIOLATED)                                             -0.13


  Startpoint: b[1] (input port)
  Endpoint: diff[3] (output port)
  Path Group: default
  Path Type: max

  Des/Clust/Port     Wire Load Model       Library
  ------------------------------------------------
  sub_4bit_ref       5K_hvratio_1_1        NangateOpenCellLibrary

Attributes:
    d - dont_touch
    u - dont_use
   mo - map_only
   so - size_only
    i - ideal_net or ideal_network
  inf - infeasible path

  Point                        Fanout     Trans      Incr       Path      Attributes
  ------------------------------------------------------------------------------------------
  input external delay                               0.00       0.00 r
  b[1] (in)                                0.00      0.00       0.00 r
  b[1] (net)                     2                   0.00       0.00 r
  U22/ZN (INV_X1)                          0.00      0.02       0.02 f
  n10 (net)                      1                   0.00       0.02 f
  U21/ZN (OAI22_X1)                        0.03      0.05       0.07 r
  n14 (net)                      1                   0.00       0.07 r
  U20/ZN (NAND2_X1)                        0.01      0.04       0.10 f
  n27 (net)                      3                   0.00       0.10 f
  U18/ZN (AOI21_X1)                        0.04      0.06       0.16 r
  n21 (net)                      2                   0.00       0.16 r
  U12/ZN (XNOR2_X1)                        0.01      0.06       0.23 r
  diff[3] (net)                  1                   0.00       0.23 r
  diff[3] (out)                            0.01      0.00       0.23 r
  data arrival time                                             0.23

  max_delay                                          0.10       0.10
  output external delay                              0.00       0.10
  data required time                                            0.10
  ------------------------------------------------------------------------------------------
  data required time                                            0.10
  data arrival time                                            -0.23
  ------------------------------------------------------------------------------------------
  slack (VIOLATED)                                             -0.13


  Startpoint: b[1] (input port)
  Endpoint: diff[2] (output port)
  Path Group: default
  Path Type: max

  Des/Clust/Port     Wire Load Model       Library
  ------------------------------------------------
  sub_4bit_ref       5K_hvratio_1_1        NangateOpenCellLibrary

Attributes:
    d - dont_touch
    u - dont_use
   mo - map_only
   so - size_only
    i - ideal_net or ideal_network
  inf - infeasible path

  Point                        Fanout     Trans      Incr       Path      Attributes
  ------------------------------------------------------------------------------------------
  input external delay                               0.00       0.00 r
  b[1] (in)                                0.00      0.00       0.00 r
  b[1] (net)                     2                   0.00       0.00 r
  U22/ZN (INV_X1)                          0.00      0.02       0.02 f
  n10 (net)                      1                   0.00       0.02 f
  U21/ZN (OAI22_X1)                        0.03      0.05       0.07 r
  n14 (net)                      1                   0.00       0.07 r
  U20/ZN (NAND2_X1)                        0.01      0.04       0.10 f
  n27 (net)                      3                   0.00       0.10 f
  U9/Z (CLKBUF_X1)                         0.01      0.04       0.15 f
  n6 (net)                       1                   0.00       0.15 f
  U4/ZN (XNOR2_X1)                         0.01      0.05       0.20 f
  diff[2] (net)                  1                   0.00       0.20 f
  diff[2] (out)                            0.01      0.00       0.20 f
  data arrival time                                             0.20

  max_delay                                          0.10       0.10
  output external delay                              0.00       0.10
  data required time                                            0.10
  ------------------------------------------------------------------------------------------
  data required time                                            0.10
  data arrival time                                            -0.20
  ------------------------------------------------------------------------------------------
  slack (VIOLATED)                                             -0.10


  Startpoint: b[1] (input port)
  Endpoint: diff[1] (output port)
  Path Group: default
  Path Type: max

  Des/Clust/Port     Wire Load Model       Library
  ------------------------------------------------
  sub_4bit_ref       5K_hvratio_1_1        NangateOpenCellLibrary

Attributes:
    d - dont_touch
    u - dont_use
   mo - map_only
   so - size_only
    i - ideal_net or ideal_network
  inf - infeasible path

  Point                        Fanout     Trans      Incr       Path      Attributes
  ------------------------------------------------------------------------------------------
  input external delay                               0.00       0.00 f
  b[1] (in)                                0.00      0.00       0.00 f
  b[1] (net)                     2                   0.00       0.00 f
  U17/ZN (INV_X1)                          0.01      0.03       0.03 r
  n12 (net)                      2                   0.00       0.03 r
  U15/ZN (XNOR2_X1)                        0.02      0.06       0.09 r
  n25 (net)                      1                   0.00       0.09 r
  U14/ZN (XNOR2_X1)                        0.01      0.06       0.15 r
  diff[1] (net)                  1                   0.00       0.15 r
  diff[1] (out)                            0.01      0.00       0.15 r
  data arrival time                                             0.15

  max_delay                                          0.10       0.10
  output external delay                              0.00       0.10
  data required time                                            0.10
  ------------------------------------------------------------------------------------------
  data required time                                            0.10
  data arrival time                                            -0.15
  ------------------------------------------------------------------------------------------
  slack (VIOLATED)                                             -0.05


  Startpoint: a[0] (input port)
  Endpoint: diff[0] (output port)
  Path Group: default
  Path Type: max

  Des/Clust/Port     Wire Load Model       Library
  ------------------------------------------------
  sub_4bit_ref       5K_hvratio_1_1        NangateOpenCellLibrary

Attributes:
    d - dont_touch
    u - dont_use
   mo - map_only
   so - size_only
    i - ideal_net or ideal_network
  inf - infeasible path

  Point                        Fanout     Trans      Incr       Path      Attributes
  ------------------------------------------------------------------------------------------
  input external delay                               0.00       0.00 f
  a[0] (in)                                0.00      0.00       0.00 f
  a[0] (net)                     2                   0.00       0.00 f
  U32/ZN (INV_X1)                          0.01      0.03       0.03 r
  n23 (net)                      2                   0.00       0.03 r
  U33/ZN (NAND2_X1)                        0.01      0.03       0.06 f
  n24 (net)                      2                   0.00       0.06 f
  U34/ZN (OAI21_X1)                        0.01      0.03       0.09 r
  diff[0] (net)                  1                   0.00       0.09 r
  diff[0] (out)                            0.01      0.00       0.09 r
  data arrival time                                             0.09

  max_delay                                          0.10       0.10
  output external delay                              0.00       0.10
  data required time                                            0.10
  ------------------------------------------------------------------------------------------
  data required time                                            0.10
  data arrival time                                            -0.09
  ------------------------------------------------------------------------------------------
  slack (MET)                                                   0.01


1
