 
****************************************
Report : area
Design : divider_16bit_ref
Version: T-2022.03-SP2
Date   : Mon May 12 02:45:45 2025
****************************************

Library(s) Used:

    NangateOpenCellLibrary (File: /temp2tb/luyao/lib/NangateOpenCellLibrary_PDKv1_3_v2010_12/db/typical.db)

Number of ports:                           56
Number of nets:                          2567
Number of cells:                         2543
Number of combinational cells:           2543
Number of sequential cells:                 0
Number of macros/black boxes:               0
Number of buf/inv:                        771
Number of references:                      42

Combinational area:               2426.185999
Buf/Inv area:                      460.180001
Noncombinational area:               0.000000
Macro/Black Box area:                0.000000
Net Interconnect area:      undefined  (Wire load has zero net area)

Total cell area:                  2426.185999
Total area:                 undefined

Hierarchical area distribution
------------------------------

                                  Global cell area          Local cell area
                                  ------------------  ---------------------------- 
Hierarchical cell                 Absolute   Percent  Combi-     Noncombi-  Black-
                                  Total      Total    national   national   boxes   Design
--------------------------------  ---------  -------  ---------  ---------  ------  ---------
divider_16bit_ref                 2426.1860    100.0  2426.1860     0.0000  0.0000  divider_16bit_ref
--------------------------------  ---------  -------  ---------  ---------  ------  ---------
Total                                                 2426.1860     0.0000  0.0000

1
