 
****************************************
Report : area
Design : mux_dead_ref
Version: T-2022.03-SP2
Date   : Mon May 12 03:08:15 2025
****************************************

Library(s) Used:

    NangateOpenCellLibrary (File: /temp2tb/luyao/lib/NangateOpenCellLibrary_PDKv1_3_v2010_12/db/typical.db)

Number of ports:                           26
Number of nets:                            41
Number of cells:                           25
Number of combinational cells:             24
Number of sequential cells:                 1
Number of macros/black boxes:               0
Number of buf/inv:                          0
Number of references:                       4

Combinational area:                 31.920000
Buf/Inv area:                        0.000000
Noncombinational area:               0.000000
Macro/Black Box area:                0.000000
Net Interconnect area:      undefined  (Wire load has zero net area)

Total cell area:                    31.920000
Total area:                 undefined

Information: This design contains black box (unknown) components. (RPT-8)

Hierarchical area distribution
------------------------------

                                  Global cell area          Local cell area
                                  ------------------  --------------------------- 
Hierarchical cell                 Absolute   Percent  Combi-    Noncombi-  Black-
                                  Total      Total    national  national   boxes   Design
--------------------------------  ---------  -------  --------  ---------  ------  ---------
mux_dead_ref                        31.9200    100.0   31.9200     0.0000  0.0000  mux_dead_ref
--------------------------------  ---------  -------  --------  ---------  ------  ---------
Total                                                  31.9200     0.0000  0.0000

1
