 
****************************************
Report : timing
        -path full
        -delay max
        -nets
        -max_paths 10
        -transition_time
Design : addr_calcu_ref
Version: T-2022.03-SP2
Date   : Wed May 14 19:07:17 2025
****************************************

Operating Conditions: typical   Library: NangateOpenCellLibrary
Wire Load Model Mode: top

  Startpoint: control (input port)
  Endpoint: count[15] (output port)
  Path Group: default
  Path Type: max

  Des/Clust/Port     Wire Load Model       Library
  ------------------------------------------------
  addr_calcu_ref     5K_hvratio_1_1        NangateOpenCellLibrary

Attributes:
    d - dont_touch
    u - dont_use
   mo - map_only
   so - size_only
    i - ideal_net or ideal_network
  inf - infeasible path

  Point                        Fanout     Trans      Incr       Path      Attributes
  ------------------------------------------------------------------------------------------
  input external delay                               0.00       0.00 r
  control (in)                             0.00      0.00       0.00 r
  control (net)                 11                   0.00       0.00 r
  U85/ZN (INV_X1)                          0.00      0.02       0.02 f
  n90 (net)                      1                   0.00       0.02 f
  U112/ZN (OAI33_X1)                       0.06      0.08       0.10 r
  n83 (net)                      1                   0.00       0.10 r
  U114/Z (XOR2_X1)                         0.03      0.08       0.18 r
  offset[2] (net)                2                   0.00       0.18 r
  sub_16_U81/ZN (NAND2_X1)                 0.01      0.04       0.22 f
  sub_16_n55 (net)               3                   0.00       0.22 f
  sub_16_U3/ZN (NAND2_X1)                  0.01      0.03       0.25 r
  sub_16_n64 (net)               1                   0.00       0.25 r
  sub_16_U61/ZN (NOR2_X1)                  0.01      0.02       0.27 f
  sub_16_n60 (net)               1                   0.00       0.27 f
  sub_16_U68/ZN (NOR2_X1)                  0.03      0.04       0.32 r
  sub_16_n51 (net)               2                   0.00       0.32 r
  sub_16_U8/ZN (NAND2_X1)                  0.01      0.04       0.36 f
  sub_16_n2 (net)                2                   0.00       0.36 f
  sub_16_U78/ZN (XNOR2_X1)                 0.04      0.07       0.42 r
  addr_4_ (net)                  3                   0.00       0.42 r
  U154/ZN (OAI21_X1)                       0.01      0.04       0.47 f
  n120 (net)                     1                   0.00       0.47 f
  U155/ZN (OAI21_X1)                       0.02      0.03       0.50 r
  n132 (net)                     1                   0.00       0.50 r
  U158/ZN (OAI211_X1)                      0.02      0.05       0.55 f
  n133 (net)                     2                   0.00       0.55 f
  U57/ZN (NAND3_X1)                        0.01      0.04       0.58 r
  n143 (net)                     1                   0.00       0.58 r
  U161/ZN (OAI211_X1)                      0.02      0.04       0.62 f
  n145 (net)                     2                   0.00       0.62 f
  U42/ZN (AND2_X1)                         0.01      0.04       0.67 f
  count[13] (net)                4                   0.00       0.67 f
  U29/Z (CLKBUF_X1)                        0.00      0.03       0.70 f
  count[15] (net)                1                   0.00       0.70 f
  count[15] (out)                          0.00      0.00       0.70 f
  data arrival time                                             0.70

  max_delay                                          0.10       0.10
  output external delay                              0.00       0.10
  data required time                                            0.10
  ------------------------------------------------------------------------------------------
  data required time                                            0.10
  data arrival time                                            -0.70
  ------------------------------------------------------------------------------------------
  slack (VIOLATED)                                             -0.60


  Startpoint: control (input port)
  Endpoint: count[10] (output port)
  Path Group: default
  Path Type: max

  Des/Clust/Port     Wire Load Model       Library
  ------------------------------------------------
  addr_calcu_ref     5K_hvratio_1_1        NangateOpenCellLibrary

Attributes:
    d - dont_touch
    u - dont_use
   mo - map_only
   so - size_only
    i - ideal_net or ideal_network
  inf - infeasible path

  Point                        Fanout     Trans      Incr       Path      Attributes
  ------------------------------------------------------------------------------------------
  input external delay                               0.00       0.00 r
  control (in)                             0.00      0.00       0.00 r
  control (net)                 11                   0.00       0.00 r
  U85/ZN (INV_X1)                          0.00      0.02       0.02 f
  n90 (net)                      1                   0.00       0.02 f
  U112/ZN (OAI33_X1)                       0.06      0.08       0.10 r
  n83 (net)                      1                   0.00       0.10 r
  U114/Z (XOR2_X1)                         0.03      0.08       0.18 r
  offset[2] (net)                2                   0.00       0.18 r
  sub_16_U81/ZN (NAND2_X1)                 0.01      0.04       0.22 f
  sub_16_n55 (net)               3                   0.00       0.22 f
  sub_16_U3/ZN (NAND2_X1)                  0.01      0.03       0.25 r
  sub_16_n64 (net)               1                   0.00       0.25 r
  sub_16_U61/ZN (NOR2_X1)                  0.01      0.02       0.27 f
  sub_16_n60 (net)               1                   0.00       0.27 f
  sub_16_U68/ZN (NOR2_X1)                  0.03      0.04       0.32 r
  sub_16_n51 (net)               2                   0.00       0.32 r
  sub_16_U8/ZN (NAND2_X1)                  0.01      0.04       0.36 f
  sub_16_n2 (net)                2                   0.00       0.36 f
  sub_16_U78/ZN (XNOR2_X1)                 0.04      0.07       0.42 r
  addr_4_ (net)                  3                   0.00       0.42 r
  U154/ZN (OAI21_X1)                       0.01      0.04       0.47 f
  n120 (net)                     1                   0.00       0.47 f
  U155/ZN (OAI21_X1)                       0.02      0.03       0.50 r
  n132 (net)                     1                   0.00       0.50 r
  U158/ZN (OAI211_X1)                      0.02      0.05       0.55 f
  n133 (net)                     2                   0.00       0.55 f
  U57/ZN (NAND3_X1)                        0.01      0.04       0.58 r
  n143 (net)                     1                   0.00       0.58 r
  U161/ZN (OAI211_X1)                      0.02      0.04       0.62 f
  n145 (net)                     2                   0.00       0.62 f
  U42/ZN (AND2_X1)                         0.01      0.04       0.67 f
  count[13] (net)                4                   0.00       0.67 f
  U31/Z (CLKBUF_X1)                        0.00      0.03       0.70 f
  count[10] (net)                1                   0.00       0.70 f
  count[10] (out)                          0.00      0.00       0.70 f
  data arrival time                                             0.70

  max_delay                                          0.10       0.10
  output external delay                              0.00       0.10
  data required time                                            0.10
  ------------------------------------------------------------------------------------------
  data required time                                            0.10
  data arrival time                                            -0.70
  ------------------------------------------------------------------------------------------
  slack (VIOLATED)                                             -0.60


  Startpoint: control (input port)
  Endpoint: count[9] (output port)
  Path Group: default
  Path Type: max

  Des/Clust/Port     Wire Load Model       Library
  ------------------------------------------------
  addr_calcu_ref     5K_hvratio_1_1        NangateOpenCellLibrary

Attributes:
    d - dont_touch
    u - dont_use
   mo - map_only
   so - size_only
    i - ideal_net or ideal_network
  inf - infeasible path

  Point                        Fanout     Trans      Incr       Path      Attributes
  ------------------------------------------------------------------------------------------
  input external delay                               0.00       0.00 r
  control (in)                             0.00      0.00       0.00 r
  control (net)                 11                   0.00       0.00 r
  U85/ZN (INV_X1)                          0.00      0.02       0.02 f
  n90 (net)                      1                   0.00       0.02 f
  U112/ZN (OAI33_X1)                       0.06      0.08       0.10 r
  n83 (net)                      1                   0.00       0.10 r
  U114/Z (XOR2_X1)                         0.03      0.08       0.18 r
  offset[2] (net)                2                   0.00       0.18 r
  sub_16_U81/ZN (NAND2_X1)                 0.01      0.04       0.22 f
  sub_16_n55 (net)               3                   0.00       0.22 f
  sub_16_U3/ZN (NAND2_X1)                  0.01      0.03       0.25 r
  sub_16_n64 (net)               1                   0.00       0.25 r
  sub_16_U61/ZN (NOR2_X1)                  0.01      0.02       0.27 f
  sub_16_n60 (net)               1                   0.00       0.27 f
  sub_16_U68/ZN (NOR2_X1)                  0.03      0.04       0.32 r
  sub_16_n51 (net)               2                   0.00       0.32 r
  sub_16_U8/ZN (NAND2_X1)                  0.01      0.04       0.36 f
  sub_16_n2 (net)                2                   0.00       0.36 f
  sub_16_U78/ZN (XNOR2_X1)                 0.04      0.07       0.42 r
  addr_4_ (net)                  3                   0.00       0.42 r
  U154/ZN (OAI21_X1)                       0.01      0.04       0.47 f
  n120 (net)                     1                   0.00       0.47 f
  U155/ZN (OAI21_X1)                       0.02      0.03       0.50 r
  n132 (net)                     1                   0.00       0.50 r
  U158/ZN (OAI211_X1)                      0.02      0.05       0.55 f
  n133 (net)                     2                   0.00       0.55 f
  U57/ZN (NAND3_X1)                        0.01      0.04       0.58 r
  n143 (net)                     1                   0.00       0.58 r
  U161/ZN (OAI211_X1)                      0.02      0.04       0.62 f
  n145 (net)                     2                   0.00       0.62 f
  U42/ZN (AND2_X1)                         0.01      0.04       0.67 f
  count[13] (net)                4                   0.00       0.67 f
  U30/Z (CLKBUF_X1)                        0.00      0.03       0.70 f
  count[9] (net)                 1                   0.00       0.70 f
  count[9] (out)                           0.00      0.00       0.70 f
  data arrival time                                             0.70

  max_delay                                          0.10       0.10
  output external delay                              0.00       0.10
  data required time                                            0.10
  ------------------------------------------------------------------------------------------
  data required time                                            0.10
  data arrival time                                            -0.70
  ------------------------------------------------------------------------------------------
  slack (VIOLATED)                                             -0.60


  Startpoint: control (input port)
  Endpoint: count[8] (output port)
  Path Group: default
  Path Type: max

  Des/Clust/Port     Wire Load Model       Library
  ------------------------------------------------
  addr_calcu_ref     5K_hvratio_1_1        NangateOpenCellLibrary

Attributes:
    d - dont_touch
    u - dont_use
   mo - map_only
   so - size_only
    i - ideal_net or ideal_network
  inf - infeasible path

  Point                        Fanout     Trans      Incr       Path      Attributes
  ------------------------------------------------------------------------------------------
  input external delay                               0.00       0.00 r
  control (in)                             0.00      0.00       0.00 r
  control (net)                 11                   0.00       0.00 r
  U85/ZN (INV_X1)                          0.00      0.02       0.02 f
  n90 (net)                      1                   0.00       0.02 f
  U112/ZN (OAI33_X1)                       0.06      0.08       0.10 r
  n83 (net)                      1                   0.00       0.10 r
  U114/Z (XOR2_X1)                         0.03      0.08       0.18 r
  offset[2] (net)                2                   0.00       0.18 r
  sub_16_U81/ZN (NAND2_X1)                 0.01      0.04       0.22 f
  sub_16_n55 (net)               3                   0.00       0.22 f
  sub_16_U3/ZN (NAND2_X1)                  0.01      0.03       0.25 r
  sub_16_n64 (net)               1                   0.00       0.25 r
  sub_16_U61/ZN (NOR2_X1)                  0.01      0.02       0.27 f
  sub_16_n60 (net)               1                   0.00       0.27 f
  sub_16_U68/ZN (NOR2_X1)                  0.03      0.04       0.32 r
  sub_16_n51 (net)               2                   0.00       0.32 r
  sub_16_U8/ZN (NAND2_X1)                  0.01      0.04       0.36 f
  sub_16_n2 (net)                2                   0.00       0.36 f
  sub_16_U80/ZN (NAND2_X1)                 0.01      0.03       0.39 r
  sub_16_n47 (net)               1                   0.00       0.39 r
  sub_16_U62/ZN (NAND2_X1)                 0.01      0.03       0.41 f
  sub_16_n43 (net)               1                   0.00       0.41 f
  sub_16_U4/ZN (XNOR2_X1)                  0.04      0.06       0.48 r
  addr_5_ (net)                  3                   0.00       0.48 r
  U132/ZN (INV_X1)                         0.02      0.04       0.52 f
  n134 (net)                     4                   0.00       0.52 f
  U60/ZN (OAI221_X1)                       0.05      0.08       0.60 r
  n43 (net)                      2                   0.00       0.60 r
  U93/ZN (OAI211_X1)                       0.02      0.05       0.64 f
  n138 (net)                     1                   0.00       0.64 f
  U92/ZN (NAND2_X1)                        0.01      0.03       0.67 r
  n139 (net)                     1                   0.00       0.67 r
  U51/ZN (NAND3_X1)                        0.01      0.03       0.70 f
  count[8] (net)                 1                   0.00       0.70 f
  count[8] (out)                           0.01      0.00       0.70 f
  data arrival time                                             0.70

  max_delay                                          0.10       0.10
  output external delay                              0.00       0.10
  data required time                                            0.10
  ------------------------------------------------------------------------------------------
  data required time                                            0.10
  data arrival time                                            -0.70
  ------------------------------------------------------------------------------------------
  slack (VIOLATED)                                             -0.60


  Startpoint: control (input port)
  Endpoint: count[12] (output port)
  Path Group: default
  Path Type: max

  Des/Clust/Port     Wire Load Model       Library
  ------------------------------------------------
  addr_calcu_ref     5K_hvratio_1_1        NangateOpenCellLibrary

Attributes:
    d - dont_touch
    u - dont_use
   mo - map_only
   so - size_only
    i - ideal_net or ideal_network
  inf - infeasible path

  Point                        Fanout     Trans      Incr       Path      Attributes
  ------------------------------------------------------------------------------------------
  input external delay                               0.00       0.00 r
  control (in)                             0.00      0.00       0.00 r
  control (net)                 11                   0.00       0.00 r
  U85/ZN (INV_X1)                          0.00      0.02       0.02 f
  n90 (net)                      1                   0.00       0.02 f
  U112/ZN (OAI33_X1)                       0.06      0.08       0.10 r
  n83 (net)                      1                   0.00       0.10 r
  U114/Z (XOR2_X1)                         0.03      0.08       0.18 r
  offset[2] (net)                2                   0.00       0.18 r
  sub_16_U81/ZN (NAND2_X1)                 0.01      0.04       0.22 f
  sub_16_n55 (net)               3                   0.00       0.22 f
  sub_16_U3/ZN (NAND2_X1)                  0.01      0.03       0.25 r
  sub_16_n64 (net)               1                   0.00       0.25 r
  sub_16_U61/ZN (NOR2_X1)                  0.01      0.02       0.27 f
  sub_16_n60 (net)               1                   0.00       0.27 f
  sub_16_U68/ZN (NOR2_X1)                  0.03      0.04       0.32 r
  sub_16_n51 (net)               2                   0.00       0.32 r
  sub_16_U8/ZN (NAND2_X1)                  0.01      0.04       0.36 f
  sub_16_n2 (net)                2                   0.00       0.36 f
  sub_16_U78/ZN (XNOR2_X1)                 0.04      0.07       0.42 r
  addr_4_ (net)                  3                   0.00       0.42 r
  U154/ZN (OAI21_X1)                       0.01      0.04       0.47 f
  n120 (net)                     1                   0.00       0.47 f
  U155/ZN (OAI21_X1)                       0.02      0.03       0.50 r
  n132 (net)                     1                   0.00       0.50 r
  U158/ZN (OAI211_X1)                      0.02      0.05       0.55 f
  n133 (net)                     2                   0.00       0.55 f
  U57/ZN (NAND3_X1)                        0.01      0.04       0.58 r
  n143 (net)                     1                   0.00       0.58 r
  U161/ZN (OAI211_X1)                      0.02      0.04       0.62 f
  n145 (net)                     2                   0.00       0.62 f
  U41/ZN (AND2_X1)                         0.01      0.04       0.67 f
  count[14] (net)                3                   0.00       0.67 f
  U24/Z (CLKBUF_X1)                        0.00      0.03       0.70 f
  count[12] (net)                1                   0.00       0.70 f
  count[12] (out)                          0.00      0.00       0.70 f
  data arrival time                                             0.70

  max_delay                                          0.10       0.10
  output external delay                              0.00       0.10
  data required time                                            0.10
  ------------------------------------------------------------------------------------------
  data required time                                            0.10
  data arrival time                                            -0.70
  ------------------------------------------------------------------------------------------
  slack (VIOLATED)                                             -0.60


  Startpoint: control (input port)
  Endpoint: count[11] (output port)
  Path Group: default
  Path Type: max

  Des/Clust/Port     Wire Load Model       Library
  ------------------------------------------------
  addr_calcu_ref     5K_hvratio_1_1        NangateOpenCellLibrary

Attributes:
    d - dont_touch
    u - dont_use
   mo - map_only
   so - size_only
    i - ideal_net or ideal_network
  inf - infeasible path

  Point                        Fanout     Trans      Incr       Path      Attributes
  ------------------------------------------------------------------------------------------
  input external delay                               0.00       0.00 r
  control (in)                             0.00      0.00       0.00 r
  control (net)                 11                   0.00       0.00 r
  U85/ZN (INV_X1)                          0.00      0.02       0.02 f
  n90 (net)                      1                   0.00       0.02 f
  U112/ZN (OAI33_X1)                       0.06      0.08       0.10 r
  n83 (net)                      1                   0.00       0.10 r
  U114/Z (XOR2_X1)                         0.03      0.08       0.18 r
  offset[2] (net)                2                   0.00       0.18 r
  sub_16_U81/ZN (NAND2_X1)                 0.01      0.04       0.22 f
  sub_16_n55 (net)               3                   0.00       0.22 f
  sub_16_U3/ZN (NAND2_X1)                  0.01      0.03       0.25 r
  sub_16_n64 (net)               1                   0.00       0.25 r
  sub_16_U61/ZN (NOR2_X1)                  0.01      0.02       0.27 f
  sub_16_n60 (net)               1                   0.00       0.27 f
  sub_16_U68/ZN (NOR2_X1)                  0.03      0.04       0.32 r
  sub_16_n51 (net)               2                   0.00       0.32 r
  sub_16_U8/ZN (NAND2_X1)                  0.01      0.04       0.36 f
  sub_16_n2 (net)                2                   0.00       0.36 f
  sub_16_U78/ZN (XNOR2_X1)                 0.04      0.07       0.42 r
  addr_4_ (net)                  3                   0.00       0.42 r
  U154/ZN (OAI21_X1)                       0.01      0.04       0.47 f
  n120 (net)                     1                   0.00       0.47 f
  U155/ZN (OAI21_X1)                       0.02      0.03       0.50 r
  n132 (net)                     1                   0.00       0.50 r
  U158/ZN (OAI211_X1)                      0.02      0.05       0.55 f
  n133 (net)                     2                   0.00       0.55 f
  U57/ZN (NAND3_X1)                        0.01      0.04       0.58 r
  n143 (net)                     1                   0.00       0.58 r
  U161/ZN (OAI211_X1)                      0.02      0.04       0.62 f
  n145 (net)                     2                   0.00       0.62 f
  U41/ZN (AND2_X1)                         0.01      0.04       0.67 f
  count[14] (net)                3                   0.00       0.67 f
  U25/Z (CLKBUF_X1)                        0.00      0.03       0.70 f
  count[11] (net)                1                   0.00       0.70 f
  count[11] (out)                          0.00      0.00       0.70 f
  data arrival time                                             0.70

  max_delay                                          0.10       0.10
  output external delay                              0.00       0.10
  data required time                                            0.10
  ------------------------------------------------------------------------------------------
  data required time                                            0.10
  data arrival time                                            -0.70
  ------------------------------------------------------------------------------------------
  slack (VIOLATED)                                             -0.60


  Startpoint: control (input port)
  Endpoint: count[7] (output port)
  Path Group: default
  Path Type: max

  Des/Clust/Port     Wire Load Model       Library
  ------------------------------------------------
  addr_calcu_ref     5K_hvratio_1_1        NangateOpenCellLibrary

Attributes:
    d - dont_touch
    u - dont_use
   mo - map_only
   so - size_only
    i - ideal_net or ideal_network
  inf - infeasible path

  Point                        Fanout     Trans      Incr       Path      Attributes
  ------------------------------------------------------------------------------------------
  input external delay                               0.00       0.00 r
  control (in)                             0.00      0.00       0.00 r
  control (net)                 11                   0.00       0.00 r
  U85/ZN (INV_X1)                          0.00      0.02       0.02 f
  n90 (net)                      1                   0.00       0.02 f
  U112/ZN (OAI33_X1)                       0.06      0.08       0.10 r
  n83 (net)                      1                   0.00       0.10 r
  U114/Z (XOR2_X1)                         0.03      0.08       0.18 r
  offset[2] (net)                2                   0.00       0.18 r
  sub_16_U81/ZN (NAND2_X1)                 0.01      0.04       0.22 f
  sub_16_n55 (net)               3                   0.00       0.22 f
  sub_16_U3/ZN (NAND2_X1)                  0.01      0.03       0.25 r
  sub_16_n64 (net)               1                   0.00       0.25 r
  sub_16_U61/ZN (NOR2_X1)                  0.01      0.02       0.27 f
  sub_16_n60 (net)               1                   0.00       0.27 f
  sub_16_U68/ZN (NOR2_X1)                  0.03      0.04       0.32 r
  sub_16_n51 (net)               2                   0.00       0.32 r
  sub_16_U8/ZN (NAND2_X1)                  0.01      0.04       0.36 f
  sub_16_n2 (net)                2                   0.00       0.36 f
  sub_16_U78/ZN (XNOR2_X1)                 0.04      0.07       0.42 r
  addr_4_ (net)                  3                   0.00       0.42 r
  U134/ZN (INV_X1)                         0.01      0.03       0.46 f
  n101 (net)                     2                   0.00       0.46 f
  U136/ZN (NAND2_X1)                       0.01      0.03       0.49 r
  n104 (net)                     2                   0.00       0.49 r
  U141/ZN (OAI211_X1)                      0.02      0.05       0.54 f
  n107 (net)                     2                   0.00       0.54 f
  U142/ZN (NAND3_X1)                       0.01      0.03       0.57 r
  n112 (net)                     1                   0.00       0.57 r
  U151/ZN (NAND3_X1)                       0.01      0.03       0.60 f
  n115 (net)                     1                   0.00       0.60 f
  U152/ZN (OAI221_X1)                      0.04      0.04       0.64 r
  n118 (net)                     1                   0.00       0.64 r
  U43/ZN (XNOR2_X1)                        0.01      0.06       0.70 r
  count[7] (net)                 1                   0.00       0.70 r
  count[7] (out)                           0.01      0.00       0.70 r
  data arrival time                                             0.70

  max_delay                                          0.10       0.10
  output external delay                              0.00       0.10
  data required time                                            0.10
  ------------------------------------------------------------------------------------------
  data required time                                            0.10
  data arrival time                                            -0.70
  ------------------------------------------------------------------------------------------
  slack (VIOLATED)                                             -0.60


  Startpoint: control (input port)
  Endpoint: count[6] (output port)
  Path Group: default
  Path Type: max

  Des/Clust/Port     Wire Load Model       Library
  ------------------------------------------------
  addr_calcu_ref     5K_hvratio_1_1        NangateOpenCellLibrary

Attributes:
    d - dont_touch
    u - dont_use
   mo - map_only
   so - size_only
    i - ideal_net or ideal_network
  inf - infeasible path

  Point                        Fanout     Trans      Incr       Path      Attributes
  ------------------------------------------------------------------------------------------
  input external delay                               0.00       0.00 r
  control (in)                             0.00      0.00       0.00 r
  control (net)                 11                   0.00       0.00 r
  U85/ZN (INV_X1)                          0.00      0.02       0.02 f
  n90 (net)                      1                   0.00       0.02 f
  U112/ZN (OAI33_X1)                       0.06      0.08       0.10 r
  n83 (net)                      1                   0.00       0.10 r
  U114/Z (XOR2_X1)                         0.03      0.08       0.18 r
  offset[2] (net)                2                   0.00       0.18 r
  sub_16_U81/ZN (NAND2_X1)                 0.01      0.04       0.22 f
  sub_16_n55 (net)               3                   0.00       0.22 f
  sub_16_U3/ZN (NAND2_X1)                  0.01      0.03       0.25 r
  sub_16_n64 (net)               1                   0.00       0.25 r
  sub_16_U61/ZN (NOR2_X1)                  0.01      0.02       0.27 f
  sub_16_n60 (net)               1                   0.00       0.27 f
  sub_16_U68/ZN (NOR2_X1)                  0.03      0.04       0.32 r
  sub_16_n51 (net)               2                   0.00       0.32 r
  sub_16_U8/ZN (NAND2_X1)                  0.01      0.04       0.36 f
  sub_16_n2 (net)                2                   0.00       0.36 f
  sub_16_U80/ZN (NAND2_X1)                 0.01      0.03       0.39 r
  sub_16_n47 (net)               1                   0.00       0.39 r
  sub_16_U62/ZN (NAND2_X1)                 0.01      0.03       0.41 f
  sub_16_n43 (net)               1                   0.00       0.41 f
  sub_16_U4/ZN (XNOR2_X1)                  0.04      0.06       0.48 r
  addr_5_ (net)                  3                   0.00       0.48 r
  U132/ZN (INV_X1)                         0.02      0.04       0.52 f
  n134 (net)                     4                   0.00       0.52 f
  U144/ZN (NAND2_X1)                       0.01      0.04       0.56 r
  n113 (net)                     2                   0.00       0.56 r
  U145/ZN (INV_X1)                         0.01      0.02       0.58 f
  n110 (net)                     1                   0.00       0.58 f
  U147/ZN (OAI21_X1)                       0.02      0.05       0.63 r
  n111 (net)                     1                   0.00       0.63 r
  U70/ZN (XNOR2_X1)                        0.01      0.05       0.68 r
  count[6] (net)                 1                   0.00       0.68 r
  count[6] (out)                           0.01      0.00       0.69 r
  data arrival time                                             0.69

  max_delay                                          0.10       0.10
  output external delay                              0.00       0.10
  data required time                                            0.10
  ------------------------------------------------------------------------------------------
  data required time                                            0.10
  data arrival time                                            -0.69
  ------------------------------------------------------------------------------------------
  slack (VIOLATED)                                             -0.59


  Startpoint: control (input port)
  Endpoint: count[13] (output port)
  Path Group: default
  Path Type: max

  Des/Clust/Port     Wire Load Model       Library
  ------------------------------------------------
  addr_calcu_ref     5K_hvratio_1_1        NangateOpenCellLibrary

Attributes:
    d - dont_touch
    u - dont_use
   mo - map_only
   so - size_only
    i - ideal_net or ideal_network
  inf - infeasible path

  Point                        Fanout     Trans      Incr       Path      Attributes
  ------------------------------------------------------------------------------------------
  input external delay                               0.00       0.00 r
  control (in)                             0.00      0.00       0.00 r
  control (net)                 11                   0.00       0.00 r
  U85/ZN (INV_X1)                          0.00      0.02       0.02 f
  n90 (net)                      1                   0.00       0.02 f
  U112/ZN (OAI33_X1)                       0.06      0.08       0.10 r
  n83 (net)                      1                   0.00       0.10 r
  U114/Z (XOR2_X1)                         0.03      0.08       0.18 r
  offset[2] (net)                2                   0.00       0.18 r
  sub_16_U81/ZN (NAND2_X1)                 0.01      0.04       0.22 f
  sub_16_n55 (net)               3                   0.00       0.22 f
  sub_16_U3/ZN (NAND2_X1)                  0.01      0.03       0.25 r
  sub_16_n64 (net)               1                   0.00       0.25 r
  sub_16_U61/ZN (NOR2_X1)                  0.01      0.02       0.27 f
  sub_16_n60 (net)               1                   0.00       0.27 f
  sub_16_U68/ZN (NOR2_X1)                  0.03      0.04       0.32 r
  sub_16_n51 (net)               2                   0.00       0.32 r
  sub_16_U8/ZN (NAND2_X1)                  0.01      0.04       0.36 f
  sub_16_n2 (net)                2                   0.00       0.36 f
  sub_16_U78/ZN (XNOR2_X1)                 0.04      0.07       0.42 r
  addr_4_ (net)                  3                   0.00       0.42 r
  U154/ZN (OAI21_X1)                       0.01      0.04       0.47 f
  n120 (net)                     1                   0.00       0.47 f
  U155/ZN (OAI21_X1)                       0.02      0.03       0.50 r
  n132 (net)                     1                   0.00       0.50 r
  U158/ZN (OAI211_X1)                      0.02      0.05       0.55 f
  n133 (net)                     2                   0.00       0.55 f
  U57/ZN (NAND3_X1)                        0.01      0.04       0.58 r
  n143 (net)                     1                   0.00       0.58 r
  U161/ZN (OAI211_X1)                      0.02      0.04       0.62 f
  n145 (net)                     2                   0.00       0.62 f
  U42/ZN (AND2_X1)                         0.01      0.04       0.67 f
  count[13] (net)                4                   0.00       0.67 f
  count[13] (out)                          0.01      0.00       0.67 f
  data arrival time                                             0.67

  max_delay                                          0.10       0.10
  output external delay                              0.00       0.10
  data required time                                            0.10
  ------------------------------------------------------------------------------------------
  data required time                                            0.10
  data arrival time                                            -0.67
  ------------------------------------------------------------------------------------------
  slack (VIOLATED)                                             -0.57


  Startpoint: control (input port)
  Endpoint: count[14] (output port)
  Path Group: default
  Path Type: max

  Des/Clust/Port     Wire Load Model       Library
  ------------------------------------------------
  addr_calcu_ref     5K_hvratio_1_1        NangateOpenCellLibrary

Attributes:
    d - dont_touch
    u - dont_use
   mo - map_only
   so - size_only
    i - ideal_net or ideal_network
  inf - infeasible path

  Point                        Fanout     Trans      Incr       Path      Attributes
  ------------------------------------------------------------------------------------------
  input external delay                               0.00       0.00 r
  control (in)                             0.00      0.00       0.00 r
  control (net)                 11                   0.00       0.00 r
  U85/ZN (INV_X1)                          0.00      0.02       0.02 f
  n90 (net)                      1                   0.00       0.02 f
  U112/ZN (OAI33_X1)                       0.06      0.08       0.10 r
  n83 (net)                      1                   0.00       0.10 r
  U114/Z (XOR2_X1)                         0.03      0.08       0.18 r
  offset[2] (net)                2                   0.00       0.18 r
  sub_16_U81/ZN (NAND2_X1)                 0.01      0.04       0.22 f
  sub_16_n55 (net)               3                   0.00       0.22 f
  sub_16_U3/ZN (NAND2_X1)                  0.01      0.03       0.25 r
  sub_16_n64 (net)               1                   0.00       0.25 r
  sub_16_U61/ZN (NOR2_X1)                  0.01      0.02       0.27 f
  sub_16_n60 (net)               1                   0.00       0.27 f
  sub_16_U68/ZN (NOR2_X1)                  0.03      0.04       0.32 r
  sub_16_n51 (net)               2                   0.00       0.32 r
  sub_16_U8/ZN (NAND2_X1)                  0.01      0.04       0.36 f
  sub_16_n2 (net)                2                   0.00       0.36 f
  sub_16_U78/ZN (XNOR2_X1)                 0.04      0.07       0.42 r
  addr_4_ (net)                  3                   0.00       0.42 r
  U154/ZN (OAI21_X1)                       0.01      0.04       0.47 f
  n120 (net)                     1                   0.00       0.47 f
  U155/ZN (OAI21_X1)                       0.02      0.03       0.50 r
  n132 (net)                     1                   0.00       0.50 r
  U158/ZN (OAI211_X1)                      0.02      0.05       0.55 f
  n133 (net)                     2                   0.00       0.55 f
  U57/ZN (NAND3_X1)                        0.01      0.04       0.58 r
  n143 (net)                     1                   0.00       0.58 r
  U161/ZN (OAI211_X1)                      0.02      0.04       0.62 f
  n145 (net)                     2                   0.00       0.62 f
  U41/ZN (AND2_X1)                         0.01      0.04       0.67 f
  count[14] (net)                3                   0.00       0.67 f
  count[14] (out)                          0.01      0.00       0.67 f
  data arrival time                                             0.67

  max_delay                                          0.10       0.10
  output external delay                              0.00       0.10
  data required time                                            0.10
  ------------------------------------------------------------------------------------------
  data required time                                            0.10
  data arrival time                                            -0.67
  ------------------------------------------------------------------------------------------
  slack (VIOLATED)                                             -0.57


1
