 
****************************************
Report : area
Design : ticket_machine_ref
Version: T-2022.03-SP2
Date   : Wed May 14 19:08:56 2025
****************************************

Library(s) Used:

    NangateOpenCellLibrary (File: /temp2tb/luyao/lib/NangateOpenCellLibrary_PDKv1_3_v2010_12/db/typical.db)

Number of ports:                            8
Number of nets:                            55
Number of cells:                           48
Number of combinational cells:             40
Number of sequential cells:                 3
Number of macros/black boxes:               0
Number of buf/inv:                         13
Number of references:                      17

Combinational area:                 37.772000
Buf/Inv area:                        7.980000
Noncombinational area:              13.566000
Macro/Black Box area:                0.000000
Net Interconnect area:      undefined  (Wire load has zero net area)

Total cell area:                    51.338000
Total area:                 undefined

Hierarchical area distribution
------------------------------

                                  Global cell area          Local cell area
                                  ------------------  --------------------------- 
Hierarchical cell                 Absolute   Percent  Combi-    Noncombi-  Black-
                                  Total      Total    national  national   boxes   Design
--------------------------------  ---------  -------  --------  ---------  ------  ---------
ticket_machine_ref                  51.3380    100.0   37.7720    13.5660  0.0000  ticket_machine_ref
--------------------------------  ---------  -------  --------  ---------  ------  ---------
Total                                                  37.7720    13.5660  0.0000

1
