Loading db file '/temp2tb/luyao/lib/NangateOpenCellLibrary_PDKv1_3_v2010_12/db/typical.db'
Information: Propagating switching activity (low effort zero delay simulation). (PWR-6)
Warning: Design has unannotated primary inputs. (PWR-414)
Warning: Design has unannotated sequential cell outputs. (PWR-415)
 
****************************************
Report : power
        -analysis_effort low
Design : ticket_machine_ref
Version: T-2022.03-SP2
Date   : Wed May 14 19:08:56 2025
****************************************


Library(s) Used:

    NangateOpenCellLibrary (File: /temp2tb/luyao/lib/NangateOpenCellLibrary_PDKv1_3_v2010_12/db/typical.db)


Operating Conditions: typical   Library: NangateOpenCellLibrary
Wire Load Model Mode: top

Design        Wire Load Model            Library
------------------------------------------------
ticket_machine_ref     5K_hvratio_1_1    NangateOpenCellLibrary


Global Operating Voltage = 1.1  
Power-specific unit information :
    Voltage Units = 1V
    Capacitance Units = 1.000000ff
    Time Units = 1ns
    Dynamic Power Units = 1uW    (derived from V,C,T units)
    Leakage Power Units = 1nW


Attributes
----------
i - Including register clock pin internal power


  Cell Internal Power  = 321.7216 uW   (72%)
  Net Switching Power  = 126.7872 uW   (28%)
                         ---------
Total Dynamic Power    = 448.5088 uW  (100%)

Cell Leakage Power     =   1.1340 uW


                 Internal         Switching           Leakage            Total
Power Group      Power            Power               Power              Power   (   %    )  Attrs
--------------------------------------------------------------------------------------------------
io_pad             0.0000            0.0000            0.0000            0.0000  (   0.00%)
memory             0.0000            0.0000            0.0000            0.0000  (   0.00%)
black_box          0.0000            0.0000            0.0000            0.0000  (   0.00%)
clock_network    146.5395            0.0000            0.0000            0.0000  (   0.00%)  i
register          60.8736           46.0639          235.3160          253.7122  (  56.43%)
sequential         0.0000            0.0000            0.0000            0.0000  (   0.00%)
combinational    114.3085           80.7233          898.6518          195.9306  (  43.57%)
--------------------------------------------------------------------------------------------------
Total            321.7216 uW       126.7872 uW     1.1340e+03 nW       449.6428 uW
1
