Information: Updating design information... (UID-85)
 
****************************************
Report : qor
Design : ticket_machine_ref
Version: T-2022.03-SP2
Date   : Wed May 14 19:08:56 2025
****************************************


  Timing Path Group 'clk'
  -----------------------------------
  Levels of Logic:               2.00
  Critical Path Length:          0.23
  Critical Path Slack:          -0.17
  Critical Path Clk Period:      0.10
  Total Negative Slack:         -0.51
  No. of Violating Paths:        3.00
  Worst Hold Violation:          0.00
  Total Hold Violation:          0.00
  No. of Hold Violations:        0.00
  -----------------------------------

  Timing Path Group 'default'
  -----------------------------------
  Levels of Logic:               2.00
  Critical Path Length:          0.19
  Critical Path Slack:          -0.09
  Critical Path Clk Period:       n/a
  Total Negative Slack:         -0.32
  No. of Violating Paths:        4.00
  Worst Hold Violation:          0.00
  Total Hold Violation:          0.00
  No. of Hold Violations:        0.00
  -----------------------------------


  Cell Count
  -----------------------------------
  Hierarchical Cell Count:          0
  Hierarchical Port Count:          0
  Leaf Cell Count:                 43
  Buf/Inv Cell Count:              13
  Buf Cell Count:                   3
  Inv Cell Count:                  10
  CT Buf/Inv Cell Count:            0
  Combinational Cell Count:        40
  Sequential Cell Count:            3
  Macro Count:                      0
  -----------------------------------


  Area
  -----------------------------------
  Combinational Area:       37.772000
  Noncombinational Area:    13.566000
  Buf/Inv Area:              7.980000
  Total Buffer Area:             2.39
  Total Inverter Area:           5.59
  Macro/Black Box Area:      0.000000
  Net Area:                  0.000000
  -----------------------------------
  Cell Area:                51.338000
  Design Area:              51.338000


  Design Rules
  -----------------------------------
  Total Number of Nets:            55
  Nets With Violations:             0
  Max Trans Violations:             0
  Max Cap Violations:               0
  -----------------------------------


  Hostname: acf3030

  Compile CPU Statistics
  -----------------------------------------
  Resource Sharing:                    0.03
  Logic Optimization:                  0.27
  Mapping Optimization:                0.41
  -----------------------------------------
  Overall Compile Time:                1.10
  Overall Compile Wall Clock Time:     1.30

  --------------------------------------------------------------------

  Design  WNS: 0.17  TNS: 0.83  Number of Violating Paths: 7


  Design (Hold)  WNS: 0.00  TNS: 0.00  Number of Violating Paths: 0

  --------------------------------------------------------------------


1
