 
****************************************
Report : timing
        -path full
        -delay max
        -nets
        -max_paths 10
        -transition_time
Design : ticket_machine_ref
Version: T-2022.03-SP2
Date   : Wed May 14 19:08:56 2025
****************************************

Operating Conditions: typical   Library: NangateOpenCellLibrary
Wire Load Model Mode: top

  Startpoint: State_reg_2_
              (rising edge-triggered flip-flop clocked by clk)
  Endpoint: State_reg_0_
            (rising edge-triggered flip-flop clocked by clk)
  Path Group: clk
  Path Type: max

  Des/Clust/Port     Wire Load Model       Library
  ------------------------------------------------
  ticket_machine_ref 5K_hvratio_1_1        NangateOpenCellLibrary

Attributes:
    d - dont_touch
    u - dont_use
   mo - map_only
   so - size_only
    i - ideal_net or ideal_network
  inf - infeasible path

  Point                        Fanout     Trans      Incr       Path      Attributes
  ------------------------------------------------------------------------------------------
  clock clk (rise edge)                              0.00       0.00
  clock network delay (ideal)                        0.00       0.00
  State_reg_2_/CK (DFF_X1)                 0.00      0.00       0.00 r
  State_reg_2_/Q (DFF_X1)                  0.02      0.10       0.10 r
  State[2] (net)                 5                   0.00       0.10 r
  U76/ZN (OAI211_X1)                       0.01      0.04       0.14 f
  n61 (net)                      1                   0.00       0.14 f
  U77/ZN (AOI221_X1)                       0.04      0.08       0.22 r
  N20 (net)                      1                   0.00       0.22 r
  State_reg_0_/D (DFF_X1)                  0.04      0.01       0.23 r
  data arrival time                                             0.23

  clock clk (rise edge)                              0.10       0.10
  clock network delay (ideal)                        0.00       0.10
  State_reg_0_/CK (DFF_X1)                           0.00       0.10 r
  library setup time                                -0.04       0.06
  data required time                                            0.06
  ------------------------------------------------------------------------------------------
  data required time                                            0.06
  data arrival time                                            -0.23
  ------------------------------------------------------------------------------------------
  slack (VIOLATED)                                             -0.17


  Startpoint: State_reg_1_
              (rising edge-triggered flip-flop clocked by clk)
  Endpoint: State_reg_1_
            (rising edge-triggered flip-flop clocked by clk)
  Path Group: clk
  Path Type: max

  Des/Clust/Port     Wire Load Model       Library
  ------------------------------------------------
  ticket_machine_ref 5K_hvratio_1_1        NangateOpenCellLibrary

Attributes:
    d - dont_touch
    u - dont_use
   mo - map_only
   so - size_only
    i - ideal_net or ideal_network
  inf - infeasible path

  Point                        Fanout     Trans      Incr       Path      Attributes
  ------------------------------------------------------------------------------------------
  clock clk (rise edge)                              0.00       0.00
  clock network delay (ideal)                        0.00       0.00
  State_reg_1_/CK (DFF_X1)                 0.00      0.00       0.00 r
  State_reg_1_/Q (DFF_X1)                  0.01      0.08       0.08 f
  State[1] (net)                 3                   0.00       0.08 f
  U62/ZN (AND2_X1)                         0.01      0.04       0.12 f
  n40 (net)                      1                   0.00       0.12 f
  U57/ZN (OR2_X1)                          0.01      0.05       0.17 f
  n35 (net)                      1                   0.00       0.17 f
  U56/ZN (NAND2_X1)                        0.01      0.03       0.20 r
  n39 (net)                      1                   0.00       0.20 r
  U61/ZN (NAND2_X1)                        0.01      0.02       0.22 f
  N21 (net)                      1                   0.00       0.22 f
  State_reg_1_/D (DFF_X1)                  0.01      0.01       0.23 f
  data arrival time                                             0.23

  clock clk (rise edge)                              0.10       0.10
  clock network delay (ideal)                        0.00       0.10
  State_reg_1_/CK (DFF_X1)                           0.00       0.10 r
  library setup time                                -0.04       0.06
  data required time                                            0.06
  ------------------------------------------------------------------------------------------
  data required time                                            0.06
  data arrival time                                            -0.23
  ------------------------------------------------------------------------------------------
  slack (VIOLATED)                                             -0.17


  Startpoint: State_reg_2_
              (rising edge-triggered flip-flop clocked by clk)
  Endpoint: State_reg_2_
            (rising edge-triggered flip-flop clocked by clk)
  Path Group: clk
  Path Type: max

  Des/Clust/Port     Wire Load Model       Library
  ------------------------------------------------
  ticket_machine_ref 5K_hvratio_1_1        NangateOpenCellLibrary

Attributes:
    d - dont_touch
    u - dont_use
   mo - map_only
   so - size_only
    i - ideal_net or ideal_network
  inf - infeasible path

  Point                        Fanout     Trans      Incr       Path      Attributes
  ------------------------------------------------------------------------------------------
  clock clk (rise edge)                              0.00       0.00
  clock network delay (ideal)                        0.00       0.00
  State_reg_2_/CK (DFF_X1)                 0.00      0.00       0.00 r
  State_reg_2_/Q (DFF_X1)                  0.02      0.10       0.10 r
  State[2] (net)                 5                   0.00       0.10 r
  U67/ZN (AND3_X1)                         0.02      0.06       0.16 r
  n42 (net)                      2                   0.00       0.16 r
  U33/ZN (NAND3_X1)                        0.01      0.04       0.20 f
  n55 (net)                      1                   0.00       0.20 f
  U64/ZN (NAND2_X1)                        0.01      0.03       0.23 r
  N22 (net)                      1                   0.00       0.23 r
  State_reg_2_/D (DFF_X1)                  0.01      0.01       0.23 r
  data arrival time                                             0.23

  clock clk (rise edge)                              0.10       0.10
  clock network delay (ideal)                        0.00       0.10
  State_reg_2_/CK (DFF_X1)                           0.00       0.10 r
  library setup time                                -0.03       0.07
  data required time                                            0.07
  ------------------------------------------------------------------------------------------
  data required time                                            0.07
  data arrival time                                            -0.23
  ------------------------------------------------------------------------------------------
  slack (VIOLATED)                                             -0.17


  Startpoint: State_reg_2_
              (rising edge-triggered flip-flop clocked by clk)
  Endpoint: ready (output port)
  Path Group: default
  Path Type: max

  Des/Clust/Port     Wire Load Model       Library
  ------------------------------------------------
  ticket_machine_ref 5K_hvratio_1_1        NangateOpenCellLibrary

Attributes:
    d - dont_touch
    u - dont_use
   mo - map_only
   so - size_only
    i - ideal_net or ideal_network
  inf - infeasible path

  Point                        Fanout     Trans      Incr       Path      Attributes
  ------------------------------------------------------------------------------------------
  State_reg_2_/CK (DFF_X1)                 0.00      0.00       0.00 r
  State_reg_2_/QN (DFF_X1)                 0.02      0.07       0.07 r
  n46 (net)                      3                   0.00       0.07 r
  U38/ZN (NAND2_X1)                        0.01      0.04       0.11 f
  n64 (net)                      3                   0.00       0.11 f
  U40/ZN (NOR4_X1)                         0.03      0.08       0.18 r
  ready (net)                    1                   0.00       0.18 r
  ready (out)                              0.03      0.00       0.19 r
  data arrival time                                             0.19

  max_delay                                          0.10       0.10
  output external delay                              0.00       0.10
  data required time                                            0.10
  ------------------------------------------------------------------------------------------
  data required time                                            0.10
  data arrival time                                            -0.19
  ------------------------------------------------------------------------------------------
  slack (VIOLATED)                                             -0.09


  Startpoint: State_reg_2_
              (rising edge-triggered flip-flop clocked by clk)
  Endpoint: dispense (output port)
  Path Group: default
  Path Type: max

  Des/Clust/Port     Wire Load Model       Library
  ------------------------------------------------
  ticket_machine_ref 5K_hvratio_1_1        NangateOpenCellLibrary

Attributes:
    d - dont_touch
    u - dont_use
   mo - map_only
   so - size_only
    i - ideal_net or ideal_network
  inf - infeasible path

  Point                        Fanout     Trans      Incr       Path      Attributes
  ------------------------------------------------------------------------------------------
  State_reg_2_/CK (DFF_X1)                 0.00      0.00       0.00 r
  State_reg_2_/QN (DFF_X1)                 0.02      0.07       0.07 r
  n46 (net)                      3                   0.00       0.07 r
  U38/ZN (NAND2_X1)                        0.01      0.04       0.11 f
  n64 (net)                      3                   0.00       0.11 f
  U41/ZN (NOR4_X1)                         0.03      0.08       0.18 r
  dispense (net)                 1                   0.00       0.18 r
  dispense (out)                           0.03      0.00       0.19 r
  data arrival time                                             0.19

  max_delay                                          0.10       0.10
  output external delay                              0.00       0.10
  data required time                                            0.10
  ------------------------------------------------------------------------------------------
  data required time                                            0.10
  data arrival time                                            -0.19
  ------------------------------------------------------------------------------------------
  slack (VIOLATED)                                             -0.09


  Startpoint: State_reg_2_
              (rising edge-triggered flip-flop clocked by clk)
  Endpoint: return_sig (output port)
  Path Group: default
  Path Type: max

  Des/Clust/Port     Wire Load Model       Library
  ------------------------------------------------
  ticket_machine_ref 5K_hvratio_1_1        NangateOpenCellLibrary

Attributes:
    d - dont_touch
    u - dont_use
   mo - map_only
   so - size_only
    i - ideal_net or ideal_network
  inf - infeasible path

  Point                        Fanout     Trans      Incr       Path      Attributes
  ------------------------------------------------------------------------------------------
  State_reg_2_/CK (DFF_X1)                 0.00      0.00       0.00 r
  State_reg_2_/QN (DFF_X1)                 0.02      0.07       0.07 r
  n46 (net)                      3                   0.00       0.07 r
  U38/ZN (NAND2_X1)                        0.01      0.04       0.11 f
  n64 (net)                      3                   0.00       0.11 f
  U42/ZN (NOR4_X1)                         0.03      0.06       0.17 r
  return_sig (net)               1                   0.00       0.17 r
  return_sig (out)                         0.03      0.00       0.18 r
  data arrival time                                             0.18

  max_delay                                          0.10       0.10
  output external delay                              0.00       0.10
  data required time                                            0.10
  ------------------------------------------------------------------------------------------
  data required time                                            0.10
  data arrival time                                            -0.18
  ------------------------------------------------------------------------------------------
  slack (VIOLATED)                                             -0.08


  Startpoint: State_reg_2_
              (rising edge-triggered flip-flop clocked by clk)
  Endpoint: bill (output port)
  Path Group: default
  Path Type: max

  Des/Clust/Port     Wire Load Model       Library
  ------------------------------------------------
  ticket_machine_ref 5K_hvratio_1_1        NangateOpenCellLibrary

Attributes:
    d - dont_touch
    u - dont_use
   mo - map_only
   so - size_only
    i - ideal_net or ideal_network
  inf - infeasible path

  Point                        Fanout     Trans      Incr       Path      Attributes
  ------------------------------------------------------------------------------------------
  State_reg_2_/CK (DFF_X1)                 0.00      0.00       0.00 r
  State_reg_2_/Q (DFF_X1)                  0.02      0.10       0.10 r
  State[2] (net)                 5                   0.00       0.10 r
  U35/ZN (OAI211_X1)                       0.02      0.04       0.14 f
  n62 (net)                      1                   0.00       0.14 f
  U39/ZN (NOR2_X1)                         0.01      0.03       0.17 r
  bill (net)                     1                   0.00       0.17 r
  bill (out)                               0.01      0.00       0.17 r
  data arrival time                                             0.17

  max_delay                                          0.10       0.10
  output external delay                              0.00       0.10
  data required time                                            0.10
  ------------------------------------------------------------------------------------------
  data required time                                            0.10
  data arrival time                                            -0.17
  ------------------------------------------------------------------------------------------
  slack (VIOLATED)                                             -0.07


1
